<?xml version="1.0" encoding="UTF-8"?>
<testsuite xmlns:xsi="http://www.w3.org/2001/XMLSchema-instance" xsi:noNamespaceSchemaLocation="https://maven.apache.org/surefire/maven-surefire-plugin/xsd/surefire-test-report-3.0.xsd" version="3.0" name="com.example.PruebaT.test.integration.AccountControllerIntegrationTest" time="3.394" tests="4" errors="0" skipped="0" failures="0">
  <properties>
    <property name="java.specification.version" value="22"/>
    <property name="sun.jnu.encoding" value="UTF-8"/>
    <property name="java.class.path" value="/Users/darwinrodriguez/Downloads/PruebaT/target/test-classes:/Users/darwinrodriguez/Downloads/PruebaT/target/classes:/Users/darwinrodriguez/.m2/repository/org/springframework/boot/spring-boot-starter-data-jdbc/3.3.2/spring-boot-starter-data-jdbc-3.3.2.jar:/Users/darwinrodriguez/.m2/repository/org/springframework/boot/spring-boot-starter-jdbc/3.3.2/spring-boot-starter-jdbc-3.3.2.jar:/Users/darwinrodriguez/.m2/repository/com/zaxxer/HikariCP/5.1.0/HikariCP-5.1.0.jar:/Users/darwinrodriguez/.m2/repository/org/springframework/spring-jdbc/6.1.11/spring-jdbc-6.1.11.jar:/Users/darwinrodriguez/.m2/repository/org/springframework/data/spring-data-jdbc/3.3.2/spring-data-jdbc-3.3.2.jar:/Users/darwinrodriguez/.m2/repository/org/springframework/data/spring-data-relational/3.3.2/spring-data-relational-3.3.2.jar:/Users/darwinrodriguez/.m2/repository/org/springframework/data/spring-data-commons/3.3.2/spring-data-commons-3.3.2.jar:/Users/darwinrodriguez/.m2/repository/org/springframework/spring-tx/6.1.11/spring-tx-6.1.11.jar:/Users/darwinrodriguez/.m2/repository/org/springframework/spring-context/6.1.11/spring-context-6.1.11.jar:/Users/darwinrodriguez/.m2/repository/org/springframework/spring-beans/6.1.11/spring-beans-6.1.11.jar:/Users/darwinrodriguez/.m2/repository/org/slf4j/slf4j-api/2.0.13/slf4j-api-2.0.13.jar:/Users/darwinrodriguez/.m2/repository/org/springframework/boot/spring-boot-starter-data-jpa/3.3.2/spring-boot-starter-data-jpa-3.3.2.jar:/Users/darwinrodriguez/.m2/repository/org/springframework/boot/spring-boot-starter-aop/3.3.2/spring-boot-starter-aop-3.3.2.jar:/Users/darwinrodriguez/.m2/repository/org/springframework/spring-aop/6.1.11/spring-aop-6.1.11.jar:/Users/darwinrodriguez/.m2/repository/org/aspectj/aspectjweaver/1.9.22.1/aspectjweaver-1.9.22.1.jar:/Users/darwinrodriguez/.m2/repository/org/hibernate/orm/hibernate-core/6.5.2.Final/hibernate-core-6.5.2.Final.jar:/Users/darwinrodriguez/.m2/repository/jakarta/persistence/jakarta.persistence-api/3.1.0/jakarta.persistence-api-3.1.0.jar:/Users/darwinrodriguez/.m2/repository/jakarta/transaction/jakarta.transaction-api/2.0.1/jakarta.transaction-api-2.0.1.jar:/Users/darwinrodriguez/.m2/repository/org/jboss/logging/jboss-logging/3.5.3.Final/jboss-logging-3.5.3.Final.jar:/Users/darwinrodriguez/.m2/repository/org/hibernate/common/hibernate-commons-annotations/6.0.6.Final/hibernate-commons-annotations-6.0.6.Final.jar:/Users/darwinrodriguez/.m2/repository/io/smallrye/jandex/3.1.2/jandex-3.1.2.jar:/Users/darwinrodriguez/.m2/repository/com/fasterxml/classmate/1.7.0/classmate-1.7.0.jar:/Users/darwinrodriguez/.m2/repository/org/glassfish/jaxb/jaxb-runtime/4.0.5/jaxb-runtime-4.0.5.jar:/Users/darwinrodriguez/.m2/repository/org/glassfish/jaxb/jaxb-core/4.0.5/jaxb-core-4.0.5.jar:/Users/darwinrodriguez/.m2/repository/org/glassfish/jaxb/txw2/4.0.5/txw2-4.0.5.jar:/Users/darwinrodriguez/.m2/repository/com/sun/istack/istack-commons-runtime/4.1.2/istack-commons-runtime-4.1.2.jar:/Users/darwinrodriguez/.m2/repository/jakarta/inject/jakarta.inject-api/2.0.1/jakarta.inject-api-2.0.1.jar:/Users/darwinrodriguez/.m2/repository/org/antlr/antlr4-runtime/4.13.0/antlr4-runtime-4.13.0.jar:/Users/darwinrodriguez/.m2/repository/org/springframework/data/spring-data-jpa/3.3.2/spring-data-jpa-3.3.2.jar:/Users/darwinrodriguez/.m2/repository/org/springframework/spring-orm/6.1.11/spring-orm-6.1.11.jar:/Users/darwinrodriguez/.m2/repository/jakarta/annotation/jakarta.annotation-api/2.1.1/jakarta.annotation-api-2.1.1.jar:/Users/darwinrodriguez/.m2/repository/org/springframework/spring-aspects/6.1.11/spring-aspects-6.1.11.jar:/Users/darwinrodriguez/.m2/repository/org/springframework/boot/spring-boot-starter-web/3.3.2/spring-boot-starter-web-3.3.2.jar:/Users/darwinrodriguez/.m2/repository/org/springframework/boot/spring-boot-starter/3.3.2/spring-boot-starter-3.3.2.jar:/Users/darwinrodriguez/.m2/repository/org/springframework/boot/spring-boot-starter-logging/3.3.2/spring-boot-starter-logging-3.3.2.jar:/Users/darwinrodriguez/.m2/repository/ch/qos/logback/logback-classic/1.5.6/logback-classic-1.5.6.jar:/Users/darwinrodriguez/.m2/repository/ch/qos/logback/logback-core/1.5.6/logback-core-1.5.6.jar:/Users/darwinrodriguez/.m2/repository/org/apache/logging/log4j/log4j-to-slf4j/2.23.1/log4j-to-slf4j-2.23.1.jar:/Users/darwinrodriguez/.m2/repository/org/apache/logging/log4j/log4j-api/2.23.1/log4j-api-2.23.1.jar:/Users/darwinrodriguez/.m2/repository/org/slf4j/jul-to-slf4j/2.0.13/jul-to-slf4j-2.0.13.jar:/Users/darwinrodriguez/.m2/repository/org/yaml/snakeyaml/2.2/snakeyaml-2.2.jar:/Users/darwinrodriguez/.m2/repository/org/springframework/boot/spring-boot-starter-json/3.3.2/spring-boot-starter-json-3.3.2.jar:/Users/darwinrodriguez/.m2/repository/com/fasterxml/jackson/core/jackson-databind/2.17.2/jackson-databind-2.17.2.jar:/Users/darwinrodriguez/.m2/repository/com/fasterxml/jackson/core/jackson-annotations/2.17.2/jackson-annotations-2.17.2.jar:/Users/darwinrodriguez/.m2/repository/com/fasterxml/jackson/core/jackson-core/2.17.2/jackson-core-2.17.2.jar:/Users/darwinrodriguez/.m2/repository/com/fasterxml/jackson/datatype/jackson-datatype-jdk8/2.17.2/jackson-datatype-jdk8-2.17.2.jar:/Users/darwinrodriguez/.m2/repository/com/fasterxml/jackson/datatype/jackson-datatype-jsr310/2.17.2/jackson-datatype-jsr310-2.17.2.jar:/Users/darwinrodriguez/.m2/repository/com/fasterxml/jackson/module/jackson-module-parameter-names/2.17.2/jackson-module-parameter-names-2.17.2.jar:/Users/darwinrodriguez/.m2/repository/org/springframework/boot/spring-boot-starter-tomcat/3.3.2/spring-boot-starter-tomcat-3.3.2.jar:/Users/darwinrodriguez/.m2/repository/org/apache/tomcat/embed/tomcat-embed-core/10.1.26/tomcat-embed-core-10.1.26.jar:/Users/darwinrodriguez/.m2/repository/org/apache/tomcat/embed/tomcat-embed-el/10.1.26/tomcat-embed-el-10.1.26.jar:/Users/darwinrodriguez/.m2/repository/org/apache/tomcat/embed/tomcat-embed-websocket/10.1.26/tomcat-embed-websocket-10.1.26.jar:/Users/darwinrodriguez/.m2/repository/org/springframework/spring-web/6.1.11/spring-web-6.1.11.jar:/Users/darwinrodriguez/.m2/repository/io/micrometer/micrometer-observation/1.13.2/micrometer-observation-1.13.2.jar:/Users/darwinrodriguez/.m2/repository/io/micrometer/micrometer-commons/1.13.2/micrometer-commons-1.13.2.jar:/Users/darwinrodriguez/.m2/repository/org/springframework/spring-webmvc/6.1.11/spring-webmvc-6.1.11.jar:/Users/darwinrodriguez/.m2/repository/org/springframework/spring-expression/6.1.11/spring-expression-6.1.11.jar:/Users/darwinrodriguez/.m2/repository/org/springframework/boot/spring-boot-starter-web-services/3.3.2/spring-boot-starter-web-services-3.3.2.jar:/Users/darwinrodriguez/.m2/repository/com/sun/xml/messaging/saaj/saaj-impl/3.0.4/saaj-impl-3.0.4.jar:/Users/darwinrodriguez/.m2/repository/jakarta/xml/soap/jakarta.xml.soap-api/3.0.2/jakarta.xml.soap-api-3.0.2.jar:/Users/darwinrodriguez/.m2/repository/org/jvnet/staxex/stax-ex/2.1.0/stax-ex-2.1.0.jar:/Users/darwinrodriguez/.m2/repository/jakarta/activation/jakarta.activation-api/2.1.3/jakarta.activation-api-2.1.3.jar:/Users/darwinrodriguez/.m2/repository/org/eclipse/angus/angus-activation/2.0.2/angus-activation-2.0.2.jar:/Users/darwinrodriguez/.m2/repository/jakarta/xml/ws/jakarta.xml.ws-api/4.0.2/jakarta.xml.ws-api-4.0.2.jar:/Users/darwinrodriguez/.m2/repository/org/springframework/spring-oxm/6.1.11/spring-oxm-6.1.11.jar:/Users/darwinrodriguez/.m2/repository/org/springframework/ws/spring-ws-core/4.0.11/spring-ws-core-4.0.11.jar:/Users/darwinrodriguez/.m2/repository/org/springframework/ws/spring-xml/4.0.11/spring-xml-4.0.11.jar:/Users/darwinrodriguez/.m2/repository/org/springframework/boot/spring-boot-devtools/3.3.2/spring-boot-devtools-3.3.2.jar:/Users/darwinrodriguez/.m2/repository/org/springframework/boot/spring-boot/3.3.2/spring-boot-3.3.2.jar:/Users/darwinrodriguez/.m2/repository/org/springframework/boot/spring-boot-autoconfigure/3.3.2/spring-boot-autoconfigure-3.3.2.jar:/Users/darwinrodriguez/.m2/repository/com/mysql/mysql-connector-j/8.3.0/mysql-connector-j-8.3.0.jar:/Users/darwinrodriguez/.m2/repository/com/h2database/h2/2.2.224/h2-2.2.224.jar:/Users/darwinrodriguez/.m2/repository/org/projectlombok/lombok/1.18.34/lombok-1.18.34.jar:/Users/darwinrodriguez/.m2/repository/org/springframework/boot/spring-boot-starter-test/3.3.2/spring-boot-starter-test-3.3.2.jar:/Users/darwinrodriguez/.m2/repository/org/springframework/boot/spring-boot-test/3.3.2/spring-boot-test-3.3.2.jar:/Users/darwinrodriguez/.m2/repository/org/springframework/boot/spring-boot-test-autoconfigure/3.3.2/spring-boot-test-autoconfigure-3.3.2.jar:/Users/darwinrodriguez/.m2/repository/com/jayway/jsonpath/json-path/2.9.0/json-path-2.9.0.jar:/Users/darwinrodriguez/.m2/repository/jakarta/xml/bind/jakarta.xml.bind-api/4.0.2/jakarta.xml.bind-api-4.0.2.jar:/Users/darwinrodriguez/.m2/repository/net/minidev/json-smart/2.5.1/json-smart-2.5.1.jar:/Users/darwinrodriguez/.m2/repository/net/minidev/accessors-smart/2.5.1/accessors-smart-2.5.1.jar:/Users/darwinrodriguez/.m2/repository/org/ow2/asm/asm/9.6/asm-9.6.jar:/Users/darwinrodriguez/.m2/repository/org/assertj/assertj-core/3.25.3/assertj-core-3.25.3.jar:/Users/darwinrodriguez/.m2/repository/org/awaitility/awaitility/4.2.1/awaitility-4.2.1.jar:/Users/darwinrodriguez/.m2/repository/org/hamcrest/hamcrest/2.2/hamcrest-2.2.jar:/Users/darwinrodriguez/.m2/repository/org/junit/jupiter/junit-jupiter/5.10.3/junit-jupiter-5.10.3.jar:/Users/darwinrodriguez/.m2/repository/org/junit/jupiter/junit-jupiter-params/5.10.3/junit-jupiter-params-5.10.3.jar:/Users/darwinrodriguez/.m2/repository/org/junit/jupiter/junit-jupiter-engine/5.10.3/junit-jupiter-engine-5.10.3.jar:/Users/darwinrodriguez/.m2/repository/org/junit/platform/junit-platform-engine/1.10.3/junit-platform-engine-1.10.3.jar:/Users/darwinrodriguez/.m2/repository/org/skyscreamer/jsonassert/1.5.3/jsonassert-1.5.3.jar:/Users/darwinrodriguez/.m2/repository/com/vaadin/external/google/android-json/0.0.20131108.vaadin1/android-json-0.0.20131108.vaadin1.jar:/Users/darwinrodriguez/.m2/repository/org/springframework/spring-core/6.1.11/spring-core-6.1.11.jar:/Users/darwinrodriguez/.m2/repository/org/springframework/spring-jcl/6.1.11/spring-jcl-6.1.11.jar:/Users/darwinrodriguez/.m2/repository/org/springframework/spring-test/6.1.11/spring-test-6.1.11.jar:/Users/darwinrodriguez/.m2/repository/org/xmlunit/xmlunit-core/2.9.1/xmlunit-core-2.9.1.jar:/Users/darwinrodriguez/.m2/repository/org/mockito/mockito-core/5.11.0/mockito-core-5.11.0.jar:/Users/darwinrodriguez/.m2/repository/net/bytebuddy/byte-buddy/1.14.18/byte-buddy-1.14.18.jar:/Users/darwinrodriguez/.m2/repository/net/bytebuddy/byte-buddy-agent/1.14.18/byte-buddy-agent-1.14.18.jar:/Users/darwinrodriguez/.m2/repository/org/objenesis/objenesis/3.3/objenesis-3.3.jar:/Users/darwinrodriguez/.m2/repository/org/mockito/mockito-junit-jupiter/5.11.0/mockito-junit-jupiter-5.11.0.jar:/Users/darwinrodriguez/.m2/repository/org/junit/jupiter/junit-jupiter-api/5.10.3/junit-jupiter-api-5.10.3.jar:/Users/darwinrodriguez/.m2/repository/org/opentest4j/opentest4j/1.3.0/opentest4j-1.3.0.jar:/Users/darwinrodriguez/.m2/repository/org/junit/platform/junit-platform-commons/1.10.3/junit-platform-commons-1.10.3.jar:/Users/darwinrodriguez/.m2/repository/org/apiguardian/apiguardian-api/1.1.2/apiguardian-api-1.1.2.jar:"/>
    <property name="java.vm.vendor" value="Homebrew"/>
    <property name="sun.arch.data.model" value="64"/>
    <property name="java.vendor.url" value="https://github.com/Homebrew/homebrew-core/issues"/>
    <property name="user.timezone" value="America/Guayaquil"/>
    <property name="org.jboss.logging.provider" value="slf4j"/>
    <property name="os.name" value="Mac OS X"/>
    <property name="java.vm.specification.version" value="22"/>
    <property name="sun.java.launcher" value="SUN_STANDARD"/>
    <property name="user.country" value="419"/>
    <property name="sun.boot.library.path" value="/opt/homebrew/Cellar/openjdk/22.0.2/libexec/openjdk.jdk/Contents/Home/lib"/>
    <property name="sun.java.command" value="/Users/darwinrodriguez/Downloads/PruebaT/target/surefire/surefirebooter-20240803222857105_3.jar /Users/darwinrodriguez/Downloads/PruebaT/target/surefire 2024-08-03T22-28-57_054-jvmRun1 surefire-20240803222857105_1tmp surefire_0-20240803222857105_2tmp"/>
    <property name="http.nonProxyHosts" value="local|*.local|169.254/16|*.169.254/16"/>
    <property name="jdk.debug" value="release"/>
    <property name="surefire.test.class.path" value="/Users/darwinrodriguez/Downloads/PruebaT/target/test-classes:/Users/darwinrodriguez/Downloads/PruebaT/target/classes:/Users/darwinrodriguez/.m2/repository/org/springframework/boot/spring-boot-starter-data-jdbc/3.3.2/spring-boot-starter-data-jdbc-3.3.2.jar:/Users/darwinrodriguez/.m2/repository/org/springframework/boot/spring-boot-starter-jdbc/3.3.2/spring-boot-starter-jdbc-3.3.2.jar:/Users/darwinrodriguez/.m2/repository/com/zaxxer/HikariCP/5.1.0/HikariCP-5.1.0.jar:/Users/darwinrodriguez/.m2/repository/org/springframework/spring-jdbc/6.1.11/spring-jdbc-6.1.11.jar:/Users/darwinrodriguez/.m2/repository/org/springframework/data/spring-data-jdbc/3.3.2/spring-data-jdbc-3.3.2.jar:/Users/darwinrodriguez/.m2/repository/org/springframework/data/spring-data-relational/3.3.2/spring-data-relational-3.3.2.jar:/Users/darwinrodriguez/.m2/repository/org/springframework/data/spring-data-commons/3.3.2/spring-data-commons-3.3.2.jar:/Users/darwinrodriguez/.m2/repository/org/springframework/spring-tx/6.1.11/spring-tx-6.1.11.jar:/Users/darwinrodriguez/.m2/repository/org/springframework/spring-context/6.1.11/spring-context-6.1.11.jar:/Users/darwinrodriguez/.m2/repository/org/springframework/spring-beans/6.1.11/spring-beans-6.1.11.jar:/Users/darwinrodriguez/.m2/repository/org/slf4j/slf4j-api/2.0.13/slf4j-api-2.0.13.jar:/Users/darwinrodriguez/.m2/repository/org/springframework/boot/spring-boot-starter-data-jpa/3.3.2/spring-boot-starter-data-jpa-3.3.2.jar:/Users/darwinrodriguez/.m2/repository/org/springframework/boot/spring-boot-starter-aop/3.3.2/spring-boot-starter-aop-3.3.2.jar:/Users/darwinrodriguez/.m2/repository/org/springframework/spring-aop/6.1.11/spring-aop-6.1.11.jar:/Users/darwinrodriguez/.m2/repository/org/aspectj/aspectjweaver/1.9.22.1/aspectjweaver-1.9.22.1.jar:/Users/darwinrodriguez/.m2/repository/org/hibernate/orm/hibernate-core/6.5.2.Final/hibernate-core-6.5.2.Final.jar:/Users/darwinrodriguez/.m2/repository/jakarta/persistence/jakarta.persistence-api/3.1.0/jakarta.persistence-api-3.1.0.jar:/Users/darwinrodriguez/.m2/repository/jakarta/transaction/jakarta.transaction-api/2.0.1/jakarta.transaction-api-2.0.1.jar:/Users/darwinrodriguez/.m2/repository/org/jboss/logging/jboss-logging/3.5.3.Final/jboss-logging-3.5.3.Final.jar:/Users/darwinrodriguez/.m2/repository/org/hibernate/common/hibernate-commons-annotations/6.0.6.Final/hibernate-commons-annotations-6.0.6.Final.jar:/Users/darwinrodriguez/.m2/repository/io/smallrye/jandex/3.1.2/jandex-3.1.2.jar:/Users/darwinrodriguez/.m2/repository/com/fasterxml/classmate/1.7.0/classmate-1.7.0.jar:/Users/darwinrodriguez/.m2/repository/org/glassfish/jaxb/jaxb-runtime/4.0.5/jaxb-runtime-4.0.5.jar:/Users/darwinrodriguez/.m2/repository/org/glassfish/jaxb/jaxb-core/4.0.5/jaxb-core-4.0.5.jar:/Users/darwinrodriguez/.m2/repository/org/glassfish/jaxb/txw2/4.0.5/txw2-4.0.5.jar:/Users/darwinrodriguez/.m2/repository/com/sun/istack/istack-commons-runtime/4.1.2/istack-commons-runtime-4.1.2.jar:/Users/darwinrodriguez/.m2/repository/jakarta/inject/jakarta.inject-api/2.0.1/jakarta.inject-api-2.0.1.jar:/Users/darwinrodriguez/.m2/repository/org/antlr/antlr4-runtime/4.13.0/antlr4-runtime-4.13.0.jar:/Users/darwinrodriguez/.m2/repository/org/springframework/data/spring-data-jpa/3.3.2/spring-data-jpa-3.3.2.jar:/Users/darwinrodriguez/.m2/repository/org/springframework/spring-orm/6.1.11/spring-orm-6.1.11.jar:/Users/darwinrodriguez/.m2/repository/jakarta/annotation/jakarta.annotation-api/2.1.1/jakarta.annotation-api-2.1.1.jar:/Users/darwinrodriguez/.m2/repository/org/springframework/spring-aspects/6.1.11/spring-aspects-6.1.11.jar:/Users/darwinrodriguez/.m2/repository/org/springframework/boot/spring-boot-starter-web/3.3.2/spring-boot-starter-web-3.3.2.jar:/Users/darwinrodriguez/.m2/repository/org/springframework/boot/spring-boot-starter/3.3.2/spring-boot-starter-3.3.2.jar:/Users/darwinrodriguez/.m2/repository/org/springframework/boot/spring-boot-starter-logging/3.3.2/spring-boot-starter-logging-3.3.2.jar:/Users/darwinrodriguez/.m2/repository/ch/qos/logback/logback-classic/1.5.6/logback-classic-1.5.6.jar:/Users/darwinrodriguez/.m2/repository/ch/qos/logback/logback-core/1.5.6/logback-core-1.5.6.jar:/Users/darwinrodriguez/.m2/repository/org/apache/logging/log4j/log4j-to-slf4j/2.23.1/log4j-to-slf4j-2.23.1.jar:/Users/darwinrodriguez/.m2/repository/org/apache/logging/log4j/log4j-api/2.23.1/log4j-api-2.23.1.jar:/Users/darwinrodriguez/.m2/repository/org/slf4j/jul-to-slf4j/2.0.13/jul-to-slf4j-2.0.13.jar:/Users/darwinrodriguez/.m2/repository/org/yaml/snakeyaml/2.2/snakeyaml-2.2.jar:/Users/darwinrodriguez/.m2/repository/org/springframework/boot/spring-boot-starter-json/3.3.2/spring-boot-starter-json-3.3.2.jar:/Users/darwinrodriguez/.m2/repository/com/fasterxml/jackson/core/jackson-databind/2.17.2/jackson-databind-2.17.2.jar:/Users/darwinrodriguez/.m2/repository/com/fasterxml/jackson/core/jackson-annotations/2.17.2/jackson-annotations-2.17.2.jar:/Users/darwinrodriguez/.m2/repository/com/fasterxml/jackson/core/jackson-core/2.17.2/jackson-core-2.17.2.jar:/Users/darwinrodriguez/.m2/repository/com/fasterxml/jackson/datatype/jackson-datatype-jdk8/2.17.2/jackson-datatype-jdk8-2.17.2.jar:/Users/darwinrodriguez/.m2/repository/com/fasterxml/jackson/datatype/jackson-datatype-jsr310/2.17.2/jackson-datatype-jsr310-2.17.2.jar:/Users/darwinrodriguez/.m2/repository/com/fasterxml/jackson/module/jackson-module-parameter-names/2.17.2/jackson-module-parameter-names-2.17.2.jar:/Users/darwinrodriguez/.m2/repository/org/springframework/boot/spring-boot-starter-tomcat/3.3.2/spring-boot-starter-tomcat-3.3.2.jar:/Users/darwinrodriguez/.m2/repository/org/apache/tomcat/embed/tomcat-embed-core/10.1.26/tomcat-embed-core-10.1.26.jar:/Users/darwinrodriguez/.m2/repository/org/apache/tomcat/embed/tomcat-embed-el/10.1.26/tomcat-embed-el-10.1.26.jar:/Users/darwinrodriguez/.m2/repository/org/apache/tomcat/embed/tomcat-embed-websocket/10.1.26/tomcat-embed-websocket-10.1.26.jar:/Users/darwinrodriguez/.m2/repository/org/springframework/spring-web/6.1.11/spring-web-6.1.11.jar:/Users/darwinrodriguez/.m2/repository/io/micrometer/micrometer-observation/1.13.2/micrometer-observation-1.13.2.jar:/Users/darwinrodriguez/.m2/repository/io/micrometer/micrometer-commons/1.13.2/micrometer-commons-1.13.2.jar:/Users/darwinrodriguez/.m2/repository/org/springframework/spring-webmvc/6.1.11/spring-webmvc-6.1.11.jar:/Users/darwinrodriguez/.m2/repository/org/springframework/spring-expression/6.1.11/spring-expression-6.1.11.jar:/Users/darwinrodriguez/.m2/repository/org/springframework/boot/spring-boot-starter-web-services/3.3.2/spring-boot-starter-web-services-3.3.2.jar:/Users/darwinrodriguez/.m2/repository/com/sun/xml/messaging/saaj/saaj-impl/3.0.4/saaj-impl-3.0.4.jar:/Users/darwinrodriguez/.m2/repository/jakarta/xml/soap/jakarta.xml.soap-api/3.0.2/jakarta.xml.soap-api-3.0.2.jar:/Users/darwinrodriguez/.m2/repository/org/jvnet/staxex/stax-ex/2.1.0/stax-ex-2.1.0.jar:/Users/darwinrodriguez/.m2/repository/jakarta/activation/jakarta.activation-api/2.1.3/jakarta.activation-api-2.1.3.jar:/Users/darwinrodriguez/.m2/repository/org/eclipse/angus/angus-activation/2.0.2/angus-activation-2.0.2.jar:/Users/darwinrodriguez/.m2/repository/jakarta/xml/ws/jakarta.xml.ws-api/4.0.2/jakarta.xml.ws-api-4.0.2.jar:/Users/darwinrodriguez/.m2/repository/org/springframework/spring-oxm/6.1.11/spring-oxm-6.1.11.jar:/Users/darwinrodriguez/.m2/repository/org/springframework/ws/spring-ws-core/4.0.11/spring-ws-core-4.0.11.jar:/Users/darwinrodriguez/.m2/repository/org/springframework/ws/spring-xml/4.0.11/spring-xml-4.0.11.jar:/Users/darwinrodriguez/.m2/repository/org/springframework/boot/spring-boot-devtools/3.3.2/spring-boot-devtools-3.3.2.jar:/Users/darwinrodriguez/.m2/repository/org/springframework/boot/spring-boot/3.3.2/spring-boot-3.3.2.jar:/Users/darwinrodriguez/.m2/repository/org/springframework/boot/spring-boot-autoconfigure/3.3.2/spring-boot-autoconfigure-3.3.2.jar:/Users/darwinrodriguez/.m2/repository/com/mysql/mysql-connector-j/8.3.0/mysql-connector-j-8.3.0.jar:/Users/darwinrodriguez/.m2/repository/com/h2database/h2/2.2.224/h2-2.2.224.jar:/Users/darwinrodriguez/.m2/repository/org/projectlombok/lombok/1.18.34/lombok-1.18.34.jar:/Users/darwinrodriguez/.m2/repository/org/springframework/boot/spring-boot-starter-test/3.3.2/spring-boot-starter-test-3.3.2.jar:/Users/darwinrodriguez/.m2/repository/org/springframework/boot/spring-boot-test/3.3.2/spring-boot-test-3.3.2.jar:/Users/darwinrodriguez/.m2/repository/org/springframework/boot/spring-boot-test-autoconfigure/3.3.2/spring-boot-test-autoconfigure-3.3.2.jar:/Users/darwinrodriguez/.m2/repository/com/jayway/jsonpath/json-path/2.9.0/json-path-2.9.0.jar:/Users/darwinrodriguez/.m2/repository/jakarta/xml/bind/jakarta.xml.bind-api/4.0.2/jakarta.xml.bind-api-4.0.2.jar:/Users/darwinrodriguez/.m2/repository/net/minidev/json-smart/2.5.1/json-smart-2.5.1.jar:/Users/darwinrodriguez/.m2/repository/net/minidev/accessors-smart/2.5.1/accessors-smart-2.5.1.jar:/Users/darwinrodriguez/.m2/repository/org/ow2/asm/asm/9.6/asm-9.6.jar:/Users/darwinrodriguez/.m2/repository/org/assertj/assertj-core/3.25.3/assertj-core-3.25.3.jar:/Users/darwinrodriguez/.m2/repository/org/awaitility/awaitility/4.2.1/awaitility-4.2.1.jar:/Users/darwinrodriguez/.m2/repository/org/hamcrest/hamcrest/2.2/hamcrest-2.2.jar:/Users/darwinrodriguez/.m2/repository/org/junit/jupiter/junit-jupiter/5.10.3/junit-jupiter-5.10.3.jar:/Users/darwinrodriguez/.m2/repository/org/junit/jupiter/junit-jupiter-params/5.10.3/junit-jupiter-params-5.10.3.jar:/Users/darwinrodriguez/.m2/repository/org/junit/jupiter/junit-jupiter-engine/5.10.3/junit-jupiter-engine-5.10.3.jar:/Users/darwinrodriguez/.m2/repository/org/junit/platform/junit-platform-engine/1.10.3/junit-platform-engine-1.10.3.jar:/Users/darwinrodriguez/.m2/repository/org/skyscreamer/jsonassert/1.5.3/jsonassert-1.5.3.jar:/Users/darwinrodriguez/.m2/repository/com/vaadin/external/google/android-json/0.0.20131108.vaadin1/android-json-0.0.20131108.vaadin1.jar:/Users/darwinrodriguez/.m2/repository/org/springframework/spring-core/6.1.11/spring-core-6.1.11.jar:/Users/darwinrodriguez/.m2/repository/org/springframework/spring-jcl/6.1.11/spring-jcl-6.1.11.jar:/Users/darwinrodriguez/.m2/repository/org/springframework/spring-test/6.1.11/spring-test-6.1.11.jar:/Users/darwinrodriguez/.m2/repository/org/xmlunit/xmlunit-core/2.9.1/xmlunit-core-2.9.1.jar:/Users/darwinrodriguez/.m2/repository/org/mockito/mockito-core/5.11.0/mockito-core-5.11.0.jar:/Users/darwinrodriguez/.m2/repository/net/bytebuddy/byte-buddy/1.14.18/byte-buddy-1.14.18.jar:/Users/darwinrodriguez/.m2/repository/net/bytebuddy/byte-buddy-agent/1.14.18/byte-buddy-agent-1.14.18.jar:/Users/darwinrodriguez/.m2/repository/org/objenesis/objenesis/3.3/objenesis-3.3.jar:/Users/darwinrodriguez/.m2/repository/org/mockito/mockito-junit-jupiter/5.11.0/mockito-junit-jupiter-5.11.0.jar:/Users/darwinrodriguez/.m2/repository/org/junit/jupiter/junit-jupiter-api/5.10.3/junit-jupiter-api-5.10.3.jar:/Users/darwinrodriguez/.m2/repository/org/opentest4j/opentest4j/1.3.0/opentest4j-1.3.0.jar:/Users/darwinrodriguez/.m2/repository/org/junit/platform/junit-platform-commons/1.10.3/junit-platform-commons-1.10.3.jar:/Users/darwinrodriguez/.m2/repository/org/apiguardian/apiguardian-api/1.1.2/apiguardian-api-1.1.2.jar:"/>
    <property name="sun.cpu.endian" value="little"/>
    <property name="user.home" value="/Users/darwinrodriguez"/>
    <property name="user.language" value="es"/>
    <property name="java.specification.vendor" value="Oracle Corporation"/>
    <property name="java.version.date" value="2024-07-16"/>
    <property name="java.home" value="/opt/homebrew/Cellar/openjdk/22.0.2/libexec/openjdk.jdk/Contents/Home"/>
    <property name="file.separator" value="/"/>
    <property name="basedir" value="/Users/darwinrodriguez/Downloads/PruebaT"/>
    <property name="java.vm.compressedOopsMode" value="Zero based"/>
    <property name="line.separator" value="&#10;"/>
    <property name="java.vm.specification.vendor" value="Oracle Corporation"/>
    <property name="java.specification.name" value="Java Platform API Specification"/>
    <property name="FILE_LOG_CHARSET" value="UTF-8"/>
    <property name="java.awt.headless" value="true"/>
    <property name="apple.awt.application.name" value="ForkedBooter"/>
    <property name="surefire.real.class.path" value="/Users/darwinrodriguez/Downloads/PruebaT/target/surefire/surefirebooter-20240803222857105_3.jar"/>
    <property name="sun.management.compiler" value="HotSpot 64-Bit Tiered Compilers"/>
    <property name="ftp.nonProxyHosts" value="local|*.local|169.254/16|*.169.254/16"/>
    <property name="java.runtime.version" value="22.0.2"/>
    <property name="user.name" value="darwinrodriguez"/>
    <property name="stdout.encoding" value="UTF-8"/>
    <property name="path.separator" value=":"/>
    <property name="os.version" value="14.5"/>
    <property name="java.runtime.name" value="OpenJDK Runtime Environment"/>
    <property name="file.encoding" value="UTF-8"/>
    <property name="java.vm.name" value="OpenJDK 64-Bit Server VM"/>
    <property name="java.vendor.version" value="Homebrew"/>
    <property name="localRepository" value="/Users/darwinrodriguez/.m2/repository"/>
    <property name="java.vendor.url.bug" value="https://github.com/Homebrew/homebrew-core/issues"/>
    <property name="java.io.tmpdir" value="/var/folders/2c/rdr55m1935s1txs3g6kml5v00000gn/T/"/>
    <property name="com.zaxxer.hikari.pool_number" value="1"/>
    <property name="java.version" value="22.0.2"/>
    <property name="user.dir" value="/Users/darwinrodriguez/Downloads/PruebaT"/>
    <property name="os.arch" value="aarch64"/>
    <property name="java.vm.specification.name" value="Java Virtual Machine Specification"/>
    <property name="PID" value="26535"/>
    <property name="CONSOLE_LOG_CHARSET" value="UTF-8"/>
    <property name="native.encoding" value="UTF-8"/>
    <property name="java.library.path" value="/Users/darwinrodriguez/Library/Java/Extensions:/Library/Java/Extensions:/Network/Library/Java/Extensions:/System/Library/Java/Extensions:/usr/lib/java:."/>
    <property name="java.vm.info" value="mixed mode, sharing"/>
    <property name="stderr.encoding" value="UTF-8"/>
    <property name="java.vendor" value="Homebrew"/>
    <property name="java.vm.version" value="22.0.2"/>
    <property name="sun.io.unicode.encoding" value="UnicodeBig"/>
    <property name="socksNonProxyHosts" value="local|*.local|169.254/16|*.169.254/16"/>
    <property name="java.class.version" value="66.0"/>
    <property name="LOGGED_APPLICATION_NAME" value="[PruebaT] "/>
  </properties>
  <testcase name="testCreateAccount" classname="com.example.PruebaT.test.integration.AccountControllerIntegrationTest" time="0.528">
    <system-out><![CDATA[22:28:57.523 [main] INFO org.springframework.test.context.support.AnnotationConfigContextLoaderUtils -- Could not detect default configuration classes for test class [com.example.PruebaT.test.integration.AccountControllerIntegrationTest]: AccountControllerIntegrationTest does not declare any static, non-private, non-final, nested classes annotated with @Configuration.
22:28:57.580 [main] INFO org.springframework.boot.test.context.SpringBootTestContextBootstrapper -- Found @SpringBootConfiguration com.example.PruebaT.PruebaTApplication for test class com.example.PruebaT.test.integration.AccountControllerIntegrationTest
22:28:57.648 [main] INFO org.springframework.boot.devtools.restart.RestartApplicationListener -- Restart disabled due to context in which it is running

  .   ____          _            __ _ _
 /\\ / ___'_ __ _ _(_)_ __  __ _ \ \ \ \
( ( )\___ | '_ | '_| | '_ \/ _` | \ \ \ \
 \\/  ___)| |_)| | | | | || (_| |  ) ) ) )
  '  |____| .__|_| |_|_| |_\__, | / / / /
 =========|_|==============|___/=/_/_/_/

 :: Spring Boot ::                (v3.3.2)

2024-08-03T22:28:57.823-05:00  INFO 26535 --- [PruebaT] [           main] e.P.t.i.AccountControllerIntegrationTest : Starting AccountControllerIntegrationTest using Java 22.0.2 with PID 26535 (started by darwinrodriguez in /Users/darwinrodriguez/Downloads/PruebaT)
2024-08-03T22:28:57.824-05:00 DEBUG 26535 --- [PruebaT] [           main] e.P.t.i.AccountControllerIntegrationTest : Running with Spring Boot v3.3.2, Spring v6.1.11
2024-08-03T22:28:57.824-05:00  INFO 26535 --- [PruebaT] [           main] e.P.t.i.AccountControllerIntegrationTest : The following 1 profile is active: "test"
2024-08-03T22:28:57.824-05:00 DEBUG 26535 --- [PruebaT] [           main] o.s.boot.SpringApplication               : Loading source class com.example.PruebaT.PruebaTApplication
2024-08-03T22:28:57.837-05:00 DEBUG 26535 --- [PruebaT] [           main] o.s.w.c.s.GenericWebApplicationContext   : Refreshing org.springframework.web.context.support.GenericWebApplicationContext@7726e185
2024-08-03T22:28:57.846-05:00 DEBUG 26535 --- [PruebaT] [           main] o.s.b.f.s.DefaultListableBeanFactory     : Creating shared instance of singleton bean 'org.springframework.context.annotation.internalConfigurationAnnotationProcessor'
2024-08-03T22:28:57.852-05:00 DEBUG 26535 --- [PruebaT] [           main] o.s.b.f.s.DefaultListableBeanFactory     : Creating shared instance of singleton bean 'org.springframework.boot.autoconfigure.internalCachingMetadataReaderFactory'
2024-08-03T22:28:57.893-05:00 DEBUG 26535 --- [PruebaT] [           main] o.s.c.a.ClassPathBeanDefinitionScanner   : Identified candidate component class: file [/Users/darwinrodriguez/Downloads/PruebaT/target/classes/com/example/PruebaT/controller/AccountController.class]
2024-08-03T22:28:57.894-05:00 DEBUG 26535 --- [PruebaT] [           main] o.s.c.a.ClassPathBeanDefinitionScanner   : Identified candidate component class: file [/Users/darwinrodriguez/Downloads/PruebaT/target/classes/com/example/PruebaT/controller/CustomerController.class]
2024-08-03T22:28:57.894-05:00 DEBUG 26535 --- [PruebaT] [           main] o.s.c.a.ClassPathBeanDefinitionScanner   : Identified candidate component class: file [/Users/darwinrodriguez/Downloads/PruebaT/target/classes/com/example/PruebaT/controller/MovementController.class]
2024-08-03T22:28:57.897-05:00 DEBUG 26535 --- [PruebaT] [           main] o.s.c.a.ClassPathBeanDefinitionScanner   : Ignored because not a concrete top-level class: file [/Users/darwinrodriguez/Downloads/PruebaT/target/classes/com/example/PruebaT/repository/AccountRepository.class]
2024-08-03T22:28:57.898-05:00 DEBUG 26535 --- [PruebaT] [           main] o.s.c.a.ClassPathBeanDefinitionScanner   : Ignored because not a concrete top-level class: file [/Users/darwinrodriguez/Downloads/PruebaT/target/classes/com/example/PruebaT/repository/CustomerRepository.class]
2024-08-03T22:28:57.899-05:00 DEBUG 26535 --- [PruebaT] [           main] o.s.c.a.ClassPathBeanDefinitionScanner   : Ignored because not a concrete top-level class: file [/Users/darwinrodriguez/Downloads/PruebaT/target/classes/com/example/PruebaT/repository/MovementRepository.class]
2024-08-03T22:28:57.900-05:00 DEBUG 26535 --- [PruebaT] [           main] o.s.c.a.ClassPathBeanDefinitionScanner   : Identified candidate component class: file [/Users/darwinrodriguez/Downloads/PruebaT/target/classes/com/example/PruebaT/service/AccountService.class]
2024-08-03T22:28:57.900-05:00 DEBUG 26535 --- [PruebaT] [           main] o.s.c.a.ClassPathBeanDefinitionScanner   : Identified candidate component class: file [/Users/darwinrodriguez/Downloads/PruebaT/target/classes/com/example/PruebaT/service/CustomerService.class]
2024-08-03T22:28:57.900-05:00 DEBUG 26535 --- [PruebaT] [           main] o.s.c.a.ClassPathBeanDefinitionScanner   : Identified candidate component class: file [/Users/darwinrodriguez/Downloads/PruebaT/target/classes/com/example/PruebaT/service/MovementService.class]
2024-08-03T22:28:58.172-05:00  INFO 26535 --- [PruebaT] [           main] .s.d.r.c.RepositoryConfigurationDelegate : Multiple Spring Data modules found, entering strict repository configuration mode
2024-08-03T22:28:58.173-05:00  INFO 26535 --- [PruebaT] [           main] .s.d.r.c.RepositoryConfigurationDelegate : Bootstrapping Spring Data JDBC repositories in DEFAULT mode.
2024-08-03T22:28:58.174-05:00 DEBUG 26535 --- [PruebaT] [           main] o.s.b.f.s.DefaultListableBeanFactory     : Creating shared instance of singleton bean 'org.springframework.boot.autoconfigure.AutoConfigurationPackages'
2024-08-03T22:28:58.177-05:00 DEBUG 26535 --- [PruebaT] [           main] o.s.b.a.AutoConfigurationPackages        : @EnableAutoConfiguration was declared on a class in the package 'com.example.PruebaT'. Automatic @Repository and @Entity scanning is enabled.
2024-08-03T22:28:58.178-05:00 DEBUG 26535 --- [PruebaT] [           main] .s.d.r.c.RepositoryConfigurationDelegate : Scanning for JDBC repositories in packages com.example.PruebaT.
2024-08-03T22:28:58.182-05:00 DEBUG 26535 --- [PruebaT] [           main] o.s.d.r.c.RepositoryComponentProvider    : Identified candidate component class: file [/Users/darwinrodriguez/Downloads/PruebaT/target/classes/com/example/PruebaT/repository/AccountRepository.class]
2024-08-03T22:28:58.182-05:00 DEBUG 26535 --- [PruebaT] [           main] o.s.d.r.c.RepositoryComponentProvider    : Identified candidate component class: file [/Users/darwinrodriguez/Downloads/PruebaT/target/classes/com/example/PruebaT/repository/CustomerRepository.class]
2024-08-03T22:28:58.182-05:00 DEBUG 26535 --- [PruebaT] [           main] o.s.d.r.c.RepositoryComponentProvider    : Identified candidate component class: file [/Users/darwinrodriguez/Downloads/PruebaT/target/classes/com/example/PruebaT/repository/MovementRepository.class]
2024-08-03T22:28:58.186-05:00  INFO 26535 --- [PruebaT] [           main] .RepositoryConfigurationExtensionSupport : Spring Data JDBC - Could not safely identify store assignment for repository candidate interface com.example.PruebaT.repository.AccountRepository; If you want this repository to be a JDBC repository, consider annotating your entities with one of these annotations: org.springframework.data.relational.core.mapping.Table.
2024-08-03T22:28:58.187-05:00  INFO 26535 --- [PruebaT] [           main] .RepositoryConfigurationExtensionSupport : Spring Data JDBC - Could not safely identify store assignment for repository candidate interface com.example.PruebaT.repository.CustomerRepository; If you want this repository to be a JDBC repository, consider annotating your entities with one of these annotations: org.springframework.data.relational.core.mapping.Table.
2024-08-03T22:28:58.189-05:00  INFO 26535 --- [PruebaT] [           main] .RepositoryConfigurationExtensionSupport : Spring Data JDBC - Could not safely identify store assignment for repository candidate interface com.example.PruebaT.repository.MovementRepository; If you want this repository to be a JDBC repository, consider annotating your entities with one of these annotations: org.springframework.data.relational.core.mapping.Table.
2024-08-03T22:28:58.189-05:00  INFO 26535 --- [PruebaT] [           main] .s.d.r.c.RepositoryConfigurationDelegate : Finished Spring Data repository scanning in 10 ms. Found 0 JDBC repository interfaces.
2024-08-03T22:28:58.196-05:00  INFO 26535 --- [PruebaT] [           main] .s.d.r.c.RepositoryConfigurationDelegate : Multiple Spring Data modules found, entering strict repository configuration mode
2024-08-03T22:28:58.196-05:00  INFO 26535 --- [PruebaT] [           main] .s.d.r.c.RepositoryConfigurationDelegate : Bootstrapping Spring Data JPA repositories in DEFAULT mode.
2024-08-03T22:28:58.198-05:00 DEBUG 26535 --- [PruebaT] [           main] .s.d.r.c.RepositoryConfigurationDelegate : Scanning for JPA repositories in packages com.example.PruebaT.
2024-08-03T22:28:58.200-05:00 DEBUG 26535 --- [PruebaT] [           main] o.s.d.r.c.RepositoryComponentProvider    : Identified candidate component class: file [/Users/darwinrodriguez/Downloads/PruebaT/target/classes/com/example/PruebaT/repository/AccountRepository.class]
2024-08-03T22:28:58.200-05:00 DEBUG 26535 --- [PruebaT] [           main] o.s.d.r.c.RepositoryComponentProvider    : Identified candidate component class: file [/Users/darwinrodriguez/Downloads/PruebaT/target/classes/com/example/PruebaT/repository/CustomerRepository.class]
2024-08-03T22:28:58.200-05:00 DEBUG 26535 --- [PruebaT] [           main] o.s.d.r.c.RepositoryComponentProvider    : Identified candidate component class: file [/Users/darwinrodriguez/Downloads/PruebaT/target/classes/com/example/PruebaT/repository/MovementRepository.class]
2024-08-03T22:28:58.210-05:00  INFO 26535 --- [PruebaT] [           main] .s.d.r.c.RepositoryConfigurationDelegate : Finished Spring Data repository scanning in 11 ms. Found 3 JPA repository interfaces.
2024-08-03T22:28:58.256-05:00 DEBUG 26535 --- [PruebaT] [           main] o.s.b.f.s.DefaultListableBeanFactory     : Creating shared instance of singleton bean 'org.springframework.boot.test.context.ImportsContextCustomizer$ImportsCleanupPostProcessor'
2024-08-03T22:28:58.299-05:00 DEBUG 26535 --- [PruebaT] [           main] o.s.b.f.s.DefaultListableBeanFactory     : Creating shared instance of singleton bean 'propertySourcesPlaceholderConfigurer'
2024-08-03T22:28:58.301-05:00 DEBUG 26535 --- [PruebaT] [           main] o.s.b.f.s.DefaultListableBeanFactory     : Creating shared instance of singleton bean 'org.springframework.boot.test.mock.mockito.MockitoPostProcessor'
2024-08-03T22:28:58.301-05:00 DEBUG 26535 --- [PruebaT] [           main] o.s.b.f.s.DefaultListableBeanFactory     : Creating shared instance of singleton bean 'org.springframework.boot.sql.init.dependency.DatabaseInitializationDependencyConfigurer$DependsOnDatabaseInitializationPostProcessor'
2024-08-03T22:28:58.302-05:00 DEBUG 26535 --- [PruebaT] [           main] o.s.b.f.s.DefaultListableBeanFactory     : Creating shared instance of singleton bean 'emBeanDefinitionRegistrarPostProcessor'
2024-08-03T22:28:58.331-05:00 DEBUG 26535 --- [PruebaT] [           main] o.s.b.f.s.DefaultListableBeanFactory     : Creating shared instance of singleton bean 'org.springframework.context.event.internalEventListenerProcessor'
2024-08-03T22:28:58.331-05:00 DEBUG 26535 --- [PruebaT] [           main] o.s.b.f.s.DefaultListableBeanFactory     : Creating shared instance of singleton bean 'preserveErrorControllerTargetClassPostProcessor'
2024-08-03T22:28:58.332-05:00 DEBUG 26535 --- [PruebaT] [           main] o.s.b.f.s.DefaultListableBeanFactory     : Creating shared instance of singleton bean 'org.springframework.context.event.internalEventListenerFactory'
2024-08-03T22:28:58.332-05:00 DEBUG 26535 --- [PruebaT] [           main] o.s.b.f.s.DefaultListableBeanFactory     : Creating shared instance of singleton bean 'org.springframework.transaction.config.internalTransactionalEventListenerFactory'
2024-08-03T22:28:58.333-05:00 DEBUG 26535 --- [PruebaT] [           main] o.s.b.f.s.DefaultListableBeanFactory     : Creating shared instance of singleton bean 'org.springframework.context.annotation.internalAutowiredAnnotationProcessor'
2024-08-03T22:28:58.334-05:00 DEBUG 26535 --- [PruebaT] [           main] o.s.b.f.s.DefaultListableBeanFactory     : Creating shared instance of singleton bean 'org.springframework.context.annotation.internalCommonAnnotationProcessor'
2024-08-03T22:28:58.335-05:00 DEBUG 26535 --- [PruebaT] [           main] o.s.b.f.s.DefaultListableBeanFactory     : Creating shared instance of singleton bean 'org.springframework.context.annotation.internalPersistenceAnnotationProcessor'
2024-08-03T22:28:58.336-05:00 DEBUG 26535 --- [PruebaT] [           main] o.s.b.f.s.DefaultListableBeanFactory     : Creating shared instance of singleton bean 'org.springframework.boot.test.mock.mockito.MockitoPostProcessor$SpyPostProcessor'
2024-08-03T22:28:58.336-05:00 DEBUG 26535 --- [PruebaT] [           main] o.s.b.f.s.DefaultListableBeanFactory     : Creating shared instance of singleton bean 'org.springframework.boot.context.properties.ConfigurationPropertiesBindingPostProcessor'
2024-08-03T22:28:58.336-05:00 DEBUG 26535 --- [PruebaT] [           main] o.s.b.f.s.DefaultListableBeanFactory     : Creating shared instance of singleton bean 'org.springframework.boot.context.internalConfigurationPropertiesBinder'
2024-08-03T22:28:58.337-05:00 DEBUG 26535 --- [PruebaT] [           main] o.s.b.f.s.DefaultListableBeanFactory     : Creating shared instance of singleton bean 'jdbcConnectionDetailsHikariBeanPostProcessor'
2024-08-03T22:28:58.339-05:00 DEBUG 26535 --- [PruebaT] [           main] o.s.b.f.s.DefaultListableBeanFactory     : Creating shared instance of singleton bean 'org.springframework.aop.config.internalAutoProxyCreator'
2024-08-03T22:28:58.350-05:00 DEBUG 26535 --- [PruebaT] [           main] o.s.b.f.s.DefaultListableBeanFactory     : Creating shared instance of singleton bean 'persistenceExceptionTranslationPostProcessor'
2024-08-03T22:28:58.358-05:00 DEBUG 26535 --- [PruebaT] [           main] o.s.b.f.s.DefaultListableBeanFactory     : Autowiring by type from bean name 'persistenceExceptionTranslationPostProcessor' via factory method to bean named 'environment'
2024-08-03T22:28:58.361-05:00 DEBUG 26535 --- [PruebaT] [           main] o.s.b.f.s.DefaultListableBeanFactory     : Creating shared instance of singleton bean 'annotationActionEndpointMapping'
2024-08-03T22:28:58.361-05:00 DEBUG 26535 --- [PruebaT] [           main] o.s.b.f.s.DefaultListableBeanFactory     : Creating shared instance of singleton bean 'org.springframework.ws.config.annotation.DelegatingWsConfiguration'
2024-08-03T22:28:58.364-05:00  WARN 26535 --- [PruebaT] [           main] trationDelegate$BeanPostProcessorChecker : Bean 'org.springframework.ws.config.annotation.DelegatingWsConfiguration' of type [org.springframework.ws.config.annotation.DelegatingWsConfiguration$$SpringCGLIB$$0] is not eligible for getting processed by all BeanPostProcessors (for example: not eligible for auto-proxying). The currently created BeanPostProcessor [annotationActionEndpointMapping] is declared through a non-static factory method on that class; consider declaring it as static instead.
2024-08-03T22:28:58.379-05:00  INFO 26535 --- [PruebaT] [           main] .w.s.a.s.AnnotationActionEndpointMapping : Supporting [WS-Addressing August 2004, WS-Addressing 1.0]
2024-08-03T22:28:58.379-05:00 DEBUG 26535 --- [PruebaT] [           main] o.s.b.f.s.DefaultListableBeanFactory     : Creating shared instance of singleton bean 'webServerFactoryCustomizerBeanPostProcessor'
2024-08-03T22:28:58.379-05:00 DEBUG 26535 --- [PruebaT] [           main] o.s.b.f.s.DefaultListableBeanFactory     : Creating shared instance of singleton bean 'errorPageRegistrarBeanPostProcessor'
2024-08-03T22:28:58.380-05:00 DEBUG 26535 --- [PruebaT] [           main] o.s.b.f.s.DefaultListableBeanFactory     : Creating shared instance of singleton bean 'projectingArgumentResolverBeanPostProcessor'
2024-08-03T22:28:58.380-05:00 DEBUG 26535 --- [PruebaT] [           main] o.s.b.f.s.DefaultListableBeanFactory     : Creating shared instance of singleton bean 'org.springframework.transaction.config.internalTransactionAdvisor'
2024-08-03T22:28:58.380-05:00 DEBUG 26535 --- [PruebaT] [           main] o.s.b.f.s.DefaultListableBeanFactory     : Creating shared instance of singleton bean 'org.springframework.transaction.annotation.ProxyTransactionManagementConfiguration'
2024-08-03T22:28:58.386-05:00 DEBUG 26535 --- [PruebaT] [           main] o.s.b.f.s.DefaultListableBeanFactory     : Creating shared instance of singleton bean 'transactionAttributeSource'
2024-08-03T22:28:58.387-05:00 DEBUG 26535 --- [PruebaT] [           main] o.s.b.f.s.DefaultListableBeanFactory     : Creating shared instance of singleton bean 'transactionInterceptor'
2024-08-03T22:28:58.387-05:00 DEBUG 26535 --- [PruebaT] [           main] o.s.b.f.s.DefaultListableBeanFactory     : Autowiring by type from bean name 'transactionInterceptor' via factory method to bean named 'transactionAttributeSource'
2024-08-03T22:28:58.391-05:00 DEBUG 26535 --- [PruebaT] [           main] o.s.b.f.s.DefaultListableBeanFactory     : Autowiring by type from bean name 'org.springframework.transaction.config.internalTransactionAdvisor' via factory method to bean named 'transactionAttributeSource'
2024-08-03T22:28:58.391-05:00 DEBUG 26535 --- [PruebaT] [           main] o.s.b.f.s.DefaultListableBeanFactory     : Autowiring by type from bean name 'org.springframework.transaction.config.internalTransactionAdvisor' via factory method to bean named 'transactionInterceptor'
2024-08-03T22:28:58.399-05:00 DEBUG 26535 --- [PruebaT] [           main] o.s.u.c.s.UiApplicationContextUtils      : Unable to locate ThemeSource with name 'themeSource': using default [org.springframework.ui.context.support.ResourceBundleThemeSource@4ed15347]
2024-08-03T22:28:58.400-05:00 DEBUG 26535 --- [PruebaT] [           main] o.s.b.f.s.DefaultListableBeanFactory     : Creating shared instance of singleton bean 'dataSourceScriptDatabaseInitializer'
2024-08-03T22:28:58.400-05:00 DEBUG 26535 --- [PruebaT] [           main] o.s.b.f.s.DefaultListableBeanFactory     : Creating shared instance of singleton bean 'org.springframework.boot.autoconfigure.sql.init.DataSourceInitializationConfiguration'
2024-08-03T22:28:58.401-05:00 DEBUG 26535 --- [PruebaT] [           main] o.s.b.f.s.DefaultListableBeanFactory     : Creating shared instance of singleton bean 'dataSource'
2024-08-03T22:28:58.401-05:00 DEBUG 26535 --- [PruebaT] [           main] o.s.b.f.s.DefaultListableBeanFactory     : Creating shared instance of singleton bean 'org.springframework.boot.autoconfigure.jdbc.DataSourceConfiguration$Hikari'
2024-08-03T22:28:58.402-05:00 DEBUG 26535 --- [PruebaT] [           main] o.s.b.f.s.DefaultListableBeanFactory     : Creating shared instance of singleton bean 'spring.datasource-org.springframework.boot.autoconfigure.jdbc.DataSourceProperties'
2024-08-03T22:28:58.403-05:00 DEBUG 26535 --- [PruebaT] [           main] o.s.b.f.s.DefaultListableBeanFactory     : Creating shared instance of singleton bean 'org.springframework.boot.context.properties.BoundConfigurationProperties'
2024-08-03T22:28:58.413-05:00 DEBUG 26535 --- [PruebaT] [           main] o.s.b.f.s.DefaultListableBeanFactory     : Creating shared instance of singleton bean 'jdbcConnectionDetails'
2024-08-03T22:28:58.413-05:00 DEBUG 26535 --- [PruebaT] [           main] o.s.b.f.s.DefaultListableBeanFactory     : Creating shared instance of singleton bean 'org.springframework.boot.autoconfigure.jdbc.DataSourceAutoConfiguration$PooledDataSourceConfiguration'
2024-08-03T22:28:58.415-05:00 DEBUG 26535 --- [PruebaT] [           main] o.s.b.f.s.DefaultListableBeanFactory     : Autowiring by type from bean name 'jdbcConnectionDetails' via factory method to bean named 'spring.datasource-org.springframework.boot.autoconfigure.jdbc.DataSourceProperties'
2024-08-03T22:28:58.416-05:00 DEBUG 26535 --- [PruebaT] [           main] o.s.b.f.s.DefaultListableBeanFactory     : Autowiring by type from bean name 'dataSource' via factory method to bean named 'spring.datasource-org.springframework.boot.autoconfigure.jdbc.DataSourceProperties'
2024-08-03T22:28:58.416-05:00 DEBUG 26535 --- [PruebaT] [           main] o.s.b.f.s.DefaultListableBeanFactory     : Autowiring by type from bean name 'dataSource' via factory method to bean named 'jdbcConnectionDetails'
2024-08-03T22:28:58.418-05:00 DEBUG 26535 --- [PruebaT] [           main] com.zaxxer.hikari.HikariConfig           : Driver class org.h2.Driver found in Thread context class loader jdk.internal.loader.ClassLoaders$AppClassLoader@43e45247
2024-08-03T22:28:58.429-05:00 DEBUG 26535 --- [PruebaT] [           main] o.s.b.f.s.DefaultListableBeanFactory     : Creating shared instance of singleton bean 'spring.sql.init-org.springframework.boot.autoconfigure.sql.init.SqlInitializationProperties'
2024-08-03T22:28:58.430-05:00 DEBUG 26535 --- [PruebaT] [           main] o.s.b.f.s.DefaultListableBeanFactory     : Autowiring by type from bean name 'dataSourceScriptDatabaseInitializer' via factory method to bean named 'dataSource'
2024-08-03T22:28:58.430-05:00 DEBUG 26535 --- [PruebaT] [           main] o.s.b.f.s.DefaultListableBeanFactory     : Autowiring by type from bean name 'dataSourceScriptDatabaseInitializer' via factory method to bean named 'spring.sql.init-org.springframework.boot.autoconfigure.sql.init.SqlInitializationProperties'
2024-08-03T22:28:58.433-05:00 DEBUG 26535 --- [PruebaT] [           main] o.s.b.f.s.DefaultListableBeanFactory     : Creating shared instance of singleton bean 'entityManagerFactory'
2024-08-03T22:28:58.433-05:00 DEBUG 26535 --- [PruebaT] [           main] o.s.b.f.s.DefaultListableBeanFactory     : Creating shared instance of singleton bean 'org.springframework.boot.autoconfigure.orm.jpa.HibernateJpaConfiguration'
2024-08-03T22:28:58.434-05:00 DEBUG 26535 --- [PruebaT] [           main] o.s.b.f.s.DefaultListableBeanFactory     : Creating shared instance of singleton bean 'spring.jpa-org.springframework.boot.autoconfigure.orm.jpa.JpaProperties'
2024-08-03T22:28:58.436-05:00 DEBUG 26535 --- [PruebaT] [           main] o.s.b.f.s.DefaultListableBeanFactory     : Creating shared instance of singleton bean 'spring.jpa.hibernate-org.springframework.boot.autoconfigure.orm.jpa.HibernateProperties'
2024-08-03T22:28:58.437-05:00 DEBUG 26535 --- [PruebaT] [           main] o.s.b.f.s.DefaultListableBeanFactory     : Autowiring by type from bean name 'org.springframework.boot.autoconfigure.orm.jpa.HibernateJpaConfiguration' via constructor to bean named 'dataSource'
2024-08-03T22:28:58.437-05:00 DEBUG 26535 --- [PruebaT] [           main] o.s.b.f.s.DefaultListableBeanFactory     : Autowiring by type from bean name 'org.springframework.boot.autoconfigure.orm.jpa.HibernateJpaConfiguration' via constructor to bean named 'spring.jpa-org.springframework.boot.autoconfigure.orm.jpa.JpaProperties'
2024-08-03T22:28:58.437-05:00 DEBUG 26535 --- [PruebaT] [           main] o.s.b.f.s.DefaultListableBeanFactory     : Autowiring by type from bean name 'org.springframework.boot.autoconfigure.orm.jpa.HibernateJpaConfiguration' via constructor to bean named 'org.springframework.beans.factory.support.DefaultListableBeanFactory@1d01dfa5'
2024-08-03T22:28:58.437-05:00 DEBUG 26535 --- [PruebaT] [           main] o.s.b.f.s.DefaultListableBeanFactory     : Autowiring by type from bean name 'org.springframework.boot.autoconfigure.orm.jpa.HibernateJpaConfiguration' via constructor to bean named 'spring.jpa.hibernate-org.springframework.boot.autoconfigure.orm.jpa.HibernateProperties'
2024-08-03T22:28:58.438-05:00 DEBUG 26535 --- [PruebaT] [           main] o.s.b.f.s.DefaultListableBeanFactory     : Creating shared instance of singleton bean 'hikariPoolDataSourceMetadataProvider'
2024-08-03T22:28:58.439-05:00 DEBUG 26535 --- [PruebaT] [           main] o.s.b.f.s.DefaultListableBeanFactory     : Creating shared instance of singleton bean 'org.springframework.boot.autoconfigure.jdbc.metadata.DataSourcePoolMetadataProvidersConfiguration$HikariPoolDataSourceMetadataProviderConfiguration'
2024-08-03T22:28:58.441-05:00 DEBUG 26535 --- [PruebaT] [           main] o.s.b.f.s.DefaultListableBeanFactory     : Creating shared instance of singleton bean 'entityManagerFactoryBuilder'
2024-08-03T22:28:58.441-05:00 DEBUG 26535 --- [PruebaT] [           main] o.s.b.f.s.DefaultListableBeanFactory     : Creating shared instance of singleton bean 'jpaVendorAdapter'
2024-08-03T22:28:58.447-05:00 DEBUG 26535 --- [PruebaT] [           main] org.jboss.logging                        : Logging Provider: org.jboss.logging.Slf4jLoggerProvider found via system property
2024-08-03T22:28:58.449-05:00 DEBUG 26535 --- [PruebaT] [           main] o.s.b.f.s.DefaultListableBeanFactory     : Autowiring by type from bean name 'entityManagerFactoryBuilder' via factory method to bean named 'jpaVendorAdapter'
2024-08-03T22:28:58.451-05:00 DEBUG 26535 --- [PruebaT] [           main] o.s.b.f.s.DefaultListableBeanFactory     : Creating shared instance of singleton bean 'persistenceManagedTypes'
2024-08-03T22:28:58.451-05:00 DEBUG 26535 --- [PruebaT] [           main] o.s.b.f.s.DefaultListableBeanFactory     : Autowiring by type from bean name 'persistenceManagedTypes' via factory method to bean named 'org.springframework.beans.factory.support.DefaultListableBeanFactory@1d01dfa5'
2024-08-03T22:28:58.451-05:00 DEBUG 26535 --- [PruebaT] [           main] o.s.b.f.s.DefaultListableBeanFactory     : Autowiring by type from bean name 'persistenceManagedTypes' via factory method to bean named 'org.springframework.web.context.support.GenericWebApplicationContext@7726e185'
2024-08-03T22:28:58.455-05:00 DEBUG 26535 --- [PruebaT] [           main] o.s.b.f.s.DefaultListableBeanFactory     : Autowiring by type from bean name 'entityManagerFactory' via factory method to bean named 'entityManagerFactoryBuilder'
2024-08-03T22:28:58.455-05:00 DEBUG 26535 --- [PruebaT] [           main] o.s.b.f.s.DefaultListableBeanFactory     : Autowiring by type from bean name 'entityManagerFactory' via factory method to bean named 'persistenceManagedTypes'
2024-08-03T22:28:58.461-05:00 DEBUG 26535 --- [PruebaT] [           main] j.LocalContainerEntityManagerFactoryBean : Building JPA container EntityManagerFactory for persistence unit 'default'
2024-08-03T22:28:58.470-05:00 DEBUG 26535 --- [PruebaT] [           main] o.hibernate.jpa.internal.util.LogHelper  : PersistenceUnitInfo [
	name: default
	persistence provider classname: null
	classloader: jdk.internal.loader.ClassLoaders$AppClassLoader@43e45247
	excludeUnlistedClasses: true
	JTA datasource: null
	Non JTA datasource: HikariDataSource (null)
	Transaction type: RESOURCE_LOCAL
	PU root URL: file:/Users/darwinrodriguez/Downloads/PruebaT/target/test-classes/
	Shared Cache Mode: UNSPECIFIED
	Validation Mode: AUTO
	Jar files URLs []
	Managed classes names [
		com.example.PruebaT.model.Cliente
		com.example.PruebaT.model.Cuenta
		com.example.PruebaT.model.Movimiento
		com.example.PruebaT.model.Persona]
	Mapping files names []
	Properties []
2024-08-03T22:28:58.474-05:00 DEBUG 26535 --- [PruebaT] [           main] o.h.i.internal.IntegratorServiceImpl     : Adding Integrator [org.hibernate.boot.beanvalidation.BeanValidationIntegrator].
2024-08-03T22:28:58.475-05:00 DEBUG 26535 --- [PruebaT] [           main] o.h.i.internal.IntegratorServiceImpl     : Adding Integrator [org.hibernate.cache.internal.CollectionCacheInvalidator].
2024-08-03T22:28:58.499-05:00  INFO 26535 --- [PruebaT] [           main] org.hibernate.Version                    : HHH000412: Hibernate ORM core version 6.5.2.Final
2024-08-03T22:28:58.500-05:00 DEBUG 26535 --- [PruebaT] [           main] org.hibernate.cfg.Environment            : HHH000206: 'hibernate.properties' not found
2024-08-03T22:28:58.509-05:00 DEBUG 26535 --- [PruebaT] [           main] org.hibernate.orm.idgen.factory          : Registering IdentifierGenerator strategy [uuid2] -> [org.hibernate.id.UUIDGenerator]
2024-08-03T22:28:58.510-05:00 DEBUG 26535 --- [PruebaT] [           main] org.hibernate.orm.idgen.factory          : Registering IdentifierGenerator strategy [guid] -> [org.hibernate.id.GUIDGenerator]
2024-08-03T22:28:58.510-05:00 DEBUG 26535 --- [PruebaT] [           main] org.hibernate.orm.idgen.factory          : Registering IdentifierGenerator strategy [uuid] -> [org.hibernate.id.UUIDHexGenerator]
2024-08-03T22:28:58.510-05:00 DEBUG 26535 --- [PruebaT] [           main] org.hibernate.orm.idgen.factory          : Registering IdentifierGenerator strategy [uuid.hex] -> [org.hibernate.id.UUIDHexGenerator]
2024-08-03T22:28:58.510-05:00 DEBUG 26535 --- [PruebaT] [           main] org.hibernate.orm.idgen.factory          : Registering IdentifierGenerator strategy [assigned] -> [org.hibernate.id.Assigned]
2024-08-03T22:28:58.511-05:00 DEBUG 26535 --- [PruebaT] [           main] org.hibernate.orm.idgen.factory          : Registering IdentifierGenerator strategy [identity] -> [org.hibernate.id.IdentityGenerator]
2024-08-03T22:28:58.511-05:00 DEBUG 26535 --- [PruebaT] [           main] org.hibernate.orm.idgen.factory          : Registering IdentifierGenerator strategy [select] -> [org.hibernate.id.SelectGenerator]
2024-08-03T22:28:58.511-05:00 DEBUG 26535 --- [PruebaT] [           main] org.hibernate.orm.idgen.factory          : Registering IdentifierGenerator strategy [sequence] -> [org.hibernate.id.enhanced.SequenceStyleGenerator]
2024-08-03T22:28:58.511-05:00 DEBUG 26535 --- [PruebaT] [           main] org.hibernate.orm.idgen.factory          : Registering IdentifierGenerator strategy [increment] -> [org.hibernate.id.IncrementGenerator]
2024-08-03T22:28:58.512-05:00 DEBUG 26535 --- [PruebaT] [           main] org.hibernate.orm.idgen.factory          : Registering IdentifierGenerator strategy [foreign] -> [org.hibernate.id.ForeignGenerator]
2024-08-03T22:28:58.512-05:00 DEBUG 26535 --- [PruebaT] [           main] org.hibernate.orm.idgen.factory          : Registering IdentifierGenerator strategy [enhanced-sequence] -> [org.hibernate.id.enhanced.SequenceStyleGenerator]
2024-08-03T22:28:58.512-05:00 DEBUG 26535 --- [PruebaT] [           main] org.hibernate.orm.idgen.factory          : Registering IdentifierGenerator strategy [enhanced-table] -> [org.hibernate.id.enhanced.TableGenerator]
2024-08-03T22:28:58.515-05:00 DEBUG 26535 --- [PruebaT] [           main] o.h.c.internal.RegionFactoryInitiator    : Cannot default RegionFactory based on registered strategies as `[]` RegionFactory strategies were registered
2024-08-03T22:28:58.515-05:00  INFO 26535 --- [PruebaT] [           main] o.h.c.internal.RegionFactoryInitiator    : HHH000026: Second-level cache disabled
2024-08-03T22:28:58.550-05:00 DEBUG 26535 --- [PruebaT] [           main] org.hibernate.type.BasicTypeRegistry     : Adding type registration boolean -> org.hibernate.type.BasicTypeReference@4f114b
2024-08-03T22:28:58.551-05:00 DEBUG 26535 --- [PruebaT] [           main] org.hibernate.type.BasicTypeRegistry     : Adding type registration boolean -> org.hibernate.type.BasicTypeReference@4f114b
2024-08-03T22:28:58.551-05:00 DEBUG 26535 --- [PruebaT] [           main] org.hibernate.type.BasicTypeRegistry     : Adding type registration java.lang.Boolean -> org.hibernate.type.BasicTypeReference@4f114b
2024-08-03T22:28:58.551-05:00 DEBUG 26535 --- [PruebaT] [           main] org.hibernate.type.BasicTypeRegistry     : Adding type registration numeric_boolean -> org.hibernate.type.BasicTypeReference@257f30f7
2024-08-03T22:28:58.551-05:00 DEBUG 26535 --- [PruebaT] [           main] org.hibernate.type.BasicTypeRegistry     : Adding type registration org.hibernate.type.NumericBooleanConverter -> org.hibernate.type.BasicTypeReference@257f30f7
2024-08-03T22:28:58.551-05:00 DEBUG 26535 --- [PruebaT] [           main] org.hibernate.type.BasicTypeRegistry     : Adding type registration true_false -> org.hibernate.type.BasicTypeReference@3fde2209
2024-08-03T22:28:58.551-05:00 DEBUG 26535 --- [PruebaT] [           main] org.hibernate.type.BasicTypeRegistry     : Adding type registration org.hibernate.type.TrueFalseConverter -> org.hibernate.type.BasicTypeReference@3fde2209
2024-08-03T22:28:58.551-05:00 DEBUG 26535 --- [PruebaT] [           main] org.hibernate.type.BasicTypeRegistry     : Adding type registration yes_no -> org.hibernate.type.BasicTypeReference@1f916219
2024-08-03T22:28:58.551-05:00 DEBUG 26535 --- [PruebaT] [           main] org.hibernate.type.BasicTypeRegistry     : Adding type registration org.hibernate.type.YesNoConverter -> org.hibernate.type.BasicTypeReference@1f916219
2024-08-03T22:28:58.551-05:00 DEBUG 26535 --- [PruebaT] [           main] org.hibernate.type.BasicTypeRegistry     : Adding type registration byte -> org.hibernate.type.BasicTypeReference@67acfde9
2024-08-03T22:28:58.551-05:00 DEBUG 26535 --- [PruebaT] [           main] org.hibernate.type.BasicTypeRegistry     : Adding type registration byte -> org.hibernate.type.BasicTypeReference@67acfde9
2024-08-03T22:28:58.551-05:00 DEBUG 26535 --- [PruebaT] [           main] org.hibernate.type.BasicTypeRegistry     : Adding type registration java.lang.Byte -> org.hibernate.type.BasicTypeReference@67acfde9
2024-08-03T22:28:58.551-05:00 DEBUG 26535 --- [PruebaT] [           main] org.hibernate.type.BasicTypeRegistry     : Adding type registration binary -> org.hibernate.type.BasicTypeReference@3b088163
2024-08-03T22:28:58.551-05:00 DEBUG 26535 --- [PruebaT] [           main] org.hibernate.type.BasicTypeRegistry     : Adding type registration byte[] -> org.hibernate.type.BasicTypeReference@3b088163
2024-08-03T22:28:58.551-05:00 DEBUG 26535 --- [PruebaT] [           main] org.hibernate.type.BasicTypeRegistry     : Adding type registration [B -> org.hibernate.type.BasicTypeReference@3b088163
2024-08-03T22:28:58.551-05:00 DEBUG 26535 --- [PruebaT] [           main] org.hibernate.type.BasicTypeRegistry     : Adding type registration binary_wrapper -> org.hibernate.type.BasicTypeReference@75882261
2024-08-03T22:28:58.551-05:00 DEBUG 26535 --- [PruebaT] [           main] org.hibernate.type.BasicTypeRegistry     : Adding type registration wrapper-binary -> org.hibernate.type.BasicTypeReference@75882261
2024-08-03T22:28:58.551-05:00 DEBUG 26535 --- [PruebaT] [           main] org.hibernate.type.BasicTypeRegistry     : Adding type registration image -> org.hibernate.type.BasicTypeReference@611d0763
2024-08-03T22:28:58.551-05:00 DEBUG 26535 --- [PruebaT] [           main] org.hibernate.type.BasicTypeRegistry     : Adding type registration blob -> org.hibernate.type.BasicTypeReference@615efd1c
2024-08-03T22:28:58.551-05:00 DEBUG 26535 --- [PruebaT] [           main] org.hibernate.type.BasicTypeRegistry     : Adding type registration java.sql.Blob -> org.hibernate.type.BasicTypeReference@615efd1c
2024-08-03T22:28:58.551-05:00 DEBUG 26535 --- [PruebaT] [           main] org.hibernate.type.BasicTypeRegistry     : Adding type registration materialized_blob -> org.hibernate.type.BasicTypeReference@1e226bcd
2024-08-03T22:28:58.551-05:00 DEBUG 26535 --- [PruebaT] [           main] org.hibernate.type.BasicTypeRegistry     : Adding type registration materialized_blob_wrapper -> org.hibernate.type.BasicTypeReference@2a8dd942
2024-08-03T22:28:58.551-05:00 DEBUG 26535 --- [PruebaT] [           main] org.hibernate.type.BasicTypeRegistry     : Adding type registration short -> org.hibernate.type.BasicTypeReference@2322e56f
2024-08-03T22:28:58.552-05:00 DEBUG 26535 --- [PruebaT] [           main] org.hibernate.type.BasicTypeRegistry     : Adding type registration short -> org.hibernate.type.BasicTypeReference@2322e56f
2024-08-03T22:28:58.552-05:00 DEBUG 26535 --- [PruebaT] [           main] org.hibernate.type.BasicTypeRegistry     : Adding type registration java.lang.Short -> org.hibernate.type.BasicTypeReference@2322e56f
2024-08-03T22:28:58.552-05:00 DEBUG 26535 --- [PruebaT] [           main] org.hibernate.type.BasicTypeRegistry     : Adding type registration integer -> org.hibernate.type.BasicTypeReference@35025a0a
2024-08-03T22:28:58.552-05:00 DEBUG 26535 --- [PruebaT] [           main] org.hibernate.type.BasicTypeRegistry     : Adding type registration int -> org.hibernate.type.BasicTypeReference@35025a0a
2024-08-03T22:28:58.552-05:00 DEBUG 26535 --- [PruebaT] [           main] org.hibernate.type.BasicTypeRegistry     : Adding type registration java.lang.Integer -> org.hibernate.type.BasicTypeReference@35025a0a
2024-08-03T22:28:58.552-05:00 DEBUG 26535 --- [PruebaT] [           main] org.hibernate.type.BasicTypeRegistry     : Adding type registration long -> org.hibernate.type.BasicTypeReference@38732364
2024-08-03T22:28:58.552-05:00 DEBUG 26535 --- [PruebaT] [           main] org.hibernate.type.BasicTypeRegistry     : Adding type registration long -> org.hibernate.type.BasicTypeReference@38732364
2024-08-03T22:28:58.552-05:00 DEBUG 26535 --- [PruebaT] [           main] org.hibernate.type.BasicTypeRegistry     : Adding type registration java.lang.Long -> org.hibernate.type.BasicTypeReference@38732364
2024-08-03T22:28:58.552-05:00 DEBUG 26535 --- [PruebaT] [           main] org.hibernate.type.BasicTypeRegistry     : Adding type registration float -> org.hibernate.type.BasicTypeReference@7c70aae1
2024-08-03T22:28:58.552-05:00 DEBUG 26535 --- [PruebaT] [           main] org.hibernate.type.BasicTypeRegistry     : Adding type registration float -> org.hibernate.type.BasicTypeReference@7c70aae1
2024-08-03T22:28:58.552-05:00 DEBUG 26535 --- [PruebaT] [           main] org.hibernate.type.BasicTypeRegistry     : Adding type registration java.lang.Float -> org.hibernate.type.BasicTypeReference@7c70aae1
2024-08-03T22:28:58.552-05:00 DEBUG 26535 --- [PruebaT] [           main] org.hibernate.type.BasicTypeRegistry     : Adding type registration double -> org.hibernate.type.BasicTypeReference@48cd319d
2024-08-03T22:28:58.552-05:00 DEBUG 26535 --- [PruebaT] [           main] org.hibernate.type.BasicTypeRegistry     : Adding type registration double -> org.hibernate.type.BasicTypeReference@48cd319d
2024-08-03T22:28:58.552-05:00 DEBUG 26535 --- [PruebaT] [           main] org.hibernate.type.BasicTypeRegistry     : Adding type registration java.lang.Double -> org.hibernate.type.BasicTypeReference@48cd319d
2024-08-03T22:28:58.552-05:00 DEBUG 26535 --- [PruebaT] [           main] org.hibernate.type.BasicTypeRegistry     : Adding type registration big_integer -> org.hibernate.type.BasicTypeReference@6f38f084
2024-08-03T22:28:58.552-05:00 DEBUG 26535 --- [PruebaT] [           main] org.hibernate.type.BasicTypeRegistry     : Adding type registration java.math.BigInteger -> org.hibernate.type.BasicTypeReference@6f38f084
2024-08-03T22:28:58.552-05:00 DEBUG 26535 --- [PruebaT] [           main] org.hibernate.type.BasicTypeRegistry     : Adding type registration big_decimal -> org.hibernate.type.BasicTypeReference@4ef18604
2024-08-03T22:28:58.552-05:00 DEBUG 26535 --- [PruebaT] [           main] org.hibernate.type.BasicTypeRegistry     : Adding type registration java.math.BigDecimal -> org.hibernate.type.BasicTypeReference@4ef18604
2024-08-03T22:28:58.552-05:00 DEBUG 26535 --- [PruebaT] [           main] org.hibernate.type.BasicTypeRegistry     : Adding type registration character -> org.hibernate.type.BasicTypeReference@372f0a99
2024-08-03T22:28:58.552-05:00 DEBUG 26535 --- [PruebaT] [           main] org.hibernate.type.BasicTypeRegistry     : Adding type registration char -> org.hibernate.type.BasicTypeReference@372f0a99
2024-08-03T22:28:58.552-05:00 DEBUG 26535 --- [PruebaT] [           main] org.hibernate.type.BasicTypeRegistry     : Adding type registration java.lang.Character -> org.hibernate.type.BasicTypeReference@372f0a99
2024-08-03T22:28:58.552-05:00 DEBUG 26535 --- [PruebaT] [           main] org.hibernate.type.BasicTypeRegistry     : Adding type registration character_nchar -> org.hibernate.type.BasicTypeReference@16cf8438
2024-08-03T22:28:58.552-05:00 DEBUG 26535 --- [PruebaT] [           main] org.hibernate.type.BasicTypeRegistry     : Adding type registration string -> org.hibernate.type.BasicTypeReference@3e5beab5
2024-08-03T22:28:58.552-05:00 DEBUG 26535 --- [PruebaT] [           main] org.hibernate.type.BasicTypeRegistry     : Adding type registration java.lang.String -> org.hibernate.type.BasicTypeReference@3e5beab5
2024-08-03T22:28:58.552-05:00 DEBUG 26535 --- [PruebaT] [           main] org.hibernate.type.BasicTypeRegistry     : Adding type registration nstring -> org.hibernate.type.BasicTypeReference@7c588adc
2024-08-03T22:28:58.552-05:00 DEBUG 26535 --- [PruebaT] [           main] org.hibernate.type.BasicTypeRegistry     : Adding type registration characters -> org.hibernate.type.BasicTypeReference@33ec2c0c
2024-08-03T22:28:58.552-05:00 DEBUG 26535 --- [PruebaT] [           main] org.hibernate.type.BasicTypeRegistry     : Adding type registration char[] -> org.hibernate.type.BasicTypeReference@33ec2c0c
2024-08-03T22:28:58.552-05:00 DEBUG 26535 --- [PruebaT] [           main] org.hibernate.type.BasicTypeRegistry     : Adding type registration [C -> org.hibernate.type.BasicTypeReference@33ec2c0c
2024-08-03T22:28:58.552-05:00 DEBUG 26535 --- [PruebaT] [           main] org.hibernate.type.BasicTypeRegistry     : Adding type registration wrapper-characters -> org.hibernate.type.BasicTypeReference@5968800d
2024-08-03T22:28:58.552-05:00 DEBUG 26535 --- [PruebaT] [           main] org.hibernate.type.BasicTypeRegistry     : Adding type registration text -> org.hibernate.type.BasicTypeReference@3887c7d7
2024-08-03T22:28:58.552-05:00 DEBUG 26535 --- [PruebaT] [           main] org.hibernate.type.BasicTypeRegistry     : Adding type registration ntext -> org.hibernate.type.BasicTypeReference@b1b471
2024-08-03T22:28:58.553-05:00 DEBUG 26535 --- [PruebaT] [           main] org.hibernate.type.BasicTypeRegistry     : Adding type registration clob -> org.hibernate.type.BasicTypeReference@526f6427
2024-08-03T22:28:58.553-05:00 DEBUG 26535 --- [PruebaT] [           main] org.hibernate.type.BasicTypeRegistry     : Adding type registration java.sql.Clob -> org.hibernate.type.BasicTypeReference@526f6427
2024-08-03T22:28:58.553-05:00 DEBUG 26535 --- [PruebaT] [           main] org.hibernate.type.BasicTypeRegistry     : Adding type registration nclob -> org.hibernate.type.BasicTypeReference@4f1afe8f
2024-08-03T22:28:58.553-05:00 DEBUG 26535 --- [PruebaT] [           main] org.hibernate.type.BasicTypeRegistry     : Adding type registration java.sql.NClob -> org.hibernate.type.BasicTypeReference@4f1afe8f
2024-08-03T22:28:58.553-05:00 DEBUG 26535 --- [PruebaT] [           main] org.hibernate.type.BasicTypeRegistry     : Adding type registration materialized_clob -> org.hibernate.type.BasicTypeReference@492521c4
2024-08-03T22:28:58.553-05:00 DEBUG 26535 --- [PruebaT] [           main] org.hibernate.type.BasicTypeRegistry     : Adding type registration materialized_clob_char_array -> org.hibernate.type.BasicTypeReference@443a06ad
2024-08-03T22:28:58.553-05:00 DEBUG 26535 --- [PruebaT] [           main] org.hibernate.type.BasicTypeRegistry     : Adding type registration materialized_clob_character_array -> org.hibernate.type.BasicTypeReference@6ddd1c51
2024-08-03T22:28:58.553-05:00 DEBUG 26535 --- [PruebaT] [           main] org.hibernate.type.BasicTypeRegistry     : Adding type registration materialized_nclob -> org.hibernate.type.BasicTypeReference@752b69e3
2024-08-03T22:28:58.553-05:00 DEBUG 26535 --- [PruebaT] [           main] org.hibernate.type.BasicTypeRegistry     : Adding type registration materialized_nclob_character_array -> org.hibernate.type.BasicTypeReference@15605d83
2024-08-03T22:28:58.553-05:00 DEBUG 26535 --- [PruebaT] [           main] org.hibernate.type.BasicTypeRegistry     : Adding type registration materialized_nclob_char_array -> org.hibernate.type.BasicTypeReference@1fb2eec
2024-08-03T22:28:58.553-05:00 DEBUG 26535 --- [PruebaT] [           main] org.hibernate.type.BasicTypeRegistry     : Adding type registration Duration -> org.hibernate.type.BasicTypeReference@4c18516
2024-08-03T22:28:58.553-05:00 DEBUG 26535 --- [PruebaT] [           main] org.hibernate.type.BasicTypeRegistry     : Adding type registration java.time.Duration -> org.hibernate.type.BasicTypeReference@4c18516
2024-08-03T22:28:58.553-05:00 DEBUG 26535 --- [PruebaT] [           main] org.hibernate.type.BasicTypeRegistry     : Adding type registration LocalDateTime -> org.hibernate.type.BasicTypeReference@2a0b901c
2024-08-03T22:28:58.553-05:00 DEBUG 26535 --- [PruebaT] [           main] org.hibernate.type.BasicTypeRegistry     : Adding type registration java.time.LocalDateTime -> org.hibernate.type.BasicTypeReference@2a0b901c
2024-08-03T22:28:58.553-05:00 DEBUG 26535 --- [PruebaT] [           main] org.hibernate.type.BasicTypeRegistry     : Adding type registration LocalDate -> org.hibernate.type.BasicTypeReference@3d104c9b
2024-08-03T22:28:58.553-05:00 DEBUG 26535 --- [PruebaT] [           main] org.hibernate.type.BasicTypeRegistry     : Adding type registration java.time.LocalDate -> org.hibernate.type.BasicTypeReference@3d104c9b
2024-08-03T22:28:58.553-05:00 DEBUG 26535 --- [PruebaT] [           main] org.hibernate.type.BasicTypeRegistry     : Adding type registration LocalTime -> org.hibernate.type.BasicTypeReference@6544899b
2024-08-03T22:28:58.553-05:00 DEBUG 26535 --- [PruebaT] [           main] org.hibernate.type.BasicTypeRegistry     : Adding type registration java.time.LocalTime -> org.hibernate.type.BasicTypeReference@6544899b
2024-08-03T22:28:58.553-05:00 DEBUG 26535 --- [PruebaT] [           main] org.hibernate.type.BasicTypeRegistry     : Adding type registration OffsetDateTime -> org.hibernate.type.BasicTypeReference@6da54910
2024-08-03T22:28:58.553-05:00 DEBUG 26535 --- [PruebaT] [           main] org.hibernate.type.BasicTypeRegistry     : Adding type registration java.time.OffsetDateTime -> org.hibernate.type.BasicTypeReference@6da54910
2024-08-03T22:28:58.553-05:00 DEBUG 26535 --- [PruebaT] [           main] org.hibernate.type.BasicTypeRegistry     : Adding type registration OffsetDateTimeWithTimezone -> org.hibernate.type.BasicTypeReference@1bd8afc8
2024-08-03T22:28:58.553-05:00 DEBUG 26535 --- [PruebaT] [           main] org.hibernate.type.BasicTypeRegistry     : Adding type registration OffsetDateTimeWithoutTimezone -> org.hibernate.type.BasicTypeReference@24134cbc
2024-08-03T22:28:58.553-05:00 DEBUG 26535 --- [PruebaT] [           main] org.hibernate.type.BasicTypeRegistry     : Adding type registration OffsetTime -> org.hibernate.type.BasicTypeReference@65da01f4
2024-08-03T22:28:58.553-05:00 DEBUG 26535 --- [PruebaT] [           main] org.hibernate.type.BasicTypeRegistry     : Adding type registration java.time.OffsetTime -> org.hibernate.type.BasicTypeReference@65da01f4
2024-08-03T22:28:58.553-05:00 DEBUG 26535 --- [PruebaT] [           main] org.hibernate.type.BasicTypeRegistry     : Adding type registration OffsetTimeUtc -> org.hibernate.type.BasicTypeReference@22f02996
2024-08-03T22:28:58.553-05:00 DEBUG 26535 --- [PruebaT] [           main] org.hibernate.type.BasicTypeRegistry     : Adding type registration OffsetTimeWithTimezone -> org.hibernate.type.BasicTypeReference@7c8874ef
2024-08-03T22:28:58.553-05:00 DEBUG 26535 --- [PruebaT] [           main] org.hibernate.type.BasicTypeRegistry     : Adding type registration OffsetTimeWithoutTimezone -> org.hibernate.type.BasicTypeReference@42c0a16e
2024-08-03T22:28:58.553-05:00 DEBUG 26535 --- [PruebaT] [           main] org.hibernate.type.BasicTypeRegistry     : Adding type registration ZonedDateTime -> org.hibernate.type.BasicTypeReference@77a0dd63
2024-08-03T22:28:58.553-05:00 DEBUG 26535 --- [PruebaT] [           main] org.hibernate.type.BasicTypeRegistry     : Adding type registration java.time.ZonedDateTime -> org.hibernate.type.BasicTypeReference@77a0dd63
2024-08-03T22:28:58.553-05:00 DEBUG 26535 --- [PruebaT] [           main] org.hibernate.type.BasicTypeRegistry     : Adding type registration ZonedDateTimeWithTimezone -> org.hibernate.type.BasicTypeReference@543fe698
2024-08-03T22:28:58.554-05:00 DEBUG 26535 --- [PruebaT] [           main] org.hibernate.type.BasicTypeRegistry     : Adding type registration ZonedDateTimeWithoutTimezone -> org.hibernate.type.BasicTypeReference@6b2fdffc
2024-08-03T22:28:58.554-05:00 DEBUG 26535 --- [PruebaT] [           main] org.hibernate.type.BasicTypeRegistry     : Adding type registration date -> org.hibernate.type.BasicTypeReference@2ca3d826
2024-08-03T22:28:58.554-05:00 DEBUG 26535 --- [PruebaT] [           main] org.hibernate.type.BasicTypeRegistry     : Adding type registration java.sql.Date -> org.hibernate.type.BasicTypeReference@2ca3d826
2024-08-03T22:28:58.554-05:00 DEBUG 26535 --- [PruebaT] [           main] org.hibernate.type.BasicTypeRegistry     : Adding type registration time -> org.hibernate.type.BasicTypeReference@5d194314
2024-08-03T22:28:58.554-05:00 DEBUG 26535 --- [PruebaT] [           main] org.hibernate.type.BasicTypeRegistry     : Adding type registration java.sql.Time -> org.hibernate.type.BasicTypeReference@5d194314
2024-08-03T22:28:58.554-05:00 DEBUG 26535 --- [PruebaT] [           main] org.hibernate.type.BasicTypeRegistry     : Adding type registration timestamp -> org.hibernate.type.BasicTypeReference@76396509
2024-08-03T22:28:58.554-05:00 DEBUG 26535 --- [PruebaT] [           main] org.hibernate.type.BasicTypeRegistry     : Adding type registration java.sql.Timestamp -> org.hibernate.type.BasicTypeReference@76396509
2024-08-03T22:28:58.554-05:00 DEBUG 26535 --- [PruebaT] [           main] org.hibernate.type.BasicTypeRegistry     : Adding type registration java.util.Date -> org.hibernate.type.BasicTypeReference@76396509
2024-08-03T22:28:58.554-05:00 DEBUG 26535 --- [PruebaT] [           main] org.hibernate.type.BasicTypeRegistry     : Adding type registration calendar -> org.hibernate.type.BasicTypeReference@637c840d
2024-08-03T22:28:58.554-05:00 DEBUG 26535 --- [PruebaT] [           main] org.hibernate.type.BasicTypeRegistry     : Adding type registration java.util.Calendar -> org.hibernate.type.BasicTypeReference@637c840d
2024-08-03T22:28:58.554-05:00 DEBUG 26535 --- [PruebaT] [           main] org.hibernate.type.BasicTypeRegistry     : Adding type registration java.util.GregorianCalendar -> org.hibernate.type.BasicTypeReference@637c840d
2024-08-03T22:28:58.554-05:00 DEBUG 26535 --- [PruebaT] [           main] org.hibernate.type.BasicTypeRegistry     : Adding type registration calendar_date -> org.hibernate.type.BasicTypeReference@51ac12ac
2024-08-03T22:28:58.554-05:00 DEBUG 26535 --- [PruebaT] [           main] org.hibernate.type.BasicTypeRegistry     : Adding type registration calendar_time -> org.hibernate.type.BasicTypeReference@463afa6e
2024-08-03T22:28:58.554-05:00 DEBUG 26535 --- [PruebaT] [           main] org.hibernate.type.BasicTypeRegistry     : Adding type registration instant -> org.hibernate.type.BasicTypeReference@7b96de8d
2024-08-03T22:28:58.554-05:00 DEBUG 26535 --- [PruebaT] [           main] org.hibernate.type.BasicTypeRegistry     : Adding type registration java.time.Instant -> org.hibernate.type.BasicTypeReference@7b96de8d
2024-08-03T22:28:58.554-05:00 DEBUG 26535 --- [PruebaT] [           main] org.hibernate.type.BasicTypeRegistry     : Adding type registration uuid -> org.hibernate.type.BasicTypeReference@7ccd611e
2024-08-03T22:28:58.554-05:00 DEBUG 26535 --- [PruebaT] [           main] org.hibernate.type.BasicTypeRegistry     : Adding type registration java.util.UUID -> org.hibernate.type.BasicTypeReference@7ccd611e
2024-08-03T22:28:58.554-05:00 DEBUG 26535 --- [PruebaT] [           main] org.hibernate.type.BasicTypeRegistry     : Adding type registration pg-uuid -> org.hibernate.type.BasicTypeReference@7ccd611e
2024-08-03T22:28:58.554-05:00 DEBUG 26535 --- [PruebaT] [           main] org.hibernate.type.BasicTypeRegistry     : Adding type registration uuid-binary -> org.hibernate.type.BasicTypeReference@4dc52559
2024-08-03T22:28:58.554-05:00 DEBUG 26535 --- [PruebaT] [           main] org.hibernate.type.BasicTypeRegistry     : Adding type registration uuid-char -> org.hibernate.type.BasicTypeReference@5c3d4f05
2024-08-03T22:28:58.554-05:00 DEBUG 26535 --- [PruebaT] [           main] org.hibernate.type.BasicTypeRegistry     : Adding type registration class -> org.hibernate.type.BasicTypeReference@119290b9
2024-08-03T22:28:58.554-05:00 DEBUG 26535 --- [PruebaT] [           main] org.hibernate.type.BasicTypeRegistry     : Adding type registration java.lang.Class -> org.hibernate.type.BasicTypeReference@119290b9
2024-08-03T22:28:58.554-05:00 DEBUG 26535 --- [PruebaT] [           main] org.hibernate.type.BasicTypeRegistry     : Adding type registration currency -> org.hibernate.type.BasicTypeReference@640d604
2024-08-03T22:28:58.554-05:00 DEBUG 26535 --- [PruebaT] [           main] org.hibernate.type.BasicTypeRegistry     : Adding type registration Currency -> org.hibernate.type.BasicTypeReference@640d604
2024-08-03T22:28:58.554-05:00 DEBUG 26535 --- [PruebaT] [           main] org.hibernate.type.BasicTypeRegistry     : Adding type registration java.util.Currency -> org.hibernate.type.BasicTypeReference@640d604
2024-08-03T22:28:58.555-05:00 DEBUG 26535 --- [PruebaT] [           main] org.hibernate.type.BasicTypeRegistry     : Adding type registration locale -> org.hibernate.type.BasicTypeReference@5438fa43
2024-08-03T22:28:58.555-05:00 DEBUG 26535 --- [PruebaT] [           main] org.hibernate.type.BasicTypeRegistry     : Adding type registration java.util.Locale -> org.hibernate.type.BasicTypeReference@5438fa43
2024-08-03T22:28:58.555-05:00 DEBUG 26535 --- [PruebaT] [           main] org.hibernate.type.BasicTypeRegistry     : Adding type registration serializable -> org.hibernate.type.BasicTypeReference@512abf25
2024-08-03T22:28:58.555-05:00 DEBUG 26535 --- [PruebaT] [           main] org.hibernate.type.BasicTypeRegistry     : Adding type registration java.io.Serializable -> org.hibernate.type.BasicTypeReference@512abf25
2024-08-03T22:28:58.555-05:00 DEBUG 26535 --- [PruebaT] [           main] org.hibernate.type.BasicTypeRegistry     : Adding type registration timezone -> org.hibernate.type.BasicTypeReference@515ab3f2
2024-08-03T22:28:58.555-05:00 DEBUG 26535 --- [PruebaT] [           main] org.hibernate.type.BasicTypeRegistry     : Adding type registration java.util.TimeZone -> org.hibernate.type.BasicTypeReference@515ab3f2
2024-08-03T22:28:58.555-05:00 DEBUG 26535 --- [PruebaT] [           main] org.hibernate.type.BasicTypeRegistry     : Adding type registration ZoneOffset -> org.hibernate.type.BasicTypeReference@6d0e45a5
2024-08-03T22:28:58.555-05:00 DEBUG 26535 --- [PruebaT] [           main] org.hibernate.type.BasicTypeRegistry     : Adding type registration java.time.ZoneOffset -> org.hibernate.type.BasicTypeReference@6d0e45a5
2024-08-03T22:28:58.555-05:00 DEBUG 26535 --- [PruebaT] [           main] org.hibernate.type.BasicTypeRegistry     : Adding type registration url -> org.hibernate.type.BasicTypeReference@7e7740a5
2024-08-03T22:28:58.555-05:00 DEBUG 26535 --- [PruebaT] [           main] org.hibernate.type.BasicTypeRegistry     : Adding type registration java.net.URL -> org.hibernate.type.BasicTypeReference@7e7740a5
2024-08-03T22:28:58.555-05:00 DEBUG 26535 --- [PruebaT] [           main] org.hibernate.type.BasicTypeRegistry     : Adding type registration vector -> org.hibernate.type.BasicTypeReference@7aa01bd9
2024-08-03T22:28:58.555-05:00 DEBUG 26535 --- [PruebaT] [           main] org.hibernate.type.BasicTypeRegistry     : Adding type registration row_version -> org.hibernate.type.BasicTypeReference@7e61e25c
2024-08-03T22:28:58.557-05:00 DEBUG 26535 --- [PruebaT] [           main] org.hibernate.type.BasicTypeRegistry     : Adding type registration object -> org.hibernate.type.JavaObjectType@2313db84
2024-08-03T22:28:58.557-05:00 DEBUG 26535 --- [PruebaT] [           main] org.hibernate.type.BasicTypeRegistry     : Adding type registration java.lang.Object -> org.hibernate.type.JavaObjectType@2313db84
2024-08-03T22:28:58.557-05:00 DEBUG 26535 --- [PruebaT] [           main] org.hibernate.type.BasicTypeRegistry     : Adding type registration null -> org.hibernate.type.NullType@48d739f
2024-08-03T22:28:58.557-05:00 DEBUG 26535 --- [PruebaT] [           main] org.hibernate.type.BasicTypeRegistry     : Adding type registration imm_date -> org.hibernate.type.BasicTypeReference@51e7589f
2024-08-03T22:28:58.557-05:00 DEBUG 26535 --- [PruebaT] [           main] org.hibernate.type.BasicTypeRegistry     : Adding type registration imm_time -> org.hibernate.type.BasicTypeReference@65cc5252
2024-08-03T22:28:58.557-05:00 DEBUG 26535 --- [PruebaT] [           main] org.hibernate.type.BasicTypeRegistry     : Adding type registration imm_timestamp -> org.hibernate.type.BasicTypeReference@42c12b3e
2024-08-03T22:28:58.557-05:00 DEBUG 26535 --- [PruebaT] [           main] org.hibernate.type.BasicTypeRegistry     : Adding type registration imm_calendar -> org.hibernate.type.BasicTypeReference@2dbfa972
2024-08-03T22:28:58.557-05:00 DEBUG 26535 --- [PruebaT] [           main] org.hibernate.type.BasicTypeRegistry     : Adding type registration imm_calendar_date -> org.hibernate.type.BasicTypeReference@46f73ffa
2024-08-03T22:28:58.557-05:00 DEBUG 26535 --- [PruebaT] [           main] org.hibernate.type.BasicTypeRegistry     : Adding type registration imm_calendar_time -> org.hibernate.type.BasicTypeReference@41aebbb4
2024-08-03T22:28:58.557-05:00 DEBUG 26535 --- [PruebaT] [           main] org.hibernate.type.BasicTypeRegistry     : Adding type registration imm_binary -> org.hibernate.type.BasicTypeReference@afde064
2024-08-03T22:28:58.557-05:00 DEBUG 26535 --- [PruebaT] [           main] org.hibernate.type.BasicTypeRegistry     : Adding type registration imm_serializable -> org.hibernate.type.BasicTypeReference@5a592c70
2024-08-03T22:28:58.559-05:00 DEBUG 26535 --- [PruebaT] [           main] o.h.boot.internal.BootstrapContextImpl   : Injecting JPA temp ClassLoader [org.springframework.instrument.classloading.SimpleThrowawayClassLoader@63e5b8aa] into BootstrapContext; was [null]
2024-08-03T22:28:58.559-05:00 DEBUG 26535 --- [PruebaT] [           main] o.h.boot.internal.ClassLoaderAccessImpl  : ClassLoaderAccessImpl#injectTempClassLoader(org.springframework.instrument.classloading.SimpleThrowawayClassLoader@63e5b8aa) [was null]
2024-08-03T22:28:58.559-05:00 DEBUG 26535 --- [PruebaT] [           main] o.h.boot.internal.BootstrapContextImpl   : Injecting ScanEnvironment [org.hibernate.jpa.boot.internal.StandardJpaScanEnvironmentImpl@5785e813] into BootstrapContext; was [null]
2024-08-03T22:28:58.560-05:00 DEBUG 26535 --- [PruebaT] [           main] o.h.boot.internal.BootstrapContextImpl   : Injecting ScanOptions [org.hibernate.boot.archive.scan.internal.StandardScanOptions@10b8b900] into BootstrapContext; was [org.hibernate.boot.archive.scan.internal.StandardScanOptions@6d294ddc]
2024-08-03T22:28:58.674-05:00  INFO 26535 --- [PruebaT] [           main] o.s.o.j.p.SpringPersistenceUnitInfo      : No LoadTimeWeaver setup: ignoring JPA class transformer
2024-08-03T22:28:58.675-05:00 DEBUG 26535 --- [PruebaT] [           main] o.h.boot.internal.BootstrapContextImpl   : Injecting JPA temp ClassLoader [null] into BootstrapContext; was [org.springframework.instrument.classloading.SimpleThrowawayClassLoader@63e5b8aa]
2024-08-03T22:28:58.675-05:00 DEBUG 26535 --- [PruebaT] [           main] o.h.boot.internal.ClassLoaderAccessImpl  : ClassLoaderAccessImpl#injectTempClassLoader(null) [was org.springframework.instrument.classloading.SimpleThrowawayClassLoader@63e5b8aa]
2024-08-03T22:28:58.686-05:00 DEBUG 26535 --- [PruebaT] [           main] com.zaxxer.hikari.HikariConfig           : HikariPool-1 - configuration:
2024-08-03T22:28:58.687-05:00 DEBUG 26535 --- [PruebaT] [           main] com.zaxxer.hikari.HikariConfig           : allowPoolSuspension.............false
2024-08-03T22:28:58.688-05:00 DEBUG 26535 --- [PruebaT] [           main] com.zaxxer.hikari.HikariConfig           : autoCommit......................true
2024-08-03T22:28:58.688-05:00 DEBUG 26535 --- [PruebaT] [           main] com.zaxxer.hikari.HikariConfig           : catalog.........................none
2024-08-03T22:28:58.688-05:00 DEBUG 26535 --- [PruebaT] [           main] com.zaxxer.hikari.HikariConfig           : connectionInitSql...............none
2024-08-03T22:28:58.688-05:00 DEBUG 26535 --- [PruebaT] [           main] com.zaxxer.hikari.HikariConfig           : connectionTestQuery.............none
2024-08-03T22:28:58.688-05:00 DEBUG 26535 --- [PruebaT] [           main] com.zaxxer.hikari.HikariConfig           : connectionTimeout...............30000
2024-08-03T22:28:58.688-05:00 DEBUG 26535 --- [PruebaT] [           main] com.zaxxer.hikari.HikariConfig           : dataSource......................none
2024-08-03T22:28:58.688-05:00 DEBUG 26535 --- [PruebaT] [           main] com.zaxxer.hikari.HikariConfig           : dataSourceClassName.............none
2024-08-03T22:28:58.688-05:00 DEBUG 26535 --- [PruebaT] [           main] com.zaxxer.hikari.HikariConfig           : dataSourceJNDI..................none
2024-08-03T22:28:58.689-05:00 DEBUG 26535 --- [PruebaT] [           main] com.zaxxer.hikari.HikariConfig           : dataSourceProperties............{password=<masked>}
2024-08-03T22:28:58.689-05:00 DEBUG 26535 --- [PruebaT] [           main] com.zaxxer.hikari.HikariConfig           : driverClassName................."org.h2.Driver"
2024-08-03T22:28:58.689-05:00 DEBUG 26535 --- [PruebaT] [           main] com.zaxxer.hikari.HikariConfig           : exceptionOverrideClassName......none
2024-08-03T22:28:58.689-05:00 DEBUG 26535 --- [PruebaT] [           main] com.zaxxer.hikari.HikariConfig           : healthCheckProperties...........{}
2024-08-03T22:28:58.689-05:00 DEBUG 26535 --- [PruebaT] [           main] com.zaxxer.hikari.HikariConfig           : healthCheckRegistry.............none
2024-08-03T22:28:58.689-05:00 DEBUG 26535 --- [PruebaT] [           main] com.zaxxer.hikari.HikariConfig           : idleTimeout.....................600000
2024-08-03T22:28:58.689-05:00 DEBUG 26535 --- [PruebaT] [           main] com.zaxxer.hikari.HikariConfig           : initializationFailTimeout.......1
2024-08-03T22:28:58.689-05:00 DEBUG 26535 --- [PruebaT] [           main] com.zaxxer.hikari.HikariConfig           : isolateInternalQueries..........false
2024-08-03T22:28:58.689-05:00 DEBUG 26535 --- [PruebaT] [           main] com.zaxxer.hikari.HikariConfig           : jdbcUrl.........................jdbc:h2:mem:testdb
2024-08-03T22:28:58.689-05:00 DEBUG 26535 --- [PruebaT] [           main] com.zaxxer.hikari.HikariConfig           : keepaliveTime...................0
2024-08-03T22:28:58.689-05:00 DEBUG 26535 --- [PruebaT] [           main] com.zaxxer.hikari.HikariConfig           : leakDetectionThreshold..........0
2024-08-03T22:28:58.689-05:00 DEBUG 26535 --- [PruebaT] [           main] com.zaxxer.hikari.HikariConfig           : maxLifetime.....................1800000
2024-08-03T22:28:58.689-05:00 DEBUG 26535 --- [PruebaT] [           main] com.zaxxer.hikari.HikariConfig           : maximumPoolSize.................10
2024-08-03T22:28:58.690-05:00 DEBUG 26535 --- [PruebaT] [           main] com.zaxxer.hikari.HikariConfig           : metricRegistry..................none
2024-08-03T22:28:58.690-05:00 DEBUG 26535 --- [PruebaT] [           main] com.zaxxer.hikari.HikariConfig           : metricsTrackerFactory...........none
2024-08-03T22:28:58.690-05:00 DEBUG 26535 --- [PruebaT] [           main] com.zaxxer.hikari.HikariConfig           : minimumIdle.....................10
2024-08-03T22:28:58.690-05:00 DEBUG 26535 --- [PruebaT] [           main] com.zaxxer.hikari.HikariConfig           : password........................<masked>
2024-08-03T22:28:58.690-05:00 DEBUG 26535 --- [PruebaT] [           main] com.zaxxer.hikari.HikariConfig           : poolName........................"HikariPool-1"
2024-08-03T22:28:58.690-05:00 DEBUG 26535 --- [PruebaT] [           main] com.zaxxer.hikari.HikariConfig           : readOnly........................false
2024-08-03T22:28:58.690-05:00 DEBUG 26535 --- [PruebaT] [           main] com.zaxxer.hikari.HikariConfig           : registerMbeans..................false
2024-08-03T22:28:58.690-05:00 DEBUG 26535 --- [PruebaT] [           main] com.zaxxer.hikari.HikariConfig           : scheduledExecutor...............none
2024-08-03T22:28:58.690-05:00 DEBUG 26535 --- [PruebaT] [           main] com.zaxxer.hikari.HikariConfig           : schema..........................none
2024-08-03T22:28:58.690-05:00 DEBUG 26535 --- [PruebaT] [           main] com.zaxxer.hikari.HikariConfig           : threadFactory...................internal
2024-08-03T22:28:58.690-05:00 DEBUG 26535 --- [PruebaT] [           main] com.zaxxer.hikari.HikariConfig           : transactionIsolation............default
2024-08-03T22:28:58.690-05:00 DEBUG 26535 --- [PruebaT] [           main] com.zaxxer.hikari.HikariConfig           : username........................"sa"
2024-08-03T22:28:58.690-05:00 DEBUG 26535 --- [PruebaT] [           main] com.zaxxer.hikari.HikariConfig           : validationTimeout...............5000
2024-08-03T22:28:58.690-05:00  INFO 26535 --- [PruebaT] [           main] com.zaxxer.hikari.HikariDataSource       : HikariPool-1 - Starting...
2024-08-03T22:28:58.796-05:00  INFO 26535 --- [PruebaT] [           main] com.zaxxer.hikari.pool.HikariPool        : HikariPool-1 - Added connection conn0: url=jdbc:h2:mem:testdb user=SA
2024-08-03T22:28:58.797-05:00  INFO 26535 --- [PruebaT] [           main] com.zaxxer.hikari.HikariDataSource       : HikariPool-1 - Start completed.
2024-08-03T22:28:58.801-05:00 DEBUG 26535 --- [PruebaT] [           main] o.h.e.j.e.i.JdbcEnvironmentInitiator     : Database ->
	   name : H2
	version : 2.2.224 (2023-09-17)
	  major : 2
	  minor : 2
2024-08-03T22:28:58.801-05:00 DEBUG 26535 --- [PruebaT] [           main] o.h.e.j.e.i.JdbcEnvironmentInitiator     : Driver ->
	   name : H2 JDBC Driver
	version : 2.2.224 (2023-09-17)
	  major : 2
	  minor : 2
2024-08-03T22:28:58.801-05:00 DEBUG 26535 --- [PruebaT] [           main] o.h.e.j.e.i.JdbcEnvironmentInitiator     : JDBC version : 4.2
2024-08-03T22:28:58.812-05:00  WARN 26535 --- [PruebaT] [           main] org.hibernate.orm.deprecation            : HHH90000025: H2Dialect does not need to be specified explicitly using 'hibernate.dialect' (remove the property setting and it will be selected by default)
2024-08-03T22:28:58.813-05:00 DEBUG 26535 --- [PruebaT] [           main] org.hibernate.orm.dialect                : HHH035001: Using dialect: org.hibernate.dialect.H2Dialect, version: 2.2.224
2024-08-03T22:28:58.815-05:00 DEBUG 26535 --- [PruebaT] [           main] o.h.e.j.env.spi.IdentifierHelperBuilder  : JDBC driver metadata reported database stores quoted identifiers in neither upper, lower nor mixed case
2024-08-03T22:28:58.825-05:00 DEBUG 26535 --- [PruebaT] [           main] o.h.t.d.jdbc.spi.JdbcTypeRegistry        : addDescriptor(NCharTypeDescriptor) replaced previous registration(CharTypeDescriptor)
2024-08-03T22:28:58.825-05:00 DEBUG 26535 --- [PruebaT] [           main] o.h.t.d.jdbc.spi.JdbcTypeRegistry        : addDescriptor(NVarcharTypeDescriptor) replaced previous registration(VarcharTypeDescriptor)
2024-08-03T22:28:58.825-05:00 DEBUG 26535 --- [PruebaT] [           main] o.h.t.d.jdbc.spi.JdbcTypeRegistry        : addDescriptor(LongNVarcharTypeDescriptor) replaced previous registration(LongVarcharTypeDescriptor)
2024-08-03T22:28:58.826-05:00 DEBUG 26535 --- [PruebaT] [           main] o.h.t.d.jdbc.spi.JdbcTypeRegistry        : addDescriptor(NClobTypeDescriptor(DEFAULT)) replaced previous registration(ClobTypeDescriptor(DEFAULT))
2024-08-03T22:28:58.828-05:00 DEBUG 26535 --- [PruebaT] [           main] o.h.t.d.jdbc.spi.JdbcTypeRegistry        : addDescriptor(2005, ClobTypeDescriptor(STREAM_BINDING)) replaced previous registration(ClobTypeDescriptor(DEFAULT))
2024-08-03T22:28:58.831-05:00 DEBUG 26535 --- [PruebaT] [           main] o.h.t.d.jdbc.spi.JdbcTypeRegistry        : addDescriptor(TimestampUtcDescriptor) replaced previous registration(TimestampUtcDescriptor)
2024-08-03T22:28:58.835-05:00 DEBUG 26535 --- [PruebaT] [           main] org.hibernate.type.BasicTypeRegistry     : Adding type registration org.hibernate.type.DurationType -> basicType@1(java.time.Duration,3015)
2024-08-03T22:28:58.835-05:00 DEBUG 26535 --- [PruebaT] [           main] org.hibernate.type.BasicTypeRegistry     : Adding type registration Duration -> basicType@1(java.time.Duration,3015)
2024-08-03T22:28:58.835-05:00 DEBUG 26535 --- [PruebaT] [           main] org.hibernate.type.BasicTypeRegistry     : Adding type registration java.time.Duration -> basicType@1(java.time.Duration,3015)
2024-08-03T22:28:58.836-05:00 DEBUG 26535 --- [PruebaT] [           main] o.h.type.spi.TypeConfiguration$Scope     : Scoping TypeConfiguration [org.hibernate.type.spi.TypeConfiguration@359865a2] to MetadataBuildingContext [org.hibernate.boot.internal.MetadataBuildingContextRootImpl@5d9bb69b]
2024-08-03T22:28:58.849-05:00 DEBUG 26535 --- [PruebaT] [           main] o.h.boot.model.relational.Namespace      : Created database namespace [logicalName=Name{catalog=null, schema=null}, physicalName=Name{catalog=null, schema=null}]
2024-08-03T22:28:58.851-05:00 DEBUG 26535 --- [PruebaT] [           main] .a.AnnotationMetadataSourceProcessorImpl : Skipping explicit MappedSuperclass com.example.PruebaT.model.Persona, the class will be discovered analyzing the implementing class
2024-08-03T22:28:58.858-05:00 DEBUG 26535 --- [PruebaT] [           main] o.h.boot.model.internal.EntityBinder     : Binding entity from annotated class: com.example.PruebaT.model.Cliente
2024-08-03T22:28:58.860-05:00 DEBUG 26535 --- [PruebaT] [           main] o.h.boot.model.internal.EntityBinder     : Import with entity name Cliente
2024-08-03T22:28:58.863-05:00 DEBUG 26535 --- [PruebaT] [           main] o.h.boot.model.internal.EntityBinder     : Bind entity com.example.PruebaT.model.Cliente on table cliente
2024-08-03T22:28:58.867-05:00 DEBUG 26535 --- [PruebaT] [           main] o.h.boot.model.internal.AnnotatedColumn  : Binding column: AnnotatedDiscriminatorColumn(column='DTYPE')
2024-08-03T22:28:58.874-05:00 DEBUG 26535 --- [PruebaT] [           main] o.h.boot.model.internal.AnnotatedColumn  : Binding column: AnnotatedColumn(column='id')
2024-08-03T22:28:58.874-05:00 DEBUG 26535 --- [PruebaT] [           main] o.h.boot.internal.ClassLoaderAccessImpl  : Not known whether passed class name [com.example.PruebaT.model.Cliente] is safe
2024-08-03T22:28:58.874-05:00 DEBUG 26535 --- [PruebaT] [           main] o.h.boot.internal.ClassLoaderAccessImpl  : No temp ClassLoader provided; using live ClassLoader for loading potentially unsafe class : com.example.PruebaT.model.Cliente
2024-08-03T22:28:58.876-05:00 DEBUG 26535 --- [PruebaT] [           main] o.h.boot.model.internal.PropertyBinder   : MetadataSourceProcessor property clienteId with lazy=false
2024-08-03T22:28:58.877-05:00 DEBUG 26535 --- [PruebaT] [           main] o.h.b.m.internal.AbstractPropertyHolder  : Attempting to locate auto-apply AttributeConverter for property [com.example.PruebaT.model.Cliente:clienteId]
2024-08-03T22:28:58.879-05:00 DEBUG 26535 --- [PruebaT] [           main] o.h.b.model.internal.BasicValueBinder    : building BasicValue for clienteId
2024-08-03T22:28:58.880-05:00 DEBUG 26535 --- [PruebaT] [           main] org.hibernate.mapping.BasicValue         : Skipping column re-registration: cliente.id
2024-08-03T22:28:58.880-05:00 DEBUG 26535 --- [PruebaT] [           main] o.h.boot.model.internal.PropertyBinder   : Building property clienteId
2024-08-03T22:28:58.881-05:00 DEBUG 26535 --- [PruebaT] [           main] o.h.boot.model.internal.BinderHelper     : #makeIdGenerator(BasicValue([Column(id)]), clienteId, identity, , ...)
2024-08-03T22:28:58.882-05:00 DEBUG 26535 --- [PruebaT] [           main] o.h.boot.model.internal.AnnotatedColumn  : Binding column: AnnotatedColumn()
2024-08-03T22:28:58.882-05:00 DEBUG 26535 --- [PruebaT] [           main] o.h.boot.model.internal.PropertyBinder   : MetadataSourceProcessor property direccion with lazy=false
2024-08-03T22:28:58.882-05:00 DEBUG 26535 --- [PruebaT] [           main] o.h.b.m.internal.AbstractPropertyHolder  : Attempting to locate auto-apply AttributeConverter for property [com.example.PruebaT.model.Cliente:direccion]
2024-08-03T22:28:58.882-05:00 DEBUG 26535 --- [PruebaT] [           main] o.h.b.model.internal.BasicValueBinder    : building BasicValue for direccion
2024-08-03T22:28:58.882-05:00 DEBUG 26535 --- [PruebaT] [           main] org.hibernate.mapping.BasicValue         : Skipping column re-registration: cliente.direccion
2024-08-03T22:28:58.882-05:00 DEBUG 26535 --- [PruebaT] [           main] o.h.boot.model.internal.PropertyBinder   : Building property direccion
2024-08-03T22:28:58.883-05:00 DEBUG 26535 --- [PruebaT] [           main] o.h.boot.model.internal.AnnotatedColumn  : Binding column: AnnotatedColumn()
2024-08-03T22:28:58.883-05:00 DEBUG 26535 --- [PruebaT] [           main] o.h.boot.model.internal.PropertyBinder   : MetadataSourceProcessor property edad with lazy=false
2024-08-03T22:28:58.883-05:00 DEBUG 26535 --- [PruebaT] [           main] o.h.b.m.internal.AbstractPropertyHolder  : Attempting to locate auto-apply AttributeConverter for property [com.example.PruebaT.model.Cliente:edad]
2024-08-03T22:28:58.883-05:00 DEBUG 26535 --- [PruebaT] [           main] o.h.b.model.internal.BasicValueBinder    : building BasicValue for edad
2024-08-03T22:28:58.883-05:00 DEBUG 26535 --- [PruebaT] [           main] org.hibernate.mapping.BasicValue         : Skipping column re-registration: cliente.edad
2024-08-03T22:28:58.883-05:00 DEBUG 26535 --- [PruebaT] [           main] o.h.boot.model.internal.PropertyBinder   : Building property edad
2024-08-03T22:28:58.883-05:00 DEBUG 26535 --- [PruebaT] [           main] o.h.boot.model.internal.AnnotatedColumn  : Binding column: AnnotatedColumn()
2024-08-03T22:28:58.883-05:00 DEBUG 26535 --- [PruebaT] [           main] o.h.boot.model.internal.PropertyBinder   : MetadataSourceProcessor property genero with lazy=false
2024-08-03T22:28:58.883-05:00 DEBUG 26535 --- [PruebaT] [           main] o.h.b.m.internal.AbstractPropertyHolder  : Attempting to locate auto-apply AttributeConverter for property [com.example.PruebaT.model.Cliente:genero]
2024-08-03T22:28:58.883-05:00 DEBUG 26535 --- [PruebaT] [           main] o.h.b.model.internal.BasicValueBinder    : building BasicValue for genero
2024-08-03T22:28:58.883-05:00 DEBUG 26535 --- [PruebaT] [           main] org.hibernate.mapping.BasicValue         : Skipping column re-registration: cliente.genero
2024-08-03T22:28:58.883-05:00 DEBUG 26535 --- [PruebaT] [           main] o.h.boot.model.internal.PropertyBinder   : Building property genero
2024-08-03T22:28:58.883-05:00 DEBUG 26535 --- [PruebaT] [           main] o.h.boot.model.internal.AnnotatedColumn  : Binding column: AnnotatedColumn()
2024-08-03T22:28:58.883-05:00 DEBUG 26535 --- [PruebaT] [           main] o.h.boot.model.internal.PropertyBinder   : MetadataSourceProcessor property identificacion with lazy=false
2024-08-03T22:28:58.883-05:00 DEBUG 26535 --- [PruebaT] [           main] o.h.b.m.internal.AbstractPropertyHolder  : Attempting to locate auto-apply AttributeConverter for property [com.example.PruebaT.model.Cliente:identificacion]
2024-08-03T22:28:58.883-05:00 DEBUG 26535 --- [PruebaT] [           main] o.h.b.model.internal.BasicValueBinder    : building BasicValue for identificacion
2024-08-03T22:28:58.883-05:00 DEBUG 26535 --- [PruebaT] [           main] org.hibernate.mapping.BasicValue         : Skipping column re-registration: cliente.identificacion
2024-08-03T22:28:58.883-05:00 DEBUG 26535 --- [PruebaT] [           main] o.h.boot.model.internal.PropertyBinder   : Building property identificacion
2024-08-03T22:28:58.883-05:00 DEBUG 26535 --- [PruebaT] [           main] o.h.boot.model.internal.AnnotatedColumn  : Binding column: AnnotatedColumn()
2024-08-03T22:28:58.883-05:00 DEBUG 26535 --- [PruebaT] [           main] o.h.boot.model.internal.PropertyBinder   : MetadataSourceProcessor property nombre with lazy=false
2024-08-03T22:28:58.883-05:00 DEBUG 26535 --- [PruebaT] [           main] o.h.b.m.internal.AbstractPropertyHolder  : Attempting to locate auto-apply AttributeConverter for property [com.example.PruebaT.model.Cliente:nombre]
2024-08-03T22:28:58.883-05:00 DEBUG 26535 --- [PruebaT] [           main] o.h.b.model.internal.BasicValueBinder    : building BasicValue for nombre
2024-08-03T22:28:58.884-05:00 DEBUG 26535 --- [PruebaT] [           main] org.hibernate.mapping.BasicValue         : Skipping column re-registration: cliente.nombre
2024-08-03T22:28:58.884-05:00 DEBUG 26535 --- [PruebaT] [           main] o.h.boot.model.internal.PropertyBinder   : Building property nombre
2024-08-03T22:28:58.884-05:00 DEBUG 26535 --- [PruebaT] [           main] o.h.boot.model.internal.AnnotatedColumn  : Binding column: AnnotatedColumn()
2024-08-03T22:28:58.884-05:00 DEBUG 26535 --- [PruebaT] [           main] o.h.boot.model.internal.PropertyBinder   : MetadataSourceProcessor property telefono with lazy=false
2024-08-03T22:28:58.884-05:00 DEBUG 26535 --- [PruebaT] [           main] o.h.b.m.internal.AbstractPropertyHolder  : Attempting to locate auto-apply AttributeConverter for property [com.example.PruebaT.model.Cliente:telefono]
2024-08-03T22:28:58.884-05:00 DEBUG 26535 --- [PruebaT] [           main] o.h.b.model.internal.BasicValueBinder    : building BasicValue for telefono
2024-08-03T22:28:58.884-05:00 DEBUG 26535 --- [PruebaT] [           main] org.hibernate.mapping.BasicValue         : Skipping column re-registration: cliente.telefono
2024-08-03T22:28:58.884-05:00 DEBUG 26535 --- [PruebaT] [           main] o.h.boot.model.internal.PropertyBinder   : Building property telefono
2024-08-03T22:28:58.884-05:00 DEBUG 26535 --- [PruebaT] [           main] o.h.boot.model.internal.AnnotatedColumn  : Binding column: AnnotatedColumn()
2024-08-03T22:28:58.884-05:00 DEBUG 26535 --- [PruebaT] [           main] o.h.boot.model.internal.PropertyBinder   : MetadataSourceProcessor property contrasenia with lazy=false
2024-08-03T22:28:58.884-05:00 DEBUG 26535 --- [PruebaT] [           main] o.h.b.m.internal.AbstractPropertyHolder  : Attempting to locate auto-apply AttributeConverter for property [com.example.PruebaT.model.Cliente:contrasenia]
2024-08-03T22:28:58.884-05:00 DEBUG 26535 --- [PruebaT] [           main] o.h.b.model.internal.BasicValueBinder    : building BasicValue for contrasenia
2024-08-03T22:28:58.884-05:00 DEBUG 26535 --- [PruebaT] [           main] org.hibernate.mapping.BasicValue         : Skipping column re-registration: cliente.contrasenia
2024-08-03T22:28:58.884-05:00 DEBUG 26535 --- [PruebaT] [           main] o.h.boot.model.internal.PropertyBinder   : Building property contrasenia
2024-08-03T22:28:58.885-05:00 DEBUG 26535 --- [PruebaT] [           main] o.h.boot.model.internal.AnnotatedColumn  : Binding column: AnnotatedJoinColumn()
2024-08-03T22:28:58.885-05:00 DEBUG 26535 --- [PruebaT] [           main] o.h.boot.model.internal.AnnotatedColumn  : Binding column: AnnotatedColumn()
2024-08-03T22:28:58.894-05:00 DEBUG 26535 --- [PruebaT] [           main] o.h.boot.model.internal.AnnotatedColumn  : Binding column: IndexColumn(column='cuentas_ORDER')
2024-08-03T22:28:58.895-05:00 DEBUG 26535 --- [PruebaT] [           main] o.h.boot.model.internal.AnnotatedColumn  : Binding column: AnnotatedColumn()
2024-08-03T22:28:58.895-05:00 DEBUG 26535 --- [PruebaT] [           main] o.h.boot.model.internal.AnnotatedColumn  : Binding column: AnnotatedColumn(column='cuentas_KEY')
2024-08-03T22:28:58.895-05:00 DEBUG 26535 --- [PruebaT] [           main] o.h.boot.model.internal.AnnotatedColumn  : Binding column: AnnotatedJoinColumn(column='cuentas_KEY')
2024-08-03T22:28:58.896-05:00 DEBUG 26535 --- [PruebaT] [           main] o.h.boot.model.internal.AnnotatedColumn  : Binding column: AnnotatedJoinColumn()
2024-08-03T22:28:58.896-05:00 DEBUG 26535 --- [PruebaT] [           main] o.h.boot.model.internal.AnnotatedColumn  : Binding column: AnnotatedJoinColumn()
2024-08-03T22:28:58.897-05:00 DEBUG 26535 --- [PruebaT] [           main] o.h.b.model.internal.CollectionBinder    : Collection role: com.example.PruebaT.model.Cliente.cuentas
2024-08-03T22:28:58.898-05:00 DEBUG 26535 --- [PruebaT] [           main] o.h.boot.model.internal.PropertyBinder   : Building property cuentas
2024-08-03T22:28:58.898-05:00 DEBUG 26535 --- [PruebaT] [           main] o.h.boot.model.internal.AnnotatedColumn  : Binding column: AnnotatedColumn()
2024-08-03T22:28:58.898-05:00 DEBUG 26535 --- [PruebaT] [           main] o.h.boot.model.internal.PropertyBinder   : MetadataSourceProcessor property estado with lazy=false
2024-08-03T22:28:58.898-05:00 DEBUG 26535 --- [PruebaT] [           main] o.h.b.m.internal.AbstractPropertyHolder  : Attempting to locate auto-apply AttributeConverter for property [com.example.PruebaT.model.Cliente:estado]
2024-08-03T22:28:58.898-05:00 DEBUG 26535 --- [PruebaT] [           main] o.h.b.model.internal.BasicValueBinder    : building BasicValue for estado
2024-08-03T22:28:58.898-05:00 DEBUG 26535 --- [PruebaT] [           main] org.hibernate.mapping.BasicValue         : Skipping column re-registration: cliente.estado
2024-08-03T22:28:58.898-05:00 DEBUG 26535 --- [PruebaT] [           main] o.h.boot.model.internal.PropertyBinder   : Building property estado
2024-08-03T22:28:58.898-05:00 DEBUG 26535 --- [PruebaT] [           main] o.h.b.r.c.i.ClassLoaderServiceImpl       : HHH000194: Package not found or no package-info.java: com.example.PruebaT.model
2024-08-03T22:28:58.901-05:00 DEBUG 26535 --- [PruebaT] [           main] o.h.boot.model.internal.EntityBinder     : Binding entity from annotated class: com.example.PruebaT.model.Cuenta
2024-08-03T22:28:58.901-05:00 DEBUG 26535 --- [PruebaT] [           main] o.h.boot.model.internal.EntityBinder     : Import with entity name Cuenta
2024-08-03T22:28:58.901-05:00 DEBUG 26535 --- [PruebaT] [           main] o.h.boot.model.internal.EntityBinder     : Bind entity com.example.PruebaT.model.Cuenta on table cuenta
2024-08-03T22:28:58.901-05:00 DEBUG 26535 --- [PruebaT] [           main] o.h.boot.model.internal.AnnotatedColumn  : Binding column: AnnotatedDiscriminatorColumn(column='DTYPE')
2024-08-03T22:28:58.902-05:00 DEBUG 26535 --- [PruebaT] [l-1 housekeeper] com.zaxxer.hikari.pool.HikariPool        : HikariPool-1 - Pool stats (total=1, active=0, idle=1, waiting=0)
2024-08-03T22:28:58.903-05:00 DEBUG 26535 --- [PruebaT] [onnection adder] com.zaxxer.hikari.pool.HikariPool        : HikariPool-1 - Added connection conn1: url=jdbc:h2:mem:testdb user=SA
2024-08-03T22:28:58.904-05:00 DEBUG 26535 --- [PruebaT] [           main] o.h.boot.model.internal.AnnotatedColumn  : Binding column: AnnotatedColumn(column='id')
2024-08-03T22:28:58.904-05:00 DEBUG 26535 --- [PruebaT] [           main] o.h.boot.internal.ClassLoaderAccessImpl  : Not known whether passed class name [com.example.PruebaT.model.Cuenta] is safe
2024-08-03T22:28:58.904-05:00 DEBUG 26535 --- [PruebaT] [           main] o.h.boot.internal.ClassLoaderAccessImpl  : No temp ClassLoader provided; using live ClassLoader for loading potentially unsafe class : com.example.PruebaT.model.Cuenta
2024-08-03T22:28:58.905-05:00 DEBUG 26535 --- [PruebaT] [           main] o.h.boot.model.internal.PropertyBinder   : MetadataSourceProcessor property id with lazy=false
2024-08-03T22:28:58.905-05:00 DEBUG 26535 --- [PruebaT] [           main] o.h.b.m.internal.AbstractPropertyHolder  : Attempting to locate auto-apply AttributeConverter for property [com.example.PruebaT.model.Cuenta:id]
2024-08-03T22:28:58.905-05:00 DEBUG 26535 --- [PruebaT] [           main] o.h.b.model.internal.BasicValueBinder    : building BasicValue for id
2024-08-03T22:28:58.905-05:00 DEBUG 26535 --- [PruebaT] [           main] org.hibernate.mapping.BasicValue         : Skipping column re-registration: cuenta.id
2024-08-03T22:28:58.905-05:00 DEBUG 26535 --- [PruebaT] [           main] o.h.boot.model.internal.PropertyBinder   : Building property id
2024-08-03T22:28:58.905-05:00 DEBUG 26535 --- [PruebaT] [           main] o.h.boot.model.internal.BinderHelper     : #makeIdGenerator(BasicValue([Column(id)]), id, identity, , ...)
2024-08-03T22:28:58.905-05:00 DEBUG 26535 --- [PruebaT] [           main] o.h.boot.model.internal.AnnotatedColumn  : Binding column: AnnotatedJoinColumn(column='clienteId',referencedColumn='id')
2024-08-03T22:28:58.905-05:00 DEBUG 26535 --- [PruebaT] [           main] o.h.boot.model.internal.AnnotatedColumn  : Binding column: AnnotatedColumn()
2024-08-03T22:28:58.906-05:00 DEBUG 26535 --- [PruebaT] [           main] o.h.boot.model.internal.PropertyBinder   : Building property cliente
2024-08-03T22:28:58.907-05:00 DEBUG 26535 --- [PruebaT] [           main] o.h.boot.model.internal.AnnotatedColumn  : Binding column: AnnotatedColumn()
2024-08-03T22:28:58.907-05:00 DEBUG 26535 --- [PruebaT] [           main] o.h.boot.model.internal.PropertyBinder   : MetadataSourceProcessor property estado with lazy=false
2024-08-03T22:28:58.907-05:00 DEBUG 26535 --- [PruebaT] [           main] o.h.b.m.internal.AbstractPropertyHolder  : Attempting to locate auto-apply AttributeConverter for property [com.example.PruebaT.model.Cuenta:estado]
2024-08-03T22:28:58.907-05:00 DEBUG 26535 --- [PruebaT] [           main] o.h.b.model.internal.BasicValueBinder    : building BasicValue for estado
2024-08-03T22:28:58.907-05:00 DEBUG 26535 --- [PruebaT] [           main] org.hibernate.mapping.BasicValue         : Skipping column re-registration: cuenta.estado
2024-08-03T22:28:58.907-05:00 DEBUG 26535 --- [PruebaT] [           main] o.h.boot.model.internal.PropertyBinder   : Building property estado
2024-08-03T22:28:58.907-05:00 DEBUG 26535 --- [PruebaT] [           main] o.h.boot.model.internal.AnnotatedColumn  : Binding column: AnnotatedColumn(column='numero_cuenta')
2024-08-03T22:28:58.907-05:00 DEBUG 26535 --- [PruebaT] [           main] o.h.boot.model.internal.PropertyBinder   : MetadataSourceProcessor property numeroCuenta with lazy=false
2024-08-03T22:28:58.907-05:00 DEBUG 26535 --- [PruebaT] [           main] o.h.b.m.internal.AbstractPropertyHolder  : Attempting to locate auto-apply AttributeConverter for property [com.example.PruebaT.model.Cuenta:numeroCuenta]
2024-08-03T22:28:58.907-05:00 DEBUG 26535 --- [PruebaT] [           main] o.h.b.model.internal.BasicValueBinder    : building BasicValue for numeroCuenta
2024-08-03T22:28:58.907-05:00 DEBUG 26535 --- [PruebaT] [           main] org.hibernate.mapping.BasicValue         : Skipping column re-registration: cuenta.numero_cuenta
2024-08-03T22:28:58.907-05:00 DEBUG 26535 --- [PruebaT] [           main] o.h.boot.model.internal.PropertyBinder   : Building property numeroCuenta
2024-08-03T22:28:58.907-05:00 DEBUG 26535 --- [PruebaT] [           main] o.h.boot.model.internal.AnnotatedColumn  : Binding column: AnnotatedColumn()
2024-08-03T22:28:58.907-05:00 DEBUG 26535 --- [PruebaT] [           main] o.h.boot.model.internal.PropertyBinder   : MetadataSourceProcessor property saldoInicial with lazy=false
2024-08-03T22:28:58.907-05:00 DEBUG 26535 --- [PruebaT] [           main] o.h.b.m.internal.AbstractPropertyHolder  : Attempting to locate auto-apply AttributeConverter for property [com.example.PruebaT.model.Cuenta:saldoInicial]
2024-08-03T22:28:58.907-05:00 DEBUG 26535 --- [PruebaT] [           main] o.h.b.model.internal.BasicValueBinder    : building BasicValue for saldoInicial
2024-08-03T22:28:58.907-05:00 DEBUG 26535 --- [PruebaT] [           main] org.hibernate.mapping.BasicValue         : Skipping column re-registration: cuenta.saldo_inicial
2024-08-03T22:28:58.907-05:00 DEBUG 26535 --- [PruebaT] [           main] o.h.boot.model.internal.PropertyBinder   : Building property saldoInicial
2024-08-03T22:28:58.907-05:00 DEBUG 26535 --- [PruebaT] [           main] o.h.boot.model.internal.AnnotatedColumn  : Binding column: AnnotatedColumn()
2024-08-03T22:28:58.908-05:00 DEBUG 26535 --- [PruebaT] [           main] o.h.boot.model.internal.PropertyBinder   : MetadataSourceProcessor property tipoCuenta with lazy=false
2024-08-03T22:28:58.908-05:00 DEBUG 26535 --- [PruebaT] [           main] o.h.b.m.internal.AbstractPropertyHolder  : Attempting to locate auto-apply AttributeConverter for property [com.example.PruebaT.model.Cuenta:tipoCuenta]
2024-08-03T22:28:58.908-05:00 DEBUG 26535 --- [PruebaT] [           main] o.h.b.model.internal.BasicValueBinder    : building BasicValue for tipoCuenta
2024-08-03T22:28:58.908-05:00 DEBUG 26535 --- [PruebaT] [           main] org.hibernate.mapping.BasicValue         : Skipping column re-registration: cuenta.tipo_cuenta
2024-08-03T22:28:58.908-05:00 DEBUG 26535 --- [PruebaT] [           main] o.h.boot.model.internal.PropertyBinder   : Building property tipoCuenta
2024-08-03T22:28:58.908-05:00 DEBUG 26535 --- [PruebaT] [           main] o.h.b.r.c.i.ClassLoaderServiceImpl       : HHH000194: Package not found or no package-info.java: com.example.PruebaT.model
2024-08-03T22:28:58.908-05:00 DEBUG 26535 --- [PruebaT] [           main] o.h.boot.model.internal.EntityBinder     : Binding entity from annotated class: com.example.PruebaT.model.Movimiento
2024-08-03T22:28:58.908-05:00 DEBUG 26535 --- [PruebaT] [           main] o.h.boot.model.internal.EntityBinder     : Import with entity name Movimiento
2024-08-03T22:28:58.908-05:00 DEBUG 26535 --- [PruebaT] [           main] o.h.boot.model.internal.EntityBinder     : Bind entity com.example.PruebaT.model.Movimiento on table movimiento
2024-08-03T22:28:58.908-05:00 DEBUG 26535 --- [PruebaT] [           main] o.h.boot.model.internal.AnnotatedColumn  : Binding column: AnnotatedDiscriminatorColumn(column='DTYPE')
2024-08-03T22:28:58.909-05:00 DEBUG 26535 --- [PruebaT] [           main] o.h.boot.model.internal.AnnotatedColumn  : Binding column: AnnotatedColumn()
2024-08-03T22:28:58.909-05:00 DEBUG 26535 --- [PruebaT] [           main] o.h.boot.internal.ClassLoaderAccessImpl  : Not known whether passed class name [com.example.PruebaT.model.Movimiento] is safe
2024-08-03T22:28:58.909-05:00 DEBUG 26535 --- [PruebaT] [           main] o.h.boot.internal.ClassLoaderAccessImpl  : No temp ClassLoader provided; using live ClassLoader for loading potentially unsafe class : com.example.PruebaT.model.Movimiento
2024-08-03T22:28:58.909-05:00 DEBUG 26535 --- [PruebaT] [           main] o.h.boot.model.internal.PropertyBinder   : MetadataSourceProcessor property id with lazy=false
2024-08-03T22:28:58.909-05:00 DEBUG 26535 --- [PruebaT] [           main] o.h.b.m.internal.AbstractPropertyHolder  : Attempting to locate auto-apply AttributeConverter for property [com.example.PruebaT.model.Movimiento:id]
2024-08-03T22:28:58.909-05:00 DEBUG 26535 --- [PruebaT] [           main] o.h.b.model.internal.BasicValueBinder    : building BasicValue for id
2024-08-03T22:28:58.909-05:00 DEBUG 26535 --- [PruebaT] [           main] org.hibernate.mapping.BasicValue         : Skipping column re-registration: movimiento.id
2024-08-03T22:28:58.909-05:00 DEBUG 26535 --- [PruebaT] [           main] o.h.boot.model.internal.PropertyBinder   : Building property id
2024-08-03T22:28:58.909-05:00 DEBUG 26535 --- [PruebaT] [           main] o.h.boot.model.internal.BinderHelper     : #makeIdGenerator(BasicValue([Column(id)]), id, identity, , ...)
2024-08-03T22:28:58.909-05:00 DEBUG 26535 --- [PruebaT] [           main] o.h.boot.model.internal.AnnotatedColumn  : Binding column: AnnotatedJoinColumn(column='cuenta_id',referencedColumn='id')
2024-08-03T22:28:58.909-05:00 DEBUG 26535 --- [PruebaT] [           main] o.h.boot.model.internal.AnnotatedColumn  : Binding column: AnnotatedColumn()
2024-08-03T22:28:58.909-05:00 DEBUG 26535 --- [PruebaT] [           main] o.h.boot.model.internal.PropertyBinder   : Building property cuenta
2024-08-03T22:28:58.909-05:00 DEBUG 26535 --- [PruebaT] [           main] o.h.boot.model.internal.AnnotatedColumn  : Binding column: AnnotatedColumn()
2024-08-03T22:28:58.909-05:00 DEBUG 26535 --- [PruebaT] [           main] o.h.boot.model.internal.PropertyBinder   : MetadataSourceProcessor property fecha with lazy=false
2024-08-03T22:28:58.909-05:00 DEBUG 26535 --- [PruebaT] [           main] o.h.b.m.internal.AbstractPropertyHolder  : Attempting to locate auto-apply AttributeConverter for property [com.example.PruebaT.model.Movimiento:fecha]
2024-08-03T22:28:58.909-05:00 DEBUG 26535 --- [PruebaT] [           main] o.h.b.model.internal.BasicValueBinder    : building BasicValue for fecha
2024-08-03T22:28:58.909-05:00 DEBUG 26535 --- [PruebaT] [           main] org.hibernate.mapping.BasicValue         : Skipping column re-registration: movimiento.fecha
2024-08-03T22:28:58.909-05:00 DEBUG 26535 --- [PruebaT] [           main] o.h.boot.model.internal.PropertyBinder   : Building property fecha
2024-08-03T22:28:58.909-05:00 DEBUG 26535 --- [PruebaT] [           main] o.h.boot.model.internal.AnnotatedColumn  : Binding column: AnnotatedColumn()
2024-08-03T22:28:58.909-05:00 DEBUG 26535 --- [PruebaT] [           main] o.h.boot.model.internal.PropertyBinder   : MetadataSourceProcessor property saldo with lazy=false
2024-08-03T22:28:58.909-05:00 DEBUG 26535 --- [PruebaT] [           main] o.h.b.m.internal.AbstractPropertyHolder  : Attempting to locate auto-apply AttributeConverter for property [com.example.PruebaT.model.Movimiento:saldo]
2024-08-03T22:28:58.909-05:00 DEBUG 26535 --- [PruebaT] [           main] o.h.b.model.internal.BasicValueBinder    : building BasicValue for saldo
2024-08-03T22:28:58.910-05:00 DEBUG 26535 --- [PruebaT] [           main] org.hibernate.mapping.BasicValue         : Skipping column re-registration: movimiento.saldo
2024-08-03T22:28:58.910-05:00 DEBUG 26535 --- [PruebaT] [           main] o.h.boot.model.internal.PropertyBinder   : Building property saldo
2024-08-03T22:28:58.910-05:00 DEBUG 26535 --- [PruebaT] [           main] o.h.boot.model.internal.AnnotatedColumn  : Binding column: AnnotatedColumn()
2024-08-03T22:28:58.910-05:00 DEBUG 26535 --- [PruebaT] [           main] o.h.boot.model.internal.PropertyBinder   : MetadataSourceProcessor property tipoMovimiento with lazy=false
2024-08-03T22:28:58.910-05:00 DEBUG 26535 --- [PruebaT] [           main] o.h.b.m.internal.AbstractPropertyHolder  : Attempting to locate auto-apply AttributeConverter for property [com.example.PruebaT.model.Movimiento:tipoMovimiento]
2024-08-03T22:28:58.910-05:00 DEBUG 26535 --- [PruebaT] [           main] o.h.b.model.internal.BasicValueBinder    : building BasicValue for tipoMovimiento
2024-08-03T22:28:58.910-05:00 DEBUG 26535 --- [PruebaT] [           main] org.hibernate.mapping.BasicValue         : Skipping column re-registration: movimiento.tipo_movimiento
2024-08-03T22:28:58.910-05:00 DEBUG 26535 --- [PruebaT] [           main] o.h.boot.model.internal.PropertyBinder   : Building property tipoMovimiento
2024-08-03T22:28:58.910-05:00 DEBUG 26535 --- [PruebaT] [           main] o.h.boot.model.internal.AnnotatedColumn  : Binding column: AnnotatedColumn()
2024-08-03T22:28:58.910-05:00 DEBUG 26535 --- [PruebaT] [           main] o.h.boot.model.internal.PropertyBinder   : MetadataSourceProcessor property valor with lazy=false
2024-08-03T22:28:58.910-05:00 DEBUG 26535 --- [PruebaT] [           main] o.h.b.m.internal.AbstractPropertyHolder  : Attempting to locate auto-apply AttributeConverter for property [com.example.PruebaT.model.Movimiento:valor]
2024-08-03T22:28:58.910-05:00 DEBUG 26535 --- [PruebaT] [           main] o.h.b.model.internal.BasicValueBinder    : building BasicValue for valor
2024-08-03T22:28:58.910-05:00 DEBUG 26535 --- [PruebaT] [           main] org.hibernate.mapping.BasicValue         : Skipping column re-registration: movimiento.valor
2024-08-03T22:28:58.910-05:00 DEBUG 26535 --- [PruebaT] [           main] o.h.boot.model.internal.PropertyBinder   : Building property valor
2024-08-03T22:28:58.910-05:00 DEBUG 26535 --- [PruebaT] [           main] o.h.b.r.c.i.ClassLoaderServiceImpl       : HHH000194: Package not found or no package-info.java: com.example.PruebaT.model
2024-08-03T22:28:58.911-05:00 DEBUG 26535 --- [PruebaT] [           main] e.i.CallbackDefinitionResolverLegacyImpl : Adding touchForUpdate as PreUpdate callback for entity com.example.PruebaT.model.Movimiento
2024-08-03T22:28:58.911-05:00 DEBUG 26535 --- [PruebaT] [           main] e.i.CallbackDefinitionResolverLegacyImpl : Adding touchForCreate as PrePersist callback for entity com.example.PruebaT.model.Movimiento
2024-08-03T22:28:58.912-05:00 DEBUG 26535 --- [PruebaT] [           main] o.h.b.model.internal.BasicValueBinder    : Starting `BasicValueBinder#fillSimpleValue` for clienteId
2024-08-03T22:28:58.912-05:00 DEBUG 26535 --- [PruebaT] [           main] o.h.b.model.internal.BasicValueBinder    : Starting `BasicValueBinder#fillSimpleValue` for direccion
2024-08-03T22:28:58.912-05:00 DEBUG 26535 --- [PruebaT] [           main] o.h.b.model.internal.BasicValueBinder    : Starting `BasicValueBinder#fillSimpleValue` for edad
2024-08-03T22:28:58.912-05:00 DEBUG 26535 --- [PruebaT] [           main] o.h.b.model.internal.BasicValueBinder    : Starting `BasicValueBinder#fillSimpleValue` for genero
2024-08-03T22:28:58.912-05:00 DEBUG 26535 --- [PruebaT] [           main] o.h.b.model.internal.BasicValueBinder    : Starting `BasicValueBinder#fillSimpleValue` for identificacion
2024-08-03T22:28:58.912-05:00 DEBUG 26535 --- [PruebaT] [           main] o.h.b.model.internal.BasicValueBinder    : Starting `BasicValueBinder#fillSimpleValue` for nombre
2024-08-03T22:28:58.912-05:00 DEBUG 26535 --- [PruebaT] [           main] o.h.b.model.internal.BasicValueBinder    : Starting `BasicValueBinder#fillSimpleValue` for telefono
2024-08-03T22:28:58.912-05:00 DEBUG 26535 --- [PruebaT] [           main] o.h.b.model.internal.BasicValueBinder    : Starting `BasicValueBinder#fillSimpleValue` for contrasenia
2024-08-03T22:28:58.912-05:00 DEBUG 26535 --- [PruebaT] [           main] o.h.b.model.internal.BasicValueBinder    : Starting `BasicValueBinder#fillSimpleValue` for estado
2024-08-03T22:28:58.913-05:00 DEBUG 26535 --- [PruebaT] [           main] o.h.b.model.internal.BasicValueBinder    : Starting `BasicValueBinder#fillSimpleValue` for id
2024-08-03T22:28:58.913-05:00 DEBUG 26535 --- [PruebaT] [           main] o.h.b.model.internal.BasicValueBinder    : Starting `BasicValueBinder#fillSimpleValue` for estado
2024-08-03T22:28:58.913-05:00 DEBUG 26535 --- [PruebaT] [           main] o.h.b.model.internal.BasicValueBinder    : Starting `BasicValueBinder#fillSimpleValue` for numeroCuenta
2024-08-03T22:28:58.913-05:00 DEBUG 26535 --- [PruebaT] [           main] o.h.b.model.internal.BasicValueBinder    : Starting `BasicValueBinder#fillSimpleValue` for saldoInicial
2024-08-03T22:28:58.913-05:00 DEBUG 26535 --- [PruebaT] [           main] o.h.b.model.internal.BasicValueBinder    : Starting `BasicValueBinder#fillSimpleValue` for tipoCuenta
2024-08-03T22:28:58.913-05:00 DEBUG 26535 --- [PruebaT] [           main] o.h.b.model.internal.BasicValueBinder    : Starting `BasicValueBinder#fillSimpleValue` for id
2024-08-03T22:28:58.913-05:00 DEBUG 26535 --- [PruebaT] [           main] o.h.b.model.internal.BasicValueBinder    : Starting `BasicValueBinder#fillSimpleValue` for fecha
2024-08-03T22:28:58.913-05:00 DEBUG 26535 --- [PruebaT] [           main] o.h.b.model.internal.BasicValueBinder    : Starting `BasicValueBinder#fillSimpleValue` for saldo
2024-08-03T22:28:58.913-05:00 DEBUG 26535 --- [PruebaT] [           main] o.h.b.model.internal.BasicValueBinder    : Starting `BasicValueBinder#fillSimpleValue` for tipoMovimiento
2024-08-03T22:28:58.913-05:00 DEBUG 26535 --- [PruebaT] [           main] o.h.b.model.internal.BasicValueBinder    : Starting `BasicValueBinder#fillSimpleValue` for valor
2024-08-03T22:28:58.915-05:00 DEBUG 26535 --- [PruebaT] [           main] org.hibernate.mapping.PrimaryKey         : Forcing column [id] to be non-null as it is part of the primary key for table [cliente]
2024-08-03T22:28:58.915-05:00 DEBUG 26535 --- [PruebaT] [           main] org.hibernate.mapping.PrimaryKey         : Forcing column [id] to be non-null as it is part of the primary key for table [cuenta]
2024-08-03T22:28:58.915-05:00 DEBUG 26535 --- [PruebaT] [           main] org.hibernate.mapping.PrimaryKey         : Forcing column [id] to be non-null as it is part of the primary key for table [movimiento]
2024-08-03T22:28:58.915-05:00 DEBUG 26535 --- [PruebaT] [           main] o.h.b.m.internal.CollectionSecondPass    : Second pass for collection: com.example.PruebaT.model.Cliente.cuentas
2024-08-03T22:28:58.916-05:00 DEBUG 26535 --- [PruebaT] [           main] o.h.b.model.internal.CollectionBinder    : Binding a OneToMany: com.example.PruebaT.model.Cliente.cuentas through a foreign key
2024-08-03T22:28:58.917-05:00 DEBUG 26535 --- [PruebaT] [           main] o.h.b.model.internal.CollectionBinder    : Mapping collection: com.example.PruebaT.model.Cliente.cuentas -> cuenta
2024-08-03T22:28:58.917-05:00 DEBUG 26535 --- [PruebaT] [           main] o.h.boot.model.internal.TableBinder      : Retrieving property com.example.PruebaT.model.Cuenta.cliente
2024-08-03T22:28:58.917-05:00 DEBUG 26535 --- [PruebaT] [           main] o.h.b.m.internal.CollectionSecondPass    : Mapped collection key: cliente_id, one-to-many: com.example.PruebaT.model.Cuenta
2024-08-03T22:28:58.939-05:00 DEBUG 26535 --- [PruebaT] [onnection adder] com.zaxxer.hikari.pool.HikariPool        : HikariPool-1 - After adding stats (total=2, active=0, idle=2, waiting=0)
2024-08-03T22:28:58.939-05:00 DEBUG 26535 --- [PruebaT] [onnection adder] com.zaxxer.hikari.pool.HikariPool        : HikariPool-1 - Added connection conn2: url=jdbc:h2:mem:testdb user=SA
2024-08-03T22:28:58.944-05:00 DEBUG 26535 --- [PruebaT] [           main] o.hibernate.internal.SessionFactoryImpl  : Building session factory
2024-08-03T22:28:58.951-05:00 DEBUG 26535 --- [PruebaT] [           main] o.s.b.f.wiring.BeanConfigurerSupport     : BeanFactory has not been set on BeanConfigurerSupport: Make sure this configurer runs in a Spring container. Unable to configure bean of type [org.springframework.data.jpa.domain.support.AuditingEntityListener]. Proceeding without injection.
2024-08-03T22:28:58.964-05:00 DEBUG 26535 --- [PruebaT] [           main] .h.s.i.SessionFactoryServiceRegistryImpl : EventListenerRegistry access via ServiceRegistry is deprecated.  Use `sessionFactory.getEventEngine().getListenerRegistry()` instead
2024-08-03T22:28:58.964-05:00 DEBUG 26535 --- [PruebaT] [           main] o.hibernate.internal.SessionFactoryImpl  : Instantiating SessionFactory with settings: {java.specification.version=22, hibernate.resource.beans.container=org.springframework.orm.hibernate5.SpringBeanContainer@6c06b1bc, hibernate.connection.handling_mode=DELAYED_ACQUISITION_AND_HOLD, sun.jnu.encoding=UTF-8, hibernate.dialect=org.hibernate.dialect.H2Dialect, hibernate.implicit_naming_strategy=org.springframework.boot.orm.jpa.hibernate.SpringImplicitNamingStrategy, java.class.path=/Users/darwinrodriguez/Downloads/PruebaT/target/test-classes:/Users/darwinrodriguez/Downloads/PruebaT/target/classes:/Users/darwinrodriguez/.m2/repository/org/springframework/boot/spring-boot-starter-data-jdbc/3.3.2/spring-boot-starter-data-jdbc-3.3.2.jar:/Users/darwinrodriguez/.m2/repository/org/springframework/boot/spring-boot-starter-jdbc/3.3.2/spring-boot-starter-jdbc-3.3.2.jar:/Users/darwinrodriguez/.m2/repository/com/zaxxer/HikariCP/5.1.0/HikariCP-5.1.0.jar:/Users/darwinrodriguez/.m2/repository/org/springframework/spring-jdbc/6.1.11/spring-jdbc-6.1.11.jar:/Users/darwinrodriguez/.m2/repository/org/springframework/data/spring-data-jdbc/3.3.2/spring-data-jdbc-3.3.2.jar:/Users/darwinrodriguez/.m2/repository/org/springframework/data/spring-data-relational/3.3.2/spring-data-relational-3.3.2.jar:/Users/darwinrodriguez/.m2/repository/org/springframework/data/spring-data-commons/3.3.2/spring-data-commons-3.3.2.jar:/Users/darwinrodriguez/.m2/repository/org/springframework/spring-tx/6.1.11/spring-tx-6.1.11.jar:/Users/darwinrodriguez/.m2/repository/org/springframework/spring-context/6.1.11/spring-context-6.1.11.jar:/Users/darwinrodriguez/.m2/repository/org/springframework/spring-beans/6.1.11/spring-beans-6.1.11.jar:/Users/darwinrodriguez/.m2/repository/org/slf4j/slf4j-api/2.0.13/slf4j-api-2.0.13.jar:/Users/darwinrodriguez/.m2/repository/org/springframework/boot/spring-boot-starter-data-jpa/3.3.2/spring-boot-starter-data-jpa-3.3.2.jar:/Users/darwinrodriguez/.m2/repository/org/springframework/boot/spring-boot-starter-aop/3.3.2/spring-boot-starter-aop-3.3.2.jar:/Users/darwinrodriguez/.m2/repository/org/springframework/spring-aop/6.1.11/spring-aop-6.1.11.jar:/Users/darwinrodriguez/.m2/repository/org/aspectj/aspectjweaver/1.9.22.1/aspectjweaver-1.9.22.1.jar:/Users/darwinrodriguez/.m2/repository/org/hibernate/orm/hibernate-core/6.5.2.Final/hibernate-core-6.5.2.Final.jar:/Users/darwinrodriguez/.m2/repository/jakarta/persistence/jakarta.persistence-api/3.1.0/jakarta.persistence-api-3.1.0.jar:/Users/darwinrodriguez/.m2/repository/jakarta/transaction/jakarta.transaction-api/2.0.1/jakarta.transaction-api-2.0.1.jar:/Users/darwinrodriguez/.m2/repository/org/jboss/logging/jboss-logging/3.5.3.Final/jboss-logging-3.5.3.Final.jar:/Users/darwinrodriguez/.m2/repository/org/hibernate/common/hibernate-commons-annotations/6.0.6.Final/hibernate-commons-annotations-6.0.6.Final.jar:/Users/darwinrodriguez/.m2/repository/io/smallrye/jandex/3.1.2/jandex-3.1.2.jar:/Users/darwinrodriguez/.m2/repository/com/fasterxml/classmate/1.7.0/classmate-1.7.0.jar:/Users/darwinrodriguez/.m2/repository/org/glassfish/jaxb/jaxb-runtime/4.0.5/jaxb-runtime-4.0.5.jar:/Users/darwinrodriguez/.m2/repository/org/glassfish/jaxb/jaxb-core/4.0.5/jaxb-core-4.0.5.jar:/Users/darwinrodriguez/.m2/repository/org/glassfish/jaxb/txw2/4.0.5/txw2-4.0.5.jar:/Users/darwinrodriguez/.m2/repository/com/sun/istack/istack-commons-runtime/4.1.2/istack-commons-runtime-4.1.2.jar:/Users/darwinrodriguez/.m2/repository/jakarta/inject/jakarta.inject-api/2.0.1/jakarta.inject-api-2.0.1.jar:/Users/darwinrodriguez/.m2/repository/org/antlr/antlr4-runtime/4.13.0/antlr4-runtime-4.13.0.jar:/Users/darwinrodriguez/.m2/repository/org/springframework/data/spring-data-jpa/3.3.2/spring-data-jpa-3.3.2.jar:/Users/darwinrodriguez/.m2/repository/org/springframework/spring-orm/6.1.11/spring-orm-6.1.11.jar:/Users/darwinrodriguez/.m2/repository/jakarta/annotation/jakarta.annotation-api/2.1.1/jakarta.annotation-api-2.1.1.jar:/Users/darwinrodriguez/.m2/repository/org/springframework/spring-aspects/6.1.11/spring-aspects-6.1.11.jar:/Users/darwinrodriguez/.m2/repository/org/springframework/boot/spring-boot-starter-web/3.3.2/spring-boot-starter-web-3.3.2.jar:/Users/darwinrodriguez/.m2/repository/org/springframework/boot/spring-boot-starter/3.3.2/spring-boot-starter-3.3.2.jar:/Users/darwinrodriguez/.m2/repository/org/springframework/boot/spring-boot-starter-logging/3.3.2/spring-boot-starter-logging-3.3.2.jar:/Users/darwinrodriguez/.m2/repository/ch/qos/logback/logback-classic/1.5.6/logback-classic-1.5.6.jar:/Users/darwinrodriguez/.m2/repository/ch/qos/logback/logback-core/1.5.6/logback-core-1.5.6.jar:/Users/darwinrodriguez/.m2/repository/org/apache/logging/log4j/log4j-to-slf4j/2.23.1/log4j-to-slf4j-2.23.1.jar:/Users/darwinrodriguez/.m2/repository/org/apache/logging/log4j/log4j-api/2.23.1/log4j-api-2.23.1.jar:/Users/darwinrodriguez/.m2/repository/org/slf4j/jul-to-slf4j/2.0.13/jul-to-slf4j-2.0.13.jar:/Users/darwinrodriguez/.m2/repository/org/yaml/snakeyaml/2.2/snakeyaml-2.2.jar:/Users/darwinrodriguez/.m2/repository/org/springframework/boot/spring-boot-starter-json/3.3.2/spring-boot-starter-json-3.3.2.jar:/Users/darwinrodriguez/.m2/repository/com/fasterxml/jackson/core/jackson-databind/2.17.2/jackson-databind-2.17.2.jar:/Users/darwinrodriguez/.m2/repository/com/fasterxml/jackson/core/jackson-annotations/2.17.2/jackson-annotations-2.17.2.jar:/Users/darwinrodriguez/.m2/repository/com/fasterxml/jackson/core/jackson-core/2.17.2/jackson-core-2.17.2.jar:/Users/darwinrodriguez/.m2/repository/com/fasterxml/jackson/datatype/jackson-datatype-jdk8/2.17.2/jackson-datatype-jdk8-2.17.2.jar:/Users/darwinrodriguez/.m2/repository/com/fasterxml/jackson/datatype/jackson-datatype-jsr310/2.17.2/jackson-datatype-jsr310-2.17.2.jar:/Users/darwinrodriguez/.m2/repository/com/fasterxml/jackson/module/jackson-module-parameter-names/2.17.2/jackson-module-parameter-names-2.17.2.jar:/Users/darwinrodriguez/.m2/repository/org/springframework/boot/spring-boot-starter-tomcat/3.3.2/spring-boot-starter-tomcat-3.3.2.jar:/Users/darwinrodriguez/.m2/repository/org/apache/tomcat/embed/tomcat-embed-core/10.1.26/tomcat-embed-core-10.1.26.jar:/Users/darwinrodriguez/.m2/repository/org/apache/tomcat/embed/tomcat-embed-el/10.1.26/tomcat-embed-el-10.1.26.jar:/Users/darwinrodriguez/.m2/repository/org/apache/tomcat/embed/tomcat-embed-websocket/10.1.26/tomcat-embed-websocket-10.1.26.jar:/Users/darwinrodriguez/.m2/repository/org/springframework/spring-web/6.1.11/spring-web-6.1.11.jar:/Users/darwinrodriguez/.m2/repository/io/micrometer/micrometer-observation/1.13.2/micrometer-observation-1.13.2.jar:/Users/darwinrodriguez/.m2/repository/io/micrometer/micrometer-commons/1.13.2/micrometer-commons-1.13.2.jar:/Users/darwinrodriguez/.m2/repository/org/springframework/spring-webmvc/6.1.11/spring-webmvc-6.1.11.jar:/Users/darwinrodriguez/.m2/repository/org/springframework/spring-expression/6.1.11/spring-expression-6.1.11.jar:/Users/darwinrodriguez/.m2/repository/org/springframework/boot/spring-boot-starter-web-services/3.3.2/spring-boot-starter-web-services-3.3.2.jar:/Users/darwinrodriguez/.m2/repository/com/sun/xml/messaging/saaj/saaj-impl/3.0.4/saaj-impl-3.0.4.jar:/Users/darwinrodriguez/.m2/repository/jakarta/xml/soap/jakarta.xml.soap-api/3.0.2/jakarta.xml.soap-api-3.0.2.jar:/Users/darwinrodriguez/.m2/repository/org/jvnet/staxex/stax-ex/2.1.0/stax-ex-2.1.0.jar:/Users/darwinrodriguez/.m2/repository/jakarta/activation/jakarta.activation-api/2.1.3/jakarta.activation-api-2.1.3.jar:/Users/darwinrodriguez/.m2/repository/org/eclipse/angus/angus-activation/2.0.2/angus-activation-2.0.2.jar:/Users/darwinrodriguez/.m2/repository/jakarta/xml/ws/jakarta.xml.ws-api/4.0.2/jakarta.xml.ws-api-4.0.2.jar:/Users/darwinrodriguez/.m2/repository/org/springframework/spring-oxm/6.1.11/spring-oxm-6.1.11.jar:/Users/darwinrodriguez/.m2/repository/org/springframework/ws/spring-ws-core/4.0.11/spring-ws-core-4.0.11.jar:/Users/darwinrodriguez/.m2/repository/org/springframework/ws/spring-xml/4.0.11/spring-xml-4.0.11.jar:/Users/darwinrodriguez/.m2/repository/org/springframework/boot/spring-boot-devtools/3.3.2/spring-boot-devtools-3.3.2.jar:/Users/darwinrodriguez/.m2/repository/org/springframework/boot/spring-boot/3.3.2/spring-boot-3.3.2.jar:/Users/darwinrodriguez/.m2/repository/org/springframework/boot/spring-boot-autoconfigure/3.3.2/spring-boot-autoconfigure-3.3.2.jar:/Users/darwinrodriguez/.m2/repository/com/mysql/mysql-connector-j/8.3.0/mysql-connector-j-8.3.0.jar:/Users/darwinrodriguez/.m2/repository/com/h2database/h2/2.2.224/h2-2.2.224.jar:/Users/darwinrodriguez/.m2/repository/org/projectlombok/lombok/1.18.34/lombok-1.18.34.jar:/Users/darwinrodriguez/.m2/repository/org/springframework/boot/spring-boot-starter-test/3.3.2/spring-boot-starter-test-3.3.2.jar:/Users/darwinrodriguez/.m2/repository/org/springframework/boot/spring-boot-test/3.3.2/spring-boot-test-3.3.2.jar:/Users/darwinrodriguez/.m2/repository/org/springframework/boot/spring-boot-test-autoconfigure/3.3.2/spring-boot-test-autoconfigure-3.3.2.jar:/Users/darwinrodriguez/.m2/repository/com/jayway/jsonpath/json-path/2.9.0/json-path-2.9.0.jar:/Users/darwinrodriguez/.m2/repository/jakarta/xml/bind/jakarta.xml.bind-api/4.0.2/jakarta.xml.bind-api-4.0.2.jar:/Users/darwinrodriguez/.m2/repository/net/minidev/json-smart/2.5.1/json-smart-2.5.1.jar:/Users/darwinrodriguez/.m2/repository/net/minidev/accessors-smart/2.5.1/accessors-smart-2.5.1.jar:/Users/darwinrodriguez/.m2/repository/org/ow2/asm/asm/9.6/asm-9.6.jar:/Users/darwinrodriguez/.m2/repository/org/assertj/assertj-core/3.25.3/assertj-core-3.25.3.jar:/Users/darwinrodriguez/.m2/repository/org/awaitility/awaitility/4.2.1/awaitility-4.2.1.jar:/Users/darwinrodriguez/.m2/repository/org/hamcrest/hamcrest/2.2/hamcrest-2.2.jar:/Users/darwinrodriguez/.m2/repository/org/junit/jupiter/junit-jupiter/5.10.3/junit-jupiter-5.10.3.jar:/Users/darwinrodriguez/.m2/repository/org/junit/jupiter/junit-jupiter-params/5.10.3/junit-jupiter-params-5.10.3.jar:/Users/darwinrodriguez/.m2/repository/org/junit/jupiter/junit-jupiter-engine/5.10.3/junit-jupiter-engine-5.10.3.jar:/Users/darwinrodriguez/.m2/repository/org/junit/platform/junit-platform-engine/1.10.3/junit-platform-engine-1.10.3.jar:/Users/darwinrodriguez/.m2/repository/org/skyscreamer/jsonassert/1.5.3/jsonassert-1.5.3.jar:/Users/darwinrodriguez/.m2/repository/com/vaadin/external/google/android-json/0.0.20131108.vaadin1/android-json-0.0.20131108.vaadin1.jar:/Users/darwinrodriguez/.m2/repository/org/springframework/spring-core/6.1.11/spring-core-6.1.11.jar:/Users/darwinrodriguez/.m2/repository/org/springframework/spring-jcl/6.1.11/spring-jcl-6.1.11.jar:/Users/darwinrodriguez/.m2/repository/org/springframework/spring-test/6.1.11/spring-test-6.1.11.jar:/Users/darwinrodriguez/.m2/repository/org/xmlunit/xmlunit-core/2.9.1/xmlunit-core-2.9.1.jar:/Users/darwinrodriguez/.m2/repository/org/mockito/mockito-core/5.11.0/mockito-core-5.11.0.jar:/Users/darwinrodriguez/.m2/repository/net/bytebuddy/byte-buddy/1.14.18/byte-buddy-1.14.18.jar:/Users/darwinrodriguez/.m2/repository/net/bytebuddy/byte-buddy-agent/1.14.18/byte-buddy-agent-1.14.18.jar:/Users/darwinrodriguez/.m2/repository/org/objenesis/objenesis/3.3/objenesis-3.3.jar:/Users/darwinrodriguez/.m2/repository/org/mockito/mockito-junit-jupiter/5.11.0/mockito-junit-jupiter-5.11.0.jar:/Users/darwinrodriguez/.m2/repository/org/junit/jupiter/junit-jupiter-api/5.10.3/junit-jupiter-api-5.10.3.jar:/Users/darwinrodriguez/.m2/repository/org/opentest4j/opentest4j/1.3.0/opentest4j-1.3.0.jar:/Users/darwinrodriguez/.m2/repository/org/junit/platform/junit-platform-commons/1.10.3/junit-platform-commons-1.10.3.jar:/Users/darwinrodriguez/.m2/repository/org/apiguardian/apiguardian-api/1.1.2/apiguardian-api-1.1.2.jar:, java.vm.vendor=Homebrew, sun.arch.data.model=64, java.vendor.url=https://github.com/Homebrew/homebrew-core/issues, user.timezone=America/Guayaquil, jakarta.persistence.sharedCache.mode=UNSPECIFIED, org.jboss.logging.provider=slf4j, java.vm.specification.version=22, os.name=Mac OS X, jakarta.persistence.nonJtaDataSource=HikariDataSource (HikariPool-1), sun.java.launcher=SUN_STANDARD, user.country=419, sun.boot.library.path=/opt/homebrew/Cellar/openjdk/22.0.2/libexec/openjdk.jdk/Contents/Home/lib, sun.java.command=/Users/darwinrodriguez/Downloads/PruebaT/target/surefire/surefirebooter-20240803222857105_3.jar /Users/darwinrodriguez/Downloads/PruebaT/target/surefire 2024-08-03T22-28-57_054-jvmRun1 surefire-20240803222857105_1tmp surefire_0-20240803222857105_2tmp, javax.persistence.nonJtaDataSource=HikariDataSource (HikariPool-1), hibernate.transaction.jta.platform=org.hibernate.engine.transaction.jta.platform.internal.NoJtaPlatform@1d8dbf10, http.nonProxyHosts=local|*.local|169.254/16|*.169.254/16, jdk.debug=release, surefire.test.class.path=/Users/darwinrodriguez/Downloads/PruebaT/target/test-classes:/Users/darwinrodriguez/Downloads/PruebaT/target/classes:/Users/darwinrodriguez/.m2/repository/org/springframework/boot/spring-boot-starter-data-jdbc/3.3.2/spring-boot-starter-data-jdbc-3.3.2.jar:/Users/darwinrodriguez/.m2/repository/org/springframework/boot/spring-boot-starter-jdbc/3.3.2/spring-boot-starter-jdbc-3.3.2.jar:/Users/darwinrodriguez/.m2/repository/com/zaxxer/HikariCP/5.1.0/HikariCP-5.1.0.jar:/Users/darwinrodriguez/.m2/repository/org/springframework/spring-jdbc/6.1.11/spring-jdbc-6.1.11.jar:/Users/darwinrodriguez/.m2/repository/org/springframework/data/spring-data-jdbc/3.3.2/spring-data-jdbc-3.3.2.jar:/Users/darwinrodriguez/.m2/repository/org/springframework/data/spring-data-relational/3.3.2/spring-data-relational-3.3.2.jar:/Users/darwinrodriguez/.m2/repository/org/springframework/data/spring-data-commons/3.3.2/spring-data-commons-3.3.2.jar:/Users/darwinrodriguez/.m2/repository/org/springframework/spring-tx/6.1.11/spring-tx-6.1.11.jar:/Users/darwinrodriguez/.m2/repository/org/springframework/spring-context/6.1.11/spring-context-6.1.11.jar:/Users/darwinrodriguez/.m2/repository/org/springframework/spring-beans/6.1.11/spring-beans-6.1.11.jar:/Users/darwinrodriguez/.m2/repository/org/slf4j/slf4j-api/2.0.13/slf4j-api-2.0.13.jar:/Users/darwinrodriguez/.m2/repository/org/springframework/boot/spring-boot-starter-data-jpa/3.3.2/spring-boot-starter-data-jpa-3.3.2.jar:/Users/darwinrodriguez/.m2/repository/org/springframework/boot/spring-boot-starter-aop/3.3.2/spring-boot-starter-aop-3.3.2.jar:/Users/darwinrodriguez/.m2/repository/org/springframework/spring-aop/6.1.11/spring-aop-6.1.11.jar:/Users/darwinrodriguez/.m2/repository/org/aspectj/aspectjweaver/1.9.22.1/aspectjweaver-1.9.22.1.jar:/Users/darwinrodriguez/.m2/repository/org/hibernate/orm/hibernate-core/6.5.2.Final/hibernate-core-6.5.2.Final.jar:/Users/darwinrodriguez/.m2/repository/jakarta/persistence/jakarta.persistence-api/3.1.0/jakarta.persistence-api-3.1.0.jar:/Users/darwinrodriguez/.m2/repository/jakarta/transaction/jakarta.transaction-api/2.0.1/jakarta.transaction-api-2.0.1.jar:/Users/darwinrodriguez/.m2/repository/org/jboss/logging/jboss-logging/3.5.3.Final/jboss-logging-3.5.3.Final.jar:/Users/darwinrodriguez/.m2/repository/org/hibernate/common/hibernate-commons-annotations/6.0.6.Final/hibernate-commons-annotations-6.0.6.Final.jar:/Users/darwinrodriguez/.m2/repository/io/smallrye/jandex/3.1.2/jandex-3.1.2.jar:/Users/darwinrodriguez/.m2/repository/com/fasterxml/classmate/1.7.0/classmate-1.7.0.jar:/Users/darwinrodriguez/.m2/repository/org/glassfish/jaxb/jaxb-runtime/4.0.5/jaxb-runtime-4.0.5.jar:/Users/darwinrodriguez/.m2/repository/org/glassfish/jaxb/jaxb-core/4.0.5/jaxb-core-4.0.5.jar:/Users/darwinrodriguez/.m2/repository/org/glassfish/jaxb/txw2/4.0.5/txw2-4.0.5.jar:/Users/darwinrodriguez/.m2/repository/com/sun/istack/istack-commons-runtime/4.1.2/istack-commons-runtime-4.1.2.jar:/Users/darwinrodriguez/.m2/repository/jakarta/inject/jakarta.inject-api/2.0.1/jakarta.inject-api-2.0.1.jar:/Users/darwinrodriguez/.m2/repository/org/antlr/antlr4-runtime/4.13.0/antlr4-runtime-4.13.0.jar:/Users/darwinrodriguez/.m2/repository/org/springframework/data/spring-data-jpa/3.3.2/spring-data-jpa-3.3.2.jar:/Users/darwinrodriguez/.m2/repository/org/springframework/spring-orm/6.1.11/spring-orm-6.1.11.jar:/Users/darwinrodriguez/.m2/repository/jakarta/annotation/jakarta.annotation-api/2.1.1/jakarta.annotation-api-2.1.1.jar:/Users/darwinrodriguez/.m2/repository/org/springframework/spring-aspects/6.1.11/spring-aspects-6.1.11.jar:/Users/darwinrodriguez/.m2/repository/org/springframework/boot/spring-boot-starter-web/3.3.2/spring-boot-starter-web-3.3.2.jar:/Users/darwinrodriguez/.m2/repository/org/springframework/boot/spring-boot-starter/3.3.2/spring-boot-starter-3.3.2.jar:/Users/darwinrodriguez/.m2/repository/org/springframework/boot/spring-boot-starter-logging/3.3.2/spring-boot-starter-logging-3.3.2.jar:/Users/darwinrodriguez/.m2/repository/ch/qos/logback/logback-classic/1.5.6/logback-classic-1.5.6.jar:/Users/darwinrodriguez/.m2/repository/ch/qos/logback/logback-core/1.5.6/logback-core-1.5.6.jar:/Users/darwinrodriguez/.m2/repository/org/apache/logging/log4j/log4j-to-slf4j/2.23.1/log4j-to-slf4j-2.23.1.jar:/Users/darwinrodriguez/.m2/repository/org/apache/logging/log4j/log4j-api/2.23.1/log4j-api-2.23.1.jar:/Users/darwinrodriguez/.m2/repository/org/slf4j/jul-to-slf4j/2.0.13/jul-to-slf4j-2.0.13.jar:/Users/darwinrodriguez/.m2/repository/org/yaml/snakeyaml/2.2/snakeyaml-2.2.jar:/Users/darwinrodriguez/.m2/repository/org/springframework/boot/spring-boot-starter-json/3.3.2/spring-boot-starter-json-3.3.2.jar:/Users/darwinrodriguez/.m2/repository/com/fasterxml/jackson/core/jackson-databind/2.17.2/jackson-databind-2.17.2.jar:/Users/darwinrodriguez/.m2/repository/com/fasterxml/jackson/core/jackson-annotations/2.17.2/jackson-annotations-2.17.2.jar:/Users/darwinrodriguez/.m2/repository/com/fasterxml/jackson/core/jackson-core/2.17.2/jackson-core-2.17.2.jar:/Users/darwinrodriguez/.m2/repository/com/fasterxml/jackson/datatype/jackson-datatype-jdk8/2.17.2/jackson-datatype-jdk8-2.17.2.jar:/Users/darwinrodriguez/.m2/repository/com/fasterxml/jackson/datatype/jackson-datatype-jsr310/2.17.2/jackson-datatype-jsr310-2.17.2.jar:/Users/darwinrodriguez/.m2/repository/com/fasterxml/jackson/module/jackson-module-parameter-names/2.17.2/jackson-module-parameter-names-2.17.2.jar:/Users/darwinrodriguez/.m2/repository/org/springframework/boot/spring-boot-starter-tomcat/3.3.2/spring-boot-starter-tomcat-3.3.2.jar:/Users/darwinrodriguez/.m2/repository/org/apache/tomcat/embed/tomcat-embed-core/10.1.26/tomcat-embed-core-10.1.26.jar:/Users/darwinrodriguez/.m2/repository/org/apache/tomcat/embed/tomcat-embed-el/10.1.26/tomcat-embed-el-10.1.26.jar:/Users/darwinrodriguez/.m2/repository/org/apache/tomcat/embed/tomcat-embed-websocket/10.1.26/tomcat-embed-websocket-10.1.26.jar:/Users/darwinrodriguez/.m2/repository/org/springframework/spring-web/6.1.11/spring-web-6.1.11.jar:/Users/darwinrodriguez/.m2/repository/io/micrometer/micrometer-observation/1.13.2/micrometer-observation-1.13.2.jar:/Users/darwinrodriguez/.m2/repository/io/micrometer/micrometer-commons/1.13.2/micrometer-commons-1.13.2.jar:/Users/darwinrodriguez/.m2/repository/org/springframework/spring-webmvc/6.1.11/spring-webmvc-6.1.11.jar:/Users/darwinrodriguez/.m2/repository/org/springframework/spring-expression/6.1.11/spring-expression-6.1.11.jar:/Users/darwinrodriguez/.m2/repository/org/springframework/boot/spring-boot-starter-web-services/3.3.2/spring-boot-starter-web-services-3.3.2.jar:/Users/darwinrodriguez/.m2/repository/com/sun/xml/messaging/saaj/saaj-impl/3.0.4/saaj-impl-3.0.4.jar:/Users/darwinrodriguez/.m2/repository/jakarta/xml/soap/jakarta.xml.soap-api/3.0.2/jakarta.xml.soap-api-3.0.2.jar:/Users/darwinrodriguez/.m2/repository/org/jvnet/staxex/stax-ex/2.1.0/stax-ex-2.1.0.jar:/Users/darwinrodriguez/.m2/repository/jakarta/activation/jakarta.activation-api/2.1.3/jakarta.activation-api-2.1.3.jar:/Users/darwinrodriguez/.m2/repository/org/eclipse/angus/angus-activation/2.0.2/angus-activation-2.0.2.jar:/Users/darwinrodriguez/.m2/repository/jakarta/xml/ws/jakarta.xml.ws-api/4.0.2/jakarta.xml.ws-api-4.0.2.jar:/Users/darwinrodriguez/.m2/repository/org/springframework/spring-oxm/6.1.11/spring-oxm-6.1.11.jar:/Users/darwinrodriguez/.m2/repository/org/springframework/ws/spring-ws-core/4.0.11/spring-ws-core-4.0.11.jar:/Users/darwinrodriguez/.m2/repository/org/springframework/ws/spring-xml/4.0.11/spring-xml-4.0.11.jar:/Users/darwinrodriguez/.m2/repository/org/springframework/boot/spring-boot-devtools/3.3.2/spring-boot-devtools-3.3.2.jar:/Users/darwinrodriguez/.m2/repository/org/springframework/boot/spring-boot/3.3.2/spring-boot-3.3.2.jar:/Users/darwinrodriguez/.m2/repository/org/springframework/boot/spring-boot-autoconfigure/3.3.2/spring-boot-autoconfigure-3.3.2.jar:/Users/darwinrodriguez/.m2/repository/com/mysql/mysql-connector-j/8.3.0/mysql-connector-j-8.3.0.jar:/Users/darwinrodriguez/.m2/repository/com/h2database/h2/2.2.224/h2-2.2.224.jar:/Users/darwinrodriguez/.m2/repository/org/projectlombok/lombok/1.18.34/lombok-1.18.34.jar:/Users/darwinrodriguez/.m2/repository/org/springframework/boot/spring-boot-starter-test/3.3.2/spring-boot-starter-test-3.3.2.jar:/Users/darwinrodriguez/.m2/repository/org/springframework/boot/spring-boot-test/3.3.2/spring-boot-test-3.3.2.jar:/Users/darwinrodriguez/.m2/repository/org/springframework/boot/spring-boot-test-autoconfigure/3.3.2/spring-boot-test-autoconfigure-3.3.2.jar:/Users/darwinrodriguez/.m2/repository/com/jayway/jsonpath/json-path/2.9.0/json-path-2.9.0.jar:/Users/darwinrodriguez/.m2/repository/jakarta/xml/bind/jakarta.xml.bind-api/4.0.2/jakarta.xml.bind-api-4.0.2.jar:/Users/darwinrodriguez/.m2/repository/net/minidev/json-smart/2.5.1/json-smart-2.5.1.jar:/Users/darwinrodriguez/.m2/repository/net/minidev/accessors-smart/2.5.1/accessors-smart-2.5.1.jar:/Users/darwinrodriguez/.m2/repository/org/ow2/asm/asm/9.6/asm-9.6.jar:/Users/darwinrodriguez/.m2/repository/org/assertj/assertj-core/3.25.3/assertj-core-3.25.3.jar:/Users/darwinrodriguez/.m2/repository/org/awaitility/awaitility/4.2.1/awaitility-4.2.1.jar:/Users/darwinrodriguez/.m2/repository/org/hamcrest/hamcrest/2.2/hamcrest-2.2.jar:/Users/darwinrodriguez/.m2/repository/org/junit/jupiter/junit-jupiter/5.10.3/junit-jupiter-5.10.3.jar:/Users/darwinrodriguez/.m2/repository/org/junit/jupiter/junit-jupiter-params/5.10.3/junit-jupiter-params-5.10.3.jar:/Users/darwinrodriguez/.m2/repository/org/junit/jupiter/junit-jupiter-engine/5.10.3/junit-jupiter-engine-5.10.3.jar:/Users/darwinrodriguez/.m2/repository/org/junit/platform/junit-platform-engine/1.10.3/junit-platform-engine-1.10.3.jar:/Users/darwinrodriguez/.m2/repository/org/skyscreamer/jsonassert/1.5.3/jsonassert-1.5.3.jar:/Users/darwinrodriguez/.m2/repository/com/vaadin/external/google/android-json/0.0.20131108.vaadin1/android-json-0.0.20131108.vaadin1.jar:/Users/darwinrodriguez/.m2/repository/org/springframework/spring-core/6.1.11/spring-core-6.1.11.jar:/Users/darwinrodriguez/.m2/repository/org/springframework/spring-jcl/6.1.11/spring-jcl-6.1.11.jar:/Users/darwinrodriguez/.m2/repository/org/springframework/spring-test/6.1.11/spring-test-6.1.11.jar:/Users/darwinrodriguez/.m2/repository/org/xmlunit/xmlunit-core/2.9.1/xmlunit-core-2.9.1.jar:/Users/darwinrodriguez/.m2/repository/org/mockito/mockito-core/5.11.0/mockito-core-5.11.0.jar:/Users/darwinrodriguez/.m2/repository/net/bytebuddy/byte-buddy/1.14.18/byte-buddy-1.14.18.jar:/Users/darwinrodriguez/.m2/repository/net/bytebuddy/byte-buddy-agent/1.14.18/byte-buddy-agent-1.14.18.jar:/Users/darwinrodriguez/.m2/repository/org/objenesis/objenesis/3.3/objenesis-3.3.jar:/Users/darwinrodriguez/.m2/repository/org/mockito/mockito-junit-jupiter/5.11.0/mockito-junit-jupiter-5.11.0.jar:/Users/darwinrodriguez/.m2/repository/org/junit/jupiter/junit-jupiter-api/5.10.3/junit-jupiter-api-5.10.3.jar:/Users/darwinrodriguez/.m2/repository/org/opentest4j/opentest4j/1.3.0/opentest4j-1.3.0.jar:/Users/darwinrodriguez/.m2/repository/org/junit/platform/junit-platform-commons/1.10.3/junit-platform-commons-1.10.3.jar:/Users/darwinrodriguez/.m2/repository/org/apiguardian/apiguardian-api/1.1.2/apiguardian-api-1.1.2.jar:, sun.cpu.endian=little, hibernate.cdi.extensions=true, user.home=/Users/darwinrodriguez, user.language=es, java.specification.vendor=Oracle Corporation, java.version.date=2024-07-16, java.home=/opt/homebrew/Cellar/openjdk/22.0.2/libexec/openjdk.jdk/Contents/Home, file.separator=/, basedir=/Users/darwinrodriguez/Downloads/PruebaT, java.vm.compressedOopsMode=Zero based, line.separator=
, hibernate.persistenceUnitName=default, java.vm.specification.vendor=Oracle Corporation, java.specification.name=Java Platform API Specification, FILE_LOG_CHARSET=UTF-8, hibernate.transaction.coordinator_class=class org.hibernate.resource.transaction.backend.jdbc.internal.JdbcResourceLocalTransactionCoordinatorBuilderImpl, java.awt.headless=true, apple.awt.application.name=ForkedBooter, surefire.real.class.path=/Users/darwinrodriguez/Downloads/PruebaT/target/surefire/surefirebooter-20240803222857105_3.jar, jakarta.persistence.validation.mode=AUTO, hibernate.hbm2ddl.auto=create-drop, sun.management.compiler=HotSpot 64-Bit Tiered Compilers, ftp.nonProxyHosts=local|*.local|169.254/16|*.169.254/16, java.runtime.version=22.0.2, user.name=darwinrodriguez, stdout.encoding=UTF-8, path.separator=:, os.version=14.5, java.runtime.name=OpenJDK Runtime Environment, file.encoding=UTF-8, java.vm.name=OpenJDK 64-Bit Server VM, hibernate.show_sql=true, java.vendor.version=Homebrew, localRepository=/Users/darwinrodriguez/.m2/repository, java.vendor.url.bug=https://github.com/Homebrew/homebrew-core/issues, java.io.tmpdir=/var/folders/2c/rdr55m1935s1txs3g6kml5v00000gn/T/, java.version=22.0.2, hibernate.physical_naming_strategy=org.hibernate.boot.model.naming.CamelCaseToUnderscoresNamingStrategy, user.dir=/Users/darwinrodriguez/Downloads/PruebaT, os.arch=aarch64, java.vm.specification.name=Java Virtual Machine Specification, PID=26535, CONSOLE_LOG_CHARSET=UTF-8, hibernate.boot.CfgXmlAccessService.key=org.hibernate.boot.registry.StandardServiceRegistryBuilder$1@e171f93, native.encoding=UTF-8, java.library.path=/Users/darwinrodriguez/Library/Java/Extensions:/Library/Java/Extensions:/Network/Library/Java/Extensions:/System/Library/Java/Extensions:/usr/lib/java:., stderr.encoding=UTF-8, java.vendor=Homebrew, java.vm.info=mixed mode, sharing, java.vm.version=22.0.2, sun.io.unicode.encoding=UnicodeBig, hibernate.archive.scanner=org.hibernate.boot.archive.scan.internal.DisabledScanner, hibernate.connection.datasource=HikariDataSource (HikariPool-1), socksNonProxyHosts=local|*.local|169.254/16|*.169.254/16, java.class.version=66.0, LOGGED_APPLICATION_NAME=[PruebaT] }
2024-08-03T22:28:58.966-05:00 DEBUG 26535 --- [PruebaT] [           main] o.hibernate.internal.SessionFactoryImpl  : Session factory constructed with filter configurations : {}
2024-08-03T22:28:58.974-05:00 DEBUG 26535 --- [PruebaT] [onnection adder] com.zaxxer.hikari.pool.HikariPool        : HikariPool-1 - After adding stats (total=3, active=0, idle=3, waiting=0)
2024-08-03T22:28:58.974-05:00 DEBUG 26535 --- [PruebaT] [onnection adder] com.zaxxer.hikari.pool.HikariPool        : HikariPool-1 - Added connection conn3: url=jdbc:h2:mem:testdb user=SA
2024-08-03T22:28:58.983-05:00 DEBUG 26535 --- [PruebaT] [           main] o.h.q.sqm.function.SqmFunctionRegistry   : Registered SqmFunctionTemplate [NamedSqmFunctionTemplate(max)] under max; prior registration was null
2024-08-03T22:28:58.983-05:00 DEBUG 26535 --- [PruebaT] [           main] o.h.q.sqm.function.SqmFunctionRegistry   : Registered SqmFunctionTemplate [NamedSqmFunctionTemplate(min)] under min; prior registration was null
2024-08-03T22:28:58.984-05:00 DEBUG 26535 --- [PruebaT] [           main] o.h.q.sqm.function.SqmFunctionRegistry   : Registered SqmFunctionTemplate [NamedSqmFunctionTemplate(sum)] under sum; prior registration was null
2024-08-03T22:28:58.984-05:00 DEBUG 26535 --- [PruebaT] [           main] o.h.q.sqm.function.SqmFunctionRegistry   : Registered SqmFunctionTemplate [NamedSqmFunctionTemplate(avg)] under avg; prior registration was null
2024-08-03T22:28:58.985-05:00 DEBUG 26535 --- [PruebaT] [           main] o.h.q.sqm.function.SqmFunctionRegistry   : Registered SqmFunctionTemplate [org.hibernate.dialect.function.CountFunction@2dd2ff87] under count; prior registration was null
2024-08-03T22:28:58.985-05:00 DEBUG 26535 --- [PruebaT] [           main] o.h.q.sqm.function.SqmFunctionRegistry   : Registered SqmFunctionTemplate [org.hibernate.dialect.function.EveryAnyEmulation@51297528] under every; prior registration was null
2024-08-03T22:28:58.985-05:00 DEBUG 26535 --- [PruebaT] [           main] o.h.q.sqm.function.SqmFunctionRegistry   : Registered SqmFunctionTemplate [org.hibernate.dialect.function.EveryAnyEmulation@5d3f8661] under any; prior registration was null
2024-08-03T22:28:58.985-05:00 DEBUG 26535 --- [PruebaT] [           main] o.h.q.sqm.function.SqmFunctionRegistry   : Registered SqmFunctionTemplate [NamedSqmFunctionTemplate(floor)] under floor; prior registration was null
2024-08-03T22:28:58.985-05:00 DEBUG 26535 --- [PruebaT] [           main] o.h.q.sqm.function.SqmFunctionRegistry   : Registered SqmFunctionTemplate [NamedSqmFunctionTemplate(ceiling)] under ceiling; prior registration was null
2024-08-03T22:28:58.985-05:00 DEBUG 26535 --- [PruebaT] [           main] o.h.q.sqm.function.SqmFunctionRegistry   : Registered SqmFunctionTemplate [NamedSqmFunctionTemplate(mod)] under mod; prior registration was null
2024-08-03T22:28:58.985-05:00 DEBUG 26535 --- [PruebaT] [           main] o.h.q.sqm.function.SqmFunctionRegistry   : Registered SqmFunctionTemplate [NamedSqmFunctionTemplate(abs)] under abs; prior registration was null
2024-08-03T22:28:58.985-05:00 DEBUG 26535 --- [PruebaT] [           main] o.h.q.sqm.function.SqmFunctionRegistry   : Registered SqmFunctionTemplate [NamedSqmFunctionTemplate(sign)] under sign; prior registration was null
2024-08-03T22:28:58.985-05:00 DEBUG 26535 --- [PruebaT] [           main] o.h.q.sqm.function.SqmFunctionRegistry   : Registered SqmFunctionTemplate [NamedSqmFunctionTemplate(sqrt)] under sqrt; prior registration was null
2024-08-03T22:28:58.985-05:00 DEBUG 26535 --- [PruebaT] [           main] o.h.q.sqm.function.SqmFunctionRegistry   : Registered SqmFunctionTemplate [NamedSqmFunctionTemplate(ln)] under ln; prior registration was null
2024-08-03T22:28:58.985-05:00 DEBUG 26535 --- [PruebaT] [           main] o.h.q.sqm.function.SqmFunctionRegistry   : Registered SqmFunctionTemplate [NamedSqmFunctionTemplate(exp)] under exp; prior registration was null
2024-08-03T22:28:58.985-05:00 DEBUG 26535 --- [PruebaT] [           main] o.h.q.sqm.function.SqmFunctionRegistry   : Registered SqmFunctionTemplate [NamedSqmFunctionTemplate(power)] under power; prior registration was null
2024-08-03T22:28:58.985-05:00 DEBUG 26535 --- [PruebaT] [           main] o.h.q.sqm.function.SqmFunctionRegistry   : Registered SqmFunctionTemplate [NamedSqmFunctionTemplate(round)] under round; prior registration was null
2024-08-03T22:28:58.985-05:00 DEBUG 26535 --- [PruebaT] [           main] o.h.q.sqm.function.SqmFunctionRegistry   : Registered SqmFunctionTemplate [NamedSqmFunctionTemplate(sin)] under sin; prior registration was null
2024-08-03T22:28:58.986-05:00 DEBUG 26535 --- [PruebaT] [           main] o.h.q.sqm.function.SqmFunctionRegistry   : Registered SqmFunctionTemplate [NamedSqmFunctionTemplate(cos)] under cos; prior registration was null
2024-08-03T22:28:58.986-05:00 DEBUG 26535 --- [PruebaT] [           main] o.h.q.sqm.function.SqmFunctionRegistry   : Registered SqmFunctionTemplate [NamedSqmFunctionTemplate(tan)] under tan; prior registration was null
2024-08-03T22:28:58.986-05:00 DEBUG 26535 --- [PruebaT] [           main] o.h.q.sqm.function.SqmFunctionRegistry   : Registered SqmFunctionTemplate [NamedSqmFunctionTemplate(asin)] under asin; prior registration was null
2024-08-03T22:28:58.986-05:00 DEBUG 26535 --- [PruebaT] [           main] o.h.q.sqm.function.SqmFunctionRegistry   : Registered SqmFunctionTemplate [NamedSqmFunctionTemplate(acos)] under acos; prior registration was null
2024-08-03T22:28:58.986-05:00 DEBUG 26535 --- [PruebaT] [           main] o.h.q.sqm.function.SqmFunctionRegistry   : Registered SqmFunctionTemplate [NamedSqmFunctionTemplate(atan)] under atan; prior registration was null
2024-08-03T22:28:58.986-05:00 DEBUG 26535 --- [PruebaT] [           main] o.h.q.sqm.function.SqmFunctionRegistry   : Registered SqmFunctionTemplate [NamedSqmFunctionTemplate(atan2)] under atan2; prior registration was null
2024-08-03T22:28:58.987-05:00 DEBUG 26535 --- [PruebaT] [           main] o.h.q.sqm.function.SqmFunctionRegistry   : Registered SqmFunctionTemplate [org.hibernate.query.sqm.function.PatternBasedSqmFunctionDescriptor@114badf0] under sinh; prior registration was null
2024-08-03T22:28:58.987-05:00 DEBUG 26535 --- [PruebaT] [           main] o.h.q.sqm.function.SqmFunctionRegistry   : Registered SqmFunctionTemplate [org.hibernate.query.sqm.function.PatternBasedSqmFunctionDescriptor@19e8fe55] under cosh; prior registration was null
2024-08-03T22:28:58.987-05:00 DEBUG 26535 --- [PruebaT] [           main] o.h.q.sqm.function.SqmFunctionRegistry   : Registered SqmFunctionTemplate [org.hibernate.query.sqm.function.PatternBasedSqmFunctionDescriptor@6d7bb5cc] under tanh; prior registration was null
2024-08-03T22:28:58.987-05:00 DEBUG 26535 --- [PruebaT] [           main] o.h.q.sqm.function.SqmFunctionRegistry   : Registered SqmFunctionTemplate [org.hibernate.query.sqm.function.PatternBasedSqmFunctionDescriptor@756200d1] under pi; prior registration was null
2024-08-03T22:28:58.988-05:00 DEBUG 26535 --- [PruebaT] [           main] o.h.q.sqm.function.SqmFunctionRegistry   : Registered SqmFunctionTemplate [org.hibernate.query.sqm.function.PatternBasedSqmFunctionDescriptor@390a07a0] under log; prior registration was null
2024-08-03T22:28:58.988-05:00 DEBUG 26535 --- [PruebaT] [           main] o.h.q.sqm.function.SqmFunctionRegistry   : Registered SqmFunctionTemplate [NamedSqmFunctionTemplate(coalesce)] under coalesce; prior registration was null
2024-08-03T22:28:58.988-05:00 DEBUG 26535 --- [PruebaT] [           main] o.h.q.sqm.function.SqmFunctionRegistry   : Registered SqmFunctionTemplate [NamedSqmFunctionTemplate(nullif)] under nullif; prior registration was null
2024-08-03T22:28:58.988-05:00 DEBUG 26535 --- [PruebaT] [           main] o.h.q.sqm.function.SqmFunctionRegistry   : Registered SqmFunctionTemplate [NamedSqmFunctionTemplate(left)] under left; prior registration was null
2024-08-03T22:28:58.988-05:00 DEBUG 26535 --- [PruebaT] [           main] o.h.q.sqm.function.SqmFunctionRegistry   : Registered SqmFunctionTemplate [NamedSqmFunctionTemplate(right)] under right; prior registration was null
2024-08-03T22:28:58.988-05:00 DEBUG 26535 --- [PruebaT] [           main] o.h.q.sqm.function.SqmFunctionRegistry   : Registered SqmFunctionTemplate [NamedSqmFunctionTemplate(replace)] under replace; prior registration was null
2024-08-03T22:28:58.988-05:00 DEBUG 26535 --- [PruebaT] [           main] o.h.q.sqm.function.SqmFunctionRegistry   : Registered SqmFunctionTemplate [NamedSqmFunctionTemplate(concat)] under concat; prior registration was null
2024-08-03T22:28:58.988-05:00 DEBUG 26535 --- [PruebaT] [           main] o.h.q.sqm.function.SqmFunctionRegistry   : Registered SqmFunctionTemplate [NamedSqmFunctionTemplate(lower)] under lower; prior registration was null
2024-08-03T22:28:58.988-05:00 DEBUG 26535 --- [PruebaT] [           main] o.h.q.sqm.function.SqmFunctionRegistry   : Registered SqmFunctionTemplate [NamedSqmFunctionTemplate(upper)] under upper; prior registration was null
2024-08-03T22:28:58.988-05:00 DEBUG 26535 --- [PruebaT] [           main] o.h.q.sqm.function.SqmFunctionRegistry   : Registered SqmFunctionTemplate [NamedSqmFunctionTemplate(substring)] under substring; prior registration was null
2024-08-03T22:28:58.988-05:00 DEBUG 26535 --- [PruebaT] [           main] o.h.q.sqm.function.SqmFunctionRegistry   : Registered SqmFunctionTemplate [NamedSqmFunctionTemplate(locate)] under locate; prior registration was null
2024-08-03T22:28:58.989-05:00 DEBUG 26535 --- [PruebaT] [           main] o.h.q.sqm.function.SqmFunctionRegistry   : Registered SqmFunctionTemplate [NamedSqmFunctionTemplate(character_length)] under character_length; prior registration was null
2024-08-03T22:28:58.989-05:00 DEBUG 26535 --- [PruebaT] [           main] o.h.q.sqm.function.SqmFunctionRegistry   : Registering alternate key : length -> character_length
2024-08-03T22:28:58.991-05:00 DEBUG 26535 --- [PruebaT] [           main] o.h.q.sqm.function.SqmFunctionRegistry   : Registered SqmFunctionTemplate [org.hibernate.dialect.function.LocatePositionEmulation@79135a38] under position; prior registration was null
2024-08-03T22:28:58.993-05:00 DEBUG 26535 --- [PruebaT] [           main] o.h.q.sqm.function.SqmFunctionRegistry   : Registered SqmFunctionTemplate [org.hibernate.dialect.function.InsertSubstringOverlayEmulation@25dad235] under overlay; prior registration was null
2024-08-03T22:28:58.993-05:00 DEBUG 26535 --- [PruebaT] [           main] o.h.q.sqm.function.SqmFunctionRegistry   : Registered SqmFunctionTemplate [org.hibernate.dialect.function.TrimFunction@6ffdbeef] under trim; prior registration was null
2024-08-03T22:28:58.993-05:00 DEBUG 26535 --- [PruebaT] [           main] o.h.q.sqm.function.SqmFunctionRegistry   : Registered SqmFunctionTemplate [org.hibernate.dialect.function.CastFunction@7e0883f3] under cast; prior registration was null
2024-08-03T22:28:58.993-05:00 DEBUG 26535 --- [PruebaT] [           main] o.h.q.sqm.function.SqmFunctionRegistry   : Registered SqmFunctionTemplate [org.hibernate.query.sqm.function.PatternBasedSqmFunctionDescriptor@ca60688] under collate; prior registration was null
2024-08-03T22:28:58.994-05:00 DEBUG 26535 --- [PruebaT] [           main] o.h.q.sqm.function.SqmFunctionRegistry   : Registered SqmFunctionTemplate [org.hibernate.dialect.function.ExtractFunction@35555145] under extract; prior registration was null
2024-08-03T22:28:58.994-05:00 DEBUG 26535 --- [PruebaT] [           main] o.h.q.sqm.function.SqmFunctionRegistry   : Registered SqmFunctionTemplate [NamedSqmFunctionTemplate(least)] under least; prior registration was null
2024-08-03T22:28:58.994-05:00 DEBUG 26535 --- [PruebaT] [           main] o.h.q.sqm.function.SqmFunctionRegistry   : Registered SqmFunctionTemplate [NamedSqmFunctionTemplate(greatest)] under greatest; prior registration was null
2024-08-03T22:28:58.994-05:00 DEBUG 26535 --- [PruebaT] [           main] o.h.q.sqm.function.SqmFunctionRegistry   : Registered SqmFunctionTemplate [org.hibernate.dialect.function.CoalesceIfnullEmulation@3d57fb9e] under ifnull; prior registration was null
2024-08-03T22:28:58.994-05:00 DEBUG 26535 --- [PruebaT] [           main] o.h.q.sqm.function.SqmFunctionRegistry   : Registered SqmFunctionTemplate [NamedSqmFunctionTemplate(lpad)] under lpad; prior registration was null
2024-08-03T22:28:58.994-05:00 DEBUG 26535 --- [PruebaT] [           main] o.h.q.sqm.function.SqmFunctionRegistry   : Registered SqmFunctionTemplate [NamedSqmFunctionTemplate(rpad)] under rpad; prior registration was null
2024-08-03T22:28:58.994-05:00 DEBUG 26535 --- [PruebaT] [           main] o.h.q.sqm.function.SqmFunctionRegistry   : Registered SqmFunctionTemplate [org.hibernate.dialect.function.LpadRpadPadEmulation@24010875] under pad; prior registration was null
2024-08-03T22:28:58.994-05:00 DEBUG 26535 --- [PruebaT] [           main] o.h.q.sqm.function.SqmFunctionRegistry   : Registered SqmFunctionTemplate [org.hibernate.dialect.function.CastStrEmulation@4e030feb] under str; prior registration was null
2024-08-03T22:28:58.995-05:00 DEBUG 26535 --- [PruebaT] [           main] o.h.q.sqm.function.SqmFunctionRegistry   : Registered SqmFunctionTemplate [org.hibernate.dialect.function.FormatFunction@24c84e65] under format; prior registration was null
2024-08-03T22:28:58.995-05:00 DEBUG 26535 --- [PruebaT] [           main] o.h.q.sqm.function.SqmFunctionRegistry   : Registered SqmFunctionTemplate [org.hibernate.dialect.function.TimestampaddFunction@23e86863] under timestampadd; prior registration was null
2024-08-03T22:28:58.996-05:00 DEBUG 26535 --- [PruebaT] [           main] o.h.q.sqm.function.SqmFunctionRegistry   : Registered SqmFunctionTemplate [org.hibernate.dialect.function.TimestampdiffFunction@5831989d] under timestampdiff; prior registration was null
2024-08-03T22:28:58.996-05:00 DEBUG 26535 --- [PruebaT] [           main] o.h.q.sqm.function.SqmFunctionRegistry   : Registering alternate key : dateadd -> timestampadd
2024-08-03T22:28:58.996-05:00 DEBUG 26535 --- [PruebaT] [           main] o.h.q.sqm.function.SqmFunctionRegistry   : Registering alternate key : datediff -> timestampdiff
2024-08-03T22:28:58.996-05:00 DEBUG 26535 --- [PruebaT] [           main] o.h.q.sqm.function.SqmFunctionRegistry   : Registered SqmFunctionTemplate [org.hibernate.dialect.function.CurrentFunction@5f8df69] under current_date; prior registration was null
2024-08-03T22:28:58.996-05:00 DEBUG 26535 --- [PruebaT] [           main] o.h.q.sqm.function.SqmFunctionRegistry   : Registered SqmFunctionTemplate [org.hibernate.dialect.function.CurrentFunction@1ce6a9bd] under current_time; prior registration was null
2024-08-03T22:28:58.996-05:00 DEBUG 26535 --- [PruebaT] [           main] o.h.q.sqm.function.SqmFunctionRegistry   : Registered SqmFunctionTemplate [org.hibernate.dialect.function.CurrentFunction@4a47bc9c] under current_timestamp; prior registration was null
2024-08-03T22:28:58.996-05:00 DEBUG 26535 --- [PruebaT] [           main] o.h.q.sqm.function.SqmFunctionRegistry   : Registering alternate key : current date -> current_date
2024-08-03T22:28:58.996-05:00 DEBUG 26535 --- [PruebaT] [           main] o.h.q.sqm.function.SqmFunctionRegistry   : Registering alternate key : current time -> current_time
2024-08-03T22:28:58.996-05:00 DEBUG 26535 --- [PruebaT] [           main] o.h.q.sqm.function.SqmFunctionRegistry   : Registering alternate key : current timestamp -> current_timestamp
2024-08-03T22:28:58.996-05:00 DEBUG 26535 --- [PruebaT] [           main] o.h.q.sqm.function.SqmFunctionRegistry   : Registered SqmFunctionTemplate [org.hibernate.dialect.function.CurrentFunction@5100c143] under local_date; prior registration was null
2024-08-03T22:28:58.996-05:00 DEBUG 26535 --- [PruebaT] [           main] o.h.q.sqm.function.SqmFunctionRegistry   : Registered SqmFunctionTemplate [org.hibernate.dialect.function.CurrentFunction@12404f9d] under local_time; prior registration was null
2024-08-03T22:28:58.996-05:00 DEBUG 26535 --- [PruebaT] [           main] o.h.q.sqm.function.SqmFunctionRegistry   : Registered SqmFunctionTemplate [org.hibernate.dialect.function.CurrentFunction@3b42b729] under local_datetime; prior registration was null
2024-08-03T22:28:58.996-05:00 DEBUG 26535 --- [PruebaT] [           main] o.h.q.sqm.function.SqmFunctionRegistry   : Registered SqmFunctionTemplate [org.hibernate.dialect.function.CurrentFunction@4c164f81] under offset_datetime; prior registration was null
2024-08-03T22:28:58.996-05:00 DEBUG 26535 --- [PruebaT] [           main] o.h.q.sqm.function.SqmFunctionRegistry   : Registering alternate key : local date -> local_date
2024-08-03T22:28:58.996-05:00 DEBUG 26535 --- [PruebaT] [           main] o.h.q.sqm.function.SqmFunctionRegistry   : Registering alternate key : local time -> local_time
2024-08-03T22:28:58.996-05:00 DEBUG 26535 --- [PruebaT] [           main] o.h.q.sqm.function.SqmFunctionRegistry   : Registering alternate key : local datetime -> local_datetime
2024-08-03T22:28:58.996-05:00 DEBUG 26535 --- [PruebaT] [           main] o.h.q.sqm.function.SqmFunctionRegistry   : Registering alternate key : offset datetime -> offset_datetime
2024-08-03T22:28:58.996-05:00 DEBUG 26535 --- [PruebaT] [           main] o.h.q.sqm.function.SqmFunctionRegistry   : Registered SqmFunctionTemplate [org.hibernate.dialect.function.CurrentFunction@1bcb8599] under instant; prior registration was null
2024-08-03T22:28:58.996-05:00 DEBUG 26535 --- [PruebaT] [           main] o.h.q.sqm.function.SqmFunctionRegistry   : Registering alternate key : current_instant -> instant
2024-08-03T22:28:58.996-05:00 DEBUG 26535 --- [PruebaT] [           main] o.h.q.sqm.function.SqmFunctionRegistry   : Registered SqmFunctionTemplate [org.hibernate.dialect.function.SqlFunction@1c0680b0] under sql; prior registration was null
2024-08-03T22:28:58.996-05:00 DEBUG 26535 --- [PruebaT] [           main] o.h.q.sqm.function.SqmFunctionRegistry   : Registered SqmFunctionTemplate [NamedSqmFunctionTemplate(max)] under max; prior registration was NamedSqmFunctionTemplate(max)
2024-08-03T22:28:58.996-05:00 DEBUG 26535 --- [PruebaT] [           main] o.h.q.sqm.function.SqmFunctionRegistry   : Registered SqmFunctionTemplate [NamedSqmFunctionTemplate(min)] under min; prior registration was NamedSqmFunctionTemplate(min)
2024-08-03T22:28:58.996-05:00 DEBUG 26535 --- [PruebaT] [           main] o.h.q.sqm.function.SqmFunctionRegistry   : Registered SqmFunctionTemplate [NamedSqmFunctionTemplate(sum)] under sum; prior registration was NamedSqmFunctionTemplate(sum)
2024-08-03T22:28:58.996-05:00 DEBUG 26535 --- [PruebaT] [           main] o.h.q.sqm.function.SqmFunctionRegistry   : Registered SqmFunctionTemplate [NamedSqmFunctionTemplate(avg)] under avg; prior registration was NamedSqmFunctionTemplate(avg)
2024-08-03T22:28:58.996-05:00 DEBUG 26535 --- [PruebaT] [           main] o.h.q.sqm.function.SqmFunctionRegistry   : Registered SqmFunctionTemplate [org.hibernate.dialect.function.CountFunction@2f3cd727] under count; prior registration was org.hibernate.dialect.function.CountFunction@2dd2ff87
2024-08-03T22:28:58.997-05:00 DEBUG 26535 --- [PruebaT] [           main] o.h.q.sqm.function.SqmFunctionRegistry   : Registered SqmFunctionTemplate [org.hibernate.dialect.function.AvgFunction@11dbcb3b] under avg; prior registration was NamedSqmFunctionTemplate(avg)
2024-08-03T22:28:58.997-05:00 DEBUG 26535 --- [PruebaT] [           main] o.h.q.sqm.function.SqmFunctionRegistry   : Registered SqmFunctionTemplate [NamedSqmFunctionTemplate(pi)] under pi; prior registration was org.hibernate.query.sqm.function.PatternBasedSqmFunctionDescriptor@756200d1
2024-08-03T22:28:58.997-05:00 DEBUG 26535 --- [PruebaT] [           main] o.h.q.sqm.function.SqmFunctionRegistry   : Registered SqmFunctionTemplate [NamedSqmFunctionTemplate(cot)] under cot; prior registration was null
2024-08-03T22:28:58.997-05:00 DEBUG 26535 --- [PruebaT] [           main] o.h.q.sqm.function.SqmFunctionRegistry   : Registered SqmFunctionTemplate [NamedSqmFunctionTemplate(radians)] under radians; prior registration was null
2024-08-03T22:28:58.997-05:00 DEBUG 26535 --- [PruebaT] [           main] o.h.q.sqm.function.SqmFunctionRegistry   : Registered SqmFunctionTemplate [NamedSqmFunctionTemplate(degrees)] under degrees; prior registration was null
2024-08-03T22:28:58.997-05:00 DEBUG 26535 --- [PruebaT] [           main] o.h.q.sqm.function.SqmFunctionRegistry   : Registered SqmFunctionTemplate [NamedSqmFunctionTemplate(log10)] under log10; prior registration was null
2024-08-03T22:28:58.997-05:00 DEBUG 26535 --- [PruebaT] [           main] o.h.q.sqm.function.SqmFunctionRegistry   : Registered SqmFunctionTemplate [org.hibernate.query.sqm.function.PatternBasedSqmFunctionDescriptor@4aa517c3] under mod; prior registration was NamedSqmFunctionTemplate(mod)
2024-08-03T22:28:58.997-05:00 DEBUG 26535 --- [PruebaT] [           main] o.h.q.sqm.function.SqmFunctionRegistry   : Registered SqmFunctionTemplate [NamedSqmFunctionTemplate(rand)] under rand; prior registration was null
2024-08-03T22:28:58.997-05:00 DEBUG 26535 --- [PruebaT] [           main] o.h.q.sqm.function.SqmFunctionRegistry   : Registered SqmFunctionTemplate [NamedSqmFunctionTemplate(soundex)] under soundex; prior registration was null
2024-08-03T22:28:58.997-05:00 DEBUG 26535 --- [PruebaT] [           main] o.h.q.sqm.function.SqmFunctionRegistry   : Registered SqmFunctionTemplate [NamedSqmFunctionTemplate(translate)] under translate; prior registration was null
2024-08-03T22:28:58.997-05:00 DEBUG 26535 --- [PruebaT] [           main] o.h.q.sqm.function.SqmFunctionRegistry   : Registered SqmFunctionTemplate [NamedSqmFunctionTemplate(bitand)] under bitand; prior registration was null
2024-08-03T22:28:58.997-05:00 DEBUG 26535 --- [PruebaT] [           main] o.h.q.sqm.function.SqmFunctionRegistry   : Registered SqmFunctionTemplate [NamedSqmFunctionTemplate(bitor)] under bitor; prior registration was null
2024-08-03T22:28:58.997-05:00 DEBUG 26535 --- [PruebaT] [           main] o.h.q.sqm.function.SqmFunctionRegistry   : Registered SqmFunctionTemplate [NamedSqmFunctionTemplate(bitxor)] under bitxor; prior registration was null
2024-08-03T22:28:58.997-05:00 DEBUG 26535 --- [PruebaT] [           main] o.h.q.sqm.function.SqmFunctionRegistry   : Registered SqmFunctionTemplate [NamedSqmFunctionTemplate(bitnot)] under bitnot; prior registration was null
2024-08-03T22:28:58.997-05:00 DEBUG 26535 --- [PruebaT] [           main] o.h.q.sqm.function.SqmFunctionRegistry   : Registered SqmFunctionTemplate [NamedSqmFunctionTemplate(bit_and)] under bit_and; prior registration was null
2024-08-03T22:28:58.997-05:00 DEBUG 26535 --- [PruebaT] [           main] o.h.q.sqm.function.SqmFunctionRegistry   : Registered SqmFunctionTemplate [NamedSqmFunctionTemplate(bit_or)] under bit_or; prior registration was null
2024-08-03T22:28:58.997-05:00 DEBUG 26535 --- [PruebaT] [           main] o.h.q.sqm.function.SqmFunctionRegistry   : Registered SqmFunctionTemplate [NamedSqmFunctionTemplate(day)] under day; prior registration was null
2024-08-03T22:28:58.997-05:00 DEBUG 26535 --- [PruebaT] [           main] o.h.q.sqm.function.SqmFunctionRegistry   : Registered SqmFunctionTemplate [NamedSqmFunctionTemplate(month)] under month; prior registration was null
2024-08-03T22:28:58.997-05:00 DEBUG 26535 --- [PruebaT] [           main] o.h.q.sqm.function.SqmFunctionRegistry   : Registered SqmFunctionTemplate [NamedSqmFunctionTemplate(year)] under year; prior registration was null
2024-08-03T22:28:58.997-05:00 DEBUG 26535 --- [PruebaT] [           main] o.h.q.sqm.function.SqmFunctionRegistry   : Registered SqmFunctionTemplate [NamedSqmFunctionTemplate(hour)] under hour; prior registration was null
2024-08-03T22:28:58.997-05:00 DEBUG 26535 --- [PruebaT] [           main] o.h.q.sqm.function.SqmFunctionRegistry   : Registered SqmFunctionTemplate [NamedSqmFunctionTemplate(minute)] under minute; prior registration was null
2024-08-03T22:28:58.997-05:00 DEBUG 26535 --- [PruebaT] [           main] o.h.q.sqm.function.SqmFunctionRegistry   : Registered SqmFunctionTemplate [NamedSqmFunctionTemplate(second)] under second; prior registration was null
2024-08-03T22:28:58.997-05:00 DEBUG 26535 --- [PruebaT] [           main] o.h.q.sqm.function.SqmFunctionRegistry   : Registered SqmFunctionTemplate [NamedSqmFunctionTemplate(microsecond)] under microsecond; prior registration was null
2024-08-03T22:28:58.997-05:00 DEBUG 26535 --- [PruebaT] [           main] o.h.q.sqm.function.SqmFunctionRegistry   : Registered SqmFunctionTemplate [NamedSqmFunctionTemplate(day_of_week)] under day_of_week; prior registration was null
2024-08-03T22:28:58.997-05:00 DEBUG 26535 --- [PruebaT] [           main] o.h.q.sqm.function.SqmFunctionRegistry   : Registered SqmFunctionTemplate [NamedSqmFunctionTemplate(day_of_month)] under day_of_month; prior registration was null
2024-08-03T22:28:58.997-05:00 DEBUG 26535 --- [PruebaT] [           main] o.h.q.sqm.function.SqmFunctionRegistry   : Registering alternate key : day -> day_of_month
2024-08-03T22:28:58.997-05:00 DEBUG 26535 --- [PruebaT] [           main] o.h.q.sqm.function.SqmFunctionRegistry   : Registered SqmFunctionTemplate [NamedSqmFunctionTemplate(day_of_year)] under day_of_year; prior registration was null
2024-08-03T22:28:58.997-05:00 DEBUG 26535 --- [PruebaT] [           main] o.h.q.sqm.function.SqmFunctionRegistry   : Registered SqmFunctionTemplate [NamedSqmFunctionTemplate(week)] under week; prior registration was null
2024-08-03T22:28:58.997-05:00 DEBUG 26535 --- [PruebaT] [           main] o.h.q.sqm.function.SqmFunctionRegistry   : Registered SqmFunctionTemplate [NamedSqmFunctionTemplate(quarter)] under quarter; prior registration was null
2024-08-03T22:28:58.997-05:00 DEBUG 26535 --- [PruebaT] [           main] o.h.q.sqm.function.SqmFunctionRegistry   : Registered SqmFunctionTemplate [NamedSqmFunctionTemplate(monthname)] under monthname; prior registration was null
2024-08-03T22:28:58.997-05:00 DEBUG 26535 --- [PruebaT] [           main] o.h.q.sqm.function.SqmFunctionRegistry   : Registered SqmFunctionTemplate [NamedSqmFunctionTemplate(dayname)] under dayname; prior registration was null
2024-08-03T22:28:58.997-05:00 DEBUG 26535 --- [PruebaT] [           main] o.h.q.sqm.function.SqmFunctionRegistry   : Registered SqmFunctionTemplate [NamedSqmFunctionTemplate(localtime)] under localtime; prior registration was null
2024-08-03T22:28:58.997-05:00 DEBUG 26535 --- [PruebaT] [           main] o.h.q.sqm.function.SqmFunctionRegistry   : Registered SqmFunctionTemplate [NamedSqmFunctionTemplate(localtimestamp)] under localtimestamp; prior registration was null
2024-08-03T22:28:58.997-05:00 DEBUG 26535 --- [PruebaT] [           main] o.h.q.sqm.function.SqmFunctionRegistry   : Registered SqmFunctionTemplate [NamedSqmFunctionTemplate(localtime)] under local_time; prior registration was org.hibernate.dialect.function.CurrentFunction@12404f9d
2024-08-03T22:28:58.997-05:00 DEBUG 26535 --- [PruebaT] [           main] o.h.q.sqm.function.SqmFunctionRegistry   : Registered SqmFunctionTemplate [NamedSqmFunctionTemplate(localtimestamp)] under local_datetime; prior registration was org.hibernate.dialect.function.CurrentFunction@3b42b729
2024-08-03T22:28:58.998-05:00 DEBUG 26535 --- [PruebaT] [           main] o.h.q.sqm.function.SqmFunctionRegistry   : Registered SqmFunctionTemplate [org.hibernate.dialect.function.TruncFunction@1f547af8] under trunc; prior registration was null
2024-08-03T22:28:58.998-05:00 DEBUG 26535 --- [PruebaT] [           main] o.h.q.sqm.function.SqmFunctionRegistry   : Registering alternate key : truncate -> trunc
2024-08-03T22:28:58.998-05:00 DEBUG 26535 --- [PruebaT] [           main] o.h.q.sqm.function.SqmFunctionRegistry   : Registered SqmFunctionTemplate [org.hibernate.query.sqm.function.PatternBasedSqmFunctionDescriptor@4caf875c] under date_trunc; prior registration was null
2024-08-03T22:28:58.998-05:00 DEBUG 26535 --- [PruebaT] [           main] o.h.q.sqm.function.SqmFunctionRegistry   : Registered SqmFunctionTemplate [NamedSqmFunctionTemplate(bit_length)] under bit_length; prior registration was null
2024-08-03T22:28:58.998-05:00 DEBUG 26535 --- [PruebaT] [           main] o.h.q.sqm.function.SqmFunctionRegistry   : Registered SqmFunctionTemplate [NamedSqmFunctionTemplate(octet_length)] under octet_length; prior registration was null
2024-08-03T22:28:58.998-05:00 DEBUG 26535 --- [PruebaT] [           main] o.h.q.sqm.function.SqmFunctionRegistry   : Registered SqmFunctionTemplate [NamedSqmFunctionTemplate(ascii)] under ascii; prior registration was null
2024-08-03T22:28:58.998-05:00 DEBUG 26535 --- [PruebaT] [           main] o.h.q.sqm.function.SqmFunctionRegistry   : Registered SqmFunctionTemplate [NamedSqmFunctionTemplate(octet_length)] under octet_length; prior registration was NamedSqmFunctionTemplate(octet_length)
2024-08-03T22:28:58.998-05:00 DEBUG 26535 --- [PruebaT] [           main] o.h.q.sqm.function.SqmFunctionRegistry   : Registered SqmFunctionTemplate [NamedSqmFunctionTemplate(space)] under space; prior registration was null
2024-08-03T22:28:58.998-05:00 DEBUG 26535 --- [PruebaT] [           main] o.h.q.sqm.function.SqmFunctionRegistry   : Registered SqmFunctionTemplate [NamedSqmFunctionTemplate(repeat)] under repeat; prior registration was null
2024-08-03T22:28:58.999-05:00 DEBUG 26535 --- [PruebaT] [           main] o.h.q.sqm.function.SqmFunctionRegistry   : Registered SqmFunctionTemplate [NamedSqmFunctionTemplate(char)] under char; prior registration was null
2024-08-03T22:28:58.999-05:00 DEBUG 26535 --- [PruebaT] [           main] o.h.q.sqm.function.SqmFunctionRegistry   : Registering alternate key : chr -> char
2024-08-03T22:28:58.999-05:00 DEBUG 26535 --- [PruebaT] [           main] o.h.q.sqm.function.SqmFunctionRegistry   : Registered SqmFunctionTemplate [NamedSqmFunctionTemplate(instr)] under instr; prior registration was null
2024-08-03T22:28:58.999-05:00 DEBUG 26535 --- [PruebaT] [           main] o.h.q.sqm.function.SqmFunctionRegistry   : Registered SqmFunctionTemplate [NamedSqmFunctionTemplate(substr)] under substr; prior registration was null
2024-08-03T22:28:58.999-05:00 DEBUG 26535 --- [PruebaT] [           main] o.h.q.sqm.function.SqmFunctionRegistry   : Registered SqmFunctionTemplate [org.hibernate.query.sqm.function.PatternBasedSqmFunctionDescriptor@5d15789f] under position; prior registration was org.hibernate.dialect.function.LocatePositionEmulation@79135a38
2024-08-03T22:28:58.999-05:00 DEBUG 26535 --- [PruebaT] [           main] o.h.q.sqm.function.SqmFunctionRegistry   : Registered SqmFunctionTemplate [NamedSqmFunctionTemplate(ltrim)] under ltrim; prior registration was null
2024-08-03T22:28:58.999-05:00 DEBUG 26535 --- [PruebaT] [           main] o.h.q.sqm.function.SqmFunctionRegistry   : Registered SqmFunctionTemplate [NamedSqmFunctionTemplate(rtrim)] under rtrim; prior registration was null
2024-08-03T22:28:58.999-05:00 DEBUG 26535 --- [PruebaT] [           main] o.h.q.sqm.function.SqmFunctionRegistry   : Registered SqmFunctionTemplate [org.hibernate.query.sqm.function.PatternBasedSqmFunctionDescriptor@5abb7a8f] under concat; prior registration was NamedSqmFunctionTemplate(concat)
2024-08-03T22:28:58.999-05:00 DEBUG 26535 --- [PruebaT] [           main] o.h.q.sqm.function.SqmFunctionRegistry   : Registered SqmFunctionTemplate [NamedSqmFunctionTemplate(curtime)] under curtime; prior registration was null
2024-08-03T22:28:58.999-05:00 DEBUG 26535 --- [PruebaT] [           main] o.h.q.sqm.function.SqmFunctionRegistry   : Registered SqmFunctionTemplate [NamedSqmFunctionTemplate(curdate)] under curdate; prior registration was null
2024-08-03T22:28:58.999-05:00 DEBUG 26535 --- [PruebaT] [           main] o.h.q.sqm.function.SqmFunctionRegistry   : Registered SqmFunctionTemplate [NamedSqmFunctionTemplate(now)] under now; prior registration was null
2024-08-03T22:28:58.999-05:00 DEBUG 26535 --- [PruebaT] [           main] o.h.q.sqm.function.SqmFunctionRegistry   : Registered SqmFunctionTemplate [NamedSqmFunctionTemplate(sysdate)] under sysdate; prior registration was null
2024-08-03T22:28:58.999-05:00 DEBUG 26535 --- [PruebaT] [           main] o.h.q.sqm.function.SqmFunctionRegistry   : Registered SqmFunctionTemplate [NamedSqmFunctionTemplate(insert)] under insert; prior registration was null
2024-08-03T22:28:58.999-05:00 DEBUG 26535 --- [PruebaT] [           main] o.h.q.sqm.function.SqmFunctionRegistry   : Registered SqmFunctionTemplate [NamedSqmFunctionTemplate(bool_and)] under bool_and; prior registration was null
2024-08-03T22:28:58.999-05:00 DEBUG 26535 --- [PruebaT] [           main] o.h.q.sqm.function.SqmFunctionRegistry   : Registering alternate key : every -> bool_and
2024-08-03T22:28:58.999-05:00 DEBUG 26535 --- [PruebaT] [           main] o.h.q.sqm.function.SqmFunctionRegistry   : Registered SqmFunctionTemplate [NamedSqmFunctionTemplate(bool_or)] under bool_or; prior registration was null
2024-08-03T22:28:58.999-05:00 DEBUG 26535 --- [PruebaT] [           main] o.h.q.sqm.function.SqmFunctionRegistry   : Registering alternate key : any -> bool_or
2024-08-03T22:28:58.999-05:00 DEBUG 26535 --- [PruebaT] [           main] o.h.q.sqm.function.SqmFunctionRegistry   : Registered SqmFunctionTemplate [NamedSqmFunctionTemplate(median)] under median; prior registration was null
2024-08-03T22:28:58.999-05:00 DEBUG 26535 --- [PruebaT] [           main] o.h.q.sqm.function.SqmFunctionRegistry   : Registered SqmFunctionTemplate [NamedSqmFunctionTemplate(stddev_pop)] under stddev_pop; prior registration was null
2024-08-03T22:28:58.999-05:00 DEBUG 26535 --- [PruebaT] [           main] o.h.q.sqm.function.SqmFunctionRegistry   : Registered SqmFunctionTemplate [NamedSqmFunctionTemplate(stddev_samp)] under stddev_samp; prior registration was null
2024-08-03T22:28:58.999-05:00 DEBUG 26535 --- [PruebaT] [           main] o.h.q.sqm.function.SqmFunctionRegistry   : Registered SqmFunctionTemplate [NamedSqmFunctionTemplate(var_pop)] under var_pop; prior registration was null
2024-08-03T22:28:58.999-05:00 DEBUG 26535 --- [PruebaT] [           main] o.h.q.sqm.function.SqmFunctionRegistry   : Registered SqmFunctionTemplate [NamedSqmFunctionTemplate(var_samp)] under var_samp; prior registration was null
2024-08-03T22:28:58.999-05:00 DEBUG 26535 --- [PruebaT] [           main] o.h.q.sqm.function.SqmFunctionRegistry   : Registered SqmFunctionTemplate [org.hibernate.dialect.function.FormatFunction@6684589a] under format; prior registration was org.hibernate.dialect.function.FormatFunction@24c84e65
2024-08-03T22:28:58.999-05:00 DEBUG 26535 --- [PruebaT] [           main] o.h.q.sqm.function.SqmFunctionRegistry   : Registered SqmFunctionTemplate [NamedSqmFunctionTemplate(rownum)] under rownum; prior registration was null
2024-08-03T22:28:58.999-05:00 DEBUG 26535 --- [PruebaT] [           main] o.h.q.sqm.function.SqmFunctionRegistry   : Registered SqmFunctionTemplate [NamedSqmFunctionTemplate(row_number)] under row_number; prior registration was null
2024-08-03T22:28:58.999-05:00 DEBUG 26535 --- [PruebaT] [           main] o.h.q.sqm.function.SqmFunctionRegistry   : Registered SqmFunctionTemplate [NamedSqmFunctionTemplate(lag)] under lag; prior registration was null
2024-08-03T22:28:58.999-05:00 DEBUG 26535 --- [PruebaT] [           main] o.h.q.sqm.function.SqmFunctionRegistry   : Registered SqmFunctionTemplate [NamedSqmFunctionTemplate(lead)] under lead; prior registration was null
2024-08-03T22:28:58.999-05:00 DEBUG 26535 --- [PruebaT] [           main] o.h.q.sqm.function.SqmFunctionRegistry   : Registered SqmFunctionTemplate [NamedSqmFunctionTemplate(first_value)] under first_value; prior registration was null
2024-08-03T22:28:58.999-05:00 DEBUG 26535 --- [PruebaT] [           main] o.h.q.sqm.function.SqmFunctionRegistry   : Registered SqmFunctionTemplate [NamedSqmFunctionTemplate(last_value)] under last_value; prior registration was null
2024-08-03T22:28:58.999-05:00 DEBUG 26535 --- [PruebaT] [           main] o.h.q.sqm.function.SqmFunctionRegistry   : Registered SqmFunctionTemplate [NamedSqmFunctionTemplate(nth_value)] under nth_value; prior registration was null
2024-08-03T22:28:58.999-05:00 DEBUG 26535 --- [PruebaT] [           main] o.h.q.sqm.function.SqmFunctionRegistry   : Registered SqmFunctionTemplate [org.hibernate.dialect.function.ListaggFunction@3e2578ea] under listagg; prior registration was null
2024-08-03T22:28:59.000-05:00 DEBUG 26535 --- [PruebaT] [           main] o.h.q.sqm.function.SqmFunctionRegistry   : Registered SqmFunctionTemplate [org.hibernate.dialect.function.InverseDistributionFunction@5c0272e0] under mode; prior registration was null
2024-08-03T22:28:59.000-05:00 DEBUG 26535 --- [PruebaT] [           main] o.h.q.sqm.function.SqmFunctionRegistry   : Registered SqmFunctionTemplate [org.hibernate.dialect.function.InverseDistributionFunction@60c4cf2b] under percentile_cont; prior registration was null
2024-08-03T22:28:59.000-05:00 DEBUG 26535 --- [PruebaT] [           main] o.h.q.sqm.function.SqmFunctionRegistry   : Registered SqmFunctionTemplate [org.hibernate.dialect.function.InverseDistributionFunction@774304ca] under percentile_disc; prior registration was null
2024-08-03T22:28:59.000-05:00 DEBUG 26535 --- [PruebaT] [           main] o.h.q.sqm.function.SqmFunctionRegistry   : Registered SqmFunctionTemplate [org.hibernate.dialect.function.HypotheticalSetFunction@65a80fdb] under rank; prior registration was null
2024-08-03T22:28:59.000-05:00 DEBUG 26535 --- [PruebaT] [           main] o.h.q.sqm.function.SqmFunctionRegistry   : Registered SqmFunctionTemplate [org.hibernate.dialect.function.HypotheticalSetFunction@79e90571] under dense_rank; prior registration was null
2024-08-03T22:28:59.000-05:00 DEBUG 26535 --- [PruebaT] [           main] o.h.q.sqm.function.SqmFunctionRegistry   : Registered SqmFunctionTemplate [org.hibernate.dialect.function.HypotheticalSetFunction@7d551ec6] under percent_rank; prior registration was null
2024-08-03T22:28:59.000-05:00 DEBUG 26535 --- [PruebaT] [           main] o.h.q.sqm.function.SqmFunctionRegistry   : Registered SqmFunctionTemplate [org.hibernate.dialect.function.HypotheticalSetFunction@6614ecca] under cume_dist; prior registration was null
2024-08-03T22:28:59.001-05:00 DEBUG 26535 --- [PruebaT] [           main] o.h.q.sqm.function.SqmFunctionRegistry   : Registered SqmFunctionTemplate [org.hibernate.dialect.function.array.ArrayConstructorFunction@7cbe3a05] under array; prior registration was null
2024-08-03T22:28:59.001-05:00 DEBUG 26535 --- [PruebaT] [           main] o.h.q.sqm.function.SqmFunctionRegistry   : Registered SqmFunctionTemplate [org.hibernate.dialect.function.array.ArrayConstructorFunction@40b70f31] under array_list; prior registration was null
2024-08-03T22:28:59.001-05:00 DEBUG 26535 --- [PruebaT] [           main] o.h.q.sqm.function.SqmFunctionRegistry   : Registered SqmFunctionTemplate [org.hibernate.dialect.function.array.ArrayAggFunction@b3004e] under array_agg; prior registration was null
2024-08-03T22:28:59.002-05:00 DEBUG 26535 --- [PruebaT] [           main] o.h.q.sqm.function.SqmFunctionRegistry   : Registered SqmFunctionTemplate [org.hibernate.dialect.function.array.H2ArrayPositionFunction@4ebed2b3] under array_position; prior registration was null
2024-08-03T22:28:59.004-05:00 DEBUG 26535 --- [PruebaT] [           main] o.h.q.sqm.function.SqmFunctionRegistry   : Registered SqmFunctionTemplate [org.hibernate.dialect.function.array.H2ArrayPositionsFunction@29ccab93] under array_positions; prior registration was null
2024-08-03T22:28:59.004-05:00 DEBUG 26535 --- [PruebaT] [           main] o.h.q.sqm.function.SqmFunctionRegistry   : Registered SqmFunctionTemplate [org.hibernate.dialect.function.array.H2ArrayPositionsFunction@6cb662e8] under array_positions_list; prior registration was null
2024-08-03T22:28:59.004-05:00 DEBUG 26535 --- [PruebaT] [           main] o.h.q.sqm.function.SqmFunctionRegistry   : Registered SqmFunctionTemplate [org.hibernate.query.sqm.function.PatternBasedSqmFunctionDescriptor@13f2d42c] under array_length; prior registration was null
2024-08-03T22:28:59.005-05:00 DEBUG 26535 --- [PruebaT] [           main] o.h.q.sqm.function.SqmFunctionRegistry   : Registered SqmFunctionTemplate [org.hibernate.dialect.function.array.ArrayConcatFunction@61288814] under array_concat; prior registration was null
2024-08-03T22:28:59.005-05:00 DEBUG 26535 --- [PruebaT] [           main] o.h.q.sqm.function.SqmFunctionRegistry   : Registered SqmFunctionTemplate [org.hibernate.dialect.function.array.ArrayConcatElementFunction@7f894a6f] under array_prepend; prior registration was null
2024-08-03T22:28:59.005-05:00 DEBUG 26535 --- [PruebaT] [           main] o.h.q.sqm.function.SqmFunctionRegistry   : Registered SqmFunctionTemplate [org.hibernate.dialect.function.array.ArrayConcatElementFunction@3d05435c] under array_append; prior registration was null
2024-08-03T22:28:59.005-05:00 DEBUG 26535 --- [PruebaT] [           main] o.h.q.sqm.function.SqmFunctionRegistry   : Registered SqmFunctionTemplate [org.hibernate.dialect.function.array.H2ArrayContainsFunction@37e64e37] under array_contains; prior registration was null
2024-08-03T22:28:59.005-05:00 DEBUG 26535 --- [PruebaT] [           main] o.h.q.sqm.function.SqmFunctionRegistry   : Registered SqmFunctionTemplate [org.hibernate.dialect.function.array.H2ArrayContainsFunction@31204303] under array_contains_nullable; prior registration was null
2024-08-03T22:28:59.005-05:00 DEBUG 26535 --- [PruebaT] [onnection adder] com.zaxxer.hikari.pool.HikariPool        : HikariPool-1 - After adding stats (total=4, active=0, idle=4, waiting=0)
2024-08-03T22:28:59.005-05:00 DEBUG 26535 --- [PruebaT] [           main] o.h.q.sqm.function.SqmFunctionRegistry   : Registered SqmFunctionTemplate [org.hibernate.dialect.function.array.H2ArrayOverlapsFunction@639948a2] under array_overlaps; prior registration was null
2024-08-03T22:28:59.006-05:00 DEBUG 26535 --- [PruebaT] [           main] o.h.q.sqm.function.SqmFunctionRegistry   : Registered SqmFunctionTemplate [org.hibernate.dialect.function.array.H2ArrayOverlapsFunction@416d90f0] under array_overlaps_nullable; prior registration was null
2024-08-03T22:28:59.006-05:00 DEBUG 26535 --- [PruebaT] [onnection adder] com.zaxxer.hikari.pool.HikariPool        : HikariPool-1 - Added connection conn4: url=jdbc:h2:mem:testdb user=SA
2024-08-03T22:28:59.006-05:00 DEBUG 26535 --- [PruebaT] [           main] o.h.q.sqm.function.SqmFunctionRegistry   : Registered SqmFunctionTemplate [org.hibernate.query.sqm.function.PatternBasedSqmFunctionDescriptor@9d2af36] under array_get; prior registration was null
2024-08-03T22:28:59.006-05:00 DEBUG 26535 --- [PruebaT] [           main] o.h.q.sqm.function.SqmFunctionRegistry   : Registered SqmFunctionTemplate [org.hibernate.dialect.function.array.H2ArraySetFunction@1feb76b9] under array_set; prior registration was null
2024-08-03T22:28:59.006-05:00 DEBUG 26535 --- [PruebaT] [           main] o.h.q.sqm.function.SqmFunctionRegistry   : Registered SqmFunctionTemplate [org.hibernate.dialect.function.array.H2ArrayRemoveFunction@2cacd55e] under array_remove; prior registration was null
2024-08-03T22:28:59.006-05:00 DEBUG 26535 --- [PruebaT] [           main] o.h.q.sqm.function.SqmFunctionRegistry   : Registered SqmFunctionTemplate [org.hibernate.dialect.function.array.H2ArrayRemoveIndexFunction@121dce2] under array_remove_index; prior registration was null
2024-08-03T22:28:59.006-05:00 DEBUG 26535 --- [PruebaT] [           main] o.h.q.sqm.function.SqmFunctionRegistry   : Registered SqmFunctionTemplate [org.hibernate.query.sqm.function.PatternBasedSqmFunctionDescriptor@6df31abf] under array_slice; prior registration was null
2024-08-03T22:28:59.006-05:00 DEBUG 26535 --- [PruebaT] [           main] o.h.q.sqm.function.SqmFunctionRegistry   : Registered SqmFunctionTemplate [org.hibernate.dialect.function.array.H2ArrayReplaceFunction@14d1032a] under array_replace; prior registration was null
2024-08-03T22:28:59.006-05:00 DEBUG 26535 --- [PruebaT] [           main] o.h.q.sqm.function.SqmFunctionRegistry   : Registered SqmFunctionTemplate [org.hibernate.query.sqm.function.PatternBasedSqmFunctionDescriptor@414e8b31] under array_trim; prior registration was null
2024-08-03T22:28:59.007-05:00 DEBUG 26535 --- [PruebaT] [           main] o.h.q.sqm.function.SqmFunctionRegistry   : Registered SqmFunctionTemplate [org.hibernate.dialect.function.array.H2ArrayFillFunction@5ca86715] under array_fill; prior registration was null
2024-08-03T22:28:59.007-05:00 DEBUG 26535 --- [PruebaT] [           main] o.h.q.sqm.function.SqmFunctionRegistry   : Registered SqmFunctionTemplate [org.hibernate.dialect.function.array.H2ArrayFillFunction@53d808ea] under array_fill_list; prior registration was null
2024-08-03T22:28:59.007-05:00 DEBUG 26535 --- [PruebaT] [           main] o.h.q.sqm.function.SqmFunctionRegistry   : Registered SqmFunctionTemplate [org.hibernate.dialect.function.array.H2ArrayToStringFunction@404dc999] under array_to_string; prior registration was null
2024-08-03T22:28:59.008-05:00 DEBUG 26535 --- [PruebaT] [           main] org.hibernate.HQL_FUNCTIONS              : abs(NUMERIC arg)
2024-08-03T22:28:59.008-05:00 DEBUG 26535 --- [PruebaT] [           main] org.hibernate.HQL_FUNCTIONS              : Double acos(NUMERIC arg)
2024-08-03T22:28:59.008-05:00 DEBUG 26535 --- [PruebaT] [           main] org.hibernate.HQL_FUNCTIONS              : Boolean any(BOOLEAN predicate)
2024-08-03T22:28:59.008-05:00 DEBUG 26535 --- [PruebaT] [           main] org.hibernate.HQL_FUNCTIONS              : array( ... )
2024-08-03T22:28:59.008-05:00 DEBUG 26535 --- [PruebaT] [           main] org.hibernate.HQL_FUNCTIONS              : array_agg(arg)
2024-08-03T22:28:59.008-05:00 DEBUG 26535 --- [PruebaT] [           main] org.hibernate.HQL_FUNCTIONS              : array_append( ... )
2024-08-03T22:28:59.008-05:00 DEBUG 26535 --- [PruebaT] [           main] org.hibernate.HQL_FUNCTIONS              : array_concat( ... )
2024-08-03T22:28:59.008-05:00 DEBUG 26535 --- [PruebaT] [           main] org.hibernate.HQL_FUNCTIONS              : Boolean array_contains(ARRAY haystackArray, OBJECT needleElementOrArray)
2024-08-03T22:28:59.008-05:00 DEBUG 26535 --- [PruebaT] [           main] org.hibernate.HQL_FUNCTIONS              : Boolean array_contains_nullable(ARRAY haystackArray, OBJECT needleElementOrArray)
2024-08-03T22:28:59.008-05:00 DEBUG 26535 --- [PruebaT] [           main] org.hibernate.HQL_FUNCTIONS              : array_fill(OBJECT element, INTEGER elementCount)
2024-08-03T22:28:59.008-05:00 DEBUG 26535 --- [PruebaT] [           main] org.hibernate.HQL_FUNCTIONS              : array_fill_list(OBJECT element, INTEGER elementCount)
2024-08-03T22:28:59.008-05:00 DEBUG 26535 --- [PruebaT] [           main] org.hibernate.HQL_FUNCTIONS              : array_get(ARRAY array, INTEGER index)
2024-08-03T22:28:59.008-05:00 DEBUG 26535 --- [PruebaT] [           main] org.hibernate.HQL_FUNCTIONS              : Integer array_length(ARRAY array)
2024-08-03T22:28:59.008-05:00 DEBUG 26535 --- [PruebaT] [           main] org.hibernate.HQL_FUNCTIONS              : array_list( ... )
2024-08-03T22:28:59.008-05:00 DEBUG 26535 --- [PruebaT] [           main] org.hibernate.HQL_FUNCTIONS              : Boolean array_overlaps(ARRAY array0, OBJECT array1)
2024-08-03T22:28:59.009-05:00 DEBUG 26535 --- [PruebaT] [           main] org.hibernate.HQL_FUNCTIONS              : Boolean array_overlaps_nullable(ARRAY array0, OBJECT array1)
2024-08-03T22:28:59.009-05:00 DEBUG 26535 --- [PruebaT] [           main] org.hibernate.HQL_FUNCTIONS              : Integer array_position(ARRAY array, OBJECT element[, INTEGER startPosition])
2024-08-03T22:28:59.009-05:00 DEBUG 26535 --- [PruebaT] [           main] org.hibernate.HQL_FUNCTIONS              : int[] array_positions(ARRAY array, OBJECT element)
2024-08-03T22:28:59.009-05:00 DEBUG 26535 --- [PruebaT] [           main] org.hibernate.HQL_FUNCTIONS              : List array_positions_list(ARRAY array, OBJECT element)
2024-08-03T22:28:59.009-05:00 DEBUG 26535 --- [PruebaT] [           main] org.hibernate.HQL_FUNCTIONS              : array_prepend( ... )
2024-08-03T22:28:59.009-05:00 DEBUG 26535 --- [PruebaT] [           main] org.hibernate.HQL_FUNCTIONS              : array_remove( ... )
2024-08-03T22:28:59.009-05:00 DEBUG 26535 --- [PruebaT] [           main] org.hibernate.HQL_FUNCTIONS              : array_remove_index( ... )
2024-08-03T22:28:59.009-05:00 DEBUG 26535 --- [PruebaT] [           main] org.hibernate.HQL_FUNCTIONS              : array_replace( ... )
2024-08-03T22:28:59.009-05:00 DEBUG 26535 --- [PruebaT] [           main] org.hibernate.HQL_FUNCTIONS              : array_set( ... )
2024-08-03T22:28:59.009-05:00 DEBUG 26535 --- [PruebaT] [           main] org.hibernate.HQL_FUNCTIONS              : array_slice(ARRAY array, INTEGER start, INTEGER end)
2024-08-03T22:28:59.009-05:00 DEBUG 26535 --- [PruebaT] [           main] org.hibernate.HQL_FUNCTIONS              : String array_to_string( ... )
2024-08-03T22:28:59.009-05:00 DEBUG 26535 --- [PruebaT] [           main] org.hibernate.HQL_FUNCTIONS              : array_trim(ARRAY array, INTEGER elementsToRemove)
2024-08-03T22:28:59.009-05:00 DEBUG 26535 --- [PruebaT] [           main] org.hibernate.HQL_FUNCTIONS              : Integer ascii(STRING arg)
2024-08-03T22:28:59.009-05:00 DEBUG 26535 --- [PruebaT] [           main] org.hibernate.HQL_FUNCTIONS              : Double asin(NUMERIC arg)
2024-08-03T22:28:59.009-05:00 DEBUG 26535 --- [PruebaT] [           main] org.hibernate.HQL_FUNCTIONS              : Double atan(NUMERIC arg)
2024-08-03T22:28:59.009-05:00 DEBUG 26535 --- [PruebaT] [           main] org.hibernate.HQL_FUNCTIONS              : Double atan2(NUMERIC arg0, NUMERIC arg1)
2024-08-03T22:28:59.009-05:00 DEBUG 26535 --- [PruebaT] [           main] org.hibernate.HQL_FUNCTIONS              : avg(NUMERIC arg)
2024-08-03T22:28:59.009-05:00 DEBUG 26535 --- [PruebaT] [           main] org.hibernate.HQL_FUNCTIONS              : bit_and(arg)
2024-08-03T22:28:59.009-05:00 DEBUG 26535 --- [PruebaT] [           main] org.hibernate.HQL_FUNCTIONS              : Integer bit_length(STRING_OR_CLOB arg)
2024-08-03T22:28:59.009-05:00 DEBUG 26535 --- [PruebaT] [           main] org.hibernate.HQL_FUNCTIONS              : bit_or(arg)
2024-08-03T22:28:59.009-05:00 DEBUG 26535 --- [PruebaT] [           main] org.hibernate.HQL_FUNCTIONS              : bitand(arg0, arg1)
2024-08-03T22:28:59.009-05:00 DEBUG 26535 --- [PruebaT] [           main] org.hibernate.HQL_FUNCTIONS              : bitnot(arg)
2024-08-03T22:28:59.009-05:00 DEBUG 26535 --- [PruebaT] [           main] org.hibernate.HQL_FUNCTIONS              : bitor(arg0, arg1)
2024-08-03T22:28:59.009-05:00 DEBUG 26535 --- [PruebaT] [           main] org.hibernate.HQL_FUNCTIONS              : bitxor(arg0, arg1)
2024-08-03T22:28:59.009-05:00 DEBUG 26535 --- [PruebaT] [           main] org.hibernate.HQL_FUNCTIONS              : Boolean bool_and(BOOLEAN predicate)
2024-08-03T22:28:59.009-05:00 DEBUG 26535 --- [PruebaT] [           main] org.hibernate.HQL_FUNCTIONS              : Boolean bool_or(BOOLEAN predicate)
2024-08-03T22:28:59.009-05:00 DEBUG 26535 --- [PruebaT] [           main] org.hibernate.HQL_FUNCTIONS              : cast(arg as Type)
2024-08-03T22:28:59.009-05:00 DEBUG 26535 --- [PruebaT] [           main] org.hibernate.HQL_FUNCTIONS              : ceiling(NUMERIC arg)
2024-08-03T22:28:59.009-05:00 DEBUG 26535 --- [PruebaT] [           main] org.hibernate.HQL_FUNCTIONS              : Character char(INTEGER arg)
2024-08-03T22:28:59.009-05:00 DEBUG 26535 --- [PruebaT] [           main] org.hibernate.HQL_FUNCTIONS              : Integer character_length(STRING_OR_CLOB arg)
2024-08-03T22:28:59.009-05:00 DEBUG 26535 --- [PruebaT] [           main] org.hibernate.HQL_FUNCTIONS              : Character chr(INTEGER arg)
2024-08-03T22:28:59.009-05:00 DEBUG 26535 --- [PruebaT] [           main] org.hibernate.HQL_FUNCTIONS              : coalesce(arg0[, arg1[, ...]])
2024-08-03T22:28:59.009-05:00 DEBUG 26535 --- [PruebaT] [           main] org.hibernate.HQL_FUNCTIONS              : String collate(STRING string as COLLATION collation)
2024-08-03T22:28:59.009-05:00 DEBUG 26535 --- [PruebaT] [           main] org.hibernate.HQL_FUNCTIONS              : String concat(STRING string0[, STRING string1[, ...]])
2024-08-03T22:28:59.009-05:00 DEBUG 26535 --- [PruebaT] [           main] org.hibernate.HQL_FUNCTIONS              : Double cos(NUMERIC arg)
2024-08-03T22:28:59.009-05:00 DEBUG 26535 --- [PruebaT] [           main] org.hibernate.HQL_FUNCTIONS              : Double cosh(NUMERIC arg)
2024-08-03T22:28:59.009-05:00 DEBUG 26535 --- [PruebaT] [           main] org.hibernate.HQL_FUNCTIONS              : Double cot(NUMERIC arg)
2024-08-03T22:28:59.009-05:00 DEBUG 26535 --- [PruebaT] [           main] org.hibernate.HQL_FUNCTIONS              : Long count([distinct ]{arg|*})
2024-08-03T22:28:59.009-05:00 DEBUG 26535 --- [PruebaT] [           main] org.hibernate.HQL_FUNCTIONS              : Double cume_dist([arg0[, ...]])
2024-08-03T22:28:59.009-05:00 DEBUG 26535 --- [PruebaT] [           main] org.hibernate.HQL_FUNCTIONS              : Date curdate()
2024-08-03T22:28:59.009-05:00 DEBUG 26535 --- [PruebaT] [           main] org.hibernate.HQL_FUNCTIONS              : Date current date
2024-08-03T22:28:59.009-05:00 DEBUG 26535 --- [PruebaT] [           main] org.hibernate.HQL_FUNCTIONS              : Time current time
2024-08-03T22:28:59.009-05:00 DEBUG 26535 --- [PruebaT] [           main] org.hibernate.HQL_FUNCTIONS              : Timestamp current timestamp
2024-08-03T22:28:59.009-05:00 DEBUG 26535 --- [PruebaT] [           main] org.hibernate.HQL_FUNCTIONS              : Date current_date
2024-08-03T22:28:59.009-05:00 DEBUG 26535 --- [PruebaT] [           main] org.hibernate.HQL_FUNCTIONS              : Instant current_instant
2024-08-03T22:28:59.009-05:00 DEBUG 26535 --- [PruebaT] [           main] org.hibernate.HQL_FUNCTIONS              : Time current_time
2024-08-03T22:28:59.009-05:00 DEBUG 26535 --- [PruebaT] [           main] org.hibernate.HQL_FUNCTIONS              : Timestamp current_timestamp
2024-08-03T22:28:59.009-05:00 DEBUG 26535 --- [PruebaT] [           main] org.hibernate.HQL_FUNCTIONS              : Time curtime()
2024-08-03T22:28:59.009-05:00 DEBUG 26535 --- [PruebaT] [           main] org.hibernate.HQL_FUNCTIONS              : date_trunc(STRING field, TEMPORAL datetime)
2024-08-03T22:28:59.009-05:00 DEBUG 26535 --- [PruebaT] [           main] org.hibernate.HQL_FUNCTIONS              : dateadd(TEMPORAL_UNIT field, INTEGER magnitude, TEMPORAL datetime)
2024-08-03T22:28:59.009-05:00 DEBUG 26535 --- [PruebaT] [           main] org.hibernate.HQL_FUNCTIONS              : Long|Double datediff(TEMPORAL_UNIT field, TEMPORAL start, TEMPORAL end)
2024-08-03T22:28:59.009-05:00 DEBUG 26535 --- [PruebaT] [           main] org.hibernate.HQL_FUNCTIONS              : Integer day(DATE arg)
2024-08-03T22:28:59.009-05:00 DEBUG 26535 --- [PruebaT] [           main] org.hibernate.HQL_FUNCTIONS              : Integer day_of_month(DATE arg)
2024-08-03T22:28:59.009-05:00 DEBUG 26535 --- [PruebaT] [           main] org.hibernate.HQL_FUNCTIONS              : Integer day_of_week(DATE arg)
2024-08-03T22:28:59.009-05:00 DEBUG 26535 --- [PruebaT] [           main] org.hibernate.HQL_FUNCTIONS              : Integer day_of_year(DATE arg)
2024-08-03T22:28:59.009-05:00 DEBUG 26535 --- [PruebaT] [           main] org.hibernate.HQL_FUNCTIONS              : String dayname(DATE arg)
2024-08-03T22:28:59.009-05:00 DEBUG 26535 --- [PruebaT] [           main] org.hibernate.HQL_FUNCTIONS              : Double degrees(NUMERIC arg)
2024-08-03T22:28:59.009-05:00 DEBUG 26535 --- [PruebaT] [           main] org.hibernate.HQL_FUNCTIONS              : Long dense_rank([arg0[, ...]])
2024-08-03T22:28:59.009-05:00 DEBUG 26535 --- [PruebaT] [           main] org.hibernate.HQL_FUNCTIONS              : Boolean every(BOOLEAN predicate)
2024-08-03T22:28:59.009-05:00 DEBUG 26535 --- [PruebaT] [           main] org.hibernate.HQL_FUNCTIONS              : Double exp(NUMERIC arg)
2024-08-03T22:28:59.009-05:00 DEBUG 26535 --- [PruebaT] [           main] org.hibernate.HQL_FUNCTIONS              : extract(TEMPORAL_UNIT field from TEMPORAL arg)
2024-08-03T22:28:59.009-05:00 DEBUG 26535 --- [PruebaT] [           main] org.hibernate.HQL_FUNCTIONS              : first_valueANY value
2024-08-03T22:28:59.009-05:00 DEBUG 26535 --- [PruebaT] [           main] org.hibernate.HQL_FUNCTIONS              : floor(NUMERIC arg)
2024-08-03T22:28:59.009-05:00 DEBUG 26535 --- [PruebaT] [           main] org.hibernate.HQL_FUNCTIONS              : String format(TEMPORAL datetime as STRING pattern)
2024-08-03T22:28:59.009-05:00 DEBUG 26535 --- [PruebaT] [           main] org.hibernate.HQL_FUNCTIONS              : greatest(COMPARABLE arg0, COMPARABLE arg1[, arg2[, ...]])
2024-08-03T22:28:59.009-05:00 DEBUG 26535 --- [PruebaT] [           main] org.hibernate.HQL_FUNCTIONS              : Integer hour(TIME arg)
2024-08-03T22:28:59.009-05:00 DEBUG 26535 --- [PruebaT] [           main] org.hibernate.HQL_FUNCTIONS              : ifnull(arg0, arg1)
2024-08-03T22:28:59.009-05:00 DEBUG 26535 --- [PruebaT] [           main] org.hibernate.HQL_FUNCTIONS              : String insert(STRING string, INTEGER start, INTEGER length, STRING replacement)
2024-08-03T22:28:59.009-05:00 DEBUG 26535 --- [PruebaT] [           main] org.hibernate.HQL_FUNCTIONS              : Instant instant
2024-08-03T22:28:59.009-05:00 DEBUG 26535 --- [PruebaT] [           main] org.hibernate.HQL_FUNCTIONS              : Integer instr(STRING string, STRING pattern[, INTEGER start[, INTEGER occurrence]])
2024-08-03T22:28:59.009-05:00 DEBUG 26535 --- [PruebaT] [           main] org.hibernate.HQL_FUNCTIONS              : lagANY value[, INTEGER offset[, ANY default]]
2024-08-03T22:28:59.009-05:00 DEBUG 26535 --- [PruebaT] [           main] org.hibernate.HQL_FUNCTIONS              : last_valueANY value
2024-08-03T22:28:59.009-05:00 DEBUG 26535 --- [PruebaT] [           main] org.hibernate.HQL_FUNCTIONS              : leadANY value[, INTEGER offset[, ANY default]]
2024-08-03T22:28:59.009-05:00 DEBUG 26535 --- [PruebaT] [           main] org.hibernate.HQL_FUNCTIONS              : least(COMPARABLE arg0, COMPARABLE arg1[, arg2[, ...]])
2024-08-03T22:28:59.009-05:00 DEBUG 26535 --- [PruebaT] [           main] org.hibernate.HQL_FUNCTIONS              : String left(STRING string, INTEGER length)
2024-08-03T22:28:59.009-05:00 DEBUG 26535 --- [PruebaT] [           main] org.hibernate.HQL_FUNCTIONS              : Integer length(STRING_OR_CLOB arg)
2024-08-03T22:28:59.009-05:00 DEBUG 26535 --- [PruebaT] [           main] org.hibernate.HQL_FUNCTIONS              : String listagg(STRING arg0, STRING arg1)
2024-08-03T22:28:59.009-05:00 DEBUG 26535 --- [PruebaT] [           main] org.hibernate.HQL_FUNCTIONS              : Double ln(NUMERIC arg)
2024-08-03T22:28:59.009-05:00 DEBUG 26535 --- [PruebaT] [           main] org.hibernate.HQL_FUNCTIONS              : LocalDate local date
2024-08-03T22:28:59.009-05:00 DEBUG 26535 --- [PruebaT] [           main] org.hibernate.HQL_FUNCTIONS              : LocalDateTime local datetime
2024-08-03T22:28:59.009-05:00 DEBUG 26535 --- [PruebaT] [           main] org.hibernate.HQL_FUNCTIONS              : LocalTime local time
2024-08-03T22:28:59.009-05:00 DEBUG 26535 --- [PruebaT] [           main] org.hibernate.HQL_FUNCTIONS              : LocalDate local_date
2024-08-03T22:28:59.009-05:00 DEBUG 26535 --- [PruebaT] [           main] org.hibernate.HQL_FUNCTIONS              : LocalDateTime local_datetime
2024-08-03T22:28:59.009-05:00 DEBUG 26535 --- [PruebaT] [           main] org.hibernate.HQL_FUNCTIONS              : LocalTime local_time
2024-08-03T22:28:59.009-05:00 DEBUG 26535 --- [PruebaT] [           main] org.hibernate.HQL_FUNCTIONS              : Time localtime
2024-08-03T22:28:59.009-05:00 DEBUG 26535 --- [PruebaT] [           main] org.hibernate.HQL_FUNCTIONS              : Timestamp localtimestamp
2024-08-03T22:28:59.009-05:00 DEBUG 26535 --- [PruebaT] [           main] org.hibernate.HQL_FUNCTIONS              : Integer locate(STRING pattern, STRING string[, INTEGER start])
2024-08-03T22:28:59.009-05:00 DEBUG 26535 --- [PruebaT] [           main] org.hibernate.HQL_FUNCTIONS              : Double log(NUMERIC base, NUMERIC arg)
2024-08-03T22:28:59.009-05:00 DEBUG 26535 --- [PruebaT] [           main] org.hibernate.HQL_FUNCTIONS              : Double log10(NUMERIC arg)
2024-08-03T22:28:59.010-05:00 DEBUG 26535 --- [PruebaT] [           main] org.hibernate.HQL_FUNCTIONS              : String lower(STRING string)
2024-08-03T22:28:59.010-05:00 DEBUG 26535 --- [PruebaT] [           main] org.hibernate.HQL_FUNCTIONS              : String lpad(STRING string, INTEGER length[, STRING padding])
2024-08-03T22:28:59.010-05:00 DEBUG 26535 --- [PruebaT] [           main] org.hibernate.HQL_FUNCTIONS              : String ltrim(STRING string)
2024-08-03T22:28:59.010-05:00 DEBUG 26535 --- [PruebaT] [           main] org.hibernate.HQL_FUNCTIONS              : max(COMPARABLE arg)
2024-08-03T22:28:59.010-05:00 DEBUG 26535 --- [PruebaT] [           main] org.hibernate.HQL_FUNCTIONS              : Double median(NUMERIC arg)
2024-08-03T22:28:59.010-05:00 DEBUG 26535 --- [PruebaT] [           main] org.hibernate.HQL_FUNCTIONS              : Integer microsecond(TIME arg)
2024-08-03T22:28:59.010-05:00 DEBUG 26535 --- [PruebaT] [           main] org.hibernate.HQL_FUNCTIONS              : min(COMPARABLE arg)
2024-08-03T22:28:59.010-05:00 DEBUG 26535 --- [PruebaT] [           main] org.hibernate.HQL_FUNCTIONS              : Integer minute(TIME arg)
2024-08-03T22:28:59.010-05:00 DEBUG 26535 --- [PruebaT] [           main] org.hibernate.HQL_FUNCTIONS              : Integer mod(INTEGER arg0, INTEGER arg1)
2024-08-03T22:28:59.010-05:00 DEBUG 26535 --- [PruebaT] [           main] org.hibernate.HQL_FUNCTIONS              : mode()
2024-08-03T22:28:59.010-05:00 DEBUG 26535 --- [PruebaT] [           main] org.hibernate.HQL_FUNCTIONS              : Integer month(DATE arg)
2024-08-03T22:28:59.010-05:00 DEBUG 26535 --- [PruebaT] [           main] org.hibernate.HQL_FUNCTIONS              : String monthname(DATE arg)
2024-08-03T22:28:59.010-05:00 DEBUG 26535 --- [PruebaT] [           main] org.hibernate.HQL_FUNCTIONS              : Timestamp now()
2024-08-03T22:28:59.010-05:00 DEBUG 26535 --- [PruebaT] [           main] org.hibernate.HQL_FUNCTIONS              : nth_valueANY value, INTEGER nth
2024-08-03T22:28:59.010-05:00 DEBUG 26535 --- [PruebaT] [           main] org.hibernate.HQL_FUNCTIONS              : nullif(arg0, arg1)
2024-08-03T22:28:59.010-05:00 DEBUG 26535 --- [PruebaT] [           main] org.hibernate.HQL_FUNCTIONS              : Integer octet_length(STRING_OR_CLOB arg)
2024-08-03T22:28:59.010-05:00 DEBUG 26535 --- [PruebaT] [           main] org.hibernate.HQL_FUNCTIONS              : OffsetDateTime offset datetime
2024-08-03T22:28:59.010-05:00 DEBUG 26535 --- [PruebaT] [           main] org.hibernate.HQL_FUNCTIONS              : OffsetDateTime offset_datetime
2024-08-03T22:28:59.010-05:00 DEBUG 26535 --- [PruebaT] [           main] org.hibernate.HQL_FUNCTIONS              : String overlay(STRING string placing STRING replacement from INTEGER start[ for INTEGER length])
2024-08-03T22:28:59.010-05:00 DEBUG 26535 --- [PruebaT] [           main] org.hibernate.HQL_FUNCTIONS              : String pad(STRING string with INTEGER length {leading|trailing}[ STRING character])
2024-08-03T22:28:59.010-05:00 DEBUG 26535 --- [PruebaT] [           main] org.hibernate.HQL_FUNCTIONS              : Double percent_rank([arg0[, ...]])
2024-08-03T22:28:59.010-05:00 DEBUG 26535 --- [PruebaT] [           main] org.hibernate.HQL_FUNCTIONS              : percentile_cont(NUMERIC arg)
2024-08-03T22:28:59.010-05:00 DEBUG 26535 --- [PruebaT] [           main] org.hibernate.HQL_FUNCTIONS              : percentile_disc(NUMERIC arg)
2024-08-03T22:28:59.010-05:00 DEBUG 26535 --- [PruebaT] [           main] org.hibernate.HQL_FUNCTIONS              : Double pi
2024-08-03T22:28:59.010-05:00 DEBUG 26535 --- [PruebaT] [           main] org.hibernate.HQL_FUNCTIONS              : Integer position(STRING pattern in STRING string)
2024-08-03T22:28:59.010-05:00 DEBUG 26535 --- [PruebaT] [           main] org.hibernate.HQL_FUNCTIONS              : Double power(NUMERIC arg0, NUMERIC arg1)
2024-08-03T22:28:59.010-05:00 DEBUG 26535 --- [PruebaT] [           main] org.hibernate.HQL_FUNCTIONS              : Integer quarter(DATE arg)
2024-08-03T22:28:59.010-05:00 DEBUG 26535 --- [PruebaT] [           main] org.hibernate.HQL_FUNCTIONS              : Double radians(NUMERIC arg)
2024-08-03T22:28:59.010-05:00 DEBUG 26535 --- [PruebaT] [           main] org.hibernate.HQL_FUNCTIONS              : Double rand([INTEGER seed])
2024-08-03T22:28:59.010-05:00 DEBUG 26535 --- [PruebaT] [           main] org.hibernate.HQL_FUNCTIONS              : Long rank([arg0[, ...]])
2024-08-03T22:28:59.010-05:00 DEBUG 26535 --- [PruebaT] [           main] org.hibernate.HQL_FUNCTIONS              : String repeat(STRING string, INTEGER times)
2024-08-03T22:28:59.010-05:00 DEBUG 26535 --- [PruebaT] [           main] org.hibernate.HQL_FUNCTIONS              : String replace(STRING string, STRING pattern, STRING replacement)
2024-08-03T22:28:59.010-05:00 DEBUG 26535 --- [PruebaT] [           main] org.hibernate.HQL_FUNCTIONS              : String right(STRING string, INTEGER length)
2024-08-03T22:28:59.010-05:00 DEBUG 26535 --- [PruebaT] [           main] org.hibernate.HQL_FUNCTIONS              : round(NUMERIC number[, INTEGER places])
2024-08-03T22:28:59.010-05:00 DEBUG 26535 --- [PruebaT] [           main] org.hibernate.HQL_FUNCTIONS              : Long row_number()
2024-08-03T22:28:59.010-05:00 DEBUG 26535 --- [PruebaT] [           main] org.hibernate.HQL_FUNCTIONS              : Long rownum()
2024-08-03T22:28:59.010-05:00 DEBUG 26535 --- [PruebaT] [           main] org.hibernate.HQL_FUNCTIONS              : String rpad(STRING string, INTEGER length[, STRING padding])
2024-08-03T22:28:59.010-05:00 DEBUG 26535 --- [PruebaT] [           main] org.hibernate.HQL_FUNCTIONS              : String rtrim(STRING string)
2024-08-03T22:28:59.010-05:00 DEBUG 26535 --- [PruebaT] [           main] org.hibernate.HQL_FUNCTIONS              : Integer second(TIME arg)
2024-08-03T22:28:59.010-05:00 DEBUG 26535 --- [PruebaT] [           main] org.hibernate.HQL_FUNCTIONS              : Integer sign(NUMERIC arg)
2024-08-03T22:28:59.010-05:00 DEBUG 26535 --- [PruebaT] [           main] org.hibernate.HQL_FUNCTIONS              : Double sin(NUMERIC arg)
2024-08-03T22:28:59.010-05:00 DEBUG 26535 --- [PruebaT] [           main] org.hibernate.HQL_FUNCTIONS              : Double sinh(NUMERIC arg)
2024-08-03T22:28:59.010-05:00 DEBUG 26535 --- [PruebaT] [           main] org.hibernate.HQL_FUNCTIONS              : String soundex(arg)
2024-08-03T22:28:59.010-05:00 DEBUG 26535 --- [PruebaT] [           main] org.hibernate.HQL_FUNCTIONS              : String space(INTEGER arg)
2024-08-03T22:28:59.010-05:00 DEBUG 26535 --- [PruebaT] [           main] org.hibernate.HQL_FUNCTIONS              : Object sql
2024-08-03T22:28:59.010-05:00 DEBUG 26535 --- [PruebaT] [           main] org.hibernate.HQL_FUNCTIONS              : Double sqrt(NUMERIC arg)
2024-08-03T22:28:59.010-05:00 DEBUG 26535 --- [PruebaT] [           main] org.hibernate.HQL_FUNCTIONS              : Double stddev_pop(NUMERIC arg)
2024-08-03T22:28:59.010-05:00 DEBUG 26535 --- [PruebaT] [           main] org.hibernate.HQL_FUNCTIONS              : Double stddev_samp(NUMERIC arg)
2024-08-03T22:28:59.010-05:00 DEBUG 26535 --- [PruebaT] [           main] org.hibernate.HQL_FUNCTIONS              : String str(arg)
2024-08-03T22:28:59.010-05:00 DEBUG 26535 --- [PruebaT] [           main] org.hibernate.HQL_FUNCTIONS              : String substr(STRING string, INTEGER start[, INTEGER length])
2024-08-03T22:28:59.010-05:00 DEBUG 26535 --- [PruebaT] [           main] org.hibernate.HQL_FUNCTIONS              : String substring(STRING string{ from|,} INTEGER start[{ for|,} INTEGER length])
2024-08-03T22:28:59.010-05:00 DEBUG 26535 --- [PruebaT] [           main] org.hibernate.HQL_FUNCTIONS              : sum(arg)
2024-08-03T22:28:59.010-05:00 DEBUG 26535 --- [PruebaT] [           main] org.hibernate.HQL_FUNCTIONS              : Timestamp sysdate
2024-08-03T22:28:59.010-05:00 DEBUG 26535 --- [PruebaT] [           main] org.hibernate.HQL_FUNCTIONS              : Double tan(NUMERIC arg)
2024-08-03T22:28:59.010-05:00 DEBUG 26535 --- [PruebaT] [           main] org.hibernate.HQL_FUNCTIONS              : Double tanh(NUMERIC arg)
2024-08-03T22:28:59.010-05:00 DEBUG 26535 --- [PruebaT] [           main] org.hibernate.HQL_FUNCTIONS              : timestampadd(TEMPORAL_UNIT field, INTEGER magnitude, TEMPORAL datetime)
2024-08-03T22:28:59.010-05:00 DEBUG 26535 --- [PruebaT] [           main] org.hibernate.HQL_FUNCTIONS              : Long|Double timestampdiff(TEMPORAL_UNIT field, TEMPORAL start, TEMPORAL end)
2024-08-03T22:28:59.010-05:00 DEBUG 26535 --- [PruebaT] [           main] org.hibernate.HQL_FUNCTIONS              : String translate(STRING arg0, STRING arg1, STRING arg2)
2024-08-03T22:28:59.010-05:00 DEBUG 26535 --- [PruebaT] [           main] org.hibernate.HQL_FUNCTIONS              : String trim([[{leading|trailing|both} ][STRING arg0 ]from] STRING arg1)
2024-08-03T22:28:59.010-05:00 DEBUG 26535 --- [PruebaT] [           main] org.hibernate.HQL_FUNCTIONS              : trunc( ... )
2024-08-03T22:28:59.010-05:00 DEBUG 26535 --- [PruebaT] [           main] org.hibernate.HQL_FUNCTIONS              : truncate( ... )
2024-08-03T22:28:59.010-05:00 DEBUG 26535 --- [PruebaT] [           main] org.hibernate.HQL_FUNCTIONS              : String upper(STRING string)
2024-08-03T22:28:59.010-05:00 DEBUG 26535 --- [PruebaT] [           main] org.hibernate.HQL_FUNCTIONS              : Double var_pop(NUMERIC arg)
2024-08-03T22:28:59.010-05:00 DEBUG 26535 --- [PruebaT] [           main] org.hibernate.HQL_FUNCTIONS              : Double var_samp(NUMERIC arg)
2024-08-03T22:28:59.010-05:00 DEBUG 26535 --- [PruebaT] [           main] org.hibernate.HQL_FUNCTIONS              : Integer week(DATE arg)
2024-08-03T22:28:59.010-05:00 DEBUG 26535 --- [PruebaT] [           main] org.hibernate.HQL_FUNCTIONS              : Integer year(DATE arg)
2024-08-03T22:28:59.012-05:00 DEBUG 26535 --- [PruebaT] [           main] org.hibernate.orm.query.plan.cache       : Starting QueryInterpretationCache(2048)
2024-08-03T22:28:59.041-05:00 DEBUG 26535 --- [PruebaT] [onnection adder] com.zaxxer.hikari.pool.HikariPool        : HikariPool-1 - After adding stats (total=5, active=0, idle=5, waiting=0)
2024-08-03T22:28:59.042-05:00 DEBUG 26535 --- [PruebaT] [onnection adder] com.zaxxer.hikari.pool.HikariPool        : HikariPool-1 - Added connection conn5: url=jdbc:h2:mem:testdb user=SA
2024-08-03T22:28:59.049-05:00 DEBUG 26535 --- [PruebaT] [           main] .h.s.i.SessionFactoryServiceRegistryImpl : EventListenerRegistry access via ServiceRegistry is deprecated.  Use `sessionFactory.getEventEngine().getListenerRegistry()` instead
2024-08-03T22:28:59.049-05:00 DEBUG 26535 --- [PruebaT] [           main] h.e.i.EntityCopyObserverFactoryInitiator : Configured EntityCopyObserver strategy: disallow
2024-08-03T22:28:59.076-05:00 DEBUG 26535 --- [PruebaT] [onnection adder] com.zaxxer.hikari.pool.HikariPool        : HikariPool-1 - After adding stats (total=6, active=0, idle=6, waiting=0)
2024-08-03T22:28:59.077-05:00 DEBUG 26535 --- [PruebaT] [onnection adder] com.zaxxer.hikari.pool.HikariPool        : HikariPool-1 - Added connection conn6: url=jdbc:h2:mem:testdb user=SA
2024-08-03T22:28:59.090-05:00 DEBUG 26535 --- [PruebaT] [           main] o.h.boot.internal.ClassLoaderAccessImpl  : Not known whether passed class name [com.example.PruebaT.model.Cliente] is safe
2024-08-03T22:28:59.090-05:00 DEBUG 26535 --- [PruebaT] [           main] o.h.boot.internal.ClassLoaderAccessImpl  : No temp ClassLoader provided; using live ClassLoader for loading potentially unsafe class : com.example.PruebaT.model.Cliente
2024-08-03T22:28:59.109-05:00 DEBUG 26535 --- [PruebaT] [onnection adder] com.zaxxer.hikari.pool.HikariPool        : HikariPool-1 - After adding stats (total=7, active=0, idle=7, waiting=0)
2024-08-03T22:28:59.109-05:00 DEBUG 26535 --- [PruebaT] [onnection adder] com.zaxxer.hikari.pool.HikariPool        : HikariPool-1 - Added connection conn7: url=jdbc:h2:mem:testdb user=SA
2024-08-03T22:28:59.144-05:00 DEBUG 26535 --- [PruebaT] [onnection adder] com.zaxxer.hikari.pool.HikariPool        : HikariPool-1 - After adding stats (total=8, active=0, idle=8, waiting=0)
2024-08-03T22:28:59.145-05:00 DEBUG 26535 --- [PruebaT] [onnection adder] com.zaxxer.hikari.pool.HikariPool        : HikariPool-1 - Added connection conn8: url=jdbc:h2:mem:testdb user=SA
2024-08-03T22:28:59.174-05:00 DEBUG 26535 --- [PruebaT] [           main] o.h.b.i.bytebuddy.BytecodeProviderImpl   : HHH000513: Unable to create the ReflectionOptimizer for [com.example.PruebaT.model.Cliente]: private accessor [contrasenia]
2024-08-03T22:28:59.180-05:00 DEBUG 26535 --- [PruebaT] [onnection adder] com.zaxxer.hikari.pool.HikariPool        : HikariPool-1 - After adding stats (total=9, active=0, idle=9, waiting=0)
2024-08-03T22:28:59.180-05:00 DEBUG 26535 --- [PruebaT] [onnection adder] com.zaxxer.hikari.pool.HikariPool        : HikariPool-1 - Added connection conn9: url=jdbc:h2:mem:testdb user=SA
2024-08-03T22:28:59.187-05:00 DEBUG 26535 --- [PruebaT] [           main] org.hibernate.ormbytecode.interceptor    : To-one property `com.example.PruebaT.model.Movimiento#cuenta` was mapped with LAZY + NO_PROXY but the class was not enhanced
2024-08-03T22:28:59.187-05:00 DEBUG 26535 --- [PruebaT] [           main] org.hibernate.ormbytecode.interceptor    : To-one property `com.example.PruebaT.model.Movimiento#cuenta` was mapped with LAZY + NO_PROXY but the class was not enhanced
2024-08-03T22:28:59.187-05:00 DEBUG 26535 --- [PruebaT] [           main] o.h.boot.internal.ClassLoaderAccessImpl  : Not known whether passed class name [com.example.PruebaT.model.Movimiento] is safe
2024-08-03T22:28:59.187-05:00 DEBUG 26535 --- [PruebaT] [           main] o.h.boot.internal.ClassLoaderAccessImpl  : No temp ClassLoader provided; using live ClassLoader for loading potentially unsafe class : com.example.PruebaT.model.Movimiento
2024-08-03T22:28:59.201-05:00 DEBUG 26535 --- [PruebaT] [           main] o.h.b.i.bytebuddy.BytecodeProviderImpl   : HHH000513: Unable to create the ReflectionOptimizer for [com.example.PruebaT.model.Movimiento]: private accessor [cuenta]
2024-08-03T22:28:59.202-05:00 DEBUG 26535 --- [PruebaT] [           main] org.hibernate.ormbytecode.interceptor    : To-one property `com.example.PruebaT.model.Movimiento#cuenta` was mapped with LAZY + NO_PROXY but the class was not enhanced
2024-08-03T22:28:59.202-05:00 DEBUG 26535 --- [PruebaT] [           main] org.hibernate.ormbytecode.interceptor    : To-one property `com.example.PruebaT.model.Cuenta#cliente` was mapped with LAZY + NO_PROXY but the class was not enhanced
2024-08-03T22:28:59.202-05:00 DEBUG 26535 --- [PruebaT] [           main] org.hibernate.ormbytecode.interceptor    : To-one property `com.example.PruebaT.model.Cuenta#cliente` was mapped with LAZY + NO_PROXY but the class was not enhanced
2024-08-03T22:28:59.202-05:00 DEBUG 26535 --- [PruebaT] [           main] o.h.boot.internal.ClassLoaderAccessImpl  : Not known whether passed class name [com.example.PruebaT.model.Cuenta] is safe
2024-08-03T22:28:59.202-05:00 DEBUG 26535 --- [PruebaT] [           main] o.h.boot.internal.ClassLoaderAccessImpl  : No temp ClassLoader provided; using live ClassLoader for loading potentially unsafe class : com.example.PruebaT.model.Cuenta
2024-08-03T22:28:59.209-05:00 DEBUG 26535 --- [PruebaT] [           main] o.h.b.i.bytebuddy.BytecodeProviderImpl   : HHH000513: Unable to create the ReflectionOptimizer for [com.example.PruebaT.model.Cuenta]: private accessor [cliente]
2024-08-03T22:28:59.209-05:00 DEBUG 26535 --- [PruebaT] [           main] org.hibernate.ormbytecode.interceptor    : To-one property `com.example.PruebaT.model.Cuenta#cliente` was mapped with LAZY + NO_PROXY but the class was not enhanced
2024-08-03T22:28:59.215-05:00 DEBUG 26535 --- [PruebaT] [onnection adder] com.zaxxer.hikari.pool.HikariPool        : HikariPool-1 - After adding stats (total=10, active=0, idle=10, waiting=0)
2024-08-03T22:28:59.217-05:00 DEBUG 26535 --- [PruebaT] [           main] org.hibernate.orm.jdbc.mutation          : Skipping collection (re)creation - com.example.PruebaT.model.Cliente.cuentas
2024-08-03T22:28:59.217-05:00 DEBUG 26535 --- [PruebaT] [           main] org.hibernate.orm.jdbc.mutation          : Skipping collection row deletions - com.example.PruebaT.model.Cliente.cuentas
2024-08-03T22:28:59.217-05:00 DEBUG 26535 --- [PruebaT] [           main] org.hibernate.orm.jdbc.mutation          : Skipping collection removals - com.example.PruebaT.model.Cliente.cuentas
2024-08-03T22:28:59.229-05:00 DEBUG 26535 --- [PruebaT] [           main] o.hibernate.orm.model.mapping.creation   : Starting post-init callbacks
2024-08-03T22:28:59.229-05:00 DEBUG 26535 --- [PruebaT] [           main] o.hibernate.orm.model.mapping.creation   : Starting PostInitCallbackEntry : PluralAttributeMapping( NavigableRole[com.example.PruebaT.model.Cliente.cuentas#{element}]) - element descriptor
2024-08-03T22:28:59.229-05:00 DEBUG 26535 --- [PruebaT] [           main] o.hibernate.orm.model.mapping.creation   : Starting PostInitCallbackEntry : PluralAttributeMapping(com.example.PruebaT.model.Cliente.cuentas)#finishInitialization
2024-08-03T22:28:59.229-05:00 DEBUG 26535 --- [PruebaT] [           main] o.hibernate.orm.model.mapping.creation   : Starting PostInitCallbackEntry : PluralAttributeMapping(com.example.PruebaT.model.Cliente.cuentas) - key descriptor
2024-08-03T22:28:59.230-05:00 DEBUG 26535 --- [PruebaT] [           main] o.hibernate.orm.model.mapping.creation   : Starting PostInitCallbackEntry : Entity(com.example.PruebaT.model.Cliente) `staticFetchableList` generator
2024-08-03T22:28:59.230-05:00 DEBUG 26535 --- [PruebaT] [           main] o.hibernate.orm.model.mapping.creation   : Starting PostInitCallbackEntry : To-one key - NavigableRole[com.example.PruebaT.model.Movimiento.cuenta]
2024-08-03T22:28:59.230-05:00 DEBUG 26535 --- [PruebaT] [           main] o.hibernate.orm.model.mapping.creation   : Starting PostInitCallbackEntry : Entity(com.example.PruebaT.model.Movimiento) `staticFetchableList` generator
2024-08-03T22:28:59.230-05:00 DEBUG 26535 --- [PruebaT] [           main] o.hibernate.orm.model.mapping.creation   : Starting PostInitCallbackEntry : To-one key - NavigableRole[com.example.PruebaT.model.Cuenta.cliente]
2024-08-03T22:28:59.230-05:00 DEBUG 26535 --- [PruebaT] [           main] o.hibernate.orm.model.mapping.creation   : Starting PostInitCallbackEntry : Entity(com.example.PruebaT.model.Cuenta) `staticFetchableList` generator
2024-08-03T22:28:59.230-05:00 DEBUG 26535 --- [PruebaT] [           main] o.hibernate.orm.model.mapping.creation   : Starting PostInitCallbackEntry : PluralAttributeMapping( NavigableRole[com.example.PruebaT.model.Cliente.cuentas#{element}]) - element descriptor
2024-08-03T22:28:59.262-05:00 DEBUG 26535 --- [PruebaT] [           main] org.hibernate.orm.sql.ast.create         : Created new SQL alias : c1_0
2024-08-03T22:28:59.262-05:00 DEBUG 26535 --- [PruebaT] [           main] org.hibernate.orm.sql.ast.create         : Registration of TableGroup [StandardTableGroup(com.example.PruebaT.model.Cliente)] with identifierForTableGroup [com.example.PruebaT.model.Cliente] for NavigablePath [com.example.PruebaT.model.Cliente] 
2024-08-03T22:28:59.267-05:00 DEBUG 26535 --- [PruebaT] [           main] org.hibernate.orm.results.graph.AST      : DomainResult Graph:
 \-EntityResultImpl [com.example.PruebaT.model.Cliente]
 |  +-BasicFetch [com.example.PruebaT.model.Cliente.contrasenia]
 |  +-DelayedCollectionFetch [com.example.PruebaT.model.Cliente.cuentas]
 |  +-BasicFetch [com.example.PruebaT.model.Cliente.direccion]
 |  +-BasicFetch [com.example.PruebaT.model.Cliente.edad]
 |  +-BasicFetch [com.example.PruebaT.model.Cliente.estado]
 |  +-BasicFetch [com.example.PruebaT.model.Cliente.genero]
 |  +-BasicFetch [com.example.PruebaT.model.Cliente.identificacion]
 |  +-BasicFetch [com.example.PruebaT.model.Cliente.nombre]
 |  \-BasicFetch [com.example.PruebaT.model.Cliente.telefono]

2024-08-03T22:28:59.268-05:00 DEBUG 26535 --- [PruebaT] [           main] org.hibernate.orm.sql.ast.tree           : SQL AST Tree:
    SelectStatement {
      FromClause {
        StandardTableGroup (c1 : com.example.PruebaT.model.Cliente) {
          primaryTableReference : cliente as c1_0
        }
      }
    }

2024-08-03T22:28:59.270-05:00 DEBUG 26535 --- [PruebaT] [           main] o.h.p.entity.AbstractEntityPersister     : Static SQL for entity: com.example.PruebaT.model.Cliente
2024-08-03T22:28:59.270-05:00 DEBUG 26535 --- [PruebaT] [           main] o.h.p.entity.AbstractEntityPersister     :  Version select: select id from cliente where id=?
2024-08-03T22:28:59.270-05:00 DEBUG 26535 --- [PruebaT] [           main] o.h.p.entity.AbstractEntityPersister     :  Insert (0): insert into cliente (contrasenia,direccion,edad,estado,genero,identificacion,nombre,telefono,id) values (?,?,?,?,?,?,?,?,default)
2024-08-03T22:28:59.270-05:00 DEBUG 26535 --- [PruebaT] [           main] o.h.p.entity.AbstractEntityPersister     :  Update (0): update cliente set contrasenia=?,direccion=?,edad=?,estado=?,genero=?,identificacion=?,nombre=?,telefono=? where id=?
2024-08-03T22:28:59.270-05:00 DEBUG 26535 --- [PruebaT] [           main] o.h.p.entity.AbstractEntityPersister     :  Delete (0): delete from cliente where id=?
2024-08-03T22:28:59.270-05:00 DEBUG 26535 --- [PruebaT] [           main] org.hibernate.orm.sql.ast.create         : Created new SQL alias : m1_0
2024-08-03T22:28:59.271-05:00 DEBUG 26535 --- [PruebaT] [           main] org.hibernate.orm.sql.ast.create         : Registration of TableGroup [StandardTableGroup(com.example.PruebaT.model.Movimiento)] with identifierForTableGroup [com.example.PruebaT.model.Movimiento] for NavigablePath [com.example.PruebaT.model.Movimiento] 
2024-08-03T22:28:59.273-05:00 DEBUG 26535 --- [PruebaT] [           main] org.hibernate.orm.sql.ast.create         : Registration of TableGroup [org.hibernate.sql.ast.tree.from.LazyTableGroup@e2344da] with identifierForTableGroup [com.example.PruebaT.model.Movimiento.cuenta] for NavigablePath [com.example.PruebaT.model.Movimiento.cuenta] 
2024-08-03T22:28:59.274-05:00 DEBUG 26535 --- [PruebaT] [           main] org.hibernate.orm.sql.ast.create         : Created new SQL alias : c1_0
2024-08-03T22:28:59.274-05:00 DEBUG 26535 --- [PruebaT] [           main] org.hibernate.orm.sql.ast.create         : Registration of TableGroup [org.hibernate.sql.ast.tree.from.LazyTableGroup@5382a35f] with identifierForTableGroup [com.example.PruebaT.model.Movimiento.cuenta.cliente] for NavigablePath [com.example.PruebaT.model.Movimiento.cuenta.cliente] 
2024-08-03T22:28:59.274-05:00 DEBUG 26535 --- [PruebaT] [           main] org.hibernate.orm.sql.ast.create         : Created new SQL alias : c2_0
2024-08-03T22:28:59.274-05:00 DEBUG 26535 --- [PruebaT] [           main] org.hibernate.orm.results.graph.AST      : DomainResult Graph:
 \-EntityResultImpl [com.example.PruebaT.model.Movimiento]
 |  +-EntityFetchJoinedImpl [com.example.PruebaT.model.Movimiento.cuenta]
 |  +-BasicFetch [com.example.PruebaT.model.Movimiento.fecha]
 |  +-BasicFetch [com.example.PruebaT.model.Movimiento.saldo]
 |  +-BasicFetch [com.example.PruebaT.model.Movimiento.tipoMovimiento]
 |  \-BasicFetch [com.example.PruebaT.model.Movimiento.valor]

2024-08-03T22:28:59.275-05:00 DEBUG 26535 --- [PruebaT] [           main] org.hibernate.orm.sql.ast.tree           : SQL AST Tree:
    SelectStatement {
      FromClause {
        StandardTableGroup (m1 : com.example.PruebaT.model.Movimiento) {
          primaryTableReference : movimiento as m1_0
          TableGroupJoins {
            left  join LazyTableGroup (c1 : com.example.PruebaT.model.Movimiento.cuenta) {
              primaryTableReference : cuenta as c1_0
              TableGroupJoins {
                left  join LazyTableGroup (c2 : com.example.PruebaT.model.Movimiento.cuenta.cliente) {
                  primaryTableReference : cliente as c2_0
                }
              }
            }
          }
        }
      }
    }

2024-08-03T22:28:59.275-05:00 DEBUG 26535 --- [PruebaT] [           main] o.h.p.entity.AbstractEntityPersister     : Static SQL for entity: com.example.PruebaT.model.Movimiento
2024-08-03T22:28:59.275-05:00 DEBUG 26535 --- [PruebaT] [           main] o.h.p.entity.AbstractEntityPersister     :  Version select: select id from movimiento where id=?
2024-08-03T22:28:59.275-05:00 DEBUG 26535 --- [PruebaT] [           main] o.h.p.entity.AbstractEntityPersister     :  Insert (0): insert into movimiento (cuenta_id,fecha,saldo,tipo_movimiento,valor,id) values (?,?,?,?,?,default)
2024-08-03T22:28:59.275-05:00 DEBUG 26535 --- [PruebaT] [           main] o.h.p.entity.AbstractEntityPersister     :  Update (0): update movimiento set cuenta_id=?,fecha=?,saldo=?,tipo_movimiento=?,valor=? where id=?
2024-08-03T22:28:59.275-05:00 DEBUG 26535 --- [PruebaT] [           main] o.h.p.entity.AbstractEntityPersister     :  Delete (0): delete from movimiento where id=?
2024-08-03T22:28:59.275-05:00 DEBUG 26535 --- [PruebaT] [           main] org.hibernate.orm.sql.ast.create         : Created new SQL alias : c1_0
2024-08-03T22:28:59.275-05:00 DEBUG 26535 --- [PruebaT] [           main] org.hibernate.orm.sql.ast.create         : Registration of TableGroup [StandardTableGroup(com.example.PruebaT.model.Cuenta)] with identifierForTableGroup [com.example.PruebaT.model.Cuenta] for NavigablePath [com.example.PruebaT.model.Cuenta] 
2024-08-03T22:28:59.275-05:00 DEBUG 26535 --- [PruebaT] [           main] org.hibernate.orm.sql.ast.create         : Registration of TableGroup [org.hibernate.sql.ast.tree.from.LazyTableGroup@391e2a] with identifierForTableGroup [com.example.PruebaT.model.Cuenta.cliente] for NavigablePath [com.example.PruebaT.model.Cuenta.cliente] 
2024-08-03T22:28:59.275-05:00 DEBUG 26535 --- [PruebaT] [           main] org.hibernate.orm.sql.ast.create         : Created new SQL alias : c2_0
2024-08-03T22:28:59.275-05:00 DEBUG 26535 --- [PruebaT] [           main] org.hibernate.orm.results.graph.AST      : DomainResult Graph:
 \-EntityResultImpl [com.example.PruebaT.model.Cuenta]
 |  +-EntityFetchJoinedImpl [com.example.PruebaT.model.Cuenta.cliente]
 |  +-BasicFetch [com.example.PruebaT.model.Cuenta.estado]
 |  +-BasicFetch [com.example.PruebaT.model.Cuenta.numeroCuenta]
 |  +-BasicFetch [com.example.PruebaT.model.Cuenta.saldoInicial]
 |  \-BasicFetch [com.example.PruebaT.model.Cuenta.tipoCuenta]

2024-08-03T22:28:59.275-05:00 DEBUG 26535 --- [PruebaT] [           main] org.hibernate.orm.sql.ast.tree           : SQL AST Tree:
    SelectStatement {
      FromClause {
        StandardTableGroup (c1 : com.example.PruebaT.model.Cuenta) {
          primaryTableReference : cuenta as c1_0
          TableGroupJoins {
            left  join LazyTableGroup (c2 : com.example.PruebaT.model.Cuenta.cliente) {
              primaryTableReference : cliente as c2_0
            }
          }
        }
      }
    }

2024-08-03T22:28:59.275-05:00 DEBUG 26535 --- [PruebaT] [           main] o.h.p.entity.AbstractEntityPersister     : Static SQL for entity: com.example.PruebaT.model.Cuenta
2024-08-03T22:28:59.275-05:00 DEBUG 26535 --- [PruebaT] [           main] o.h.p.entity.AbstractEntityPersister     :  Version select: select id from cuenta where id=?
2024-08-03T22:28:59.275-05:00 DEBUG 26535 --- [PruebaT] [           main] o.h.p.entity.AbstractEntityPersister     :  Insert (0): insert into cuenta (cliente_id,estado,numero_cuenta,saldo_inicial,tipo_cuenta,id) values (?,?,?,?,?,default)
2024-08-03T22:28:59.275-05:00 DEBUG 26535 --- [PruebaT] [           main] o.h.p.entity.AbstractEntityPersister     :  Update (0): update cuenta set cliente_id=?,estado=?,numero_cuenta=?,saldo_inicial=?,tipo_cuenta=? where id=?
2024-08-03T22:28:59.275-05:00 DEBUG 26535 --- [PruebaT] [           main] o.h.p.entity.AbstractEntityPersister     :  Delete (0): delete from cuenta where id=?
2024-08-03T22:28:59.276-05:00 DEBUG 26535 --- [PruebaT] [           main] org.hibernate.orm.sql.ast.create         : Created new SQL alias : c1_0
2024-08-03T22:28:59.276-05:00 DEBUG 26535 --- [PruebaT] [           main] org.hibernate.orm.sql.ast.create         : Registration of TableGroup [org.hibernate.sql.ast.tree.from.OneToManyTableGroup@3055f310] with identifierForTableGroup [com.example.PruebaT.model.Cliente.cuentas] for NavigablePath [com.example.PruebaT.model.Cliente.cuentas] 
2024-08-03T22:28:59.276-05:00 DEBUG 26535 --- [PruebaT] [           main] org.hibernate.orm.sql.ast.create         : Registration of TableGroup [StandardTableGroup(com.example.PruebaT.model.Cliente.cuentas.{element})] with identifierForTableGroup [com.example.PruebaT.model.Cliente.cuentas.{element}] for NavigablePath [com.example.PruebaT.model.Cliente.cuentas.{element}] 
2024-08-03T22:28:59.279-05:00 DEBUG 26535 --- [PruebaT] [           main] org.hibernate.orm.sql.ast.create         : Registration of TableGroup [org.hibernate.sql.ast.tree.from.LazyTableGroup@5543d800] with identifierForTableGroup [com.example.PruebaT.model.Cliente.cuentas.{element}.cliente] for NavigablePath [com.example.PruebaT.model.Cliente.cuentas.{element}.cliente] 
2024-08-03T22:28:59.279-05:00 DEBUG 26535 --- [PruebaT] [           main] org.hibernate.orm.results.graph.AST      : DomainResult Graph:
 \-CollectionDomainResult [com.example.PruebaT.model.Cliente.cuentas]

2024-08-03T22:28:59.280-05:00 DEBUG 26535 --- [PruebaT] [           main] org.hibernate.orm.sql.ast.tree           : SQL AST Tree:
    SelectStatement {
      FromClause {
        OneToManyTableGroup (c1 : com.example.PruebaT.model.Cliente.cuentas) {
          primaryTableReference : cuenta as c1_0
          TableGroupJoins {
            left  join LazyTableGroup (c2 : com.example.PruebaT.model.Cliente.cuentas.{element}.cliente) {
            }
          }
        }
      }
    }

2024-08-03T22:28:59.280-05:00 DEBUG 26535 --- [PruebaT] [           main] org.hibernate.orm.jdbc.mutation          : Static SQL for collection: com.example.PruebaT.model.Cliente.cuentas
2024-08-03T22:28:59.290-05:00  INFO 26535 --- [PruebaT] [           main] o.h.e.t.j.p.i.JtaPlatformInitiator       : HHH000489: No JTA platform available (set 'hibernate.transaction.jta.platform' to enable JTA platform integration)
2024-08-03T22:28:59.290-05:00 DEBUG 26535 --- [PruebaT] [           main] o.h.type.spi.TypeConfiguration$Scope     : Scoping TypeConfiguration [org.hibernate.type.spi.TypeConfiguration@359865a2] to SessionFactoryImplementor [org.hibernate.internal.SessionFactoryImpl@656672fb]
2024-08-03T22:28:59.290-05:00 DEBUG 26535 --- [PruebaT] [           main] o.h.query.named.NamedObjectRepository    : Checking 0 named HQL queries
2024-08-03T22:28:59.291-05:00 DEBUG 26535 --- [PruebaT] [           main] o.h.query.named.NamedObjectRepository    : Checking 0 named SQL queries
2024-08-03T22:28:59.295-05:00 DEBUG 26535 --- [PruebaT] [           main] org.hibernate.SQL                        : drop table if exists cliente cascade 
Hibernate: drop table if exists cliente cascade 
2024-08-03T22:28:59.297-05:00 DEBUG 26535 --- [PruebaT] [           main] org.hibernate.SQL                        : drop table if exists cuenta cascade 
Hibernate: drop table if exists cuenta cascade 
2024-08-03T22:28:59.297-05:00 DEBUG 26535 --- [PruebaT] [           main] org.hibernate.SQL                        : drop table if exists movimiento cascade 
Hibernate: drop table if exists movimiento cascade 
2024-08-03T22:28:59.300-05:00 DEBUG 26535 --- [PruebaT] [           main] org.hibernate.SQL                        : create table cliente (edad integer, id bigint generated by default as identity, contrasenia varchar(255), direccion varchar(255), estado varchar(255), genero varchar(255), identificacion varchar(255), nombre varchar(255), telefono varchar(255), primary key (id))
Hibernate: create table cliente (edad integer, id bigint generated by default as identity, contrasenia varchar(255), direccion varchar(255), estado varchar(255), genero varchar(255), identificacion varchar(255), nombre varchar(255), telefono varchar(255), primary key (id))
2024-08-03T22:28:59.303-05:00 DEBUG 26535 --- [PruebaT] [           main] org.hibernate.SQL                        : create table cuenta (saldo_inicial float(53), cliente_id bigint, id bigint generated by default as identity, estado varchar(255), numero_cuenta varchar(255) not null unique, tipo_cuenta varchar(255), primary key (id))
Hibernate: create table cuenta (saldo_inicial float(53), cliente_id bigint, id bigint generated by default as identity, estado varchar(255), numero_cuenta varchar(255) not null unique, tipo_cuenta varchar(255), primary key (id))
2024-08-03T22:28:59.304-05:00 DEBUG 26535 --- [PruebaT] [           main] org.hibernate.SQL                        : create table movimiento (saldo float(53) not null, valor float(53), cuenta_id bigint, fecha timestamp(6), id bigint generated by default as identity, tipo_movimiento varchar(255), primary key (id))
Hibernate: create table movimiento (saldo float(53) not null, valor float(53), cuenta_id bigint, fecha timestamp(6), id bigint generated by default as identity, tipo_movimiento varchar(255), primary key (id))
2024-08-03T22:28:59.305-05:00 DEBUG 26535 --- [PruebaT] [           main] org.hibernate.SQL                        : alter table if exists cuenta add constraint FK4p224uogyy5hmxvn8fwa2jlug foreign key (cliente_id) references cliente
Hibernate: alter table if exists cuenta add constraint FK4p224uogyy5hmxvn8fwa2jlug foreign key (cliente_id) references cliente
2024-08-03T22:28:59.310-05:00 DEBUG 26535 --- [PruebaT] [           main] org.hibernate.SQL                        : alter table if exists movimiento add constraint FK4ea11fe7p3xa1kwwmdgi9f2fi foreign key (cuenta_id) references cuenta
Hibernate: alter table if exists movimiento add constraint FK4ea11fe7p3xa1kwwmdgi9f2fi foreign key (cuenta_id) references cuenta
2024-08-03T22:28:59.312-05:00 DEBUG 26535 --- [PruebaT] [           main] o.h.internal.SessionFactoryRegistry      : Initializing SessionFactoryRegistry : org.hibernate.internal.SessionFactoryRegistry@7254a68a
2024-08-03T22:28:59.312-05:00 DEBUG 26535 --- [PruebaT] [           main] o.h.internal.SessionFactoryRegistry      : Registering SessionFactory: 1de0de18-6889-4d13-b9cc-7a826addbc89 (<unnamed>)
2024-08-03T22:28:59.312-05:00 DEBUG 26535 --- [PruebaT] [           main] o.h.internal.SessionFactoryRegistry      : Not binding SessionFactory to JNDI, no JNDI name configured
2024-08-03T22:28:59.312-05:00 DEBUG 26535 --- [PruebaT] [           main] o.hibernate.internal.SessionFactoryImpl  : Instantiated SessionFactory
2024-08-03T22:28:59.312-05:00  INFO 26535 --- [PruebaT] [           main] j.LocalContainerEntityManagerFactoryBean : Initialized JPA EntityManagerFactory for persistence unit 'default'
2024-08-03T22:28:59.314-05:00 DEBUG 26535 --- [PruebaT] [           main] o.s.b.f.s.DefaultListableBeanFactory     : Creating shared instance of singleton bean 'pruebaTApplication'
2024-08-03T22:28:59.315-05:00 DEBUG 26535 --- [PruebaT] [           main] o.s.b.f.s.DefaultListableBeanFactory     : Creating shared instance of singleton bean 'accountController'
2024-08-03T22:28:59.317-05:00 DEBUG 26535 --- [PruebaT] [           main] o.s.b.f.s.DefaultListableBeanFactory     : Creating shared instance of singleton bean 'accountService'
2024-08-03T22:28:59.318-05:00 DEBUG 26535 --- [PruebaT] [           main] o.s.b.f.s.DefaultListableBeanFactory     : Creating shared instance of singleton bean 'accountRepository'
2024-08-03T22:28:59.321-05:00 DEBUG 26535 --- [PruebaT] [           main] o.s.b.f.s.DefaultListableBeanFactory     : Creating shared instance of singleton bean 'jpa.named-queries#1'
2024-08-03T22:28:59.324-05:00 DEBUG 26535 --- [PruebaT] [           main] o.s.b.f.s.DefaultListableBeanFactory     : Creating shared instance of singleton bean 'jpa.AccountRepository.fragments#0'
2024-08-03T22:28:59.326-05:00 DEBUG 26535 --- [PruebaT] [           main] o.s.b.f.s.DefaultListableBeanFactory     : Creating shared instance of singleton bean 'jpaSharedEM_entityManagerFactory'
2024-08-03T22:28:59.345-05:00 DEBUG 26535 --- [PruebaT] [           main] o.s.b.f.s.DefaultListableBeanFactory     : Creating shared instance of singleton bean 'jpaMappingContext'
2024-08-03T22:28:59.345-05:00 DEBUG 26535 --- [PruebaT] [           main] .c.JpaMetamodelMappingContextFactoryBean : Initializing JpaMetamodelMappingContext…
2024-08-03T22:28:59.352-05:00 DEBUG 26535 --- [PruebaT] [           main] .c.JpaMetamodelMappingContextFactoryBean : Finished initializing JpaMetamodelMappingContext
2024-08-03T22:28:59.363-05:00 DEBUG 26535 --- [PruebaT] [           main] tor$SharedEntityManagerInvocationHandler : Creating new EntityManager for shared EntityManager invocation
2024-08-03T22:28:59.383-05:00 DEBUG 26535 --- [PruebaT] [           main] o.h.stat.internal.StatisticsInitiator    : Statistics initialized [enabled=false]
2024-08-03T22:28:59.387-05:00 DEBUG 26535 --- [PruebaT] [           main] tor$SharedEntityManagerInvocationHandler : Creating new EntityManager for shared EntityManager invocation
2024-08-03T22:28:59.412-05:00 DEBUG 26535 --- [PruebaT] [           main] o.s.d.r.c.s.RepositoryFactorySupport     : Initializing repository instance for com.example.PruebaT.repository.AccountRepository…
2024-08-03T22:28:59.417-05:00 DEBUG 26535 --- [PruebaT] [           main] tor$SharedEntityManagerInvocationHandler : Creating new EntityManager for shared EntityManager invocation
2024-08-03T22:28:59.432-05:00 DEBUG 26535 --- [PruebaT] [           main] o.s.d.jpa.repository.query.NamedQuery    : Looking up named query Cuenta.findByNumeroCuenta
2024-08-03T22:28:59.433-05:00 DEBUG 26535 --- [PruebaT] [           main] cResourceLocalTransactionCoordinatorImpl : JDBC transaction marked for rollback-only (exception provided for stack trace)

java.lang.Exception: exception just for purpose of providing stack trace
	at org.hibernate.resource.transaction.backend.jdbc.internal.JdbcResourceLocalTransactionCoordinatorImpl$TransactionDriverControlImpl.markRollbackOnly(JdbcResourceLocalTransactionCoordinatorImpl.java:309) ~[hibernate-core-6.5.2.Final.jar:6.5.2.Final]
	at org.hibernate.internal.AbstractSharedSessionContract.buildNamedQuery(AbstractSharedSessionContract.java:1109) ~[hibernate-core-6.5.2.Final.jar:6.5.2.Final]
	at org.hibernate.internal.AbstractSharedSessionContract.createNamedQuery(AbstractSharedSessionContract.java:987) ~[hibernate-core-6.5.2.Final.jar:6.5.2.Final]
	at org.hibernate.internal.AbstractSharedSessionContract.createNamedQuery(AbstractSharedSessionContract.java:140) ~[hibernate-core-6.5.2.Final.jar:6.5.2.Final]
	at java.base/jdk.internal.reflect.DirectMethodHandleAccessor.invoke(DirectMethodHandleAccessor.java:103) ~[na:na]
	at java.base/java.lang.reflect.Method.invoke(Method.java:580) ~[na:na]
	at org.springframework.orm.jpa.ExtendedEntityManagerCreator$ExtendedEntityManagerInvocationHandler.invoke(ExtendedEntityManagerCreator.java:364) ~[spring-orm-6.1.11.jar:6.1.11]
	at jdk.proxy2/jdk.proxy2.$Proxy133.createNamedQuery(Unknown Source) ~[na:na]
	at org.springframework.data.jpa.repository.query.NamedQuery.hasNamedQuery(NamedQuery.java:112) ~[spring-data-jpa-3.3.2.jar:3.3.2]
	at org.springframework.data.jpa.repository.query.NamedQuery.lookupFrom(NamedQuery.java:138) ~[spring-data-jpa-3.3.2.jar:3.3.2]
	at org.springframework.data.jpa.repository.query.JpaQueryLookupStrategy$DeclaredQueryLookupStrategy.resolveQuery(JpaQueryLookupStrategy.java:180) ~[spring-data-jpa-3.3.2.jar:3.3.2]
	at org.springframework.data.jpa.repository.query.JpaQueryLookupStrategy$CreateIfNotFoundQueryLookupStrategy.resolveQuery(JpaQueryLookupStrategy.java:252) ~[spring-data-jpa-3.3.2.jar:3.3.2]
	at org.springframework.data.jpa.repository.query.JpaQueryLookupStrategy$AbstractQueryLookupStrategy.resolveQuery(JpaQueryLookupStrategy.java:95) ~[spring-data-jpa-3.3.2.jar:3.3.2]
	at org.springframework.data.repository.core.support.QueryExecutorMethodInterceptor.lookupQuery(QueryExecutorMethodInterceptor.java:111) ~[spring-data-commons-3.3.2.jar:3.3.2]
	at org.springframework.data.repository.core.support.QueryExecutorMethodInterceptor.mapMethodsToQuery(QueryExecutorMethodInterceptor.java:99) ~[spring-data-commons-3.3.2.jar:3.3.2]
	at org.springframework.data.repository.core.support.QueryExecutorMethodInterceptor.lambda$new$0(QueryExecutorMethodInterceptor.java:88) ~[spring-data-commons-3.3.2.jar:3.3.2]
	at java.base/java.util.Optional.map(Optional.java:260) ~[na:na]
	at org.springframework.data.repository.core.support.QueryExecutorMethodInterceptor.<init>(QueryExecutorMethodInterceptor.java:88) ~[spring-data-commons-3.3.2.jar:3.3.2]
	at org.springframework.data.repository.core.support.RepositoryFactorySupport.getRepository(RepositoryFactorySupport.java:357) ~[spring-data-commons-3.3.2.jar:3.3.2]
	at org.springframework.data.repository.core.support.RepositoryFactoryBeanSupport.lambda$afterPropertiesSet$5(RepositoryFactoryBeanSupport.java:286) ~[spring-data-commons-3.3.2.jar:3.3.2]
	at org.springframework.data.util.Lazy.getNullable(Lazy.java:135) ~[spring-data-commons-3.3.2.jar:3.3.2]
	at org.springframework.data.util.Lazy.get(Lazy.java:113) ~[spring-data-commons-3.3.2.jar:3.3.2]
	at org.springframework.data.repository.core.support.RepositoryFactoryBeanSupport.afterPropertiesSet(RepositoryFactoryBeanSupport.java:292) ~[spring-data-commons-3.3.2.jar:3.3.2]
	at org.springframework.data.jpa.repository.support.JpaRepositoryFactoryBean.afterPropertiesSet(JpaRepositoryFactoryBean.java:132) ~[spring-data-jpa-3.3.2.jar:3.3.2]
	at org.springframework.beans.factory.support.AbstractAutowireCapableBeanFactory.invokeInitMethods(AbstractAutowireCapableBeanFactory.java:1853) ~[spring-beans-6.1.11.jar:6.1.11]
	at org.springframework.beans.factory.support.AbstractAutowireCapableBeanFactory.initializeBean(AbstractAutowireCapableBeanFactory.java:1802) ~[spring-beans-6.1.11.jar:6.1.11]
	at org.springframework.beans.factory.support.AbstractAutowireCapableBeanFactory.doCreateBean(AbstractAutowireCapableBeanFactory.java:600) ~[spring-beans-6.1.11.jar:6.1.11]
	at org.springframework.beans.factory.support.AbstractAutowireCapableBeanFactory.createBean(AbstractAutowireCapableBeanFactory.java:522) ~[spring-beans-6.1.11.jar:6.1.11]
	at org.springframework.beans.factory.support.AbstractBeanFactory.lambda$doGetBean$0(AbstractBeanFactory.java:337) ~[spring-beans-6.1.11.jar:6.1.11]
	at org.springframework.beans.factory.support.DefaultSingletonBeanRegistry.getSingleton(DefaultSingletonBeanRegistry.java:234) ~[spring-beans-6.1.11.jar:6.1.11]
	at org.springframework.beans.factory.support.AbstractBeanFactory.doGetBean(AbstractBeanFactory.java:335) ~[spring-beans-6.1.11.jar:6.1.11]
	at org.springframework.beans.factory.support.AbstractBeanFactory.getBean(AbstractBeanFactory.java:200) ~[spring-beans-6.1.11.jar:6.1.11]
	at org.springframework.beans.factory.config.DependencyDescriptor.resolveCandidate(DependencyDescriptor.java:254) ~[spring-beans-6.1.11.jar:6.1.11]
	at org.springframework.beans.factory.support.DefaultListableBeanFactory.doResolveDependency(DefaultListableBeanFactory.java:1443) ~[spring-beans-6.1.11.jar:6.1.11]
	at org.springframework.beans.factory.support.DefaultListableBeanFactory.resolveDependency(DefaultListableBeanFactory.java:1353) ~[spring-beans-6.1.11.jar:6.1.11]
	at org.springframework.beans.factory.annotation.AutowiredAnnotationBeanPostProcessor$AutowiredFieldElement.resolveFieldValue(AutowiredAnnotationBeanPostProcessor.java:784) ~[spring-beans-6.1.11.jar:6.1.11]
	at org.springframework.beans.factory.annotation.AutowiredAnnotationBeanPostProcessor$AutowiredFieldElement.inject(AutowiredAnnotationBeanPostProcessor.java:767) ~[spring-beans-6.1.11.jar:6.1.11]
	at org.springframework.beans.factory.annotation.InjectionMetadata.inject(InjectionMetadata.java:145) ~[spring-beans-6.1.11.jar:6.1.11]
	at org.springframework.beans.factory.annotation.AutowiredAnnotationBeanPostProcessor.postProcessProperties(AutowiredAnnotationBeanPostProcessor.java:508) ~[spring-beans-6.1.11.jar:6.1.11]
	at org.springframework.beans.factory.support.AbstractAutowireCapableBeanFactory.populateBean(AbstractAutowireCapableBeanFactory.java:1439) ~[spring-beans-6.1.11.jar:6.1.11]
	at org.springframework.beans.factory.support.AbstractAutowireCapableBeanFactory.doCreateBean(AbstractAutowireCapableBeanFactory.java:599) ~[spring-beans-6.1.11.jar:6.1.11]
	at org.springframework.beans.factory.support.AbstractAutowireCapableBeanFactory.createBean(AbstractAutowireCapableBeanFactory.java:522) ~[spring-beans-6.1.11.jar:6.1.11]
	at org.springframework.beans.factory.support.AbstractBeanFactory.lambda$doGetBean$0(AbstractBeanFactory.java:337) ~[spring-beans-6.1.11.jar:6.1.11]
	at org.springframework.beans.factory.support.DefaultSingletonBeanRegistry.getSingleton(DefaultSingletonBeanRegistry.java:234) ~[spring-beans-6.1.11.jar:6.1.11]
	at org.springframework.beans.factory.support.AbstractBeanFactory.doGetBean(AbstractBeanFactory.java:335) ~[spring-beans-6.1.11.jar:6.1.11]
	at org.springframework.beans.factory.support.AbstractBeanFactory.getBean(AbstractBeanFactory.java:200) ~[spring-beans-6.1.11.jar:6.1.11]
	at org.springframework.beans.factory.config.DependencyDescriptor.resolveCandidate(DependencyDescriptor.java:254) ~[spring-beans-6.1.11.jar:6.1.11]
	at org.springframework.beans.factory.support.DefaultListableBeanFactory.doResolveDependency(DefaultListableBeanFactory.java:1443) ~[spring-beans-6.1.11.jar:6.1.11]
	at org.springframework.beans.factory.support.DefaultListableBeanFactory.resolveDependency(DefaultListableBeanFactory.java:1353) ~[spring-beans-6.1.11.jar:6.1.11]
	at org.springframework.beans.factory.annotation.AutowiredAnnotationBeanPostProcessor$AutowiredFieldElement.resolveFieldValue(AutowiredAnnotationBeanPostProcessor.java:784) ~[spring-beans-6.1.11.jar:6.1.11]
	at org.springframework.beans.factory.annotation.AutowiredAnnotationBeanPostProcessor$AutowiredFieldElement.inject(AutowiredAnnotationBeanPostProcessor.java:767) ~[spring-beans-6.1.11.jar:6.1.11]
	at org.springframework.beans.factory.annotation.InjectionMetadata.inject(InjectionMetadata.java:145) ~[spring-beans-6.1.11.jar:6.1.11]
	at org.springframework.beans.factory.annotation.AutowiredAnnotationBeanPostProcessor.postProcessProperties(AutowiredAnnotationBeanPostProcessor.java:508) ~[spring-beans-6.1.11.jar:6.1.11]
	at org.springframework.beans.factory.support.AbstractAutowireCapableBeanFactory.populateBean(AbstractAutowireCapableBeanFactory.java:1439) ~[spring-beans-6.1.11.jar:6.1.11]
	at org.springframework.beans.factory.support.AbstractAutowireCapableBeanFactory.doCreateBean(AbstractAutowireCapableBeanFactory.java:599) ~[spring-beans-6.1.11.jar:6.1.11]
	at org.springframework.beans.factory.support.AbstractAutowireCapableBeanFactory.createBean(AbstractAutowireCapableBeanFactory.java:522) ~[spring-beans-6.1.11.jar:6.1.11]
	at org.springframework.beans.factory.support.AbstractBeanFactory.lambda$doGetBean$0(AbstractBeanFactory.java:337) ~[spring-beans-6.1.11.jar:6.1.11]
	at org.springframework.beans.factory.support.DefaultSingletonBeanRegistry.getSingleton(DefaultSingletonBeanRegistry.java:234) ~[spring-beans-6.1.11.jar:6.1.11]
	at org.springframework.beans.factory.support.AbstractBeanFactory.doGetBean(AbstractBeanFactory.java:335) ~[spring-beans-6.1.11.jar:6.1.11]
	at org.springframework.beans.factory.support.AbstractBeanFactory.getBean(AbstractBeanFactory.java:200) ~[spring-beans-6.1.11.jar:6.1.11]
	at org.springframework.beans.factory.support.DefaultListableBeanFactory.preInstantiateSingletons(DefaultListableBeanFactory.java:975) ~[spring-beans-6.1.11.jar:6.1.11]
	at org.springframework.context.support.AbstractApplicationContext.finishBeanFactoryInitialization(AbstractApplicationContext.java:971) ~[spring-context-6.1.11.jar:6.1.11]
	at org.springframework.context.support.AbstractApplicationContext.refresh(AbstractApplicationContext.java:625) ~[spring-context-6.1.11.jar:6.1.11]
	at org.springframework.boot.SpringApplication.refresh(SpringApplication.java:754) ~[spring-boot-3.3.2.jar:3.3.2]
	at org.springframework.boot.SpringApplication.refreshContext(SpringApplication.java:456) ~[spring-boot-3.3.2.jar:3.3.2]
	at org.springframework.boot.SpringApplication.run(SpringApplication.java:335) ~[spring-boot-3.3.2.jar:3.3.2]
	at org.springframework.boot.test.context.SpringBootContextLoader.lambda$loadContext$3(SpringBootContextLoader.java:137) ~[spring-boot-test-3.3.2.jar:3.3.2]
	at org.springframework.util.function.ThrowingSupplier.get(ThrowingSupplier.java:58) ~[spring-core-6.1.11.jar:6.1.11]
	at org.springframework.util.function.ThrowingSupplier.get(ThrowingSupplier.java:46) ~[spring-core-6.1.11.jar:6.1.11]
	at org.springframework.boot.SpringApplication.withHook(SpringApplication.java:1463) ~[spring-boot-3.3.2.jar:3.3.2]
	at org.springframework.boot.test.context.SpringBootContextLoader$ContextLoaderHook.run(SpringBootContextLoader.java:553) ~[spring-boot-test-3.3.2.jar:3.3.2]
	at org.springframework.boot.test.context.SpringBootContextLoader.loadContext(SpringBootContextLoader.java:137) ~[spring-boot-test-3.3.2.jar:3.3.2]
	at org.springframework.boot.test.context.SpringBootContextLoader.loadContext(SpringBootContextLoader.java:108) ~[spring-boot-test-3.3.2.jar:3.3.2]
	at org.springframework.test.context.cache.DefaultCacheAwareContextLoaderDelegate.loadContextInternal(DefaultCacheAwareContextLoaderDelegate.java:225) ~[spring-test-6.1.11.jar:6.1.11]
	at org.springframework.test.context.cache.DefaultCacheAwareContextLoaderDelegate.loadContext(DefaultCacheAwareContextLoaderDelegate.java:152) ~[spring-test-6.1.11.jar:6.1.11]
	at org.springframework.test.context.support.DefaultTestContext.getApplicationContext(DefaultTestContext.java:130) ~[spring-test-6.1.11.jar:6.1.11]
	at org.springframework.test.context.web.ServletTestExecutionListener.setUpRequestContextIfNecessary(ServletTestExecutionListener.java:191) ~[spring-test-6.1.11.jar:6.1.11]
	at org.springframework.test.context.web.ServletTestExecutionListener.prepareTestInstance(ServletTestExecutionListener.java:130) ~[spring-test-6.1.11.jar:6.1.11]
	at org.springframework.test.context.TestContextManager.prepareTestInstance(TestContextManager.java:260) ~[spring-test-6.1.11.jar:6.1.11]
	at org.springframework.test.context.junit.jupiter.SpringExtension.postProcessTestInstance(SpringExtension.java:163) ~[spring-test-6.1.11.jar:6.1.11]
	at org.junit.jupiter.engine.descriptor.ClassBasedTestDescriptor.lambda$invokeTestInstancePostProcessors$10(ClassBasedTestDescriptor.java:378) ~[junit-jupiter-engine-5.10.3.jar:5.10.3]
	at org.junit.jupiter.engine.descriptor.ClassBasedTestDescriptor.executeAndMaskThrowable(ClassBasedTestDescriptor.java:383) ~[junit-jupiter-engine-5.10.3.jar:5.10.3]
	at org.junit.jupiter.engine.descriptor.ClassBasedTestDescriptor.lambda$invokeTestInstancePostProcessors$11(ClassBasedTestDescriptor.java:378) ~[junit-jupiter-engine-5.10.3.jar:5.10.3]
	at java.base/java.util.stream.ReferencePipeline$3$1.accept(ReferencePipeline.java:212) ~[na:na]
	at java.base/java.util.stream.ReferencePipeline$2$1.accept(ReferencePipeline.java:194) ~[na:na]
	at java.base/java.util.ArrayList$ArrayListSpliterator.forEachRemaining(ArrayList.java:1709) ~[na:na]
	at java.base/java.util.stream.AbstractPipeline.copyInto(AbstractPipeline.java:556) ~[na:na]
	at java.base/java.util.stream.AbstractPipeline.wrapAndCopyInto(AbstractPipeline.java:546) ~[na:na]
	at java.base/java.util.stream.StreamSpliterators$WrappingSpliterator.forEachRemaining(StreamSpliterators.java:310) ~[na:na]
	at java.base/java.util.stream.Streams$ConcatSpliterator.forEachRemaining(Streams.java:735) ~[na:na]
	at java.base/java.util.stream.Streams$ConcatSpliterator.forEachRemaining(Streams.java:734) ~[na:na]
	at java.base/java.util.stream.ReferencePipeline$Head.forEach(ReferencePipeline.java:782) ~[na:na]
	at org.junit.jupiter.engine.descriptor.ClassBasedTestDescriptor.invokeTestInstancePostProcessors(ClassBasedTestDescriptor.java:377) ~[junit-jupiter-engine-5.10.3.jar:5.10.3]
	at org.junit.jupiter.engine.descriptor.ClassBasedTestDescriptor.lambda$instantiateAndPostProcessTestInstance$6(ClassBasedTestDescriptor.java:290) ~[junit-jupiter-engine-5.10.3.jar:5.10.3]
	at org.junit.platform.engine.support.hierarchical.ThrowableCollector.execute(ThrowableCollector.java:73) ~[junit-platform-engine-1.10.3.jar:1.10.3]
	at org.junit.jupiter.engine.descriptor.ClassBasedTestDescriptor.instantiateAndPostProcessTestInstance(ClassBasedTestDescriptor.java:289) ~[junit-jupiter-engine-5.10.3.jar:5.10.3]
	at org.junit.jupiter.engine.descriptor.ClassBasedTestDescriptor.lambda$testInstancesProvider$4(ClassBasedTestDescriptor.java:279) ~[junit-jupiter-engine-5.10.3.jar:5.10.3]
	at java.base/java.util.Optional.orElseGet(Optional.java:364) ~[na:na]
	at org.junit.jupiter.engine.descriptor.ClassBasedTestDescriptor.lambda$testInstancesProvider$5(ClassBasedTestDescriptor.java:278) ~[junit-jupiter-engine-5.10.3.jar:5.10.3]
	at org.junit.jupiter.engine.execution.TestInstancesProvider.getTestInstances(TestInstancesProvider.java:31) ~[junit-jupiter-engine-5.10.3.jar:5.10.3]
	at org.junit.jupiter.engine.descriptor.TestMethodTestDescriptor.lambda$prepare$0(TestMethodTestDescriptor.java:106) ~[junit-jupiter-engine-5.10.3.jar:5.10.3]
	at org.junit.platform.engine.support.hierarchical.ThrowableCollector.execute(ThrowableCollector.java:73) ~[junit-platform-engine-1.10.3.jar:1.10.3]
	at org.junit.jupiter.engine.descriptor.TestMethodTestDescriptor.prepare(TestMethodTestDescriptor.java:105) ~[junit-jupiter-engine-5.10.3.jar:5.10.3]
	at org.junit.jupiter.engine.descriptor.TestMethodTestDescriptor.prepare(TestMethodTestDescriptor.java:69) ~[junit-jupiter-engine-5.10.3.jar:5.10.3]
	at org.junit.platform.engine.support.hierarchical.NodeTestTask.lambda$prepare$2(NodeTestTask.java:123) ~[junit-platform-engine-1.10.3.jar:1.10.3]
	at org.junit.platform.engine.support.hierarchical.ThrowableCollector.execute(ThrowableCollector.java:73) ~[junit-platform-engine-1.10.3.jar:1.10.3]
	at org.junit.platform.engine.support.hierarchical.NodeTestTask.prepare(NodeTestTask.java:123) ~[junit-platform-engine-1.10.3.jar:1.10.3]
	at org.junit.platform.engine.support.hierarchical.NodeTestTask.execute(NodeTestTask.java:90) ~[junit-platform-engine-1.10.3.jar:1.10.3]
	at java.base/java.util.ArrayList.forEach(ArrayList.java:1597) ~[na:na]
	at org.junit.platform.engine.support.hierarchical.SameThreadHierarchicalTestExecutorService.invokeAll(SameThreadHierarchicalTestExecutorService.java:41) ~[junit-platform-engine-1.10.3.jar:1.10.3]
	at org.junit.platform.engine.support.hierarchical.NodeTestTask.lambda$executeRecursively$6(NodeTestTask.java:155) ~[junit-platform-engine-1.10.3.jar:1.10.3]
	at org.junit.platform.engine.support.hierarchical.ThrowableCollector.execute(ThrowableCollector.java:73) ~[junit-platform-engine-1.10.3.jar:1.10.3]
	at org.junit.platform.engine.support.hierarchical.NodeTestTask.lambda$executeRecursively$8(NodeTestTask.java:141) ~[junit-platform-engine-1.10.3.jar:1.10.3]
	at org.junit.platform.engine.support.hierarchical.Node.around(Node.java:137) ~[junit-platform-engine-1.10.3.jar:1.10.3]
	at org.junit.platform.engine.support.hierarchical.NodeTestTask.lambda$executeRecursively$9(NodeTestTask.java:139) ~[junit-platform-engine-1.10.3.jar:1.10.3]
	at org.junit.platform.engine.support.hierarchical.ThrowableCollector.execute(ThrowableCollector.java:73) ~[junit-platform-engine-1.10.3.jar:1.10.3]
	at org.junit.platform.engine.support.hierarchical.NodeTestTask.executeRecursively(NodeTestTask.java:138) ~[junit-platform-engine-1.10.3.jar:1.10.3]
	at org.junit.platform.engine.support.hierarchical.NodeTestTask.execute(NodeTestTask.java:95) ~[junit-platform-engine-1.10.3.jar:1.10.3]
	at java.base/java.util.ArrayList.forEach(ArrayList.java:1597) ~[na:na]
	at org.junit.platform.engine.support.hierarchical.SameThreadHierarchicalTestExecutorService.invokeAll(SameThreadHierarchicalTestExecutorService.java:41) ~[junit-platform-engine-1.10.3.jar:1.10.3]
	at org.junit.platform.engine.support.hierarchical.NodeTestTask.lambda$executeRecursively$6(NodeTestTask.java:155) ~[junit-platform-engine-1.10.3.jar:1.10.3]
	at org.junit.platform.engine.support.hierarchical.ThrowableCollector.execute(ThrowableCollector.java:73) ~[junit-platform-engine-1.10.3.jar:1.10.3]
	at org.junit.platform.engine.support.hierarchical.NodeTestTask.lambda$executeRecursively$8(NodeTestTask.java:141) ~[junit-platform-engine-1.10.3.jar:1.10.3]
	at org.junit.platform.engine.support.hierarchical.Node.around(Node.java:137) ~[junit-platform-engine-1.10.3.jar:1.10.3]
	at org.junit.platform.engine.support.hierarchical.NodeTestTask.lambda$executeRecursively$9(NodeTestTask.java:139) ~[junit-platform-engine-1.10.3.jar:1.10.3]
	at org.junit.platform.engine.support.hierarchical.ThrowableCollector.execute(ThrowableCollector.java:73) ~[junit-platform-engine-1.10.3.jar:1.10.3]
	at org.junit.platform.engine.support.hierarchical.NodeTestTask.executeRecursively(NodeTestTask.java:138) ~[junit-platform-engine-1.10.3.jar:1.10.3]
	at org.junit.platform.engine.support.hierarchical.NodeTestTask.execute(NodeTestTask.java:95) ~[junit-platform-engine-1.10.3.jar:1.10.3]
	at org.junit.platform.engine.support.hierarchical.SameThreadHierarchicalTestExecutorService.submit(SameThreadHierarchicalTestExecutorService.java:35) ~[junit-platform-engine-1.10.3.jar:1.10.3]
	at org.junit.platform.engine.support.hierarchical.HierarchicalTestExecutor.execute(HierarchicalTestExecutor.java:57) ~[junit-platform-engine-1.10.3.jar:1.10.3]
	at org.junit.platform.engine.support.hierarchical.HierarchicalTestEngine.execute(HierarchicalTestEngine.java:54) ~[junit-platform-engine-1.10.3.jar:1.10.3]
	at org.junit.platform.launcher.core.EngineExecutionOrchestrator.execute(EngineExecutionOrchestrator.java:198) ~[junit-platform-launcher-1.10.3.jar:1.10.3]
	at org.junit.platform.launcher.core.EngineExecutionOrchestrator.execute(EngineExecutionOrchestrator.java:169) ~[junit-platform-launcher-1.10.3.jar:1.10.3]
	at org.junit.platform.launcher.core.EngineExecutionOrchestrator.execute(EngineExecutionOrchestrator.java:93) ~[junit-platform-launcher-1.10.3.jar:1.10.3]
	at org.junit.platform.launcher.core.EngineExecutionOrchestrator.lambda$execute$0(EngineExecutionOrchestrator.java:58) ~[junit-platform-launcher-1.10.3.jar:1.10.3]
	at org.junit.platform.launcher.core.EngineExecutionOrchestrator.withInterceptedStreams(EngineExecutionOrchestrator.java:141) ~[junit-platform-launcher-1.10.3.jar:1.10.3]
	at org.junit.platform.launcher.core.EngineExecutionOrchestrator.execute(EngineExecutionOrchestrator.java:57) ~[junit-platform-launcher-1.10.3.jar:1.10.3]
	at org.junit.platform.launcher.core.DefaultLauncher.execute(DefaultLauncher.java:103) ~[junit-platform-launcher-1.10.3.jar:1.10.3]
	at org.junit.platform.launcher.core.DefaultLauncher.execute(DefaultLauncher.java:85) ~[junit-platform-launcher-1.10.3.jar:1.10.3]
	at org.junit.platform.launcher.core.DelegatingLauncher.execute(DelegatingLauncher.java:47) ~[junit-platform-launcher-1.10.3.jar:1.10.3]
	at org.apache.maven.surefire.junitplatform.LazyLauncher.execute(LazyLauncher.java:56) ~[surefire-junit-platform-3.2.5.jar:3.2.5]
	at org.apache.maven.surefire.junitplatform.JUnitPlatformProvider.execute(JUnitPlatformProvider.java:184) ~[surefire-junit-platform-3.2.5.jar:3.2.5]
	at org.apache.maven.surefire.junitplatform.JUnitPlatformProvider.invokeAllTests(JUnitPlatformProvider.java:148) ~[surefire-junit-platform-3.2.5.jar:3.2.5]
	at org.apache.maven.surefire.junitplatform.JUnitPlatformProvider.invoke(JUnitPlatformProvider.java:122) ~[surefire-junit-platform-3.2.5.jar:3.2.5]
	at org.apache.maven.surefire.booter.ForkedBooter.runSuitesInProcess(ForkedBooter.java:385) ~[surefire-booter-3.2.5.jar:3.2.5]
	at org.apache.maven.surefire.booter.ForkedBooter.execute(ForkedBooter.java:162) ~[surefire-booter-3.2.5.jar:3.2.5]
	at org.apache.maven.surefire.booter.ForkedBooter.run(ForkedBooter.java:507) ~[surefire-booter-3.2.5.jar:3.2.5]
	at org.apache.maven.surefire.booter.ForkedBooter.main(ForkedBooter.java:495) ~[surefire-booter-3.2.5.jar:3.2.5]

2024-08-03T22:28:59.435-05:00 DEBUG 26535 --- [PruebaT] [           main] o.s.d.jpa.repository.query.NamedQuery    : Did not find named query Cuenta.findByNumeroCuenta
2024-08-03T22:28:59.436-05:00 DEBUG 26535 --- [PruebaT] [           main] tor$SharedEntityManagerInvocationHandler : Creating new EntityManager for shared EntityManager invocation
2024-08-03T22:28:59.457-05:00 DEBUG 26535 --- [PruebaT] [           main] o.s.d.r.c.s.RepositoryFactorySupport     : Finished creation of repository instance for com.example.PruebaT.repository.AccountRepository.
2024-08-03T22:28:59.460-05:00 DEBUG 26535 --- [PruebaT] [           main] o.s.b.f.s.DefaultListableBeanFactory     : Creating shared instance of singleton bean 'customerRepository'
2024-08-03T22:28:59.460-05:00 DEBUG 26535 --- [PruebaT] [           main] o.s.b.f.s.DefaultListableBeanFactory     : Creating shared instance of singleton bean 'jpa.named-queries#2'
2024-08-03T22:28:59.461-05:00 DEBUG 26535 --- [PruebaT] [           main] o.s.b.f.s.DefaultListableBeanFactory     : Creating shared instance of singleton bean 'jpa.CustomerRepository.fragments#0'
2024-08-03T22:28:59.461-05:00 DEBUG 26535 --- [PruebaT] [           main] tor$SharedEntityManagerInvocationHandler : Creating new EntityManager for shared EntityManager invocation
2024-08-03T22:28:59.461-05:00 DEBUG 26535 --- [PruebaT] [           main] o.s.d.r.c.s.RepositoryFactorySupport     : Initializing repository instance for com.example.PruebaT.repository.CustomerRepository…
2024-08-03T22:28:59.462-05:00 DEBUG 26535 --- [PruebaT] [           main] tor$SharedEntityManagerInvocationHandler : Creating new EntityManager for shared EntityManager invocation
2024-08-03T22:28:59.464-05:00 DEBUG 26535 --- [PruebaT] [           main] o.s.d.r.c.s.RepositoryFactorySupport     : Finished creation of repository instance for com.example.PruebaT.repository.CustomerRepository.
2024-08-03T22:28:59.465-05:00 DEBUG 26535 --- [PruebaT] [           main] o.s.b.f.s.DefaultListableBeanFactory     : Creating shared instance of singleton bean 'customerController'
2024-08-03T22:28:59.466-05:00 DEBUG 26535 --- [PruebaT] [           main] o.s.b.f.s.DefaultListableBeanFactory     : Creating shared instance of singleton bean 'customerService'
2024-08-03T22:28:59.467-05:00 DEBUG 26535 --- [PruebaT] [           main] o.s.b.f.s.DefaultListableBeanFactory     : Creating shared instance of singleton bean 'movementController'
2024-08-03T22:28:59.467-05:00 DEBUG 26535 --- [PruebaT] [           main] o.s.b.f.s.DefaultListableBeanFactory     : Creating shared instance of singleton bean 'movementService'
2024-08-03T22:28:59.467-05:00 DEBUG 26535 --- [PruebaT] [           main] o.s.b.f.s.DefaultListableBeanFactory     : Creating shared instance of singleton bean 'movementRepository'
2024-08-03T22:28:59.468-05:00 DEBUG 26535 --- [PruebaT] [           main] o.s.b.f.s.DefaultListableBeanFactory     : Creating shared instance of singleton bean 'jpa.named-queries#0'
2024-08-03T22:28:59.468-05:00 DEBUG 26535 --- [PruebaT] [           main] o.s.b.f.s.DefaultListableBeanFactory     : Creating shared instance of singleton bean 'jpa.MovementRepository.fragments#0'
2024-08-03T22:28:59.470-05:00 DEBUG 26535 --- [PruebaT] [           main] tor$SharedEntityManagerInvocationHandler : Creating new EntityManager for shared EntityManager invocation
2024-08-03T22:28:59.471-05:00 DEBUG 26535 --- [PruebaT] [           main] o.s.d.r.c.s.RepositoryFactorySupport     : Initializing repository instance for com.example.PruebaT.repository.MovementRepository…
2024-08-03T22:28:59.472-05:00 DEBUG 26535 --- [PruebaT] [           main] tor$SharedEntityManagerInvocationHandler : Creating new EntityManager for shared EntityManager invocation
2024-08-03T22:28:59.478-05:00  INFO 26535 --- [PruebaT] [           main] o.s.d.j.r.query.QueryEnhancerFactory     : Hibernate is in classpath; If applicable, HQL parser will be used.
2024-08-03T22:28:59.577-05:00 DEBUG 26535 --- [PruebaT] [           main] cResourceLocalTransactionCoordinatorImpl : JDBC transaction marked for rollback-only (exception provided for stack trace)

java.lang.Exception: exception just for purpose of providing stack trace
	at org.hibernate.resource.transaction.backend.jdbc.internal.JdbcResourceLocalTransactionCoordinatorImpl$TransactionDriverControlImpl.markRollbackOnly(JdbcResourceLocalTransactionCoordinatorImpl.java:309) ~[hibernate-core-6.5.2.Final.jar:6.5.2.Final]
	at org.hibernate.internal.AbstractSharedSessionContract.buildNamedQuery(AbstractSharedSessionContract.java:1109) ~[hibernate-core-6.5.2.Final.jar:6.5.2.Final]
	at org.hibernate.internal.AbstractSharedSessionContract.createNamedQuery(AbstractSharedSessionContract.java:987) ~[hibernate-core-6.5.2.Final.jar:6.5.2.Final]
	at org.hibernate.internal.AbstractSharedSessionContract.createNamedQuery(AbstractSharedSessionContract.java:140) ~[hibernate-core-6.5.2.Final.jar:6.5.2.Final]
	at java.base/jdk.internal.reflect.DirectMethodHandleAccessor.invoke(DirectMethodHandleAccessor.java:103) ~[na:na]
	at java.base/java.lang.reflect.Method.invoke(Method.java:580) ~[na:na]
	at org.springframework.orm.jpa.ExtendedEntityManagerCreator$ExtendedEntityManagerInvocationHandler.invoke(ExtendedEntityManagerCreator.java:364) ~[spring-orm-6.1.11.jar:6.1.11]
	at jdk.proxy2/jdk.proxy2.$Proxy133.createNamedQuery(Unknown Source) ~[na:na]
	at org.springframework.data.jpa.repository.query.NamedQuery.hasNamedQuery(NamedQuery.java:112) ~[spring-data-jpa-3.3.2.jar:3.3.2]
	at org.springframework.data.jpa.repository.query.JpaQueryLookupStrategy$DeclaredQueryLookupStrategy.getCountQuery(JpaQueryLookupStrategy.java:204) ~[spring-data-jpa-3.3.2.jar:3.3.2]
	at org.springframework.data.jpa.repository.query.JpaQueryLookupStrategy$DeclaredQueryLookupStrategy.resolveQuery(JpaQueryLookupStrategy.java:171) ~[spring-data-jpa-3.3.2.jar:3.3.2]
	at org.springframework.data.jpa.repository.query.JpaQueryLookupStrategy$CreateIfNotFoundQueryLookupStrategy.resolveQuery(JpaQueryLookupStrategy.java:252) ~[spring-data-jpa-3.3.2.jar:3.3.2]
	at org.springframework.data.jpa.repository.query.JpaQueryLookupStrategy$AbstractQueryLookupStrategy.resolveQuery(JpaQueryLookupStrategy.java:95) ~[spring-data-jpa-3.3.2.jar:3.3.2]
	at org.springframework.data.repository.core.support.QueryExecutorMethodInterceptor.lookupQuery(QueryExecutorMethodInterceptor.java:111) ~[spring-data-commons-3.3.2.jar:3.3.2]
	at org.springframework.data.repository.core.support.QueryExecutorMethodInterceptor.mapMethodsToQuery(QueryExecutorMethodInterceptor.java:99) ~[spring-data-commons-3.3.2.jar:3.3.2]
	at org.springframework.data.repository.core.support.QueryExecutorMethodInterceptor.lambda$new$0(QueryExecutorMethodInterceptor.java:88) ~[spring-data-commons-3.3.2.jar:3.3.2]
	at java.base/java.util.Optional.map(Optional.java:260) ~[na:na]
	at org.springframework.data.repository.core.support.QueryExecutorMethodInterceptor.<init>(QueryExecutorMethodInterceptor.java:88) ~[spring-data-commons-3.3.2.jar:3.3.2]
	at org.springframework.data.repository.core.support.RepositoryFactorySupport.getRepository(RepositoryFactorySupport.java:357) ~[spring-data-commons-3.3.2.jar:3.3.2]
	at org.springframework.data.repository.core.support.RepositoryFactoryBeanSupport.lambda$afterPropertiesSet$5(RepositoryFactoryBeanSupport.java:286) ~[spring-data-commons-3.3.2.jar:3.3.2]
	at org.springframework.data.util.Lazy.getNullable(Lazy.java:135) ~[spring-data-commons-3.3.2.jar:3.3.2]
	at org.springframework.data.util.Lazy.get(Lazy.java:113) ~[spring-data-commons-3.3.2.jar:3.3.2]
	at org.springframework.data.repository.core.support.RepositoryFactoryBeanSupport.afterPropertiesSet(RepositoryFactoryBeanSupport.java:292) ~[spring-data-commons-3.3.2.jar:3.3.2]
	at org.springframework.data.jpa.repository.support.JpaRepositoryFactoryBean.afterPropertiesSet(JpaRepositoryFactoryBean.java:132) ~[spring-data-jpa-3.3.2.jar:3.3.2]
	at org.springframework.beans.factory.support.AbstractAutowireCapableBeanFactory.invokeInitMethods(AbstractAutowireCapableBeanFactory.java:1853) ~[spring-beans-6.1.11.jar:6.1.11]
	at org.springframework.beans.factory.support.AbstractAutowireCapableBeanFactory.initializeBean(AbstractAutowireCapableBeanFactory.java:1802) ~[spring-beans-6.1.11.jar:6.1.11]
	at org.springframework.beans.factory.support.AbstractAutowireCapableBeanFactory.doCreateBean(AbstractAutowireCapableBeanFactory.java:600) ~[spring-beans-6.1.11.jar:6.1.11]
	at org.springframework.beans.factory.support.AbstractAutowireCapableBeanFactory.createBean(AbstractAutowireCapableBeanFactory.java:522) ~[spring-beans-6.1.11.jar:6.1.11]
	at org.springframework.beans.factory.support.AbstractBeanFactory.lambda$doGetBean$0(AbstractBeanFactory.java:337) ~[spring-beans-6.1.11.jar:6.1.11]
	at org.springframework.beans.factory.support.DefaultSingletonBeanRegistry.getSingleton(DefaultSingletonBeanRegistry.java:234) ~[spring-beans-6.1.11.jar:6.1.11]
	at org.springframework.beans.factory.support.AbstractBeanFactory.doGetBean(AbstractBeanFactory.java:335) ~[spring-beans-6.1.11.jar:6.1.11]
	at org.springframework.beans.factory.support.AbstractBeanFactory.getBean(AbstractBeanFactory.java:200) ~[spring-beans-6.1.11.jar:6.1.11]
	at org.springframework.beans.factory.config.DependencyDescriptor.resolveCandidate(DependencyDescriptor.java:254) ~[spring-beans-6.1.11.jar:6.1.11]
	at org.springframework.beans.factory.support.DefaultListableBeanFactory.doResolveDependency(DefaultListableBeanFactory.java:1443) ~[spring-beans-6.1.11.jar:6.1.11]
	at org.springframework.beans.factory.support.DefaultListableBeanFactory.resolveDependency(DefaultListableBeanFactory.java:1353) ~[spring-beans-6.1.11.jar:6.1.11]
	at org.springframework.beans.factory.annotation.AutowiredAnnotationBeanPostProcessor$AutowiredFieldElement.resolveFieldValue(AutowiredAnnotationBeanPostProcessor.java:784) ~[spring-beans-6.1.11.jar:6.1.11]
	at org.springframework.beans.factory.annotation.AutowiredAnnotationBeanPostProcessor$AutowiredFieldElement.inject(AutowiredAnnotationBeanPostProcessor.java:767) ~[spring-beans-6.1.11.jar:6.1.11]
	at org.springframework.beans.factory.annotation.InjectionMetadata.inject(InjectionMetadata.java:145) ~[spring-beans-6.1.11.jar:6.1.11]
	at org.springframework.beans.factory.annotation.AutowiredAnnotationBeanPostProcessor.postProcessProperties(AutowiredAnnotationBeanPostProcessor.java:508) ~[spring-beans-6.1.11.jar:6.1.11]
	at org.springframework.beans.factory.support.AbstractAutowireCapableBeanFactory.populateBean(AbstractAutowireCapableBeanFactory.java:1439) ~[spring-beans-6.1.11.jar:6.1.11]
	at org.springframework.beans.factory.support.AbstractAutowireCapableBeanFactory.doCreateBean(AbstractAutowireCapableBeanFactory.java:599) ~[spring-beans-6.1.11.jar:6.1.11]
	at org.springframework.beans.factory.support.AbstractAutowireCapableBeanFactory.createBean(AbstractAutowireCapableBeanFactory.java:522) ~[spring-beans-6.1.11.jar:6.1.11]
	at org.springframework.beans.factory.support.AbstractBeanFactory.lambda$doGetBean$0(AbstractBeanFactory.java:337) ~[spring-beans-6.1.11.jar:6.1.11]
	at org.springframework.beans.factory.support.DefaultSingletonBeanRegistry.getSingleton(DefaultSingletonBeanRegistry.java:234) ~[spring-beans-6.1.11.jar:6.1.11]
	at org.springframework.beans.factory.support.AbstractBeanFactory.doGetBean(AbstractBeanFactory.java:335) ~[spring-beans-6.1.11.jar:6.1.11]
	at org.springframework.beans.factory.support.AbstractBeanFactory.getBean(AbstractBeanFactory.java:200) ~[spring-beans-6.1.11.jar:6.1.11]
	at org.springframework.beans.factory.config.DependencyDescriptor.resolveCandidate(DependencyDescriptor.java:254) ~[spring-beans-6.1.11.jar:6.1.11]
	at org.springframework.beans.factory.support.DefaultListableBeanFactory.doResolveDependency(DefaultListableBeanFactory.java:1443) ~[spring-beans-6.1.11.jar:6.1.11]
	at org.springframework.beans.factory.support.DefaultListableBeanFactory.resolveDependency(DefaultListableBeanFactory.java:1353) ~[spring-beans-6.1.11.jar:6.1.11]
	at org.springframework.beans.factory.annotation.AutowiredAnnotationBeanPostProcessor$AutowiredFieldElement.resolveFieldValue(AutowiredAnnotationBeanPostProcessor.java:784) ~[spring-beans-6.1.11.jar:6.1.11]
	at org.springframework.beans.factory.annotation.AutowiredAnnotationBeanPostProcessor$AutowiredFieldElement.inject(AutowiredAnnotationBeanPostProcessor.java:767) ~[spring-beans-6.1.11.jar:6.1.11]
	at org.springframework.beans.factory.annotation.InjectionMetadata.inject(InjectionMetadata.java:145) ~[spring-beans-6.1.11.jar:6.1.11]
	at org.springframework.beans.factory.annotation.AutowiredAnnotationBeanPostProcessor.postProcessProperties(AutowiredAnnotationBeanPostProcessor.java:508) ~[spring-beans-6.1.11.jar:6.1.11]
	at org.springframework.beans.factory.support.AbstractAutowireCapableBeanFactory.populateBean(AbstractAutowireCapableBeanFactory.java:1439) ~[spring-beans-6.1.11.jar:6.1.11]
	at org.springframework.beans.factory.support.AbstractAutowireCapableBeanFactory.doCreateBean(AbstractAutowireCapableBeanFactory.java:599) ~[spring-beans-6.1.11.jar:6.1.11]
	at org.springframework.beans.factory.support.AbstractAutowireCapableBeanFactory.createBean(AbstractAutowireCapableBeanFactory.java:522) ~[spring-beans-6.1.11.jar:6.1.11]
	at org.springframework.beans.factory.support.AbstractBeanFactory.lambda$doGetBean$0(AbstractBeanFactory.java:337) ~[spring-beans-6.1.11.jar:6.1.11]
	at org.springframework.beans.factory.support.DefaultSingletonBeanRegistry.getSingleton(DefaultSingletonBeanRegistry.java:234) ~[spring-beans-6.1.11.jar:6.1.11]
	at org.springframework.beans.factory.support.AbstractBeanFactory.doGetBean(AbstractBeanFactory.java:335) ~[spring-beans-6.1.11.jar:6.1.11]
	at org.springframework.beans.factory.support.AbstractBeanFactory.getBean(AbstractBeanFactory.java:200) ~[spring-beans-6.1.11.jar:6.1.11]
	at org.springframework.beans.factory.support.DefaultListableBeanFactory.preInstantiateSingletons(DefaultListableBeanFactory.java:975) ~[spring-beans-6.1.11.jar:6.1.11]
	at org.springframework.context.support.AbstractApplicationContext.finishBeanFactoryInitialization(AbstractApplicationContext.java:971) ~[spring-context-6.1.11.jar:6.1.11]
	at org.springframework.context.support.AbstractApplicationContext.refresh(AbstractApplicationContext.java:625) ~[spring-context-6.1.11.jar:6.1.11]
	at org.springframework.boot.SpringApplication.refresh(SpringApplication.java:754) ~[spring-boot-3.3.2.jar:3.3.2]
	at org.springframework.boot.SpringApplication.refreshContext(SpringApplication.java:456) ~[spring-boot-3.3.2.jar:3.3.2]
	at org.springframework.boot.SpringApplication.run(SpringApplication.java:335) ~[spring-boot-3.3.2.jar:3.3.2]
	at org.springframework.boot.test.context.SpringBootContextLoader.lambda$loadContext$3(SpringBootContextLoader.java:137) ~[spring-boot-test-3.3.2.jar:3.3.2]
	at org.springframework.util.function.ThrowingSupplier.get(ThrowingSupplier.java:58) ~[spring-core-6.1.11.jar:6.1.11]
	at org.springframework.util.function.ThrowingSupplier.get(ThrowingSupplier.java:46) ~[spring-core-6.1.11.jar:6.1.11]
	at org.springframework.boot.SpringApplication.withHook(SpringApplication.java:1463) ~[spring-boot-3.3.2.jar:3.3.2]
	at org.springframework.boot.test.context.SpringBootContextLoader$ContextLoaderHook.run(SpringBootContextLoader.java:553) ~[spring-boot-test-3.3.2.jar:3.3.2]
	at org.springframework.boot.test.context.SpringBootContextLoader.loadContext(SpringBootContextLoader.java:137) ~[spring-boot-test-3.3.2.jar:3.3.2]
	at org.springframework.boot.test.context.SpringBootContextLoader.loadContext(SpringBootContextLoader.java:108) ~[spring-boot-test-3.3.2.jar:3.3.2]
	at org.springframework.test.context.cache.DefaultCacheAwareContextLoaderDelegate.loadContextInternal(DefaultCacheAwareContextLoaderDelegate.java:225) ~[spring-test-6.1.11.jar:6.1.11]
	at org.springframework.test.context.cache.DefaultCacheAwareContextLoaderDelegate.loadContext(DefaultCacheAwareContextLoaderDelegate.java:152) ~[spring-test-6.1.11.jar:6.1.11]
	at org.springframework.test.context.support.DefaultTestContext.getApplicationContext(DefaultTestContext.java:130) ~[spring-test-6.1.11.jar:6.1.11]
	at org.springframework.test.context.web.ServletTestExecutionListener.setUpRequestContextIfNecessary(ServletTestExecutionListener.java:191) ~[spring-test-6.1.11.jar:6.1.11]
	at org.springframework.test.context.web.ServletTestExecutionListener.prepareTestInstance(ServletTestExecutionListener.java:130) ~[spring-test-6.1.11.jar:6.1.11]
	at org.springframework.test.context.TestContextManager.prepareTestInstance(TestContextManager.java:260) ~[spring-test-6.1.11.jar:6.1.11]
	at org.springframework.test.context.junit.jupiter.SpringExtension.postProcessTestInstance(SpringExtension.java:163) ~[spring-test-6.1.11.jar:6.1.11]
	at org.junit.jupiter.engine.descriptor.ClassBasedTestDescriptor.lambda$invokeTestInstancePostProcessors$10(ClassBasedTestDescriptor.java:378) ~[junit-jupiter-engine-5.10.3.jar:5.10.3]
	at org.junit.jupiter.engine.descriptor.ClassBasedTestDescriptor.executeAndMaskThrowable(ClassBasedTestDescriptor.java:383) ~[junit-jupiter-engine-5.10.3.jar:5.10.3]
	at org.junit.jupiter.engine.descriptor.ClassBasedTestDescriptor.lambda$invokeTestInstancePostProcessors$11(ClassBasedTestDescriptor.java:378) ~[junit-jupiter-engine-5.10.3.jar:5.10.3]
	at java.base/java.util.stream.ReferencePipeline$3$1.accept(ReferencePipeline.java:212) ~[na:na]
	at java.base/java.util.stream.ReferencePipeline$2$1.accept(ReferencePipeline.java:194) ~[na:na]
	at java.base/java.util.ArrayList$ArrayListSpliterator.forEachRemaining(ArrayList.java:1709) ~[na:na]
	at java.base/java.util.stream.AbstractPipeline.copyInto(AbstractPipeline.java:556) ~[na:na]
	at java.base/java.util.stream.AbstractPipeline.wrapAndCopyInto(AbstractPipeline.java:546) ~[na:na]
	at java.base/java.util.stream.StreamSpliterators$WrappingSpliterator.forEachRemaining(StreamSpliterators.java:310) ~[na:na]
	at java.base/java.util.stream.Streams$ConcatSpliterator.forEachRemaining(Streams.java:735) ~[na:na]
	at java.base/java.util.stream.Streams$ConcatSpliterator.forEachRemaining(Streams.java:734) ~[na:na]
	at java.base/java.util.stream.ReferencePipeline$Head.forEach(ReferencePipeline.java:782) ~[na:na]
	at org.junit.jupiter.engine.descriptor.ClassBasedTestDescriptor.invokeTestInstancePostProcessors(ClassBasedTestDescriptor.java:377) ~[junit-jupiter-engine-5.10.3.jar:5.10.3]
	at org.junit.jupiter.engine.descriptor.ClassBasedTestDescriptor.lambda$instantiateAndPostProcessTestInstance$6(ClassBasedTestDescriptor.java:290) ~[junit-jupiter-engine-5.10.3.jar:5.10.3]
	at org.junit.platform.engine.support.hierarchical.ThrowableCollector.execute(ThrowableCollector.java:73) ~[junit-platform-engine-1.10.3.jar:1.10.3]
	at org.junit.jupiter.engine.descriptor.ClassBasedTestDescriptor.instantiateAndPostProcessTestInstance(ClassBasedTestDescriptor.java:289) ~[junit-jupiter-engine-5.10.3.jar:5.10.3]
	at org.junit.jupiter.engine.descriptor.ClassBasedTestDescriptor.lambda$testInstancesProvider$4(ClassBasedTestDescriptor.java:279) ~[junit-jupiter-engine-5.10.3.jar:5.10.3]
	at java.base/java.util.Optional.orElseGet(Optional.java:364) ~[na:na]
	at org.junit.jupiter.engine.descriptor.ClassBasedTestDescriptor.lambda$testInstancesProvider$5(ClassBasedTestDescriptor.java:278) ~[junit-jupiter-engine-5.10.3.jar:5.10.3]
	at org.junit.jupiter.engine.execution.TestInstancesProvider.getTestInstances(TestInstancesProvider.java:31) ~[junit-jupiter-engine-5.10.3.jar:5.10.3]
	at org.junit.jupiter.engine.descriptor.TestMethodTestDescriptor.lambda$prepare$0(TestMethodTestDescriptor.java:106) ~[junit-jupiter-engine-5.10.3.jar:5.10.3]
	at org.junit.platform.engine.support.hierarchical.ThrowableCollector.execute(ThrowableCollector.java:73) ~[junit-platform-engine-1.10.3.jar:1.10.3]
	at org.junit.jupiter.engine.descriptor.TestMethodTestDescriptor.prepare(TestMethodTestDescriptor.java:105) ~[junit-jupiter-engine-5.10.3.jar:5.10.3]
	at org.junit.jupiter.engine.descriptor.TestMethodTestDescriptor.prepare(TestMethodTestDescriptor.java:69) ~[junit-jupiter-engine-5.10.3.jar:5.10.3]
	at org.junit.platform.engine.support.hierarchical.NodeTestTask.lambda$prepare$2(NodeTestTask.java:123) ~[junit-platform-engine-1.10.3.jar:1.10.3]
	at org.junit.platform.engine.support.hierarchical.ThrowableCollector.execute(ThrowableCollector.java:73) ~[junit-platform-engine-1.10.3.jar:1.10.3]
	at org.junit.platform.engine.support.hierarchical.NodeTestTask.prepare(NodeTestTask.java:123) ~[junit-platform-engine-1.10.3.jar:1.10.3]
	at org.junit.platform.engine.support.hierarchical.NodeTestTask.execute(NodeTestTask.java:90) ~[junit-platform-engine-1.10.3.jar:1.10.3]
	at java.base/java.util.ArrayList.forEach(ArrayList.java:1597) ~[na:na]
	at org.junit.platform.engine.support.hierarchical.SameThreadHierarchicalTestExecutorService.invokeAll(SameThreadHierarchicalTestExecutorService.java:41) ~[junit-platform-engine-1.10.3.jar:1.10.3]
	at org.junit.platform.engine.support.hierarchical.NodeTestTask.lambda$executeRecursively$6(NodeTestTask.java:155) ~[junit-platform-engine-1.10.3.jar:1.10.3]
	at org.junit.platform.engine.support.hierarchical.ThrowableCollector.execute(ThrowableCollector.java:73) ~[junit-platform-engine-1.10.3.jar:1.10.3]
	at org.junit.platform.engine.support.hierarchical.NodeTestTask.lambda$executeRecursively$8(NodeTestTask.java:141) ~[junit-platform-engine-1.10.3.jar:1.10.3]
	at org.junit.platform.engine.support.hierarchical.Node.around(Node.java:137) ~[junit-platform-engine-1.10.3.jar:1.10.3]
	at org.junit.platform.engine.support.hierarchical.NodeTestTask.lambda$executeRecursively$9(NodeTestTask.java:139) ~[junit-platform-engine-1.10.3.jar:1.10.3]
	at org.junit.platform.engine.support.hierarchical.ThrowableCollector.execute(ThrowableCollector.java:73) ~[junit-platform-engine-1.10.3.jar:1.10.3]
	at org.junit.platform.engine.support.hierarchical.NodeTestTask.executeRecursively(NodeTestTask.java:138) ~[junit-platform-engine-1.10.3.jar:1.10.3]
	at org.junit.platform.engine.support.hierarchical.NodeTestTask.execute(NodeTestTask.java:95) ~[junit-platform-engine-1.10.3.jar:1.10.3]
	at java.base/java.util.ArrayList.forEach(ArrayList.java:1597) ~[na:na]
	at org.junit.platform.engine.support.hierarchical.SameThreadHierarchicalTestExecutorService.invokeAll(SameThreadHierarchicalTestExecutorService.java:41) ~[junit-platform-engine-1.10.3.jar:1.10.3]
	at org.junit.platform.engine.support.hierarchical.NodeTestTask.lambda$executeRecursively$6(NodeTestTask.java:155) ~[junit-platform-engine-1.10.3.jar:1.10.3]
	at org.junit.platform.engine.support.hierarchical.ThrowableCollector.execute(ThrowableCollector.java:73) ~[junit-platform-engine-1.10.3.jar:1.10.3]
	at org.junit.platform.engine.support.hierarchical.NodeTestTask.lambda$executeRecursively$8(NodeTestTask.java:141) ~[junit-platform-engine-1.10.3.jar:1.10.3]
	at org.junit.platform.engine.support.hierarchical.Node.around(Node.java:137) ~[junit-platform-engine-1.10.3.jar:1.10.3]
	at org.junit.platform.engine.support.hierarchical.NodeTestTask.lambda$executeRecursively$9(NodeTestTask.java:139) ~[junit-platform-engine-1.10.3.jar:1.10.3]
	at org.junit.platform.engine.support.hierarchical.ThrowableCollector.execute(ThrowableCollector.java:73) ~[junit-platform-engine-1.10.3.jar:1.10.3]
	at org.junit.platform.engine.support.hierarchical.NodeTestTask.executeRecursively(NodeTestTask.java:138) ~[junit-platform-engine-1.10.3.jar:1.10.3]
	at org.junit.platform.engine.support.hierarchical.NodeTestTask.execute(NodeTestTask.java:95) ~[junit-platform-engine-1.10.3.jar:1.10.3]
	at org.junit.platform.engine.support.hierarchical.SameThreadHierarchicalTestExecutorService.submit(SameThreadHierarchicalTestExecutorService.java:35) ~[junit-platform-engine-1.10.3.jar:1.10.3]
	at org.junit.platform.engine.support.hierarchical.HierarchicalTestExecutor.execute(HierarchicalTestExecutor.java:57) ~[junit-platform-engine-1.10.3.jar:1.10.3]
	at org.junit.platform.engine.support.hierarchical.HierarchicalTestEngine.execute(HierarchicalTestEngine.java:54) ~[junit-platform-engine-1.10.3.jar:1.10.3]
	at org.junit.platform.launcher.core.EngineExecutionOrchestrator.execute(EngineExecutionOrchestrator.java:198) ~[junit-platform-launcher-1.10.3.jar:1.10.3]
	at org.junit.platform.launcher.core.EngineExecutionOrchestrator.execute(EngineExecutionOrchestrator.java:169) ~[junit-platform-launcher-1.10.3.jar:1.10.3]
	at org.junit.platform.launcher.core.EngineExecutionOrchestrator.execute(EngineExecutionOrchestrator.java:93) ~[junit-platform-launcher-1.10.3.jar:1.10.3]
	at org.junit.platform.launcher.core.EngineExecutionOrchestrator.lambda$execute$0(EngineExecutionOrchestrator.java:58) ~[junit-platform-launcher-1.10.3.jar:1.10.3]
	at org.junit.platform.launcher.core.EngineExecutionOrchestrator.withInterceptedStreams(EngineExecutionOrchestrator.java:141) ~[junit-platform-launcher-1.10.3.jar:1.10.3]
	at org.junit.platform.launcher.core.EngineExecutionOrchestrator.execute(EngineExecutionOrchestrator.java:57) ~[junit-platform-launcher-1.10.3.jar:1.10.3]
	at org.junit.platform.launcher.core.DefaultLauncher.execute(DefaultLauncher.java:103) ~[junit-platform-launcher-1.10.3.jar:1.10.3]
	at org.junit.platform.launcher.core.DefaultLauncher.execute(DefaultLauncher.java:85) ~[junit-platform-launcher-1.10.3.jar:1.10.3]
	at org.junit.platform.launcher.core.DelegatingLauncher.execute(DelegatingLauncher.java:47) ~[junit-platform-launcher-1.10.3.jar:1.10.3]
	at org.apache.maven.surefire.junitplatform.LazyLauncher.execute(LazyLauncher.java:56) ~[surefire-junit-platform-3.2.5.jar:3.2.5]
	at org.apache.maven.surefire.junitplatform.JUnitPlatformProvider.execute(JUnitPlatformProvider.java:184) ~[surefire-junit-platform-3.2.5.jar:3.2.5]
	at org.apache.maven.surefire.junitplatform.JUnitPlatformProvider.invokeAllTests(JUnitPlatformProvider.java:148) ~[surefire-junit-platform-3.2.5.jar:3.2.5]
	at org.apache.maven.surefire.junitplatform.JUnitPlatformProvider.invoke(JUnitPlatformProvider.java:122) ~[surefire-junit-platform-3.2.5.jar:3.2.5]
	at org.apache.maven.surefire.booter.ForkedBooter.runSuitesInProcess(ForkedBooter.java:385) ~[surefire-booter-3.2.5.jar:3.2.5]
	at org.apache.maven.surefire.booter.ForkedBooter.execute(ForkedBooter.java:162) ~[surefire-booter-3.2.5.jar:3.2.5]
	at org.apache.maven.surefire.booter.ForkedBooter.run(ForkedBooter.java:507) ~[surefire-booter-3.2.5.jar:3.2.5]
	at org.apache.maven.surefire.booter.ForkedBooter.main(ForkedBooter.java:495) ~[surefire-booter-3.2.5.jar:3.2.5]

2024-08-03T22:28:59.578-05:00 DEBUG 26535 --- [PruebaT] [           main] o.s.d.jpa.repository.query.NamedQuery    : Did not find named query Movimiento.findLastMovementByCuentaId.count
2024-08-03T22:28:59.578-05:00 DEBUG 26535 --- [PruebaT] [           main] tor$SharedEntityManagerInvocationHandler : Creating new EntityManager for shared EntityManager invocation
2024-08-03T22:28:59.580-05:00 DEBUG 26535 --- [PruebaT] [           main] org.hibernate.orm.query.hql              : HQL : SELECT m FROM Movimiento m WHERE m.cuenta.id = :id ORDER BY m.fecha DESC LIMIT 1
2024-08-03T22:28:59.728-05:00 DEBUG 26535 --- [PruebaT] [           main] o.h.o.q.hql.reservedWordAsIdentifier     : Encountered use of reserved word as identifier : =
2024-08-03T22:28:59.728-05:00 DEBUG 26535 --- [PruebaT] [           main] o.h.o.q.hql.reservedWordAsIdentifier     : Encountered use of reserved word as identifier : ORDER
2024-08-03T22:28:59.752-05:00 DEBUG 26535 --- [PruebaT] [           main] org.hibernate.orm.query.sqm.creation     : Applying inferable type to SqmExpression [SqmNamedParameter(id)] : null -> SqmBasicValuedSimplePath(com.example.PruebaT.model.Movimiento(m).cuenta.id)
2024-08-03T22:28:59.760-05:00 DEBUG 26535 --- [PruebaT] [           main] org.hibernate.orm.query.sqm.ast          : SqmStatement Tree :
    -> [select]
      -> [query-spec]
        -> [select]
          -> [selection]
            -> [root] - `com.example.PruebaT.model.Movimiento(m)`
            <- [root] - `com.example.PruebaT.model.Movimiento(m)`
          <- [selection]
        <- [select]
        -> [from]
          -> [root] - `com.example.PruebaT.model.Movimiento(m)`
          <- [root] - `com.example.PruebaT.model.Movimiento(m)`
        <- [from]
        -> [where]
          -> [EQUAL]
              -> [basic-path] - `com.example.PruebaT.model.Movimiento(m).cuenta.id`
              :id
          <- [EQUAL]
        <- [where]
      <- [query-spec]
    <- [select]

2024-08-03T22:28:59.775-05:00 DEBUG 26535 --- [PruebaT] [           main] o.s.d.jpa.repository.query.NamedQuery    : Looking up named query Movimiento.findTipoMovimientosByCuenta
2024-08-03T22:28:59.775-05:00 DEBUG 26535 --- [PruebaT] [           main] cResourceLocalTransactionCoordinatorImpl : JDBC transaction marked for rollback-only (exception provided for stack trace)

java.lang.Exception: exception just for purpose of providing stack trace
	at org.hibernate.resource.transaction.backend.jdbc.internal.JdbcResourceLocalTransactionCoordinatorImpl$TransactionDriverControlImpl.markRollbackOnly(JdbcResourceLocalTransactionCoordinatorImpl.java:309) ~[hibernate-core-6.5.2.Final.jar:6.5.2.Final]
	at org.hibernate.internal.AbstractSharedSessionContract.buildNamedQuery(AbstractSharedSessionContract.java:1109) ~[hibernate-core-6.5.2.Final.jar:6.5.2.Final]
	at org.hibernate.internal.AbstractSharedSessionContract.createNamedQuery(AbstractSharedSessionContract.java:987) ~[hibernate-core-6.5.2.Final.jar:6.5.2.Final]
	at org.hibernate.internal.AbstractSharedSessionContract.createNamedQuery(AbstractSharedSessionContract.java:140) ~[hibernate-core-6.5.2.Final.jar:6.5.2.Final]
	at java.base/jdk.internal.reflect.DirectMethodHandleAccessor.invoke(DirectMethodHandleAccessor.java:103) ~[na:na]
	at java.base/java.lang.reflect.Method.invoke(Method.java:580) ~[na:na]
	at org.springframework.orm.jpa.ExtendedEntityManagerCreator$ExtendedEntityManagerInvocationHandler.invoke(ExtendedEntityManagerCreator.java:364) ~[spring-orm-6.1.11.jar:6.1.11]
	at jdk.proxy2/jdk.proxy2.$Proxy133.createNamedQuery(Unknown Source) ~[na:na]
	at org.springframework.data.jpa.repository.query.NamedQuery.hasNamedQuery(NamedQuery.java:112) ~[spring-data-jpa-3.3.2.jar:3.3.2]
	at org.springframework.data.jpa.repository.query.NamedQuery.lookupFrom(NamedQuery.java:138) ~[spring-data-jpa-3.3.2.jar:3.3.2]
	at org.springframework.data.jpa.repository.query.JpaQueryLookupStrategy$DeclaredQueryLookupStrategy.resolveQuery(JpaQueryLookupStrategy.java:180) ~[spring-data-jpa-3.3.2.jar:3.3.2]
	at org.springframework.data.jpa.repository.query.JpaQueryLookupStrategy$CreateIfNotFoundQueryLookupStrategy.resolveQuery(JpaQueryLookupStrategy.java:252) ~[spring-data-jpa-3.3.2.jar:3.3.2]
	at org.springframework.data.jpa.repository.query.JpaQueryLookupStrategy$AbstractQueryLookupStrategy.resolveQuery(JpaQueryLookupStrategy.java:95) ~[spring-data-jpa-3.3.2.jar:3.3.2]
	at org.springframework.data.repository.core.support.QueryExecutorMethodInterceptor.lookupQuery(QueryExecutorMethodInterceptor.java:111) ~[spring-data-commons-3.3.2.jar:3.3.2]
	at org.springframework.data.repository.core.support.QueryExecutorMethodInterceptor.mapMethodsToQuery(QueryExecutorMethodInterceptor.java:99) ~[spring-data-commons-3.3.2.jar:3.3.2]
	at org.springframework.data.repository.core.support.QueryExecutorMethodInterceptor.lambda$new$0(QueryExecutorMethodInterceptor.java:88) ~[spring-data-commons-3.3.2.jar:3.3.2]
	at java.base/java.util.Optional.map(Optional.java:260) ~[na:na]
	at org.springframework.data.repository.core.support.QueryExecutorMethodInterceptor.<init>(QueryExecutorMethodInterceptor.java:88) ~[spring-data-commons-3.3.2.jar:3.3.2]
	at org.springframework.data.repository.core.support.RepositoryFactorySupport.getRepository(RepositoryFactorySupport.java:357) ~[spring-data-commons-3.3.2.jar:3.3.2]
	at org.springframework.data.repository.core.support.RepositoryFactoryBeanSupport.lambda$afterPropertiesSet$5(RepositoryFactoryBeanSupport.java:286) ~[spring-data-commons-3.3.2.jar:3.3.2]
	at org.springframework.data.util.Lazy.getNullable(Lazy.java:135) ~[spring-data-commons-3.3.2.jar:3.3.2]
	at org.springframework.data.util.Lazy.get(Lazy.java:113) ~[spring-data-commons-3.3.2.jar:3.3.2]
	at org.springframework.data.repository.core.support.RepositoryFactoryBeanSupport.afterPropertiesSet(RepositoryFactoryBeanSupport.java:292) ~[spring-data-commons-3.3.2.jar:3.3.2]
	at org.springframework.data.jpa.repository.support.JpaRepositoryFactoryBean.afterPropertiesSet(JpaRepositoryFactoryBean.java:132) ~[spring-data-jpa-3.3.2.jar:3.3.2]
	at org.springframework.beans.factory.support.AbstractAutowireCapableBeanFactory.invokeInitMethods(AbstractAutowireCapableBeanFactory.java:1853) ~[spring-beans-6.1.11.jar:6.1.11]
	at org.springframework.beans.factory.support.AbstractAutowireCapableBeanFactory.initializeBean(AbstractAutowireCapableBeanFactory.java:1802) ~[spring-beans-6.1.11.jar:6.1.11]
	at org.springframework.beans.factory.support.AbstractAutowireCapableBeanFactory.doCreateBean(AbstractAutowireCapableBeanFactory.java:600) ~[spring-beans-6.1.11.jar:6.1.11]
	at org.springframework.beans.factory.support.AbstractAutowireCapableBeanFactory.createBean(AbstractAutowireCapableBeanFactory.java:522) ~[spring-beans-6.1.11.jar:6.1.11]
	at org.springframework.beans.factory.support.AbstractBeanFactory.lambda$doGetBean$0(AbstractBeanFactory.java:337) ~[spring-beans-6.1.11.jar:6.1.11]
	at org.springframework.beans.factory.support.DefaultSingletonBeanRegistry.getSingleton(DefaultSingletonBeanRegistry.java:234) ~[spring-beans-6.1.11.jar:6.1.11]
	at org.springframework.beans.factory.support.AbstractBeanFactory.doGetBean(AbstractBeanFactory.java:335) ~[spring-beans-6.1.11.jar:6.1.11]
	at org.springframework.beans.factory.support.AbstractBeanFactory.getBean(AbstractBeanFactory.java:200) ~[spring-beans-6.1.11.jar:6.1.11]
	at org.springframework.beans.factory.config.DependencyDescriptor.resolveCandidate(DependencyDescriptor.java:254) ~[spring-beans-6.1.11.jar:6.1.11]
	at org.springframework.beans.factory.support.DefaultListableBeanFactory.doResolveDependency(DefaultListableBeanFactory.java:1443) ~[spring-beans-6.1.11.jar:6.1.11]
	at org.springframework.beans.factory.support.DefaultListableBeanFactory.resolveDependency(DefaultListableBeanFactory.java:1353) ~[spring-beans-6.1.11.jar:6.1.11]
	at org.springframework.beans.factory.annotation.AutowiredAnnotationBeanPostProcessor$AutowiredFieldElement.resolveFieldValue(AutowiredAnnotationBeanPostProcessor.java:784) ~[spring-beans-6.1.11.jar:6.1.11]
	at org.springframework.beans.factory.annotation.AutowiredAnnotationBeanPostProcessor$AutowiredFieldElement.inject(AutowiredAnnotationBeanPostProcessor.java:767) ~[spring-beans-6.1.11.jar:6.1.11]
	at org.springframework.beans.factory.annotation.InjectionMetadata.inject(InjectionMetadata.java:145) ~[spring-beans-6.1.11.jar:6.1.11]
	at org.springframework.beans.factory.annotation.AutowiredAnnotationBeanPostProcessor.postProcessProperties(AutowiredAnnotationBeanPostProcessor.java:508) ~[spring-beans-6.1.11.jar:6.1.11]
	at org.springframework.beans.factory.support.AbstractAutowireCapableBeanFactory.populateBean(AbstractAutowireCapableBeanFactory.java:1439) ~[spring-beans-6.1.11.jar:6.1.11]
	at org.springframework.beans.factory.support.AbstractAutowireCapableBeanFactory.doCreateBean(AbstractAutowireCapableBeanFactory.java:599) ~[spring-beans-6.1.11.jar:6.1.11]
	at org.springframework.beans.factory.support.AbstractAutowireCapableBeanFactory.createBean(AbstractAutowireCapableBeanFactory.java:522) ~[spring-beans-6.1.11.jar:6.1.11]
	at org.springframework.beans.factory.support.AbstractBeanFactory.lambda$doGetBean$0(AbstractBeanFactory.java:337) ~[spring-beans-6.1.11.jar:6.1.11]
	at org.springframework.beans.factory.support.DefaultSingletonBeanRegistry.getSingleton(DefaultSingletonBeanRegistry.java:234) ~[spring-beans-6.1.11.jar:6.1.11]
	at org.springframework.beans.factory.support.AbstractBeanFactory.doGetBean(AbstractBeanFactory.java:335) ~[spring-beans-6.1.11.jar:6.1.11]
	at org.springframework.beans.factory.support.AbstractBeanFactory.getBean(AbstractBeanFactory.java:200) ~[spring-beans-6.1.11.jar:6.1.11]
	at org.springframework.beans.factory.config.DependencyDescriptor.resolveCandidate(DependencyDescriptor.java:254) ~[spring-beans-6.1.11.jar:6.1.11]
	at org.springframework.beans.factory.support.DefaultListableBeanFactory.doResolveDependency(DefaultListableBeanFactory.java:1443) ~[spring-beans-6.1.11.jar:6.1.11]
	at org.springframework.beans.factory.support.DefaultListableBeanFactory.resolveDependency(DefaultListableBeanFactory.java:1353) ~[spring-beans-6.1.11.jar:6.1.11]
	at org.springframework.beans.factory.annotation.AutowiredAnnotationBeanPostProcessor$AutowiredFieldElement.resolveFieldValue(AutowiredAnnotationBeanPostProcessor.java:784) ~[spring-beans-6.1.11.jar:6.1.11]
	at org.springframework.beans.factory.annotation.AutowiredAnnotationBeanPostProcessor$AutowiredFieldElement.inject(AutowiredAnnotationBeanPostProcessor.java:767) ~[spring-beans-6.1.11.jar:6.1.11]
	at org.springframework.beans.factory.annotation.InjectionMetadata.inject(InjectionMetadata.java:145) ~[spring-beans-6.1.11.jar:6.1.11]
	at org.springframework.beans.factory.annotation.AutowiredAnnotationBeanPostProcessor.postProcessProperties(AutowiredAnnotationBeanPostProcessor.java:508) ~[spring-beans-6.1.11.jar:6.1.11]
	at org.springframework.beans.factory.support.AbstractAutowireCapableBeanFactory.populateBean(AbstractAutowireCapableBeanFactory.java:1439) ~[spring-beans-6.1.11.jar:6.1.11]
	at org.springframework.beans.factory.support.AbstractAutowireCapableBeanFactory.doCreateBean(AbstractAutowireCapableBeanFactory.java:599) ~[spring-beans-6.1.11.jar:6.1.11]
	at org.springframework.beans.factory.support.AbstractAutowireCapableBeanFactory.createBean(AbstractAutowireCapableBeanFactory.java:522) ~[spring-beans-6.1.11.jar:6.1.11]
	at org.springframework.beans.factory.support.AbstractBeanFactory.lambda$doGetBean$0(AbstractBeanFactory.java:337) ~[spring-beans-6.1.11.jar:6.1.11]
	at org.springframework.beans.factory.support.DefaultSingletonBeanRegistry.getSingleton(DefaultSingletonBeanRegistry.java:234) ~[spring-beans-6.1.11.jar:6.1.11]
	at org.springframework.beans.factory.support.AbstractBeanFactory.doGetBean(AbstractBeanFactory.java:335) ~[spring-beans-6.1.11.jar:6.1.11]
	at org.springframework.beans.factory.support.AbstractBeanFactory.getBean(AbstractBeanFactory.java:200) ~[spring-beans-6.1.11.jar:6.1.11]
	at org.springframework.beans.factory.support.DefaultListableBeanFactory.preInstantiateSingletons(DefaultListableBeanFactory.java:975) ~[spring-beans-6.1.11.jar:6.1.11]
	at org.springframework.context.support.AbstractApplicationContext.finishBeanFactoryInitialization(AbstractApplicationContext.java:971) ~[spring-context-6.1.11.jar:6.1.11]
	at org.springframework.context.support.AbstractApplicationContext.refresh(AbstractApplicationContext.java:625) ~[spring-context-6.1.11.jar:6.1.11]
	at org.springframework.boot.SpringApplication.refresh(SpringApplication.java:754) ~[spring-boot-3.3.2.jar:3.3.2]
	at org.springframework.boot.SpringApplication.refreshContext(SpringApplication.java:456) ~[spring-boot-3.3.2.jar:3.3.2]
	at org.springframework.boot.SpringApplication.run(SpringApplication.java:335) ~[spring-boot-3.3.2.jar:3.3.2]
	at org.springframework.boot.test.context.SpringBootContextLoader.lambda$loadContext$3(SpringBootContextLoader.java:137) ~[spring-boot-test-3.3.2.jar:3.3.2]
	at org.springframework.util.function.ThrowingSupplier.get(ThrowingSupplier.java:58) ~[spring-core-6.1.11.jar:6.1.11]
	at org.springframework.util.function.ThrowingSupplier.get(ThrowingSupplier.java:46) ~[spring-core-6.1.11.jar:6.1.11]
	at org.springframework.boot.SpringApplication.withHook(SpringApplication.java:1463) ~[spring-boot-3.3.2.jar:3.3.2]
	at org.springframework.boot.test.context.SpringBootContextLoader$ContextLoaderHook.run(SpringBootContextLoader.java:553) ~[spring-boot-test-3.3.2.jar:3.3.2]
	at org.springframework.boot.test.context.SpringBootContextLoader.loadContext(SpringBootContextLoader.java:137) ~[spring-boot-test-3.3.2.jar:3.3.2]
	at org.springframework.boot.test.context.SpringBootContextLoader.loadContext(SpringBootContextLoader.java:108) ~[spring-boot-test-3.3.2.jar:3.3.2]
	at org.springframework.test.context.cache.DefaultCacheAwareContextLoaderDelegate.loadContextInternal(DefaultCacheAwareContextLoaderDelegate.java:225) ~[spring-test-6.1.11.jar:6.1.11]
	at org.springframework.test.context.cache.DefaultCacheAwareContextLoaderDelegate.loadContext(DefaultCacheAwareContextLoaderDelegate.java:152) ~[spring-test-6.1.11.jar:6.1.11]
	at org.springframework.test.context.support.DefaultTestContext.getApplicationContext(DefaultTestContext.java:130) ~[spring-test-6.1.11.jar:6.1.11]
	at org.springframework.test.context.web.ServletTestExecutionListener.setUpRequestContextIfNecessary(ServletTestExecutionListener.java:191) ~[spring-test-6.1.11.jar:6.1.11]
	at org.springframework.test.context.web.ServletTestExecutionListener.prepareTestInstance(ServletTestExecutionListener.java:130) ~[spring-test-6.1.11.jar:6.1.11]
	at org.springframework.test.context.TestContextManager.prepareTestInstance(TestContextManager.java:260) ~[spring-test-6.1.11.jar:6.1.11]
	at org.springframework.test.context.junit.jupiter.SpringExtension.postProcessTestInstance(SpringExtension.java:163) ~[spring-test-6.1.11.jar:6.1.11]
	at org.junit.jupiter.engine.descriptor.ClassBasedTestDescriptor.lambda$invokeTestInstancePostProcessors$10(ClassBasedTestDescriptor.java:378) ~[junit-jupiter-engine-5.10.3.jar:5.10.3]
	at org.junit.jupiter.engine.descriptor.ClassBasedTestDescriptor.executeAndMaskThrowable(ClassBasedTestDescriptor.java:383) ~[junit-jupiter-engine-5.10.3.jar:5.10.3]
	at org.junit.jupiter.engine.descriptor.ClassBasedTestDescriptor.lambda$invokeTestInstancePostProcessors$11(ClassBasedTestDescriptor.java:378) ~[junit-jupiter-engine-5.10.3.jar:5.10.3]
	at java.base/java.util.stream.ReferencePipeline$3$1.accept(ReferencePipeline.java:212) ~[na:na]
	at java.base/java.util.stream.ReferencePipeline$2$1.accept(ReferencePipeline.java:194) ~[na:na]
	at java.base/java.util.ArrayList$ArrayListSpliterator.forEachRemaining(ArrayList.java:1709) ~[na:na]
	at java.base/java.util.stream.AbstractPipeline.copyInto(AbstractPipeline.java:556) ~[na:na]
	at java.base/java.util.stream.AbstractPipeline.wrapAndCopyInto(AbstractPipeline.java:546) ~[na:na]
	at java.base/java.util.stream.StreamSpliterators$WrappingSpliterator.forEachRemaining(StreamSpliterators.java:310) ~[na:na]
	at java.base/java.util.stream.Streams$ConcatSpliterator.forEachRemaining(Streams.java:735) ~[na:na]
	at java.base/java.util.stream.Streams$ConcatSpliterator.forEachRemaining(Streams.java:734) ~[na:na]
	at java.base/java.util.stream.ReferencePipeline$Head.forEach(ReferencePipeline.java:782) ~[na:na]
	at org.junit.jupiter.engine.descriptor.ClassBasedTestDescriptor.invokeTestInstancePostProcessors(ClassBasedTestDescriptor.java:377) ~[junit-jupiter-engine-5.10.3.jar:5.10.3]
	at org.junit.jupiter.engine.descriptor.ClassBasedTestDescriptor.lambda$instantiateAndPostProcessTestInstance$6(ClassBasedTestDescriptor.java:290) ~[junit-jupiter-engine-5.10.3.jar:5.10.3]
	at org.junit.platform.engine.support.hierarchical.ThrowableCollector.execute(ThrowableCollector.java:73) ~[junit-platform-engine-1.10.3.jar:1.10.3]
	at org.junit.jupiter.engine.descriptor.ClassBasedTestDescriptor.instantiateAndPostProcessTestInstance(ClassBasedTestDescriptor.java:289) ~[junit-jupiter-engine-5.10.3.jar:5.10.3]
	at org.junit.jupiter.engine.descriptor.ClassBasedTestDescriptor.lambda$testInstancesProvider$4(ClassBasedTestDescriptor.java:279) ~[junit-jupiter-engine-5.10.3.jar:5.10.3]
	at java.base/java.util.Optional.orElseGet(Optional.java:364) ~[na:na]
	at org.junit.jupiter.engine.descriptor.ClassBasedTestDescriptor.lambda$testInstancesProvider$5(ClassBasedTestDescriptor.java:278) ~[junit-jupiter-engine-5.10.3.jar:5.10.3]
	at org.junit.jupiter.engine.execution.TestInstancesProvider.getTestInstances(TestInstancesProvider.java:31) ~[junit-jupiter-engine-5.10.3.jar:5.10.3]
	at org.junit.jupiter.engine.descriptor.TestMethodTestDescriptor.lambda$prepare$0(TestMethodTestDescriptor.java:106) ~[junit-jupiter-engine-5.10.3.jar:5.10.3]
	at org.junit.platform.engine.support.hierarchical.ThrowableCollector.execute(ThrowableCollector.java:73) ~[junit-platform-engine-1.10.3.jar:1.10.3]
	at org.junit.jupiter.engine.descriptor.TestMethodTestDescriptor.prepare(TestMethodTestDescriptor.java:105) ~[junit-jupiter-engine-5.10.3.jar:5.10.3]
	at org.junit.jupiter.engine.descriptor.TestMethodTestDescriptor.prepare(TestMethodTestDescriptor.java:69) ~[junit-jupiter-engine-5.10.3.jar:5.10.3]
	at org.junit.platform.engine.support.hierarchical.NodeTestTask.lambda$prepare$2(NodeTestTask.java:123) ~[junit-platform-engine-1.10.3.jar:1.10.3]
	at org.junit.platform.engine.support.hierarchical.ThrowableCollector.execute(ThrowableCollector.java:73) ~[junit-platform-engine-1.10.3.jar:1.10.3]
	at org.junit.platform.engine.support.hierarchical.NodeTestTask.prepare(NodeTestTask.java:123) ~[junit-platform-engine-1.10.3.jar:1.10.3]
	at org.junit.platform.engine.support.hierarchical.NodeTestTask.execute(NodeTestTask.java:90) ~[junit-platform-engine-1.10.3.jar:1.10.3]
	at java.base/java.util.ArrayList.forEach(ArrayList.java:1597) ~[na:na]
	at org.junit.platform.engine.support.hierarchical.SameThreadHierarchicalTestExecutorService.invokeAll(SameThreadHierarchicalTestExecutorService.java:41) ~[junit-platform-engine-1.10.3.jar:1.10.3]
	at org.junit.platform.engine.support.hierarchical.NodeTestTask.lambda$executeRecursively$6(NodeTestTask.java:155) ~[junit-platform-engine-1.10.3.jar:1.10.3]
	at org.junit.platform.engine.support.hierarchical.ThrowableCollector.execute(ThrowableCollector.java:73) ~[junit-platform-engine-1.10.3.jar:1.10.3]
	at org.junit.platform.engine.support.hierarchical.NodeTestTask.lambda$executeRecursively$8(NodeTestTask.java:141) ~[junit-platform-engine-1.10.3.jar:1.10.3]
	at org.junit.platform.engine.support.hierarchical.Node.around(Node.java:137) ~[junit-platform-engine-1.10.3.jar:1.10.3]
	at org.junit.platform.engine.support.hierarchical.NodeTestTask.lambda$executeRecursively$9(NodeTestTask.java:139) ~[junit-platform-engine-1.10.3.jar:1.10.3]
	at org.junit.platform.engine.support.hierarchical.ThrowableCollector.execute(ThrowableCollector.java:73) ~[junit-platform-engine-1.10.3.jar:1.10.3]
	at org.junit.platform.engine.support.hierarchical.NodeTestTask.executeRecursively(NodeTestTask.java:138) ~[junit-platform-engine-1.10.3.jar:1.10.3]
	at org.junit.platform.engine.support.hierarchical.NodeTestTask.execute(NodeTestTask.java:95) ~[junit-platform-engine-1.10.3.jar:1.10.3]
	at java.base/java.util.ArrayList.forEach(ArrayList.java:1597) ~[na:na]
	at org.junit.platform.engine.support.hierarchical.SameThreadHierarchicalTestExecutorService.invokeAll(SameThreadHierarchicalTestExecutorService.java:41) ~[junit-platform-engine-1.10.3.jar:1.10.3]
	at org.junit.platform.engine.support.hierarchical.NodeTestTask.lambda$executeRecursively$6(NodeTestTask.java:155) ~[junit-platform-engine-1.10.3.jar:1.10.3]
	at org.junit.platform.engine.support.hierarchical.ThrowableCollector.execute(ThrowableCollector.java:73) ~[junit-platform-engine-1.10.3.jar:1.10.3]
	at org.junit.platform.engine.support.hierarchical.NodeTestTask.lambda$executeRecursively$8(NodeTestTask.java:141) ~[junit-platform-engine-1.10.3.jar:1.10.3]
	at org.junit.platform.engine.support.hierarchical.Node.around(Node.java:137) ~[junit-platform-engine-1.10.3.jar:1.10.3]
	at org.junit.platform.engine.support.hierarchical.NodeTestTask.lambda$executeRecursively$9(NodeTestTask.java:139) ~[junit-platform-engine-1.10.3.jar:1.10.3]
	at org.junit.platform.engine.support.hierarchical.ThrowableCollector.execute(ThrowableCollector.java:73) ~[junit-platform-engine-1.10.3.jar:1.10.3]
	at org.junit.platform.engine.support.hierarchical.NodeTestTask.executeRecursively(NodeTestTask.java:138) ~[junit-platform-engine-1.10.3.jar:1.10.3]
	at org.junit.platform.engine.support.hierarchical.NodeTestTask.execute(NodeTestTask.java:95) ~[junit-platform-engine-1.10.3.jar:1.10.3]
	at org.junit.platform.engine.support.hierarchical.SameThreadHierarchicalTestExecutorService.submit(SameThreadHierarchicalTestExecutorService.java:35) ~[junit-platform-engine-1.10.3.jar:1.10.3]
	at org.junit.platform.engine.support.hierarchical.HierarchicalTestExecutor.execute(HierarchicalTestExecutor.java:57) ~[junit-platform-engine-1.10.3.jar:1.10.3]
	at org.junit.platform.engine.support.hierarchical.HierarchicalTestEngine.execute(HierarchicalTestEngine.java:54) ~[junit-platform-engine-1.10.3.jar:1.10.3]
	at org.junit.platform.launcher.core.EngineExecutionOrchestrator.execute(EngineExecutionOrchestrator.java:198) ~[junit-platform-launcher-1.10.3.jar:1.10.3]
	at org.junit.platform.launcher.core.EngineExecutionOrchestrator.execute(EngineExecutionOrchestrator.java:169) ~[junit-platform-launcher-1.10.3.jar:1.10.3]
	at org.junit.platform.launcher.core.EngineExecutionOrchestrator.execute(EngineExecutionOrchestrator.java:93) ~[junit-platform-launcher-1.10.3.jar:1.10.3]
	at org.junit.platform.launcher.core.EngineExecutionOrchestrator.lambda$execute$0(EngineExecutionOrchestrator.java:58) ~[junit-platform-launcher-1.10.3.jar:1.10.3]
	at org.junit.platform.launcher.core.EngineExecutionOrchestrator.withInterceptedStreams(EngineExecutionOrchestrator.java:141) ~[junit-platform-launcher-1.10.3.jar:1.10.3]
	at org.junit.platform.launcher.core.EngineExecutionOrchestrator.execute(EngineExecutionOrchestrator.java:57) ~[junit-platform-launcher-1.10.3.jar:1.10.3]
	at org.junit.platform.launcher.core.DefaultLauncher.execute(DefaultLauncher.java:103) ~[junit-platform-launcher-1.10.3.jar:1.10.3]
	at org.junit.platform.launcher.core.DefaultLauncher.execute(DefaultLauncher.java:85) ~[junit-platform-launcher-1.10.3.jar:1.10.3]
	at org.junit.platform.launcher.core.DelegatingLauncher.execute(DelegatingLauncher.java:47) ~[junit-platform-launcher-1.10.3.jar:1.10.3]
	at org.apache.maven.surefire.junitplatform.LazyLauncher.execute(LazyLauncher.java:56) ~[surefire-junit-platform-3.2.5.jar:3.2.5]
	at org.apache.maven.surefire.junitplatform.JUnitPlatformProvider.execute(JUnitPlatformProvider.java:184) ~[surefire-junit-platform-3.2.5.jar:3.2.5]
	at org.apache.maven.surefire.junitplatform.JUnitPlatformProvider.invokeAllTests(JUnitPlatformProvider.java:148) ~[surefire-junit-platform-3.2.5.jar:3.2.5]
	at org.apache.maven.surefire.junitplatform.JUnitPlatformProvider.invoke(JUnitPlatformProvider.java:122) ~[surefire-junit-platform-3.2.5.jar:3.2.5]
	at org.apache.maven.surefire.booter.ForkedBooter.runSuitesInProcess(ForkedBooter.java:385) ~[surefire-booter-3.2.5.jar:3.2.5]
	at org.apache.maven.surefire.booter.ForkedBooter.execute(ForkedBooter.java:162) ~[surefire-booter-3.2.5.jar:3.2.5]
	at org.apache.maven.surefire.booter.ForkedBooter.run(ForkedBooter.java:507) ~[surefire-booter-3.2.5.jar:3.2.5]
	at org.apache.maven.surefire.booter.ForkedBooter.main(ForkedBooter.java:495) ~[surefire-booter-3.2.5.jar:3.2.5]

2024-08-03T22:28:59.776-05:00 DEBUG 26535 --- [PruebaT] [           main] o.s.d.jpa.repository.query.NamedQuery    : Did not find named query Movimiento.findTipoMovimientosByCuenta
2024-08-03T22:28:59.776-05:00 DEBUG 26535 --- [PruebaT] [           main] tor$SharedEntityManagerInvocationHandler : Creating new EntityManager for shared EntityManager invocation
2024-08-03T22:28:59.782-05:00 DEBUG 26535 --- [PruebaT] [           main] cResourceLocalTransactionCoordinatorImpl : JDBC transaction marked for rollback-only (exception provided for stack trace)

java.lang.Exception: exception just for purpose of providing stack trace
	at org.hibernate.resource.transaction.backend.jdbc.internal.JdbcResourceLocalTransactionCoordinatorImpl$TransactionDriverControlImpl.markRollbackOnly(JdbcResourceLocalTransactionCoordinatorImpl.java:309) ~[hibernate-core-6.5.2.Final.jar:6.5.2.Final]
	at org.hibernate.internal.AbstractSharedSessionContract.buildNamedQuery(AbstractSharedSessionContract.java:1109) ~[hibernate-core-6.5.2.Final.jar:6.5.2.Final]
	at org.hibernate.internal.AbstractSharedSessionContract.createNamedQuery(AbstractSharedSessionContract.java:987) ~[hibernate-core-6.5.2.Final.jar:6.5.2.Final]
	at org.hibernate.internal.AbstractSharedSessionContract.createNamedQuery(AbstractSharedSessionContract.java:140) ~[hibernate-core-6.5.2.Final.jar:6.5.2.Final]
	at java.base/jdk.internal.reflect.DirectMethodHandleAccessor.invoke(DirectMethodHandleAccessor.java:103) ~[na:na]
	at java.base/java.lang.reflect.Method.invoke(Method.java:580) ~[na:na]
	at org.springframework.orm.jpa.ExtendedEntityManagerCreator$ExtendedEntityManagerInvocationHandler.invoke(ExtendedEntityManagerCreator.java:364) ~[spring-orm-6.1.11.jar:6.1.11]
	at jdk.proxy2/jdk.proxy2.$Proxy133.createNamedQuery(Unknown Source) ~[na:na]
	at org.springframework.data.jpa.repository.query.NamedQuery.hasNamedQuery(NamedQuery.java:112) ~[spring-data-jpa-3.3.2.jar:3.3.2]
	at org.springframework.data.jpa.repository.query.JpaQueryLookupStrategy$DeclaredQueryLookupStrategy.getCountQuery(JpaQueryLookupStrategy.java:204) ~[spring-data-jpa-3.3.2.jar:3.3.2]
	at org.springframework.data.jpa.repository.query.JpaQueryLookupStrategy$DeclaredQueryLookupStrategy.resolveQuery(JpaQueryLookupStrategy.java:171) ~[spring-data-jpa-3.3.2.jar:3.3.2]
	at org.springframework.data.jpa.repository.query.JpaQueryLookupStrategy$CreateIfNotFoundQueryLookupStrategy.resolveQuery(JpaQueryLookupStrategy.java:252) ~[spring-data-jpa-3.3.2.jar:3.3.2]
	at org.springframework.data.jpa.repository.query.JpaQueryLookupStrategy$AbstractQueryLookupStrategy.resolveQuery(JpaQueryLookupStrategy.java:95) ~[spring-data-jpa-3.3.2.jar:3.3.2]
	at org.springframework.data.repository.core.support.QueryExecutorMethodInterceptor.lookupQuery(QueryExecutorMethodInterceptor.java:111) ~[spring-data-commons-3.3.2.jar:3.3.2]
	at org.springframework.data.repository.core.support.QueryExecutorMethodInterceptor.mapMethodsToQuery(QueryExecutorMethodInterceptor.java:99) ~[spring-data-commons-3.3.2.jar:3.3.2]
	at org.springframework.data.repository.core.support.QueryExecutorMethodInterceptor.lambda$new$0(QueryExecutorMethodInterceptor.java:88) ~[spring-data-commons-3.3.2.jar:3.3.2]
	at java.base/java.util.Optional.map(Optional.java:260) ~[na:na]
	at org.springframework.data.repository.core.support.QueryExecutorMethodInterceptor.<init>(QueryExecutorMethodInterceptor.java:88) ~[spring-data-commons-3.3.2.jar:3.3.2]
	at org.springframework.data.repository.core.support.RepositoryFactorySupport.getRepository(RepositoryFactorySupport.java:357) ~[spring-data-commons-3.3.2.jar:3.3.2]
	at org.springframework.data.repository.core.support.RepositoryFactoryBeanSupport.lambda$afterPropertiesSet$5(RepositoryFactoryBeanSupport.java:286) ~[spring-data-commons-3.3.2.jar:3.3.2]
	at org.springframework.data.util.Lazy.getNullable(Lazy.java:135) ~[spring-data-commons-3.3.2.jar:3.3.2]
	at org.springframework.data.util.Lazy.get(Lazy.java:113) ~[spring-data-commons-3.3.2.jar:3.3.2]
	at org.springframework.data.repository.core.support.RepositoryFactoryBeanSupport.afterPropertiesSet(RepositoryFactoryBeanSupport.java:292) ~[spring-data-commons-3.3.2.jar:3.3.2]
	at org.springframework.data.jpa.repository.support.JpaRepositoryFactoryBean.afterPropertiesSet(JpaRepositoryFactoryBean.java:132) ~[spring-data-jpa-3.3.2.jar:3.3.2]
	at org.springframework.beans.factory.support.AbstractAutowireCapableBeanFactory.invokeInitMethods(AbstractAutowireCapableBeanFactory.java:1853) ~[spring-beans-6.1.11.jar:6.1.11]
	at org.springframework.beans.factory.support.AbstractAutowireCapableBeanFactory.initializeBean(AbstractAutowireCapableBeanFactory.java:1802) ~[spring-beans-6.1.11.jar:6.1.11]
	at org.springframework.beans.factory.support.AbstractAutowireCapableBeanFactory.doCreateBean(AbstractAutowireCapableBeanFactory.java:600) ~[spring-beans-6.1.11.jar:6.1.11]
	at org.springframework.beans.factory.support.AbstractAutowireCapableBeanFactory.createBean(AbstractAutowireCapableBeanFactory.java:522) ~[spring-beans-6.1.11.jar:6.1.11]
	at org.springframework.beans.factory.support.AbstractBeanFactory.lambda$doGetBean$0(AbstractBeanFactory.java:337) ~[spring-beans-6.1.11.jar:6.1.11]
	at org.springframework.beans.factory.support.DefaultSingletonBeanRegistry.getSingleton(DefaultSingletonBeanRegistry.java:234) ~[spring-beans-6.1.11.jar:6.1.11]
	at org.springframework.beans.factory.support.AbstractBeanFactory.doGetBean(AbstractBeanFactory.java:335) ~[spring-beans-6.1.11.jar:6.1.11]
	at org.springframework.beans.factory.support.AbstractBeanFactory.getBean(AbstractBeanFactory.java:200) ~[spring-beans-6.1.11.jar:6.1.11]
	at org.springframework.beans.factory.config.DependencyDescriptor.resolveCandidate(DependencyDescriptor.java:254) ~[spring-beans-6.1.11.jar:6.1.11]
	at org.springframework.beans.factory.support.DefaultListableBeanFactory.doResolveDependency(DefaultListableBeanFactory.java:1443) ~[spring-beans-6.1.11.jar:6.1.11]
	at org.springframework.beans.factory.support.DefaultListableBeanFactory.resolveDependency(DefaultListableBeanFactory.java:1353) ~[spring-beans-6.1.11.jar:6.1.11]
	at org.springframework.beans.factory.annotation.AutowiredAnnotationBeanPostProcessor$AutowiredFieldElement.resolveFieldValue(AutowiredAnnotationBeanPostProcessor.java:784) ~[spring-beans-6.1.11.jar:6.1.11]
	at org.springframework.beans.factory.annotation.AutowiredAnnotationBeanPostProcessor$AutowiredFieldElement.inject(AutowiredAnnotationBeanPostProcessor.java:767) ~[spring-beans-6.1.11.jar:6.1.11]
	at org.springframework.beans.factory.annotation.InjectionMetadata.inject(InjectionMetadata.java:145) ~[spring-beans-6.1.11.jar:6.1.11]
	at org.springframework.beans.factory.annotation.AutowiredAnnotationBeanPostProcessor.postProcessProperties(AutowiredAnnotationBeanPostProcessor.java:508) ~[spring-beans-6.1.11.jar:6.1.11]
	at org.springframework.beans.factory.support.AbstractAutowireCapableBeanFactory.populateBean(AbstractAutowireCapableBeanFactory.java:1439) ~[spring-beans-6.1.11.jar:6.1.11]
	at org.springframework.beans.factory.support.AbstractAutowireCapableBeanFactory.doCreateBean(AbstractAutowireCapableBeanFactory.java:599) ~[spring-beans-6.1.11.jar:6.1.11]
	at org.springframework.beans.factory.support.AbstractAutowireCapableBeanFactory.createBean(AbstractAutowireCapableBeanFactory.java:522) ~[spring-beans-6.1.11.jar:6.1.11]
	at org.springframework.beans.factory.support.AbstractBeanFactory.lambda$doGetBean$0(AbstractBeanFactory.java:337) ~[spring-beans-6.1.11.jar:6.1.11]
	at org.springframework.beans.factory.support.DefaultSingletonBeanRegistry.getSingleton(DefaultSingletonBeanRegistry.java:234) ~[spring-beans-6.1.11.jar:6.1.11]
	at org.springframework.beans.factory.support.AbstractBeanFactory.doGetBean(AbstractBeanFactory.java:335) ~[spring-beans-6.1.11.jar:6.1.11]
	at org.springframework.beans.factory.support.AbstractBeanFactory.getBean(AbstractBeanFactory.java:200) ~[spring-beans-6.1.11.jar:6.1.11]
	at org.springframework.beans.factory.config.DependencyDescriptor.resolveCandidate(DependencyDescriptor.java:254) ~[spring-beans-6.1.11.jar:6.1.11]
	at org.springframework.beans.factory.support.DefaultListableBeanFactory.doResolveDependency(DefaultListableBeanFactory.java:1443) ~[spring-beans-6.1.11.jar:6.1.11]
	at org.springframework.beans.factory.support.DefaultListableBeanFactory.resolveDependency(DefaultListableBeanFactory.java:1353) ~[spring-beans-6.1.11.jar:6.1.11]
	at org.springframework.beans.factory.annotation.AutowiredAnnotationBeanPostProcessor$AutowiredFieldElement.resolveFieldValue(AutowiredAnnotationBeanPostProcessor.java:784) ~[spring-beans-6.1.11.jar:6.1.11]
	at org.springframework.beans.factory.annotation.AutowiredAnnotationBeanPostProcessor$AutowiredFieldElement.inject(AutowiredAnnotationBeanPostProcessor.java:767) ~[spring-beans-6.1.11.jar:6.1.11]
	at org.springframework.beans.factory.annotation.InjectionMetadata.inject(InjectionMetadata.java:145) ~[spring-beans-6.1.11.jar:6.1.11]
	at org.springframework.beans.factory.annotation.AutowiredAnnotationBeanPostProcessor.postProcessProperties(AutowiredAnnotationBeanPostProcessor.java:508) ~[spring-beans-6.1.11.jar:6.1.11]
	at org.springframework.beans.factory.support.AbstractAutowireCapableBeanFactory.populateBean(AbstractAutowireCapableBeanFactory.java:1439) ~[spring-beans-6.1.11.jar:6.1.11]
	at org.springframework.beans.factory.support.AbstractAutowireCapableBeanFactory.doCreateBean(AbstractAutowireCapableBeanFactory.java:599) ~[spring-beans-6.1.11.jar:6.1.11]
	at org.springframework.beans.factory.support.AbstractAutowireCapableBeanFactory.createBean(AbstractAutowireCapableBeanFactory.java:522) ~[spring-beans-6.1.11.jar:6.1.11]
	at org.springframework.beans.factory.support.AbstractBeanFactory.lambda$doGetBean$0(AbstractBeanFactory.java:337) ~[spring-beans-6.1.11.jar:6.1.11]
	at org.springframework.beans.factory.support.DefaultSingletonBeanRegistry.getSingleton(DefaultSingletonBeanRegistry.java:234) ~[spring-beans-6.1.11.jar:6.1.11]
	at org.springframework.beans.factory.support.AbstractBeanFactory.doGetBean(AbstractBeanFactory.java:335) ~[spring-beans-6.1.11.jar:6.1.11]
	at org.springframework.beans.factory.support.AbstractBeanFactory.getBean(AbstractBeanFactory.java:200) ~[spring-beans-6.1.11.jar:6.1.11]
	at org.springframework.beans.factory.support.DefaultListableBeanFactory.preInstantiateSingletons(DefaultListableBeanFactory.java:975) ~[spring-beans-6.1.11.jar:6.1.11]
	at org.springframework.context.support.AbstractApplicationContext.finishBeanFactoryInitialization(AbstractApplicationContext.java:971) ~[spring-context-6.1.11.jar:6.1.11]
	at org.springframework.context.support.AbstractApplicationContext.refresh(AbstractApplicationContext.java:625) ~[spring-context-6.1.11.jar:6.1.11]
	at org.springframework.boot.SpringApplication.refresh(SpringApplication.java:754) ~[spring-boot-3.3.2.jar:3.3.2]
	at org.springframework.boot.SpringApplication.refreshContext(SpringApplication.java:456) ~[spring-boot-3.3.2.jar:3.3.2]
	at org.springframework.boot.SpringApplication.run(SpringApplication.java:335) ~[spring-boot-3.3.2.jar:3.3.2]
	at org.springframework.boot.test.context.SpringBootContextLoader.lambda$loadContext$3(SpringBootContextLoader.java:137) ~[spring-boot-test-3.3.2.jar:3.3.2]
	at org.springframework.util.function.ThrowingSupplier.get(ThrowingSupplier.java:58) ~[spring-core-6.1.11.jar:6.1.11]
	at org.springframework.util.function.ThrowingSupplier.get(ThrowingSupplier.java:46) ~[spring-core-6.1.11.jar:6.1.11]
	at org.springframework.boot.SpringApplication.withHook(SpringApplication.java:1463) ~[spring-boot-3.3.2.jar:3.3.2]
	at org.springframework.boot.test.context.SpringBootContextLoader$ContextLoaderHook.run(SpringBootContextLoader.java:553) ~[spring-boot-test-3.3.2.jar:3.3.2]
	at org.springframework.boot.test.context.SpringBootContextLoader.loadContext(SpringBootContextLoader.java:137) ~[spring-boot-test-3.3.2.jar:3.3.2]
	at org.springframework.boot.test.context.SpringBootContextLoader.loadContext(SpringBootContextLoader.java:108) ~[spring-boot-test-3.3.2.jar:3.3.2]
	at org.springframework.test.context.cache.DefaultCacheAwareContextLoaderDelegate.loadContextInternal(DefaultCacheAwareContextLoaderDelegate.java:225) ~[spring-test-6.1.11.jar:6.1.11]
	at org.springframework.test.context.cache.DefaultCacheAwareContextLoaderDelegate.loadContext(DefaultCacheAwareContextLoaderDelegate.java:152) ~[spring-test-6.1.11.jar:6.1.11]
	at org.springframework.test.context.support.DefaultTestContext.getApplicationContext(DefaultTestContext.java:130) ~[spring-test-6.1.11.jar:6.1.11]
	at org.springframework.test.context.web.ServletTestExecutionListener.setUpRequestContextIfNecessary(ServletTestExecutionListener.java:191) ~[spring-test-6.1.11.jar:6.1.11]
	at org.springframework.test.context.web.ServletTestExecutionListener.prepareTestInstance(ServletTestExecutionListener.java:130) ~[spring-test-6.1.11.jar:6.1.11]
	at org.springframework.test.context.TestContextManager.prepareTestInstance(TestContextManager.java:260) ~[spring-test-6.1.11.jar:6.1.11]
	at org.springframework.test.context.junit.jupiter.SpringExtension.postProcessTestInstance(SpringExtension.java:163) ~[spring-test-6.1.11.jar:6.1.11]
	at org.junit.jupiter.engine.descriptor.ClassBasedTestDescriptor.lambda$invokeTestInstancePostProcessors$10(ClassBasedTestDescriptor.java:378) ~[junit-jupiter-engine-5.10.3.jar:5.10.3]
	at org.junit.jupiter.engine.descriptor.ClassBasedTestDescriptor.executeAndMaskThrowable(ClassBasedTestDescriptor.java:383) ~[junit-jupiter-engine-5.10.3.jar:5.10.3]
	at org.junit.jupiter.engine.descriptor.ClassBasedTestDescriptor.lambda$invokeTestInstancePostProcessors$11(ClassBasedTestDescriptor.java:378) ~[junit-jupiter-engine-5.10.3.jar:5.10.3]
	at java.base/java.util.stream.ReferencePipeline$3$1.accept(ReferencePipeline.java:212) ~[na:na]
	at java.base/java.util.stream.ReferencePipeline$2$1.accept(ReferencePipeline.java:194) ~[na:na]
	at java.base/java.util.ArrayList$ArrayListSpliterator.forEachRemaining(ArrayList.java:1709) ~[na:na]
	at java.base/java.util.stream.AbstractPipeline.copyInto(AbstractPipeline.java:556) ~[na:na]
	at java.base/java.util.stream.AbstractPipeline.wrapAndCopyInto(AbstractPipeline.java:546) ~[na:na]
	at java.base/java.util.stream.StreamSpliterators$WrappingSpliterator.forEachRemaining(StreamSpliterators.java:310) ~[na:na]
	at java.base/java.util.stream.Streams$ConcatSpliterator.forEachRemaining(Streams.java:735) ~[na:na]
	at java.base/java.util.stream.Streams$ConcatSpliterator.forEachRemaining(Streams.java:734) ~[na:na]
	at java.base/java.util.stream.ReferencePipeline$Head.forEach(ReferencePipeline.java:782) ~[na:na]
	at org.junit.jupiter.engine.descriptor.ClassBasedTestDescriptor.invokeTestInstancePostProcessors(ClassBasedTestDescriptor.java:377) ~[junit-jupiter-engine-5.10.3.jar:5.10.3]
	at org.junit.jupiter.engine.descriptor.ClassBasedTestDescriptor.lambda$instantiateAndPostProcessTestInstance$6(ClassBasedTestDescriptor.java:290) ~[junit-jupiter-engine-5.10.3.jar:5.10.3]
	at org.junit.platform.engine.support.hierarchical.ThrowableCollector.execute(ThrowableCollector.java:73) ~[junit-platform-engine-1.10.3.jar:1.10.3]
	at org.junit.jupiter.engine.descriptor.ClassBasedTestDescriptor.instantiateAndPostProcessTestInstance(ClassBasedTestDescriptor.java:289) ~[junit-jupiter-engine-5.10.3.jar:5.10.3]
	at org.junit.jupiter.engine.descriptor.ClassBasedTestDescriptor.lambda$testInstancesProvider$4(ClassBasedTestDescriptor.java:279) ~[junit-jupiter-engine-5.10.3.jar:5.10.3]
	at java.base/java.util.Optional.orElseGet(Optional.java:364) ~[na:na]
	at org.junit.jupiter.engine.descriptor.ClassBasedTestDescriptor.lambda$testInstancesProvider$5(ClassBasedTestDescriptor.java:278) ~[junit-jupiter-engine-5.10.3.jar:5.10.3]
	at org.junit.jupiter.engine.execution.TestInstancesProvider.getTestInstances(TestInstancesProvider.java:31) ~[junit-jupiter-engine-5.10.3.jar:5.10.3]
	at org.junit.jupiter.engine.descriptor.TestMethodTestDescriptor.lambda$prepare$0(TestMethodTestDescriptor.java:106) ~[junit-jupiter-engine-5.10.3.jar:5.10.3]
	at org.junit.platform.engine.support.hierarchical.ThrowableCollector.execute(ThrowableCollector.java:73) ~[junit-platform-engine-1.10.3.jar:1.10.3]
	at org.junit.jupiter.engine.descriptor.TestMethodTestDescriptor.prepare(TestMethodTestDescriptor.java:105) ~[junit-jupiter-engine-5.10.3.jar:5.10.3]
	at org.junit.jupiter.engine.descriptor.TestMethodTestDescriptor.prepare(TestMethodTestDescriptor.java:69) ~[junit-jupiter-engine-5.10.3.jar:5.10.3]
	at org.junit.platform.engine.support.hierarchical.NodeTestTask.lambda$prepare$2(NodeTestTask.java:123) ~[junit-platform-engine-1.10.3.jar:1.10.3]
	at org.junit.platform.engine.support.hierarchical.ThrowableCollector.execute(ThrowableCollector.java:73) ~[junit-platform-engine-1.10.3.jar:1.10.3]
	at org.junit.platform.engine.support.hierarchical.NodeTestTask.prepare(NodeTestTask.java:123) ~[junit-platform-engine-1.10.3.jar:1.10.3]
	at org.junit.platform.engine.support.hierarchical.NodeTestTask.execute(NodeTestTask.java:90) ~[junit-platform-engine-1.10.3.jar:1.10.3]
	at java.base/java.util.ArrayList.forEach(ArrayList.java:1597) ~[na:na]
	at org.junit.platform.engine.support.hierarchical.SameThreadHierarchicalTestExecutorService.invokeAll(SameThreadHierarchicalTestExecutorService.java:41) ~[junit-platform-engine-1.10.3.jar:1.10.3]
	at org.junit.platform.engine.support.hierarchical.NodeTestTask.lambda$executeRecursively$6(NodeTestTask.java:155) ~[junit-platform-engine-1.10.3.jar:1.10.3]
	at org.junit.platform.engine.support.hierarchical.ThrowableCollector.execute(ThrowableCollector.java:73) ~[junit-platform-engine-1.10.3.jar:1.10.3]
	at org.junit.platform.engine.support.hierarchical.NodeTestTask.lambda$executeRecursively$8(NodeTestTask.java:141) ~[junit-platform-engine-1.10.3.jar:1.10.3]
	at org.junit.platform.engine.support.hierarchical.Node.around(Node.java:137) ~[junit-platform-engine-1.10.3.jar:1.10.3]
	at org.junit.platform.engine.support.hierarchical.NodeTestTask.lambda$executeRecursively$9(NodeTestTask.java:139) ~[junit-platform-engine-1.10.3.jar:1.10.3]
	at org.junit.platform.engine.support.hierarchical.ThrowableCollector.execute(ThrowableCollector.java:73) ~[junit-platform-engine-1.10.3.jar:1.10.3]
	at org.junit.platform.engine.support.hierarchical.NodeTestTask.executeRecursively(NodeTestTask.java:138) ~[junit-platform-engine-1.10.3.jar:1.10.3]
	at org.junit.platform.engine.support.hierarchical.NodeTestTask.execute(NodeTestTask.java:95) ~[junit-platform-engine-1.10.3.jar:1.10.3]
	at java.base/java.util.ArrayList.forEach(ArrayList.java:1597) ~[na:na]
	at org.junit.platform.engine.support.hierarchical.SameThreadHierarchicalTestExecutorService.invokeAll(SameThreadHierarchicalTestExecutorService.java:41) ~[junit-platform-engine-1.10.3.jar:1.10.3]
	at org.junit.platform.engine.support.hierarchical.NodeTestTask.lambda$executeRecursively$6(NodeTestTask.java:155) ~[junit-platform-engine-1.10.3.jar:1.10.3]
	at org.junit.platform.engine.support.hierarchical.ThrowableCollector.execute(ThrowableCollector.java:73) ~[junit-platform-engine-1.10.3.jar:1.10.3]
	at org.junit.platform.engine.support.hierarchical.NodeTestTask.lambda$executeRecursively$8(NodeTestTask.java:141) ~[junit-platform-engine-1.10.3.jar:1.10.3]
	at org.junit.platform.engine.support.hierarchical.Node.around(Node.java:137) ~[junit-platform-engine-1.10.3.jar:1.10.3]
	at org.junit.platform.engine.support.hierarchical.NodeTestTask.lambda$executeRecursively$9(NodeTestTask.java:139) ~[junit-platform-engine-1.10.3.jar:1.10.3]
	at org.junit.platform.engine.support.hierarchical.ThrowableCollector.execute(ThrowableCollector.java:73) ~[junit-platform-engine-1.10.3.jar:1.10.3]
	at org.junit.platform.engine.support.hierarchical.NodeTestTask.executeRecursively(NodeTestTask.java:138) ~[junit-platform-engine-1.10.3.jar:1.10.3]
	at org.junit.platform.engine.support.hierarchical.NodeTestTask.execute(NodeTestTask.java:95) ~[junit-platform-engine-1.10.3.jar:1.10.3]
	at org.junit.platform.engine.support.hierarchical.SameThreadHierarchicalTestExecutorService.submit(SameThreadHierarchicalTestExecutorService.java:35) ~[junit-platform-engine-1.10.3.jar:1.10.3]
	at org.junit.platform.engine.support.hierarchical.HierarchicalTestExecutor.execute(HierarchicalTestExecutor.java:57) ~[junit-platform-engine-1.10.3.jar:1.10.3]
	at org.junit.platform.engine.support.hierarchical.HierarchicalTestEngine.execute(HierarchicalTestEngine.java:54) ~[junit-platform-engine-1.10.3.jar:1.10.3]
	at org.junit.platform.launcher.core.EngineExecutionOrchestrator.execute(EngineExecutionOrchestrator.java:198) ~[junit-platform-launcher-1.10.3.jar:1.10.3]
	at org.junit.platform.launcher.core.EngineExecutionOrchestrator.execute(EngineExecutionOrchestrator.java:169) ~[junit-platform-launcher-1.10.3.jar:1.10.3]
	at org.junit.platform.launcher.core.EngineExecutionOrchestrator.execute(EngineExecutionOrchestrator.java:93) ~[junit-platform-launcher-1.10.3.jar:1.10.3]
	at org.junit.platform.launcher.core.EngineExecutionOrchestrator.lambda$execute$0(EngineExecutionOrchestrator.java:58) ~[junit-platform-launcher-1.10.3.jar:1.10.3]
	at org.junit.platform.launcher.core.EngineExecutionOrchestrator.withInterceptedStreams(EngineExecutionOrchestrator.java:141) ~[junit-platform-launcher-1.10.3.jar:1.10.3]
	at org.junit.platform.launcher.core.EngineExecutionOrchestrator.execute(EngineExecutionOrchestrator.java:57) ~[junit-platform-launcher-1.10.3.jar:1.10.3]
	at org.junit.platform.launcher.core.DefaultLauncher.execute(DefaultLauncher.java:103) ~[junit-platform-launcher-1.10.3.jar:1.10.3]
	at org.junit.platform.launcher.core.DefaultLauncher.execute(DefaultLauncher.java:85) ~[junit-platform-launcher-1.10.3.jar:1.10.3]
	at org.junit.platform.launcher.core.DelegatingLauncher.execute(DelegatingLauncher.java:47) ~[junit-platform-launcher-1.10.3.jar:1.10.3]
	at org.apache.maven.surefire.junitplatform.LazyLauncher.execute(LazyLauncher.java:56) ~[surefire-junit-platform-3.2.5.jar:3.2.5]
	at org.apache.maven.surefire.junitplatform.JUnitPlatformProvider.execute(JUnitPlatformProvider.java:184) ~[surefire-junit-platform-3.2.5.jar:3.2.5]
	at org.apache.maven.surefire.junitplatform.JUnitPlatformProvider.invokeAllTests(JUnitPlatformProvider.java:148) ~[surefire-junit-platform-3.2.5.jar:3.2.5]
	at org.apache.maven.surefire.junitplatform.JUnitPlatformProvider.invoke(JUnitPlatformProvider.java:122) ~[surefire-junit-platform-3.2.5.jar:3.2.5]
	at org.apache.maven.surefire.booter.ForkedBooter.runSuitesInProcess(ForkedBooter.java:385) ~[surefire-booter-3.2.5.jar:3.2.5]
	at org.apache.maven.surefire.booter.ForkedBooter.execute(ForkedBooter.java:162) ~[surefire-booter-3.2.5.jar:3.2.5]
	at org.apache.maven.surefire.booter.ForkedBooter.run(ForkedBooter.java:507) ~[surefire-booter-3.2.5.jar:3.2.5]
	at org.apache.maven.surefire.booter.ForkedBooter.main(ForkedBooter.java:495) ~[surefire-booter-3.2.5.jar:3.2.5]

2024-08-03T22:28:59.783-05:00 DEBUG 26535 --- [PruebaT] [           main] o.s.d.jpa.repository.query.NamedQuery    : Did not find named query Movimiento.findByFechaBetweenAndCuentaClienteId.count
2024-08-03T22:28:59.783-05:00 DEBUG 26535 --- [PruebaT] [           main] tor$SharedEntityManagerInvocationHandler : Creating new EntityManager for shared EntityManager invocation
2024-08-03T22:28:59.784-05:00 DEBUG 26535 --- [PruebaT] [           main] org.hibernate.orm.query.hql              : HQL : SELECT m FROM Movimiento m WHERE m.cuenta.cliente.id = :id AND fecha BETWEEN :fechaInicial and :fechaFinal
2024-08-03T22:28:59.791-05:00 DEBUG 26535 --- [PruebaT] [           main] o.h.o.q.hql.reservedWordAsIdentifier     : Encountered use of reserved word as identifier : =
2024-08-03T22:28:59.791-05:00 DEBUG 26535 --- [PruebaT] [           main] o.h.o.q.hql.reservedWordAsIdentifier     : Encountered use of reserved word as identifier : AND
2024-08-03T22:28:59.793-05:00 DEBUG 26535 --- [PruebaT] [           main] org.hibernate.orm.query.sqm.creation     : Applying inferable type to SqmExpression [SqmNamedParameter(id)] : null -> SqmBasicValuedSimplePath(com.example.PruebaT.model.Movimiento(m).cuenta.cliente.clienteId)
2024-08-03T22:28:59.794-05:00 DEBUG 26535 --- [PruebaT] [           main] org.hibernate.orm.query.hql              : Unable to resolve unqualified attribute [fecha] in local from-clause
2024-08-03T22:28:59.794-05:00 DEBUG 26535 --- [PruebaT] [           main] org.hibernate.orm.query.sqm.creation     : Applying inferable type to SqmExpression [SqmNamedParameter(fechaInicial)] : null -> SqmBasicValuedSimplePath(com.example.PruebaT.model.Movimiento(m).fecha)
2024-08-03T22:28:59.794-05:00 DEBUG 26535 --- [PruebaT] [           main] org.hibernate.orm.query.sqm.creation     : Applying inferable type to SqmExpression [SqmNamedParameter(fechaFinal)] : null -> SqmBasicValuedSimplePath(com.example.PruebaT.model.Movimiento(m).fecha)
2024-08-03T22:28:59.795-05:00 DEBUG 26535 --- [PruebaT] [           main] org.hibernate.orm.query.sqm.ast          : SqmStatement Tree :
    -> [select]
      -> [query-spec]
        -> [select]
          -> [selection]
            -> [root] - `com.example.PruebaT.model.Movimiento(m)`
            <- [root] - `com.example.PruebaT.model.Movimiento(m)`
          <- [selection]
        <- [select]
        -> [from]
          -> [root] - `com.example.PruebaT.model.Movimiento(m)`
          <- [root] - `com.example.PruebaT.model.Movimiento(m)`
        <- [from]
        -> [where]
          -> [and]
            -> [EQUAL]
                -> [basic-path] - `com.example.PruebaT.model.Movimiento(m).cuenta.cliente.clienteId`
                :id
            <- [EQUAL]
            -> [is-between]
              -> [basic-path] - `com.example.PruebaT.model.Movimiento(m).fecha`
              :fechaInicial
              :fechaFinal
            <- [is-between]
          <- [and]
        <- [where]
      <- [query-spec]
    <- [select]

2024-08-03T22:28:59.797-05:00 DEBUG 26535 --- [PruebaT] [           main] o.s.d.r.c.s.RepositoryFactorySupport     : Finished creation of repository instance for com.example.PruebaT.repository.MovementRepository.
2024-08-03T22:28:59.797-05:00 DEBUG 26535 --- [PruebaT] [           main] o.s.b.f.s.DefaultListableBeanFactory     : Creating shared instance of singleton bean 'org.springframework.boot.autoconfigure.context.PropertyPlaceholderAutoConfiguration'
2024-08-03T22:28:59.798-05:00 DEBUG 26535 --- [PruebaT] [           main] o.s.b.f.s.DefaultListableBeanFactory     : Creating shared instance of singleton bean 'org.springframework.boot.autoconfigure.ssl.SslAutoConfiguration'
2024-08-03T22:28:59.798-05:00 DEBUG 26535 --- [PruebaT] [           main] o.s.b.f.s.DefaultListableBeanFactory     : Creating shared instance of singleton bean 'spring.ssl-org.springframework.boot.autoconfigure.ssl.SslProperties'
2024-08-03T22:28:59.799-05:00 DEBUG 26535 --- [PruebaT] [           main] o.s.b.f.s.DefaultListableBeanFactory     : Autowiring by type from bean name 'org.springframework.boot.autoconfigure.ssl.SslAutoConfiguration' via constructor to bean named 'spring.ssl-org.springframework.boot.autoconfigure.ssl.SslProperties'
2024-08-03T22:28:59.800-05:00 DEBUG 26535 --- [PruebaT] [           main] o.s.b.f.s.DefaultListableBeanFactory     : Creating shared instance of singleton bean 'fileWatcher'
2024-08-03T22:28:59.800-05:00 DEBUG 26535 --- [PruebaT] [           main] o.s.b.f.s.DefaultListableBeanFactory     : Creating shared instance of singleton bean 'sslPropertiesSslBundleRegistrar'
2024-08-03T22:28:59.801-05:00 DEBUG 26535 --- [PruebaT] [           main] o.s.b.f.s.DefaultListableBeanFactory     : Autowiring by type from bean name 'sslPropertiesSslBundleRegistrar' via factory method to bean named 'fileWatcher'
2024-08-03T22:28:59.801-05:00 DEBUG 26535 --- [PruebaT] [           main] o.s.b.f.s.DefaultListableBeanFactory     : Creating shared instance of singleton bean 'sslBundleRegistry'
2024-08-03T22:28:59.803-05:00 DEBUG 26535 --- [PruebaT] [           main] o.s.b.f.s.DefaultListableBeanFactory     : Creating shared instance of singleton bean 'org.springframework.boot.context.properties.EnableConfigurationPropertiesRegistrar.methodValidationExcludeFilter'
2024-08-03T22:28:59.803-05:00 DEBUG 26535 --- [PruebaT] [           main] o.s.b.f.s.DefaultListableBeanFactory     : Creating shared instance of singleton bean 'org.springframework.boot.autoconfigure.websocket.servlet.WebSocketServletAutoConfiguration$TomcatWebSocketConfiguration'
2024-08-03T22:28:59.803-05:00 DEBUG 26535 --- [PruebaT] [           main] o.s.b.f.s.DefaultListableBeanFactory     : Creating shared instance of singleton bean 'websocketServletWebServerCustomizer'
2024-08-03T22:28:59.805-05:00 DEBUG 26535 --- [PruebaT] [           main] o.s.b.f.s.DefaultListableBeanFactory     : Creating shared instance of singleton bean 'org.springframework.boot.autoconfigure.websocket.servlet.WebSocketServletAutoConfiguration'
2024-08-03T22:28:59.806-05:00 DEBUG 26535 --- [PruebaT] [           main] o.s.b.f.s.DefaultListableBeanFactory     : Creating shared instance of singleton bean 'org.springframework.boot.autoconfigure.web.servlet.ServletWebServerFactoryConfiguration$EmbeddedTomcat'
2024-08-03T22:28:59.806-05:00 DEBUG 26535 --- [PruebaT] [           main] o.s.b.f.s.DefaultListableBeanFactory     : Creating shared instance of singleton bean 'tomcatServletWebServerFactory'
2024-08-03T22:28:59.818-05:00 DEBUG 26535 --- [PruebaT] [           main] o.a.catalina.core.AprLifecycleListener   : The Apache Tomcat Native library could not be found using names [tcnative-2, libtcnative-2, tcnative-1, libtcnative-1] on the java.library.path [/Users/darwinrodriguez/Library/Java/Extensions:/Library/Java/Extensions:/Network/Library/Java/Extensions:/System/Library/Java/Extensions:/usr/lib/java:.]. The errors reported were [Can't load library: /Users/darwinrodriguez/Downloads/PruebaT/bin/libtcnative-2.dylib, Can't load library: /Users/darwinrodriguez/Downloads/PruebaT/bin/liblibtcnative-2.dylib, Can't load library: /Users/darwinrodriguez/Downloads/PruebaT/bin/libtcnative-1.dylib, Can't load library: /Users/darwinrodriguez/Downloads/PruebaT/bin/liblibtcnative-1.dylib, no tcnative-2 in java.library.path: /Users/darwinrodriguez/Library/Java/Extensions:/Library/Java/Extensions:/Network/Library/Java/Extensions:/System/Library/Java/Extensions:/usr/lib/java:., no libtcnative-2 in java.library.path: /Users/darwinrodriguez/Library/Java/Extensions:/Library/Java/Extensions:/Network/Library/Java/Extensions:/System/Library/Java/Extensions:/usr/lib/java:., no tcnative-1 in java.library.path: /Users/darwinrodriguez/Library/Java/Extensions:/Library/Java/Extensions:/Network/Library/Java/Extensions:/System/Library/Java/Extensions:/usr/lib/java:., no libtcnative-1 in java.library.path: /Users/darwinrodriguez/Library/Java/Extensions:/Library/Java/Extensions:/Network/Library/Java/Extensions:/System/Library/Java/Extensions:/usr/lib/java:.]

org.apache.tomcat.jni.LibraryNotFoundError: Can't load library: /Users/darwinrodriguez/Downloads/PruebaT/bin/libtcnative-2.dylib, Can't load library: /Users/darwinrodriguez/Downloads/PruebaT/bin/liblibtcnative-2.dylib, Can't load library: /Users/darwinrodriguez/Downloads/PruebaT/bin/libtcnative-1.dylib, Can't load library: /Users/darwinrodriguez/Downloads/PruebaT/bin/liblibtcnative-1.dylib, no tcnative-2 in java.library.path: /Users/darwinrodriguez/Library/Java/Extensions:/Library/Java/Extensions:/Network/Library/Java/Extensions:/System/Library/Java/Extensions:/usr/lib/java:., no libtcnative-2 in java.library.path: /Users/darwinrodriguez/Library/Java/Extensions:/Library/Java/Extensions:/Network/Library/Java/Extensions:/System/Library/Java/Extensions:/usr/lib/java:., no tcnative-1 in java.library.path: /Users/darwinrodriguez/Library/Java/Extensions:/Library/Java/Extensions:/Network/Library/Java/Extensions:/System/Library/Java/Extensions:/usr/lib/java:., no libtcnative-1 in java.library.path: /Users/darwinrodriguez/Library/Java/Extensions:/Library/Java/Extensions:/Network/Library/Java/Extensions:/System/Library/Java/Extensions:/usr/lib/java:.
	at org.apache.tomcat.jni.Library.<init>(Library.java:91) ~[tomcat-embed-core-10.1.26.jar:10.1.26]
	at org.apache.tomcat.jni.Library.initialize(Library.java:147) ~[tomcat-embed-core-10.1.26.jar:10.1.26]
	at org.apache.catalina.core.AprLifecycleListener.init(AprLifecycleListener.java:209) ~[tomcat-embed-core-10.1.26.jar:10.1.26]
	at org.apache.catalina.core.AprLifecycleListener.isAprAvailable(AprLifecycleListener.java:113) ~[tomcat-embed-core-10.1.26.jar:10.1.26]
	at org.springframework.boot.web.embedded.tomcat.TomcatServletWebServerFactory.getDefaultServerLifecycleListeners(TomcatServletWebServerFactory.java:191) ~[spring-boot-3.3.2.jar:3.3.2]
	at org.springframework.boot.web.embedded.tomcat.TomcatServletWebServerFactory.<init>(TomcatServletWebServerFactory.java:138) ~[spring-boot-3.3.2.jar:3.3.2]
	at org.springframework.boot.autoconfigure.web.servlet.ServletWebServerFactoryConfiguration$EmbeddedTomcat.tomcatServletWebServerFactory(ServletWebServerFactoryConfiguration.java:73) ~[spring-boot-autoconfigure-3.3.2.jar:3.3.2]
	at java.base/jdk.internal.reflect.DirectMethodHandleAccessor.invoke(DirectMethodHandleAccessor.java:103) ~[na:na]
	at java.base/java.lang.reflect.Method.invoke(Method.java:580) ~[na:na]
	at org.springframework.beans.factory.support.SimpleInstantiationStrategy.instantiate(SimpleInstantiationStrategy.java:146) ~[spring-beans-6.1.11.jar:6.1.11]
	at org.springframework.beans.factory.support.ConstructorResolver.instantiate(ConstructorResolver.java:644) ~[spring-beans-6.1.11.jar:6.1.11]
	at org.springframework.beans.factory.support.ConstructorResolver.instantiateUsingFactoryMethod(ConstructorResolver.java:636) ~[spring-beans-6.1.11.jar:6.1.11]
	at org.springframework.beans.factory.support.AbstractAutowireCapableBeanFactory.instantiateUsingFactoryMethod(AbstractAutowireCapableBeanFactory.java:1355) ~[spring-beans-6.1.11.jar:6.1.11]
	at org.springframework.beans.factory.support.AbstractAutowireCapableBeanFactory.createBeanInstance(AbstractAutowireCapableBeanFactory.java:1185) ~[spring-beans-6.1.11.jar:6.1.11]
	at org.springframework.beans.factory.support.AbstractAutowireCapableBeanFactory.doCreateBean(AbstractAutowireCapableBeanFactory.java:562) ~[spring-beans-6.1.11.jar:6.1.11]
	at org.springframework.beans.factory.support.AbstractAutowireCapableBeanFactory.createBean(AbstractAutowireCapableBeanFactory.java:522) ~[spring-beans-6.1.11.jar:6.1.11]
	at org.springframework.beans.factory.support.AbstractBeanFactory.lambda$doGetBean$0(AbstractBeanFactory.java:337) ~[spring-beans-6.1.11.jar:6.1.11]
	at org.springframework.beans.factory.support.DefaultSingletonBeanRegistry.getSingleton(DefaultSingletonBeanRegistry.java:234) ~[spring-beans-6.1.11.jar:6.1.11]
	at org.springframework.beans.factory.support.AbstractBeanFactory.doGetBean(AbstractBeanFactory.java:335) ~[spring-beans-6.1.11.jar:6.1.11]
	at org.springframework.beans.factory.support.AbstractBeanFactory.getBean(AbstractBeanFactory.java:200) ~[spring-beans-6.1.11.jar:6.1.11]
	at org.springframework.beans.factory.support.DefaultListableBeanFactory.preInstantiateSingletons(DefaultListableBeanFactory.java:975) ~[spring-beans-6.1.11.jar:6.1.11]
	at org.springframework.context.support.AbstractApplicationContext.finishBeanFactoryInitialization(AbstractApplicationContext.java:971) ~[spring-context-6.1.11.jar:6.1.11]
	at org.springframework.context.support.AbstractApplicationContext.refresh(AbstractApplicationContext.java:625) ~[spring-context-6.1.11.jar:6.1.11]
	at org.springframework.boot.SpringApplication.refresh(SpringApplication.java:754) ~[spring-boot-3.3.2.jar:3.3.2]
	at org.springframework.boot.SpringApplication.refreshContext(SpringApplication.java:456) ~[spring-boot-3.3.2.jar:3.3.2]
	at org.springframework.boot.SpringApplication.run(SpringApplication.java:335) ~[spring-boot-3.3.2.jar:3.3.2]
	at org.springframework.boot.test.context.SpringBootContextLoader.lambda$loadContext$3(SpringBootContextLoader.java:137) ~[spring-boot-test-3.3.2.jar:3.3.2]
	at org.springframework.util.function.ThrowingSupplier.get(ThrowingSupplier.java:58) ~[spring-core-6.1.11.jar:6.1.11]
	at org.springframework.util.function.ThrowingSupplier.get(ThrowingSupplier.java:46) ~[spring-core-6.1.11.jar:6.1.11]
	at org.springframework.boot.SpringApplication.withHook(SpringApplication.java:1463) ~[spring-boot-3.3.2.jar:3.3.2]
	at org.springframework.boot.test.context.SpringBootContextLoader$ContextLoaderHook.run(SpringBootContextLoader.java:553) ~[spring-boot-test-3.3.2.jar:3.3.2]
	at org.springframework.boot.test.context.SpringBootContextLoader.loadContext(SpringBootContextLoader.java:137) ~[spring-boot-test-3.3.2.jar:3.3.2]
	at org.springframework.boot.test.context.SpringBootContextLoader.loadContext(SpringBootContextLoader.java:108) ~[spring-boot-test-3.3.2.jar:3.3.2]
	at org.springframework.test.context.cache.DefaultCacheAwareContextLoaderDelegate.loadContextInternal(DefaultCacheAwareContextLoaderDelegate.java:225) ~[spring-test-6.1.11.jar:6.1.11]
	at org.springframework.test.context.cache.DefaultCacheAwareContextLoaderDelegate.loadContext(DefaultCacheAwareContextLoaderDelegate.java:152) ~[spring-test-6.1.11.jar:6.1.11]
	at org.springframework.test.context.support.DefaultTestContext.getApplicationContext(DefaultTestContext.java:130) ~[spring-test-6.1.11.jar:6.1.11]
	at org.springframework.test.context.web.ServletTestExecutionListener.setUpRequestContextIfNecessary(ServletTestExecutionListener.java:191) ~[spring-test-6.1.11.jar:6.1.11]
	at org.springframework.test.context.web.ServletTestExecutionListener.prepareTestInstance(ServletTestExecutionListener.java:130) ~[spring-test-6.1.11.jar:6.1.11]
	at org.springframework.test.context.TestContextManager.prepareTestInstance(TestContextManager.java:260) ~[spring-test-6.1.11.jar:6.1.11]
	at org.springframework.test.context.junit.jupiter.SpringExtension.postProcessTestInstance(SpringExtension.java:163) ~[spring-test-6.1.11.jar:6.1.11]
	at org.junit.jupiter.engine.descriptor.ClassBasedTestDescriptor.lambda$invokeTestInstancePostProcessors$10(ClassBasedTestDescriptor.java:378) ~[junit-jupiter-engine-5.10.3.jar:5.10.3]
	at org.junit.jupiter.engine.descriptor.ClassBasedTestDescriptor.executeAndMaskThrowable(ClassBasedTestDescriptor.java:383) ~[junit-jupiter-engine-5.10.3.jar:5.10.3]
	at org.junit.jupiter.engine.descriptor.ClassBasedTestDescriptor.lambda$invokeTestInstancePostProcessors$11(ClassBasedTestDescriptor.java:378) ~[junit-jupiter-engine-5.10.3.jar:5.10.3]
	at java.base/java.util.stream.ReferencePipeline$3$1.accept(ReferencePipeline.java:212) ~[na:na]
	at java.base/java.util.stream.ReferencePipeline$2$1.accept(ReferencePipeline.java:194) ~[na:na]
	at java.base/java.util.ArrayList$ArrayListSpliterator.forEachRemaining(ArrayList.java:1709) ~[na:na]
	at java.base/java.util.stream.AbstractPipeline.copyInto(AbstractPipeline.java:556) ~[na:na]
	at java.base/java.util.stream.AbstractPipeline.wrapAndCopyInto(AbstractPipeline.java:546) ~[na:na]
	at java.base/java.util.stream.StreamSpliterators$WrappingSpliterator.forEachRemaining(StreamSpliterators.java:310) ~[na:na]
	at java.base/java.util.stream.Streams$ConcatSpliterator.forEachRemaining(Streams.java:735) ~[na:na]
	at java.base/java.util.stream.Streams$ConcatSpliterator.forEachRemaining(Streams.java:734) ~[na:na]
	at java.base/java.util.stream.ReferencePipeline$Head.forEach(ReferencePipeline.java:782) ~[na:na]
	at org.junit.jupiter.engine.descriptor.ClassBasedTestDescriptor.invokeTestInstancePostProcessors(ClassBasedTestDescriptor.java:377) ~[junit-jupiter-engine-5.10.3.jar:5.10.3]
	at org.junit.jupiter.engine.descriptor.ClassBasedTestDescriptor.lambda$instantiateAndPostProcessTestInstance$6(ClassBasedTestDescriptor.java:290) ~[junit-jupiter-engine-5.10.3.jar:5.10.3]
	at org.junit.platform.engine.support.hierarchical.ThrowableCollector.execute(ThrowableCollector.java:73) ~[junit-platform-engine-1.10.3.jar:1.10.3]
	at org.junit.jupiter.engine.descriptor.ClassBasedTestDescriptor.instantiateAndPostProcessTestInstance(ClassBasedTestDescriptor.java:289) ~[junit-jupiter-engine-5.10.3.jar:5.10.3]
	at org.junit.jupiter.engine.descriptor.ClassBasedTestDescriptor.lambda$testInstancesProvider$4(ClassBasedTestDescriptor.java:279) ~[junit-jupiter-engine-5.10.3.jar:5.10.3]
	at java.base/java.util.Optional.orElseGet(Optional.java:364) ~[na:na]
	at org.junit.jupiter.engine.descriptor.ClassBasedTestDescriptor.lambda$testInstancesProvider$5(ClassBasedTestDescriptor.java:278) ~[junit-jupiter-engine-5.10.3.jar:5.10.3]
	at org.junit.jupiter.engine.execution.TestInstancesProvider.getTestInstances(TestInstancesProvider.java:31) ~[junit-jupiter-engine-5.10.3.jar:5.10.3]
	at org.junit.jupiter.engine.descriptor.TestMethodTestDescriptor.lambda$prepare$0(TestMethodTestDescriptor.java:106) ~[junit-jupiter-engine-5.10.3.jar:5.10.3]
	at org.junit.platform.engine.support.hierarchical.ThrowableCollector.execute(ThrowableCollector.java:73) ~[junit-platform-engine-1.10.3.jar:1.10.3]
	at org.junit.jupiter.engine.descriptor.TestMethodTestDescriptor.prepare(TestMethodTestDescriptor.java:105) ~[junit-jupiter-engine-5.10.3.jar:5.10.3]
	at org.junit.jupiter.engine.descriptor.TestMethodTestDescriptor.prepare(TestMethodTestDescriptor.java:69) ~[junit-jupiter-engine-5.10.3.jar:5.10.3]
	at org.junit.platform.engine.support.hierarchical.NodeTestTask.lambda$prepare$2(NodeTestTask.java:123) ~[junit-platform-engine-1.10.3.jar:1.10.3]
	at org.junit.platform.engine.support.hierarchical.ThrowableCollector.execute(ThrowableCollector.java:73) ~[junit-platform-engine-1.10.3.jar:1.10.3]
	at org.junit.platform.engine.support.hierarchical.NodeTestTask.prepare(NodeTestTask.java:123) ~[junit-platform-engine-1.10.3.jar:1.10.3]
	at org.junit.platform.engine.support.hierarchical.NodeTestTask.execute(NodeTestTask.java:90) ~[junit-platform-engine-1.10.3.jar:1.10.3]
	at java.base/java.util.ArrayList.forEach(ArrayList.java:1597) ~[na:na]
	at org.junit.platform.engine.support.hierarchical.SameThreadHierarchicalTestExecutorService.invokeAll(SameThreadHierarchicalTestExecutorService.java:41) ~[junit-platform-engine-1.10.3.jar:1.10.3]
	at org.junit.platform.engine.support.hierarchical.NodeTestTask.lambda$executeRecursively$6(NodeTestTask.java:155) ~[junit-platform-engine-1.10.3.jar:1.10.3]
	at org.junit.platform.engine.support.hierarchical.ThrowableCollector.execute(ThrowableCollector.java:73) ~[junit-platform-engine-1.10.3.jar:1.10.3]
	at org.junit.platform.engine.support.hierarchical.NodeTestTask.lambda$executeRecursively$8(NodeTestTask.java:141) ~[junit-platform-engine-1.10.3.jar:1.10.3]
	at org.junit.platform.engine.support.hierarchical.Node.around(Node.java:137) ~[junit-platform-engine-1.10.3.jar:1.10.3]
	at org.junit.platform.engine.support.hierarchical.NodeTestTask.lambda$executeRecursively$9(NodeTestTask.java:139) ~[junit-platform-engine-1.10.3.jar:1.10.3]
	at org.junit.platform.engine.support.hierarchical.ThrowableCollector.execute(ThrowableCollector.java:73) ~[junit-platform-engine-1.10.3.jar:1.10.3]
	at org.junit.platform.engine.support.hierarchical.NodeTestTask.executeRecursively(NodeTestTask.java:138) ~[junit-platform-engine-1.10.3.jar:1.10.3]
	at org.junit.platform.engine.support.hierarchical.NodeTestTask.execute(NodeTestTask.java:95) ~[junit-platform-engine-1.10.3.jar:1.10.3]
	at java.base/java.util.ArrayList.forEach(ArrayList.java:1597) ~[na:na]
	at org.junit.platform.engine.support.hierarchical.SameThreadHierarchicalTestExecutorService.invokeAll(SameThreadHierarchicalTestExecutorService.java:41) ~[junit-platform-engine-1.10.3.jar:1.10.3]
	at org.junit.platform.engine.support.hierarchical.NodeTestTask.lambda$executeRecursively$6(NodeTestTask.java:155) ~[junit-platform-engine-1.10.3.jar:1.10.3]
	at org.junit.platform.engine.support.hierarchical.ThrowableCollector.execute(ThrowableCollector.java:73) ~[junit-platform-engine-1.10.3.jar:1.10.3]
	at org.junit.platform.engine.support.hierarchical.NodeTestTask.lambda$executeRecursively$8(NodeTestTask.java:141) ~[junit-platform-engine-1.10.3.jar:1.10.3]
	at org.junit.platform.engine.support.hierarchical.Node.around(Node.java:137) ~[junit-platform-engine-1.10.3.jar:1.10.3]
	at org.junit.platform.engine.support.hierarchical.NodeTestTask.lambda$executeRecursively$9(NodeTestTask.java:139) ~[junit-platform-engine-1.10.3.jar:1.10.3]
	at org.junit.platform.engine.support.hierarchical.ThrowableCollector.execute(ThrowableCollector.java:73) ~[junit-platform-engine-1.10.3.jar:1.10.3]
	at org.junit.platform.engine.support.hierarchical.NodeTestTask.executeRecursively(NodeTestTask.java:138) ~[junit-platform-engine-1.10.3.jar:1.10.3]
	at org.junit.platform.engine.support.hierarchical.NodeTestTask.execute(NodeTestTask.java:95) ~[junit-platform-engine-1.10.3.jar:1.10.3]
	at org.junit.platform.engine.support.hierarchical.SameThreadHierarchicalTestExecutorService.submit(SameThreadHierarchicalTestExecutorService.java:35) ~[junit-platform-engine-1.10.3.jar:1.10.3]
	at org.junit.platform.engine.support.hierarchical.HierarchicalTestExecutor.execute(HierarchicalTestExecutor.java:57) ~[junit-platform-engine-1.10.3.jar:1.10.3]
	at org.junit.platform.engine.support.hierarchical.HierarchicalTestEngine.execute(HierarchicalTestEngine.java:54) ~[junit-platform-engine-1.10.3.jar:1.10.3]
	at org.junit.platform.launcher.core.EngineExecutionOrchestrator.execute(EngineExecutionOrchestrator.java:198) ~[junit-platform-launcher-1.10.3.jar:1.10.3]
	at org.junit.platform.launcher.core.EngineExecutionOrchestrator.execute(EngineExecutionOrchestrator.java:169) ~[junit-platform-launcher-1.10.3.jar:1.10.3]
	at org.junit.platform.launcher.core.EngineExecutionOrchestrator.execute(EngineExecutionOrchestrator.java:93) ~[junit-platform-launcher-1.10.3.jar:1.10.3]
	at org.junit.platform.launcher.core.EngineExecutionOrchestrator.lambda$execute$0(EngineExecutionOrchestrator.java:58) ~[junit-platform-launcher-1.10.3.jar:1.10.3]
	at org.junit.platform.launcher.core.EngineExecutionOrchestrator.withInterceptedStreams(EngineExecutionOrchestrator.java:141) ~[junit-platform-launcher-1.10.3.jar:1.10.3]
	at org.junit.platform.launcher.core.EngineExecutionOrchestrator.execute(EngineExecutionOrchestrator.java:57) ~[junit-platform-launcher-1.10.3.jar:1.10.3]
	at org.junit.platform.launcher.core.DefaultLauncher.execute(DefaultLauncher.java:103) ~[junit-platform-launcher-1.10.3.jar:1.10.3]
	at org.junit.platform.launcher.core.DefaultLauncher.execute(DefaultLauncher.java:85) ~[junit-platform-launcher-1.10.3.jar:1.10.3]
	at org.junit.platform.launcher.core.DelegatingLauncher.execute(DelegatingLauncher.java:47) ~[junit-platform-launcher-1.10.3.jar:1.10.3]
	at org.apache.maven.surefire.junitplatform.LazyLauncher.execute(LazyLauncher.java:56) ~[surefire-junit-platform-3.2.5.jar:3.2.5]
	at org.apache.maven.surefire.junitplatform.JUnitPlatformProvider.execute(JUnitPlatformProvider.java:184) ~[surefire-junit-platform-3.2.5.jar:3.2.5]
	at org.apache.maven.surefire.junitplatform.JUnitPlatformProvider.invokeAllTests(JUnitPlatformProvider.java:148) ~[surefire-junit-platform-3.2.5.jar:3.2.5]
	at org.apache.maven.surefire.junitplatform.JUnitPlatformProvider.invoke(JUnitPlatformProvider.java:122) ~[surefire-junit-platform-3.2.5.jar:3.2.5]
	at org.apache.maven.surefire.booter.ForkedBooter.runSuitesInProcess(ForkedBooter.java:385) ~[surefire-booter-3.2.5.jar:3.2.5]
	at org.apache.maven.surefire.booter.ForkedBooter.execute(ForkedBooter.java:162) ~[surefire-booter-3.2.5.jar:3.2.5]
	at org.apache.maven.surefire.booter.ForkedBooter.run(ForkedBooter.java:507) ~[surefire-booter-3.2.5.jar:3.2.5]
	at org.apache.maven.surefire.booter.ForkedBooter.main(ForkedBooter.java:495) ~[surefire-booter-3.2.5.jar:3.2.5]

2024-08-03T22:28:59.825-05:00 DEBUG 26535 --- [PruebaT] [           main] o.s.b.f.s.DefaultListableBeanFactory     : Creating shared instance of singleton bean 'servletWebServerFactoryCustomizer'
2024-08-03T22:28:59.825-05:00 DEBUG 26535 --- [PruebaT] [           main] o.s.b.f.s.DefaultListableBeanFactory     : Creating shared instance of singleton bean 'org.springframework.boot.autoconfigure.web.servlet.ServletWebServerFactoryAutoConfiguration'
2024-08-03T22:28:59.825-05:00 DEBUG 26535 --- [PruebaT] [           main] o.s.b.f.s.DefaultListableBeanFactory     : Creating shared instance of singleton bean 'server-org.springframework.boot.autoconfigure.web.ServerProperties'
2024-08-03T22:28:59.834-05:00 DEBUG 26535 --- [PruebaT] [           main] o.s.b.f.s.DefaultListableBeanFactory     : Autowiring by type from bean name 'servletWebServerFactoryCustomizer' via factory method to bean named 'server-org.springframework.boot.autoconfigure.web.ServerProperties'
2024-08-03T22:28:59.837-05:00 DEBUG 26535 --- [PruebaT] [           main] o.s.b.f.s.DefaultListableBeanFactory     : Creating shared instance of singleton bean 'tomcatServletWebServerFactoryCustomizer'
2024-08-03T22:28:59.838-05:00 DEBUG 26535 --- [PruebaT] [           main] o.s.b.f.s.DefaultListableBeanFactory     : Autowiring by type from bean name 'tomcatServletWebServerFactoryCustomizer' via factory method to bean named 'server-org.springframework.boot.autoconfigure.web.ServerProperties'
2024-08-03T22:28:59.838-05:00 DEBUG 26535 --- [PruebaT] [           main] o.s.b.f.s.DefaultListableBeanFactory     : Creating shared instance of singleton bean 'localeCharsetMappingsCustomizer'
2024-08-03T22:28:59.838-05:00 DEBUG 26535 --- [PruebaT] [           main] o.s.b.f.s.DefaultListableBeanFactory     : Creating shared instance of singleton bean 'org.springframework.boot.autoconfigure.web.servlet.HttpEncodingAutoConfiguration'
2024-08-03T22:28:59.839-05:00 DEBUG 26535 --- [PruebaT] [           main] o.s.b.f.s.DefaultListableBeanFactory     : Autowiring by type from bean name 'org.springframework.boot.autoconfigure.web.servlet.HttpEncodingAutoConfiguration' via constructor to bean named 'server-org.springframework.boot.autoconfigure.web.ServerProperties'
2024-08-03T22:28:59.851-05:00 DEBUG 26535 --- [PruebaT] [           main] o.s.b.f.s.DefaultListableBeanFactory     : Creating shared instance of singleton bean 'errorPageCustomizer'
2024-08-03T22:28:59.851-05:00 DEBUG 26535 --- [PruebaT] [           main] o.s.b.f.s.DefaultListableBeanFactory     : Creating shared instance of singleton bean 'org.springframework.boot.autoconfigure.web.servlet.error.ErrorMvcAutoConfiguration'
2024-08-03T22:28:59.852-05:00 DEBUG 26535 --- [PruebaT] [           main] o.s.b.f.s.DefaultListableBeanFactory     : Autowiring by type from bean name 'org.springframework.boot.autoconfigure.web.servlet.error.ErrorMvcAutoConfiguration' via constructor to bean named 'server-org.springframework.boot.autoconfigure.web.ServerProperties'
2024-08-03T22:28:59.853-05:00 DEBUG 26535 --- [PruebaT] [           main] o.s.b.f.s.DefaultListableBeanFactory     : Creating shared instance of singleton bean 'dispatcherServletRegistration'
2024-08-03T22:28:59.853-05:00 DEBUG 26535 --- [PruebaT] [           main] o.s.b.f.s.DefaultListableBeanFactory     : Creating shared instance of singleton bean 'org.springframework.boot.autoconfigure.web.servlet.DispatcherServletAutoConfiguration$DispatcherServletRegistrationConfiguration'
2024-08-03T22:28:59.854-05:00 DEBUG 26535 --- [PruebaT] [           main] o.s.b.f.s.DefaultListableBeanFactory     : Creating shared instance of singleton bean 'dispatcherServlet'
2024-08-03T22:28:59.854-05:00 DEBUG 26535 --- [PruebaT] [           main] o.s.b.f.s.DefaultListableBeanFactory     : Creating shared instance of singleton bean 'org.springframework.boot.autoconfigure.web.servlet.DispatcherServletAutoConfiguration$DispatcherServletConfiguration'
2024-08-03T22:28:59.855-05:00 DEBUG 26535 --- [PruebaT] [           main] o.s.b.f.s.DefaultListableBeanFactory     : Creating shared instance of singleton bean 'spring.mvc-org.springframework.boot.autoconfigure.web.servlet.WebMvcProperties'
2024-08-03T22:28:59.860-05:00 DEBUG 26535 --- [PruebaT] [           main] o.s.b.f.s.DefaultListableBeanFactory     : Autowiring by type from bean name 'dispatcherServlet' via factory method to bean named 'spring.mvc-org.springframework.boot.autoconfigure.web.servlet.WebMvcProperties'
2024-08-03T22:28:59.876-05:00 DEBUG 26535 --- [PruebaT] [           main] o.s.b.f.s.DefaultListableBeanFactory     : Autowiring by type from bean name 'dispatcherServletRegistration' via factory method to bean named 'dispatcherServlet'
2024-08-03T22:28:59.876-05:00 DEBUG 26535 --- [PruebaT] [           main] o.s.b.f.s.DefaultListableBeanFactory     : Autowiring by type from bean name 'dispatcherServletRegistration' via factory method to bean named 'spring.mvc-org.springframework.boot.autoconfigure.web.servlet.WebMvcProperties'
2024-08-03T22:28:59.879-05:00 DEBUG 26535 --- [PruebaT] [           main] o.s.b.f.s.DefaultListableBeanFactory     : Creating shared instance of singleton bean 'multipartConfigElement'
2024-08-03T22:28:59.879-05:00 DEBUG 26535 --- [PruebaT] [           main] o.s.b.f.s.DefaultListableBeanFactory     : Creating shared instance of singleton bean 'org.springframework.boot.autoconfigure.web.servlet.MultipartAutoConfiguration'
2024-08-03T22:28:59.879-05:00 DEBUG 26535 --- [PruebaT] [           main] o.s.b.f.s.DefaultListableBeanFactory     : Creating shared instance of singleton bean 'spring.servlet.multipart-org.springframework.boot.autoconfigure.web.servlet.MultipartProperties'
2024-08-03T22:28:59.882-05:00 DEBUG 26535 --- [PruebaT] [           main] o.s.b.f.s.DefaultListableBeanFactory     : Autowiring by type from bean name 'org.springframework.boot.autoconfigure.web.servlet.MultipartAutoConfiguration' via constructor to bean named 'spring.servlet.multipart-org.springframework.boot.autoconfigure.web.servlet.MultipartProperties'
2024-08-03T22:28:59.884-05:00 DEBUG 26535 --- [PruebaT] [           main] o.s.b.f.s.DefaultListableBeanFactory     : Autowiring by type from bean name 'errorPageCustomizer' via factory method to bean named 'dispatcherServletRegistration'
2024-08-03T22:28:59.888-05:00 DEBUG 26535 --- [PruebaT] [           main] o.s.b.f.s.DefaultListableBeanFactory     : Creating shared instance of singleton bean 'org.springframework.boot.autoconfigure.web.servlet.DispatcherServletAutoConfiguration'
2024-08-03T22:28:59.888-05:00 DEBUG 26535 --- [PruebaT] [           main] o.s.b.f.s.DefaultListableBeanFactory     : Creating shared instance of singleton bean 'org.springframework.boot.autoconfigure.task.TaskExecutorConfigurations$ThreadPoolTaskExecutorBuilderConfiguration'
2024-08-03T22:28:59.888-05:00 DEBUG 26535 --- [PruebaT] [           main] o.s.b.f.s.DefaultListableBeanFactory     : Creating shared instance of singleton bean 'threadPoolTaskExecutorBuilder'
2024-08-03T22:28:59.889-05:00 DEBUG 26535 --- [PruebaT] [           main] o.s.b.f.s.DefaultListableBeanFactory     : Creating shared instance of singleton bean 'spring.task.execution-org.springframework.boot.autoconfigure.task.TaskExecutionProperties'
2024-08-03T22:28:59.891-05:00 DEBUG 26535 --- [PruebaT] [           main] o.s.b.f.s.DefaultListableBeanFactory     : Autowiring by type from bean name 'threadPoolTaskExecutorBuilder' via factory method to bean named 'spring.task.execution-org.springframework.boot.autoconfigure.task.TaskExecutionProperties'
2024-08-03T22:28:59.894-05:00 DEBUG 26535 --- [PruebaT] [           main] o.s.b.f.s.DefaultListableBeanFactory     : Creating shared instance of singleton bean 'org.springframework.boot.autoconfigure.task.TaskExecutorConfigurations$TaskExecutorBuilderConfiguration'
2024-08-03T22:28:59.894-05:00 DEBUG 26535 --- [PruebaT] [           main] o.s.b.f.s.DefaultListableBeanFactory     : Creating shared instance of singleton bean 'taskExecutorBuilder'
2024-08-03T22:28:59.895-05:00 DEBUG 26535 --- [PruebaT] [           main] o.s.b.f.s.DefaultListableBeanFactory     : Autowiring by type from bean name 'taskExecutorBuilder' via factory method to bean named 'spring.task.execution-org.springframework.boot.autoconfigure.task.TaskExecutionProperties'
2024-08-03T22:28:59.896-05:00 DEBUG 26535 --- [PruebaT] [           main] o.s.b.f.s.DefaultListableBeanFactory     : Creating shared instance of singleton bean 'org.springframework.boot.autoconfigure.task.TaskExecutorConfigurations$SimpleAsyncTaskExecutorBuilderConfiguration'
2024-08-03T22:28:59.898-05:00 DEBUG 26535 --- [PruebaT] [           main] o.s.b.f.s.DefaultListableBeanFactory     : Autowiring by type from bean name 'org.springframework.boot.autoconfigure.task.TaskExecutorConfigurations$SimpleAsyncTaskExecutorBuilderConfiguration' via constructor to bean named 'spring.task.execution-org.springframework.boot.autoconfigure.task.TaskExecutionProperties'
2024-08-03T22:28:59.898-05:00 DEBUG 26535 --- [PruebaT] [           main] o.s.b.f.s.DefaultListableBeanFactory     : Creating shared instance of singleton bean 'simpleAsyncTaskExecutorBuilder'
2024-08-03T22:28:59.899-05:00 DEBUG 26535 --- [PruebaT] [           main] o.s.b.f.s.DefaultListableBeanFactory     : Creating shared instance of singleton bean 'org.springframework.boot.autoconfigure.task.TaskExecutorConfigurations$TaskExecutorConfiguration'
2024-08-03T22:28:59.900-05:00 DEBUG 26535 --- [PruebaT] [           main] o.s.b.f.s.DefaultListableBeanFactory     : Creating shared instance of singleton bean 'org.springframework.boot.autoconfigure.task.TaskExecutionAutoConfiguration'
2024-08-03T22:28:59.900-05:00 DEBUG 26535 --- [PruebaT] [           main] o.s.b.f.s.DefaultListableBeanFactory     : Creating shared instance of singleton bean 'org.springframework.boot.autoconfigure.web.servlet.error.ErrorMvcAutoConfiguration$WhitelabelErrorViewConfiguration'
2024-08-03T22:28:59.900-05:00 DEBUG 26535 --- [PruebaT] [           main] o.s.b.f.s.DefaultListableBeanFactory     : Creating shared instance of singleton bean 'error'
2024-08-03T22:28:59.900-05:00 DEBUG 26535 --- [PruebaT] [           main] o.s.b.f.s.DefaultListableBeanFactory     : Creating shared instance of singleton bean 'beanNameViewResolver'
2024-08-03T22:28:59.901-05:00 DEBUG 26535 --- [PruebaT] [           main] o.s.b.f.s.DefaultListableBeanFactory     : Creating shared instance of singleton bean 'org.springframework.boot.autoconfigure.web.servlet.error.ErrorMvcAutoConfiguration$DefaultErrorViewResolverConfiguration'
2024-08-03T22:28:59.902-05:00 DEBUG 26535 --- [PruebaT] [           main] o.s.b.f.s.DefaultListableBeanFactory     : Creating shared instance of singleton bean 'spring.web-org.springframework.boot.autoconfigure.web.WebProperties'
2024-08-03T22:28:59.903-05:00 DEBUG 26535 --- [PruebaT] [           main] o.s.b.f.s.DefaultListableBeanFactory     : Autowiring by type from bean name 'org.springframework.boot.autoconfigure.web.servlet.error.ErrorMvcAutoConfiguration$DefaultErrorViewResolverConfiguration' via constructor to bean named 'org.springframework.web.context.support.GenericWebApplicationContext@7726e185'
2024-08-03T22:28:59.903-05:00 DEBUG 26535 --- [PruebaT] [           main] o.s.b.f.s.DefaultListableBeanFactory     : Autowiring by type from bean name 'org.springframework.boot.autoconfigure.web.servlet.error.ErrorMvcAutoConfiguration$DefaultErrorViewResolverConfiguration' via constructor to bean named 'spring.web-org.springframework.boot.autoconfigure.web.WebProperties'
2024-08-03T22:28:59.904-05:00 DEBUG 26535 --- [PruebaT] [           main] o.s.b.f.s.DefaultListableBeanFactory     : Creating shared instance of singleton bean 'conventionErrorViewResolver'
2024-08-03T22:28:59.905-05:00 DEBUG 26535 --- [PruebaT] [           main] o.s.b.f.s.DefaultListableBeanFactory     : Creating shared instance of singleton bean 'errorAttributes'
2024-08-03T22:28:59.906-05:00 DEBUG 26535 --- [PruebaT] [           main] o.s.b.f.s.DefaultListableBeanFactory     : Creating shared instance of singleton bean 'basicErrorController'
2024-08-03T22:28:59.907-05:00 DEBUG 26535 --- [PruebaT] [           main] o.s.b.f.s.DefaultListableBeanFactory     : Autowiring by type from bean name 'basicErrorController' via factory method to bean named 'errorAttributes'
2024-08-03T22:28:59.910-05:00 DEBUG 26535 --- [PruebaT] [           main] o.s.b.f.s.DefaultListableBeanFactory     : Creating shared instance of singleton bean 'org.springframework.boot.autoconfigure.web.servlet.WebMvcAutoConfiguration$EnableWebMvcConfiguration'
2024-08-03T22:28:59.910-05:00 DEBUG 26535 --- [PruebaT] [           main] o.s.b.f.s.DefaultListableBeanFactory     : Autowiring by type from bean name 'org.springframework.boot.autoconfigure.web.servlet.WebMvcAutoConfiguration$EnableWebMvcConfiguration' via constructor to bean named 'spring.mvc-org.springframework.boot.autoconfigure.web.servlet.WebMvcProperties'
2024-08-03T22:28:59.910-05:00 DEBUG 26535 --- [PruebaT] [           main] o.s.b.f.s.DefaultListableBeanFactory     : Autowiring by type from bean name 'org.springframework.boot.autoconfigure.web.servlet.WebMvcAutoConfiguration$EnableWebMvcConfiguration' via constructor to bean named 'spring.web-org.springframework.boot.autoconfigure.web.WebProperties'
2024-08-03T22:28:59.910-05:00 DEBUG 26535 --- [PruebaT] [           main] o.s.b.f.s.DefaultListableBeanFactory     : Autowiring by type from bean name 'org.springframework.boot.autoconfigure.web.servlet.WebMvcAutoConfiguration$EnableWebMvcConfiguration' via constructor to bean named 'org.springframework.beans.factory.support.DefaultListableBeanFactory@1d01dfa5'
2024-08-03T22:28:59.912-05:00 DEBUG 26535 --- [PruebaT] [           main] o.s.b.f.s.DefaultListableBeanFactory     : Creating shared instance of singleton bean 'org.springframework.boot.autoconfigure.web.servlet.WebMvcAutoConfiguration$WebMvcAutoConfigurationAdapter'
2024-08-03T22:28:59.913-05:00 DEBUG 26535 --- [PruebaT] [           main] o.s.b.f.s.DefaultListableBeanFactory     : Autowiring by type from bean name 'org.springframework.boot.autoconfigure.web.servlet.WebMvcAutoConfiguration$WebMvcAutoConfigurationAdapter' via constructor to bean named 'spring.web-org.springframework.boot.autoconfigure.web.WebProperties'
2024-08-03T22:28:59.913-05:00 DEBUG 26535 --- [PruebaT] [           main] o.s.b.f.s.DefaultListableBeanFactory     : Autowiring by type from bean name 'org.springframework.boot.autoconfigure.web.servlet.WebMvcAutoConfiguration$WebMvcAutoConfigurationAdapter' via constructor to bean named 'spring.mvc-org.springframework.boot.autoconfigure.web.servlet.WebMvcProperties'
2024-08-03T22:28:59.913-05:00 DEBUG 26535 --- [PruebaT] [           main] o.s.b.f.s.DefaultListableBeanFactory     : Autowiring by type from bean name 'org.springframework.boot.autoconfigure.web.servlet.WebMvcAutoConfiguration$WebMvcAutoConfigurationAdapter' via constructor to bean named 'org.springframework.beans.factory.support.DefaultListableBeanFactory@1d01dfa5'
2024-08-03T22:28:59.915-05:00 DEBUG 26535 --- [PruebaT] [           main] o.s.b.f.s.DefaultListableBeanFactory     : Creating shared instance of singleton bean 'openEntityManagerInViewInterceptorConfigurer'
2024-08-03T22:28:59.915-05:00 DEBUG 26535 --- [PruebaT] [           main] o.s.b.f.s.DefaultListableBeanFactory     : Creating shared instance of singleton bean 'org.springframework.boot.autoconfigure.orm.jpa.JpaBaseConfiguration$JpaWebConfiguration'
2024-08-03T22:28:59.915-05:00 DEBUG 26535 --- [PruebaT] [           main] o.s.b.f.s.DefaultListableBeanFactory     : Autowiring by type from bean name 'org.springframework.boot.autoconfigure.orm.jpa.JpaBaseConfiguration$JpaWebConfiguration' via constructor to bean named 'spring.jpa-org.springframework.boot.autoconfigure.orm.jpa.JpaProperties'
2024-08-03T22:28:59.916-05:00 DEBUG 26535 --- [PruebaT] [           main] o.s.b.f.s.DefaultListableBeanFactory     : Creating shared instance of singleton bean 'openEntityManagerInViewInterceptor'
2024-08-03T22:28:59.916-05:00  WARN 26535 --- [PruebaT] [           main] JpaBaseConfiguration$JpaWebConfiguration : spring.jpa.open-in-view is enabled by default. Therefore, database queries may be performed during view rendering. Explicitly configure spring.jpa.open-in-view to disable this warning
2024-08-03T22:28:59.917-05:00 DEBUG 26535 --- [PruebaT] [           main] o.s.b.f.s.DefaultListableBeanFactory     : Autowiring by type from bean name 'openEntityManagerInViewInterceptorConfigurer' via factory method to bean named 'openEntityManagerInViewInterceptor'
2024-08-03T22:28:59.917-05:00 DEBUG 26535 --- [PruebaT] [           main] o.s.b.f.s.DefaultListableBeanFactory     : Creating shared instance of singleton bean 'org.springframework.data.web.config.SpringDataWebConfiguration'
2024-08-03T22:28:59.918-05:00 DEBUG 26535 --- [PruebaT] [           main] o.s.b.f.s.DefaultListableBeanFactory     : Autowiring by type from bean name 'org.springframework.data.web.config.SpringDataWebConfiguration' via constructor to bean named 'org.springframework.web.context.support.GenericWebApplicationContext@7726e185'
2024-08-03T22:28:59.920-05:00 DEBUG 26535 --- [PruebaT] [           main] o.s.b.f.s.DefaultListableBeanFactory     : Creating shared instance of singleton bean 'welcomePageHandlerMapping'
2024-08-03T22:28:59.921-05:00 DEBUG 26535 --- [PruebaT] [           main] o.s.b.f.s.DefaultListableBeanFactory     : Creating shared instance of singleton bean 'mvcConversionService'
2024-08-03T22:28:59.926-05:00 DEBUG 26535 --- [PruebaT] [           main] o.s.b.f.s.DefaultListableBeanFactory     : Creating shared instance of singleton bean 'mvcResourceUrlProvider'
2024-08-03T22:28:59.927-05:00 DEBUG 26535 --- [PruebaT] [           main] o.s.b.f.s.DefaultListableBeanFactory     : Autowiring by type from bean name 'welcomePageHandlerMapping' via factory method to bean named 'org.springframework.web.context.support.GenericWebApplicationContext@7726e185'
2024-08-03T22:28:59.927-05:00 DEBUG 26535 --- [PruebaT] [           main] o.s.b.f.s.DefaultListableBeanFactory     : Autowiring by type from bean name 'welcomePageHandlerMapping' via factory method to bean named 'mvcConversionService'
2024-08-03T22:28:59.927-05:00 DEBUG 26535 --- [PruebaT] [           main] o.s.b.f.s.DefaultListableBeanFactory     : Autowiring by type from bean name 'welcomePageHandlerMapping' via factory method to bean named 'mvcResourceUrlProvider'
2024-08-03T22:28:59.935-05:00 DEBUG 26535 --- [PruebaT] [           main] o.s.b.f.s.DefaultListableBeanFactory     : Creating shared instance of singleton bean 'welcomePageNotAcceptableHandlerMapping'
2024-08-03T22:28:59.935-05:00 DEBUG 26535 --- [PruebaT] [           main] o.s.b.f.s.DefaultListableBeanFactory     : Autowiring by type from bean name 'welcomePageNotAcceptableHandlerMapping' via factory method to bean named 'org.springframework.web.context.support.GenericWebApplicationContext@7726e185'
2024-08-03T22:28:59.935-05:00 DEBUG 26535 --- [PruebaT] [           main] o.s.b.f.s.DefaultListableBeanFactory     : Autowiring by type from bean name 'welcomePageNotAcceptableHandlerMapping' via factory method to bean named 'mvcConversionService'
2024-08-03T22:28:59.935-05:00 DEBUG 26535 --- [PruebaT] [           main] o.s.b.f.s.DefaultListableBeanFactory     : Autowiring by type from bean name 'welcomePageNotAcceptableHandlerMapping' via factory method to bean named 'mvcResourceUrlProvider'
2024-08-03T22:28:59.936-05:00 DEBUG 26535 --- [PruebaT] [           main] o.s.b.f.s.DefaultListableBeanFactory     : Creating shared instance of singleton bean 'localeResolver'
2024-08-03T22:28:59.937-05:00 DEBUG 26535 --- [PruebaT] [           main] o.s.b.f.s.DefaultListableBeanFactory     : Creating shared instance of singleton bean 'themeResolver'
2024-08-03T22:28:59.937-05:00 DEBUG 26535 --- [PruebaT] [           main] o.s.b.f.s.DefaultListableBeanFactory     : Creating shared instance of singleton bean 'flashMapManager'
2024-08-03T22:28:59.938-05:00 DEBUG 26535 --- [PruebaT] [           main] o.s.b.f.s.DefaultListableBeanFactory     : Creating shared instance of singleton bean 'mvcValidator'
2024-08-03T22:28:59.939-05:00 DEBUG 26535 --- [PruebaT] [           main] o.s.b.f.s.DefaultListableBeanFactory     : Creating shared instance of singleton bean 'mvcContentNegotiationManager'
2024-08-03T22:28:59.941-05:00 DEBUG 26535 --- [PruebaT] [           main] o.s.b.f.s.DefaultListableBeanFactory     : Creating shared instance of singleton bean 'requestMappingHandlerMapping'
2024-08-03T22:28:59.941-05:00 DEBUG 26535 --- [PruebaT] [           main] o.s.b.f.s.DefaultListableBeanFactory     : Autowiring by type from bean name 'requestMappingHandlerMapping' via factory method to bean named 'mvcContentNegotiationManager'
2024-08-03T22:28:59.941-05:00 DEBUG 26535 --- [PruebaT] [           main] o.s.b.f.s.DefaultListableBeanFactory     : Autowiring by type from bean name 'requestMappingHandlerMapping' via factory method to bean named 'mvcConversionService'
2024-08-03T22:28:59.941-05:00 DEBUG 26535 --- [PruebaT] [           main] o.s.b.f.s.DefaultListableBeanFactory     : Autowiring by type from bean name 'requestMappingHandlerMapping' via factory method to bean named 'mvcResourceUrlProvider'
2024-08-03T22:28:59.957-05:00 DEBUG 26535 --- [PruebaT] [           main] _.s.web.servlet.HandlerMapping.Mappings  : 
	c.e.P.c.AccountController:
	{GET [/cuentas/id/{id}]}: getAccountById(Long)
	{POST [/cuentas/insert]}: createAccount(Cuenta)
	{DELETE [/cuentas/{id}]}: deleteAccount(Long)
	{GET [/cuentas/number_account/{id}]}: getAccountByNumber(String)
2024-08-03T22:28:59.960-05:00 DEBUG 26535 --- [PruebaT] [           main] _.s.web.servlet.HandlerMapping.Mappings  : 
	c.e.P.c.CustomerController:
	{GET [/clientes/{id}]}: getCustomerByIdentificacion(Long)
	{GET [/clientes]}: getAllClientes()
	{PUT [/clientes/{id}]}: updateCustomer(Long,Cliente)
	{DELETE [/clientes/{id}]}: deleteCustomer(Long)
	{POST [/clientes/crear]}: createCustomer(Cliente)
2024-08-03T22:28:59.960-05:00 DEBUG 26535 --- [PruebaT] [           main] _.s.web.servlet.HandlerMapping.Mappings  : 
	c.e.P.c.MovementController:
	{GET [/movimientos/reporte]}: findMovementByBetweenDateAndCustomer(Date,Date,Long)
	{POST [/movimientos/insertar]}: createMovement(Movimiento)
2024-08-03T22:28:59.962-05:00 DEBUG 26535 --- [PruebaT] [           main] _.s.web.servlet.HandlerMapping.Mappings  : 
	o.s.b.a.w.s.e.BasicErrorController:
	{ [/error]}: error(HttpServletRequest)
	{ [/error], produces [text/html]}: errorHtml(HttpServletRequest,HttpServletResponse)
2024-08-03T22:28:59.963-05:00 DEBUG 26535 --- [PruebaT] [           main] s.w.s.m.m.a.RequestMappingHandlerMapping : 13 mappings in 'requestMappingHandlerMapping'
2024-08-03T22:28:59.965-05:00 DEBUG 26535 --- [PruebaT] [           main] o.s.b.f.s.DefaultListableBeanFactory     : Creating shared instance of singleton bean 'mvcPatternParser'
2024-08-03T22:28:59.966-05:00 DEBUG 26535 --- [PruebaT] [           main] o.s.b.f.s.DefaultListableBeanFactory     : Creating shared instance of singleton bean 'mvcUrlPathHelper'
2024-08-03T22:28:59.966-05:00 DEBUG 26535 --- [PruebaT] [           main] o.s.b.f.s.DefaultListableBeanFactory     : Creating shared instance of singleton bean 'mvcPathMatcher'
2024-08-03T22:28:59.966-05:00 DEBUG 26535 --- [PruebaT] [           main] o.s.b.f.s.DefaultListableBeanFactory     : Creating shared instance of singleton bean 'viewControllerHandlerMapping'
2024-08-03T22:28:59.966-05:00 DEBUG 26535 --- [PruebaT] [           main] o.s.b.f.s.DefaultListableBeanFactory     : Autowiring by type from bean name 'viewControllerHandlerMapping' via factory method to bean named 'mvcConversionService'
2024-08-03T22:28:59.966-05:00 DEBUG 26535 --- [PruebaT] [           main] o.s.b.f.s.DefaultListableBeanFactory     : Autowiring by type from bean name 'viewControllerHandlerMapping' via factory method to bean named 'mvcResourceUrlProvider'
2024-08-03T22:28:59.967-05:00 DEBUG 26535 --- [PruebaT] [           main] o.s.b.f.s.DefaultListableBeanFactory     : Creating shared instance of singleton bean 'beanNameHandlerMapping'
2024-08-03T22:28:59.967-05:00 DEBUG 26535 --- [PruebaT] [           main] o.s.b.f.s.DefaultListableBeanFactory     : Autowiring by type from bean name 'beanNameHandlerMapping' via factory method to bean named 'mvcConversionService'
2024-08-03T22:28:59.967-05:00 DEBUG 26535 --- [PruebaT] [           main] o.s.b.f.s.DefaultListableBeanFactory     : Autowiring by type from bean name 'beanNameHandlerMapping' via factory method to bean named 'mvcResourceUrlProvider'
2024-08-03T22:28:59.968-05:00 DEBUG 26535 --- [PruebaT] [           main] _.s.web.servlet.HandlerMapping.Mappings  : 'beanNameHandlerMapping' {}
2024-08-03T22:28:59.969-05:00 DEBUG 26535 --- [PruebaT] [           main] o.s.b.f.s.DefaultListableBeanFactory     : Creating shared instance of singleton bean 'routerFunctionMapping'
2024-08-03T22:28:59.969-05:00 DEBUG 26535 --- [PruebaT] [           main] o.s.b.f.s.DefaultListableBeanFactory     : Autowiring by type from bean name 'routerFunctionMapping' via factory method to bean named 'mvcConversionService'
2024-08-03T22:28:59.969-05:00 DEBUG 26535 --- [PruebaT] [           main] o.s.b.f.s.DefaultListableBeanFactory     : Autowiring by type from bean name 'routerFunctionMapping' via factory method to bean named 'mvcResourceUrlProvider'
2024-08-03T22:28:59.971-05:00 DEBUG 26535 --- [PruebaT] [           main] o.s.b.f.s.DefaultListableBeanFactory     : Creating shared instance of singleton bean 'messageConverters'
2024-08-03T22:28:59.971-05:00 DEBUG 26535 --- [PruebaT] [           main] o.s.b.f.s.DefaultListableBeanFactory     : Creating shared instance of singleton bean 'org.springframework.boot.autoconfigure.http.HttpMessageConvertersAutoConfiguration'
2024-08-03T22:28:59.972-05:00 DEBUG 26535 --- [PruebaT] [           main] o.s.b.f.s.DefaultListableBeanFactory     : Creating shared instance of singleton bean 'stringHttpMessageConverter'
2024-08-03T22:28:59.972-05:00 DEBUG 26535 --- [PruebaT] [           main] o.s.b.f.s.DefaultListableBeanFactory     : Creating shared instance of singleton bean 'org.springframework.boot.autoconfigure.http.HttpMessageConvertersAutoConfiguration$StringHttpMessageConverterConfiguration'
2024-08-03T22:28:59.973-05:00 DEBUG 26535 --- [PruebaT] [           main] o.s.b.f.s.DefaultListableBeanFactory     : Autowiring by type from bean name 'stringHttpMessageConverter' via factory method to bean named 'environment'
2024-08-03T22:28:59.975-05:00 DEBUG 26535 --- [PruebaT] [           main] o.s.b.f.s.DefaultListableBeanFactory     : Creating shared instance of singleton bean 'mappingJackson2HttpMessageConverter'
2024-08-03T22:28:59.975-05:00 DEBUG 26535 --- [PruebaT] [           main] o.s.b.f.s.DefaultListableBeanFactory     : Creating shared instance of singleton bean 'org.springframework.boot.autoconfigure.http.JacksonHttpMessageConvertersConfiguration$MappingJackson2HttpMessageConverterConfiguration'
2024-08-03T22:28:59.975-05:00 DEBUG 26535 --- [PruebaT] [           main] o.s.b.f.s.DefaultListableBeanFactory     : Creating shared instance of singleton bean 'jacksonObjectMapper'
2024-08-03T22:28:59.975-05:00 DEBUG 26535 --- [PruebaT] [           main] o.s.b.f.s.DefaultListableBeanFactory     : Creating shared instance of singleton bean 'org.springframework.boot.autoconfigure.jackson.JacksonAutoConfiguration$JacksonObjectMapperConfiguration'
2024-08-03T22:28:59.976-05:00 DEBUG 26535 --- [PruebaT] [           main] o.s.b.f.s.DefaultListableBeanFactory     : Creating shared instance of singleton bean 'org.springframework.boot.autoconfigure.jackson.JacksonAutoConfiguration$JacksonObjectMapperBuilderConfiguration'
2024-08-03T22:28:59.976-05:00 DEBUG 26535 --- [PruebaT] [           main] o.s.b.f.s.DefaultListableBeanFactory     : Creating shared instance of singleton bean 'standardJacksonObjectMapperBuilderCustomizer'
2024-08-03T22:28:59.976-05:00 DEBUG 26535 --- [PruebaT] [           main] o.s.b.f.s.DefaultListableBeanFactory     : Creating shared instance of singleton bean 'org.springframework.boot.autoconfigure.jackson.JacksonAutoConfiguration$Jackson2ObjectMapperBuilderCustomizerConfiguration'
2024-08-03T22:28:59.976-05:00 DEBUG 26535 --- [PruebaT] [           main] o.s.b.f.s.DefaultListableBeanFactory     : Creating shared instance of singleton bean 'spring.jackson-org.springframework.boot.autoconfigure.jackson.JacksonProperties'
2024-08-03T22:28:59.978-05:00 DEBUG 26535 --- [PruebaT] [           main] o.s.b.f.s.DefaultListableBeanFactory     : Autowiring by type from bean name 'standardJacksonObjectMapperBuilderCustomizer' via factory method to bean named 'spring.jackson-org.springframework.boot.autoconfigure.jackson.JacksonProperties'
2024-08-03T22:28:59.978-05:00 DEBUG 26535 --- [PruebaT] [           main] o.s.b.f.s.DefaultListableBeanFactory     : Creating shared instance of singleton bean 'parameterNamesModule'
2024-08-03T22:28:59.978-05:00 DEBUG 26535 --- [PruebaT] [           main] o.s.b.f.s.DefaultListableBeanFactory     : Creating shared instance of singleton bean 'org.springframework.boot.autoconfigure.jackson.JacksonAutoConfiguration$ParameterNamesModuleConfiguration'
2024-08-03T22:28:59.980-05:00 DEBUG 26535 --- [PruebaT] [           main] o.s.b.f.s.DefaultListableBeanFactory     : Creating shared instance of singleton bean 'jsonMixinModule'
2024-08-03T22:28:59.980-05:00 DEBUG 26535 --- [PruebaT] [           main] o.s.b.f.s.DefaultListableBeanFactory     : Creating shared instance of singleton bean 'org.springframework.boot.autoconfigure.jackson.JacksonAutoConfiguration$JacksonMixinConfiguration'
2024-08-03T22:28:59.981-05:00 DEBUG 26535 --- [PruebaT] [           main] o.s.b.f.s.DefaultListableBeanFactory     : Creating shared instance of singleton bean 'jsonMixinModuleEntries'
2024-08-03T22:28:59.981-05:00 DEBUG 26535 --- [PruebaT] [           main] o.s.b.f.s.DefaultListableBeanFactory     : Autowiring by type from bean name 'jsonMixinModuleEntries' via factory method to bean named 'org.springframework.web.context.support.GenericWebApplicationContext@7726e185'
2024-08-03T22:28:59.983-05:00 DEBUG 26535 --- [PruebaT] [           main] o.s.b.f.s.DefaultListableBeanFactory     : Autowiring by type from bean name 'jsonMixinModule' via factory method to bean named 'org.springframework.web.context.support.GenericWebApplicationContext@7726e185'
2024-08-03T22:28:59.984-05:00 DEBUG 26535 --- [PruebaT] [           main] o.s.b.f.s.DefaultListableBeanFactory     : Autowiring by type from bean name 'jsonMixinModule' via factory method to bean named 'jsonMixinModuleEntries'
2024-08-03T22:28:59.984-05:00 DEBUG 26535 --- [PruebaT] [           main] o.s.b.f.s.DefaultListableBeanFactory     : Creating shared instance of singleton bean 'jsonComponentModule'
2024-08-03T22:28:59.984-05:00 DEBUG 26535 --- [PruebaT] [           main] o.s.b.f.s.DefaultListableBeanFactory     : Creating shared instance of singleton bean 'org.springframework.boot.autoconfigure.jackson.JacksonAutoConfiguration'
2024-08-03T22:28:59.986-05:00 DEBUG 26535 --- [PruebaT] [           main] o.s.b.f.s.DefaultListableBeanFactory     : Creating shared instance of singleton bean 'jacksonGeoModule'
2024-08-03T22:28:59.986-05:00 DEBUG 26535 --- [PruebaT] [           main] o.s.b.f.s.DefaultListableBeanFactory     : Creating shared instance of singleton bean 'org.springframework.data.web.config.SpringDataJacksonConfiguration'
2024-08-03T22:28:59.987-05:00 DEBUG 26535 --- [PruebaT] [           main] o.s.b.f.s.DefaultListableBeanFactory     : Creating shared instance of singleton bean 'org.springframework.data.web.config.SpringDataWebSettings'
2024-08-03T22:28:59.988-05:00 DEBUG 26535 --- [PruebaT] [           main] o.s.b.f.s.DefaultListableBeanFactory     : Creating shared instance of singleton bean 'pageModule'
2024-08-03T22:28:59.990-05:00 DEBUG 26535 --- [PruebaT] [           main] o.s.b.f.s.DefaultListableBeanFactory     : Autowiring by type from bean name 'jacksonObjectMapperBuilder' via factory method to bean named 'org.springframework.web.context.support.GenericWebApplicationContext@7726e185'
2024-08-03T22:28:59.990-05:00 DEBUG 26535 --- [PruebaT] [           main] o.s.b.f.s.DefaultListableBeanFactory     : Autowiring by type from bean name 'jacksonObjectMapperBuilder' via factory method to bean named 'standardJacksonObjectMapperBuilderCustomizer'
2024-08-03T22:28:59.991-05:00 DEBUG 26535 --- [PruebaT] [           main] o.s.b.f.s.DefaultListableBeanFactory     : Autowiring by type from bean name 'jacksonObjectMapper' via factory method to bean named 'jacksonObjectMapperBuilder'
2024-08-03T22:29:00.006-05:00 DEBUG 26535 --- [PruebaT] [           main] o.s.b.f.s.DefaultListableBeanFactory     : Autowiring by type from bean name 'mappingJackson2HttpMessageConverter' via factory method to bean named 'jacksonObjectMapper'
2024-08-03T22:29:00.031-05:00 DEBUG 26535 --- [PruebaT] [           main] o.s.b.f.s.DefaultListableBeanFactory     : Creating shared instance of singleton bean 'resourceHandlerMapping'
2024-08-03T22:29:00.031-05:00 DEBUG 26535 --- [PruebaT] [           main] o.s.b.f.s.DefaultListableBeanFactory     : Autowiring by type from bean name 'resourceHandlerMapping' via factory method to bean named 'mvcContentNegotiationManager'
2024-08-03T22:29:00.031-05:00 DEBUG 26535 --- [PruebaT] [           main] o.s.b.f.s.DefaultListableBeanFactory     : Autowiring by type from bean name 'resourceHandlerMapping' via factory method to bean named 'mvcConversionService'
2024-08-03T22:29:00.031-05:00 DEBUG 26535 --- [PruebaT] [           main] o.s.b.f.s.DefaultListableBeanFactory     : Autowiring by type from bean name 'resourceHandlerMapping' via factory method to bean named 'mvcResourceUrlProvider'
2024-08-03T22:29:00.036-05:00 DEBUG 26535 --- [PruebaT] [           main] _.s.web.servlet.HandlerMapping.Mappings  : 'resourceHandlerMapping' {/webjars/**=ResourceHttpRequestHandler [classpath [META-INF/resources/webjars/]], /**=ResourceHttpRequestHandler [classpath [META-INF/resources/], classpath [resources/], classpath [static/], classpath [public/], ServletContext [/]]}
2024-08-03T22:29:00.037-05:00 DEBUG 26535 --- [PruebaT] [           main] o.s.b.f.s.DefaultListableBeanFactory     : Creating shared instance of singleton bean 'defaultServletHandlerMapping'
2024-08-03T22:29:00.037-05:00 DEBUG 26535 --- [PruebaT] [           main] o.s.b.f.s.DefaultListableBeanFactory     : Creating shared instance of singleton bean 'requestMappingHandlerAdapter'
2024-08-03T22:29:00.038-05:00 DEBUG 26535 --- [PruebaT] [           main] o.s.b.f.s.DefaultListableBeanFactory     : Autowiring by type from bean name 'requestMappingHandlerAdapter' via factory method to bean named 'mvcContentNegotiationManager'
2024-08-03T22:29:00.038-05:00 DEBUG 26535 --- [PruebaT] [           main] o.s.b.f.s.DefaultListableBeanFactory     : Autowiring by type from bean name 'requestMappingHandlerAdapter' via factory method to bean named 'mvcConversionService'
2024-08-03T22:29:00.038-05:00 DEBUG 26535 --- [PruebaT] [           main] o.s.b.f.s.DefaultListableBeanFactory     : Autowiring by type from bean name 'requestMappingHandlerAdapter' via factory method to bean named 'mvcValidator'
2024-08-03T22:29:00.041-05:00 DEBUG 26535 --- [PruebaT] [           main] o.s.b.f.s.DefaultListableBeanFactory     : Creating shared instance of singleton bean 'sortResolver'
2024-08-03T22:29:00.041-05:00 DEBUG 26535 --- [PruebaT] [           main] o.s.b.f.s.DefaultListableBeanFactory     : Creating shared instance of singleton bean 'sortCustomizer'
2024-08-03T22:29:00.042-05:00 DEBUG 26535 --- [PruebaT] [           main] o.s.b.f.s.DefaultListableBeanFactory     : Creating shared instance of singleton bean 'org.springframework.boot.autoconfigure.data.web.SpringDataWebAutoConfiguration'
2024-08-03T22:29:00.042-05:00 DEBUG 26535 --- [PruebaT] [           main] o.s.b.f.s.DefaultListableBeanFactory     : Creating shared instance of singleton bean 'spring.data.web-org.springframework.boot.autoconfigure.data.web.SpringDataWebProperties'
2024-08-03T22:29:00.042-05:00 DEBUG 26535 --- [PruebaT] [           main] o.s.b.f.s.DefaultListableBeanFactory     : Autowiring by type from bean name 'org.springframework.boot.autoconfigure.data.web.SpringDataWebAutoConfiguration' via constructor to bean named 'spring.data.web-org.springframework.boot.autoconfigure.data.web.SpringDataWebProperties'
2024-08-03T22:29:00.043-05:00 DEBUG 26535 --- [PruebaT] [           main] o.s.b.f.s.DefaultListableBeanFactory     : Creating shared instance of singleton bean 'pageableResolver'
2024-08-03T22:29:00.044-05:00 DEBUG 26535 --- [PruebaT] [           main] o.s.b.f.s.DefaultListableBeanFactory     : Creating shared instance of singleton bean 'pageableCustomizer'
2024-08-03T22:29:00.045-05:00 DEBUG 26535 --- [PruebaT] [           main] o.s.b.f.s.DefaultListableBeanFactory     : Creating shared instance of singleton bean 'applicationTaskExecutor'
2024-08-03T22:29:00.045-05:00 DEBUG 26535 --- [PruebaT] [           main] o.s.b.f.s.DefaultListableBeanFactory     : Autowiring by type from bean name 'applicationTaskExecutor' via factory method to bean named 'taskExecutorBuilder'
2024-08-03T22:29:00.048-05:00 DEBUG 26535 --- [PruebaT] [           main] o.s.s.concurrent.ThreadPoolTaskExecutor  : Initializing ExecutorService 'applicationTaskExecutor'
2024-08-03T22:29:00.053-05:00 DEBUG 26535 --- [PruebaT] [           main] s.w.s.m.m.a.RequestMappingHandlerAdapter : ControllerAdvice beans: 0 @ModelAttribute, 0 @InitBinder, 1 RequestBodyAdvice, 1 ResponseBodyAdvice
2024-08-03T22:29:00.063-05:00 DEBUG 26535 --- [PruebaT] [           main] o.s.b.f.s.DefaultListableBeanFactory     : Creating shared instance of singleton bean 'handlerFunctionAdapter'
2024-08-03T22:29:00.063-05:00 DEBUG 26535 --- [PruebaT] [           main] o.s.b.f.s.DefaultListableBeanFactory     : Creating shared instance of singleton bean 'mvcUriComponentsContributor'
2024-08-03T22:29:00.064-05:00 DEBUG 26535 --- [PruebaT] [           main] o.s.b.f.s.DefaultListableBeanFactory     : Autowiring by type from bean name 'mvcUriComponentsContributor' via factory method to bean named 'mvcConversionService'
2024-08-03T22:29:00.064-05:00 DEBUG 26535 --- [PruebaT] [           main] o.s.b.f.s.DefaultListableBeanFactory     : Autowiring by type from bean name 'mvcUriComponentsContributor' via factory method to bean named 'requestMappingHandlerAdapter'
2024-08-03T22:29:00.064-05:00 DEBUG 26535 --- [PruebaT] [           main] o.s.b.f.s.DefaultListableBeanFactory     : Creating shared instance of singleton bean 'httpRequestHandlerAdapter'
2024-08-03T22:29:00.065-05:00 DEBUG 26535 --- [PruebaT] [           main] o.s.b.f.s.DefaultListableBeanFactory     : Creating shared instance of singleton bean 'simpleControllerHandlerAdapter'
2024-08-03T22:29:00.065-05:00 DEBUG 26535 --- [PruebaT] [           main] o.s.b.f.s.DefaultListableBeanFactory     : Creating shared instance of singleton bean 'handlerExceptionResolver'
2024-08-03T22:29:00.065-05:00 DEBUG 26535 --- [PruebaT] [           main] o.s.b.f.s.DefaultListableBeanFactory     : Autowiring by type from bean name 'handlerExceptionResolver' via factory method to bean named 'mvcContentNegotiationManager'
2024-08-03T22:29:00.069-05:00 DEBUG 26535 --- [PruebaT] [           main] .m.m.a.ExceptionHandlerExceptionResolver : ControllerAdvice beans: 0 @ExceptionHandler, 1 ResponseBodyAdvice
2024-08-03T22:29:00.070-05:00 DEBUG 26535 --- [PruebaT] [           main] o.s.b.f.s.DefaultListableBeanFactory     : Creating shared instance of singleton bean 'mvcViewResolver'
2024-08-03T22:29:00.070-05:00 DEBUG 26535 --- [PruebaT] [           main] o.s.b.f.s.DefaultListableBeanFactory     : Autowiring by type from bean name 'mvcViewResolver' via factory method to bean named 'mvcContentNegotiationManager'
2024-08-03T22:29:00.071-05:00 DEBUG 26535 --- [PruebaT] [           main] o.s.b.f.s.DefaultListableBeanFactory     : Creating shared instance of singleton bean 'viewNameTranslator'
2024-08-03T22:29:00.072-05:00 DEBUG 26535 --- [PruebaT] [           main] o.s.b.f.s.DefaultListableBeanFactory     : Creating shared instance of singleton bean 'defaultViewResolver'
2024-08-03T22:29:00.074-05:00 DEBUG 26535 --- [PruebaT] [           main] o.s.b.f.s.DefaultListableBeanFactory     : Creating shared instance of singleton bean 'viewResolver'
2024-08-03T22:29:00.074-05:00 DEBUG 26535 --- [PruebaT] [           main] o.s.b.f.s.DefaultListableBeanFactory     : Autowiring by type from bean name 'viewResolver' via factory method to bean named 'org.springframework.beans.factory.support.DefaultListableBeanFactory@1d01dfa5'
2024-08-03T22:29:00.075-05:00 DEBUG 26535 --- [PruebaT] [           main] o.s.b.f.s.DefaultListableBeanFactory     : Creating shared instance of singleton bean 'viewResolver'
2024-08-03T22:29:00.075-05:00 DEBUG 26535 --- [PruebaT] [           main] o.s.b.f.s.DefaultListableBeanFactory     : Creating shared instance of singleton bean 'requestContextFilter'
2024-08-03T22:29:00.076-05:00 DEBUG 26535 --- [PruebaT] [           main] o.s.b.f.s.DefaultListableBeanFactory     : Creating shared instance of singleton bean 'org.springframework.boot.autoconfigure.web.servlet.WebMvcAutoConfiguration'
2024-08-03T22:29:00.076-05:00 DEBUG 26535 --- [PruebaT] [           main] o.s.b.f.s.DefaultListableBeanFactory     : Creating shared instance of singleton bean 'formContentFilter'
2024-08-03T22:29:00.077-05:00 DEBUG 26535 --- [PruebaT] [           main] o.s.b.f.s.DefaultListableBeanFactory     : Creating shared instance of singleton bean 'org.springframework.boot.autoconfigure.aop.AopAutoConfiguration$AspectJAutoProxyingConfiguration$CglibAutoProxyConfiguration'
2024-08-03T22:29:00.077-05:00 DEBUG 26535 --- [PruebaT] [           main] o.s.b.f.s.DefaultListableBeanFactory     : Creating shared instance of singleton bean 'org.springframework.boot.autoconfigure.aop.AopAutoConfiguration$AspectJAutoProxyingConfiguration'
2024-08-03T22:29:00.077-05:00 DEBUG 26535 --- [PruebaT] [           main] o.s.b.f.s.DefaultListableBeanFactory     : Creating shared instance of singleton bean 'org.springframework.boot.autoconfigure.aop.AopAutoConfiguration'
2024-08-03T22:29:00.077-05:00 DEBUG 26535 --- [PruebaT] [           main] o.s.b.f.s.DefaultListableBeanFactory     : Creating shared instance of singleton bean 'org.springframework.boot.autoconfigure.availability.ApplicationAvailabilityAutoConfiguration'
2024-08-03T22:29:00.077-05:00 DEBUG 26535 --- [PruebaT] [           main] o.s.b.f.s.DefaultListableBeanFactory     : Creating shared instance of singleton bean 'applicationAvailability'
2024-08-03T22:29:00.078-05:00 DEBUG 26535 --- [PruebaT] [           main] o.s.b.f.s.DefaultListableBeanFactory     : Creating shared instance of singleton bean 'org.springframework.boot.autoconfigure.transaction.jta.JtaAutoConfiguration'
2024-08-03T22:29:00.078-05:00 DEBUG 26535 --- [PruebaT] [           main] o.s.b.f.s.DefaultListableBeanFactory     : Creating shared instance of singleton bean 'org.springframework.boot.autoconfigure.jdbc.metadata.DataSourcePoolMetadataProvidersConfiguration'
2024-08-03T22:29:00.078-05:00 DEBUG 26535 --- [PruebaT] [           main] o.s.b.f.s.DefaultListableBeanFactory     : Creating shared instance of singleton bean 'org.springframework.boot.autoconfigure.jdbc.DataSourceAutoConfiguration'
2024-08-03T22:29:00.078-05:00 DEBUG 26535 --- [PruebaT] [           main] o.s.b.f.s.DefaultListableBeanFactory     : Creating shared instance of singleton bean 'org.springframework.boot.autoconfigure.transaction.TransactionManagerCustomizationAutoConfiguration'
2024-08-03T22:29:00.078-05:00 DEBUG 26535 --- [PruebaT] [           main] o.s.b.f.s.DefaultListableBeanFactory     : Creating shared instance of singleton bean 'platformTransactionManagerCustomizers'
2024-08-03T22:29:00.079-05:00 DEBUG 26535 --- [PruebaT] [           main] o.s.b.f.s.DefaultListableBeanFactory     : Creating shared instance of singleton bean 'transactionExecutionListeners'
2024-08-03T22:29:00.080-05:00 DEBUG 26535 --- [PruebaT] [           main] o.s.b.f.s.DefaultListableBeanFactory     : Creating shared instance of singleton bean 'spring.transaction-org.springframework.boot.autoconfigure.transaction.TransactionProperties'
2024-08-03T22:29:00.081-05:00 DEBUG 26535 --- [PruebaT] [           main] o.s.b.f.s.DefaultListableBeanFactory     : Creating shared instance of singleton bean 'org.springframework.boot.autoconfigure.orm.jpa.JpaBaseConfiguration$PersistenceManagedTypesConfiguration'
2024-08-03T22:29:00.081-05:00 DEBUG 26535 --- [PruebaT] [           main] o.s.b.f.s.DefaultListableBeanFactory     : Creating shared instance of singleton bean 'transactionManager'
2024-08-03T22:29:00.083-05:00 DEBUG 26535 --- [PruebaT] [           main] o.s.b.f.s.DefaultListableBeanFactory     : Creating shared instance of singleton bean 'org.springframework.boot.autoconfigure.orm.jpa.HibernateJpaAutoConfiguration'
2024-08-03T22:29:00.083-05:00 DEBUG 26535 --- [PruebaT] [           main] o.s.b.f.s.DefaultListableBeanFactory     : Creating shared instance of singleton bean 'org.springframework.boot.autoconfigure.context.ConfigurationPropertiesAutoConfiguration'
2024-08-03T22:29:00.083-05:00 DEBUG 26535 --- [PruebaT] [           main] o.s.b.f.s.DefaultListableBeanFactory     : Creating shared instance of singleton bean 'org.springframework.boot.autoconfigure.context.LifecycleAutoConfiguration'
2024-08-03T22:29:00.084-05:00 DEBUG 26535 --- [PruebaT] [           main] o.s.b.f.s.DefaultListableBeanFactory     : Creating shared instance of singleton bean 'lifecycleProcessor'
2024-08-03T22:29:00.084-05:00 DEBUG 26535 --- [PruebaT] [           main] o.s.b.f.s.DefaultListableBeanFactory     : Creating shared instance of singleton bean 'spring.lifecycle-org.springframework.boot.autoconfigure.context.LifecycleProperties'
2024-08-03T22:29:00.084-05:00 DEBUG 26535 --- [PruebaT] [           main] o.s.b.f.s.DefaultListableBeanFactory     : Autowiring by type from bean name 'lifecycleProcessor' via factory method to bean named 'spring.lifecycle-org.springframework.boot.autoconfigure.context.LifecycleProperties'
2024-08-03T22:29:00.085-05:00 DEBUG 26535 --- [PruebaT] [           main] o.s.b.f.s.DefaultListableBeanFactory     : Creating shared instance of singleton bean 'org.springframework.boot.autoconfigure.dao.PersistenceExceptionTranslationAutoConfiguration'
2024-08-03T22:29:00.085-05:00 DEBUG 26535 --- [PruebaT] [           main] o.s.b.f.s.DefaultListableBeanFactory     : Creating shared instance of singleton bean 'org.springframework.boot.autoconfigure.jdbc.JdbcTemplateConfiguration'
2024-08-03T22:29:00.085-05:00 DEBUG 26535 --- [PruebaT] [           main] o.s.b.f.s.DefaultListableBeanFactory     : Creating shared instance of singleton bean 'jdbcTemplate'
2024-08-03T22:29:00.085-05:00 DEBUG 26535 --- [PruebaT] [           main] o.s.b.f.s.DefaultListableBeanFactory     : Creating shared instance of singleton bean 'spring.jdbc-org.springframework.boot.autoconfigure.jdbc.JdbcProperties'
2024-08-03T22:29:00.085-05:00 DEBUG 26535 --- [PruebaT] [           main] o.s.b.f.s.DefaultListableBeanFactory     : Autowiring by type from bean name 'jdbcTemplate' via factory method to bean named 'dataSource'
2024-08-03T22:29:00.085-05:00 DEBUG 26535 --- [PruebaT] [           main] o.s.b.f.s.DefaultListableBeanFactory     : Autowiring by type from bean name 'jdbcTemplate' via factory method to bean named 'spring.jdbc-org.springframework.boot.autoconfigure.jdbc.JdbcProperties'
2024-08-03T22:29:00.089-05:00 DEBUG 26535 --- [PruebaT] [           main] o.s.b.f.s.DefaultListableBeanFactory     : Creating shared instance of singleton bean 'org.springframework.boot.autoconfigure.jdbc.NamedParameterJdbcTemplateConfiguration'
2024-08-03T22:29:00.090-05:00 DEBUG 26535 --- [PruebaT] [           main] o.s.b.f.s.DefaultListableBeanFactory     : Creating shared instance of singleton bean 'namedParameterJdbcTemplate'
2024-08-03T22:29:00.090-05:00 DEBUG 26535 --- [PruebaT] [           main] o.s.b.f.s.DefaultListableBeanFactory     : Autowiring by type from bean name 'namedParameterJdbcTemplate' via factory method to bean named 'jdbcTemplate'
2024-08-03T22:29:00.092-05:00 DEBUG 26535 --- [PruebaT] [           main] o.s.b.f.s.DefaultListableBeanFactory     : Creating shared instance of singleton bean 'org.springframework.boot.autoconfigure.jdbc.JdbcTemplateAutoConfiguration'
2024-08-03T22:29:00.092-05:00 DEBUG 26535 --- [PruebaT] [           main] o.s.b.f.s.DefaultListableBeanFactory     : Creating shared instance of singleton bean 'org.springframework.boot.autoconfigure.jdbc.DataSourceTransactionManagerAutoConfiguration$JdbcTransactionManagerConfiguration'
2024-08-03T22:29:00.092-05:00 DEBUG 26535 --- [PruebaT] [           main] o.s.b.f.s.DefaultListableBeanFactory     : Creating shared instance of singleton bean 'org.springframework.boot.autoconfigure.jdbc.DataSourceTransactionManagerAutoConfiguration'
2024-08-03T22:29:00.092-05:00 DEBUG 26535 --- [PruebaT] [           main] o.s.b.f.s.DefaultListableBeanFactory     : Creating shared instance of singleton bean 'org.springframework.boot.autoconfigure.data.jdbc.JdbcRepositoriesAutoConfiguration$SpringBootJdbcConfiguration'
2024-08-03T22:29:00.092-05:00 DEBUG 26535 --- [PruebaT] [           main] o.s.b.f.s.DefaultListableBeanFactory     : Creating shared instance of singleton bean 'spring.data.jdbc-org.springframework.boot.autoconfigure.data.jdbc.JdbcDataProperties'
2024-08-03T22:29:00.093-05:00 DEBUG 26535 --- [PruebaT] [           main] o.s.b.f.s.DefaultListableBeanFactory     : Autowiring by type from bean name 'org.springframework.boot.autoconfigure.data.jdbc.JdbcRepositoriesAutoConfiguration$SpringBootJdbcConfiguration' via constructor to bean named 'org.springframework.web.context.support.GenericWebApplicationContext@7726e185'
2024-08-03T22:29:00.093-05:00 DEBUG 26535 --- [PruebaT] [           main] o.s.b.f.s.DefaultListableBeanFactory     : Autowiring by type from bean name 'org.springframework.boot.autoconfigure.data.jdbc.JdbcRepositoriesAutoConfiguration$SpringBootJdbcConfiguration' via constructor to bean named 'spring.data.jdbc-org.springframework.boot.autoconfigure.data.jdbc.JdbcDataProperties'
2024-08-03T22:29:00.093-05:00 DEBUG 26535 --- [PruebaT] [           main] o.s.b.f.s.DefaultListableBeanFactory     : Creating shared instance of singleton bean 'jdbcManagedTypes'
2024-08-03T22:29:00.095-05:00 DEBUG 26535 --- [PruebaT] [           main] o.s.b.f.s.DefaultListableBeanFactory     : Creating shared instance of singleton bean 'jdbcMappingContext'
2024-08-03T22:29:00.096-05:00 DEBUG 26535 --- [PruebaT] [           main] o.s.b.f.s.DefaultListableBeanFactory     : Creating shared instance of singleton bean 'jdbcCustomConversions'
2024-08-03T22:29:00.096-05:00 DEBUG 26535 --- [PruebaT] [           main] o.s.b.f.s.DefaultListableBeanFactory     : Creating shared instance of singleton bean 'jdbcDialect'
2024-08-03T22:29:00.096-05:00 DEBUG 26535 --- [PruebaT] [           main] o.s.b.f.s.DefaultListableBeanFactory     : Autowiring by type from bean name 'jdbcDialect' via factory method to bean named 'namedParameterJdbcTemplate'
2024-08-03T22:29:00.097-05:00 DEBUG 26535 --- [PruebaT] [           main] o.s.jdbc.datasource.DataSourceUtils      : Fetching JDBC Connection from DataSource
2024-08-03T22:29:00.107-05:00 DEBUG 26535 --- [PruebaT] [           main] o.s.data.convert.CustomConversions       : Adding converter from class java.sql.Timestamp to class java.time.LocalDateTime as reading converter
2024-08-03T22:29:00.107-05:00 DEBUG 26535 --- [PruebaT] [           main] o.s.data.convert.CustomConversions       : Adding converter from class java.sql.Timestamp to class java.time.LocalDate as reading converter
2024-08-03T22:29:00.108-05:00 DEBUG 26535 --- [PruebaT] [           main] o.s.data.convert.CustomConversions       : Adding converter from class java.time.LocalDate to class java.sql.Timestamp as writing converter
2024-08-03T22:29:00.108-05:00 DEBUG 26535 --- [PruebaT] [           main] o.s.data.convert.CustomConversions       : Adding converter from class java.sql.Timestamp to class java.time.LocalTime as reading converter
2024-08-03T22:29:00.108-05:00 DEBUG 26535 --- [PruebaT] [           main] o.s.data.convert.CustomConversions       : Adding converter from class java.time.LocalTime to class java.sql.Timestamp as writing converter
2024-08-03T22:29:00.108-05:00 DEBUG 26535 --- [PruebaT] [           main] o.s.data.convert.CustomConversions       : Adding converter from class java.sql.Timestamp to class java.time.Instant as reading converter
2024-08-03T22:29:00.108-05:00 DEBUG 26535 --- [PruebaT] [           main] o.s.data.convert.CustomConversions       : Adding converter from class java.time.Instant to class java.sql.Timestamp as writing converter
2024-08-03T22:29:00.108-05:00 DEBUG 26535 --- [PruebaT] [           main] o.s.data.convert.CustomConversions       : Adding converter from class java.util.Date to class java.time.LocalDateTime as reading converter
2024-08-03T22:29:00.108-05:00 DEBUG 26535 --- [PruebaT] [           main] o.s.data.convert.CustomConversions       : Adding converter from class java.time.LocalDateTime to class java.util.Date as writing converter
2024-08-03T22:29:00.108-05:00 DEBUG 26535 --- [PruebaT] [           main] o.s.data.convert.CustomConversions       : Adding converter from class java.util.Date to class java.time.LocalDate as reading converter
2024-08-03T22:29:00.108-05:00 DEBUG 26535 --- [PruebaT] [           main] o.s.data.convert.CustomConversions       : Adding converter from class java.time.LocalDate to class java.util.Date as writing converter
2024-08-03T22:29:00.108-05:00 DEBUG 26535 --- [PruebaT] [           main] o.s.data.convert.CustomConversions       : Adding converter from class java.util.Date to class java.time.LocalTime as reading converter
2024-08-03T22:29:00.108-05:00 DEBUG 26535 --- [PruebaT] [           main] o.s.data.convert.CustomConversions       : Adding converter from class java.time.LocalTime to class java.util.Date as writing converter
2024-08-03T22:29:00.108-05:00 DEBUG 26535 --- [PruebaT] [           main] o.s.data.convert.CustomConversions       : Adding converter from class java.util.Date to class java.time.Instant as reading converter
2024-08-03T22:29:00.108-05:00 DEBUG 26535 --- [PruebaT] [           main] o.s.data.convert.CustomConversions       : Adding converter from class java.time.Instant to class java.util.Date as writing converter
2024-08-03T22:29:00.108-05:00 DEBUG 26535 --- [PruebaT] [           main] o.s.data.convert.CustomConversions       : Adding converter from class java.time.LocalDateTime to class java.time.Instant as reading converter
2024-08-03T22:29:00.108-05:00 DEBUG 26535 --- [PruebaT] [           main] o.s.data.convert.CustomConversions       : Adding converter from class java.time.Instant to class java.time.LocalDateTime as reading converter
2024-08-03T22:29:00.108-05:00 DEBUG 26535 --- [PruebaT] [           main] o.s.data.convert.CustomConversions       : Adding converter from class java.time.ZoneId to class java.lang.String as writing converter
2024-08-03T22:29:00.108-05:00 DEBUG 26535 --- [PruebaT] [           main] o.s.data.convert.CustomConversions       : Adding converter from class java.lang.String to class java.time.ZoneId as reading converter
2024-08-03T22:29:00.108-05:00 DEBUG 26535 --- [PruebaT] [           main] o.s.data.convert.CustomConversions       : Adding converter from class java.time.Duration to class java.lang.String as writing converter
2024-08-03T22:29:00.108-05:00 DEBUG 26535 --- [PruebaT] [           main] o.s.data.convert.CustomConversions       : Adding converter from class java.lang.String to class java.time.Duration as reading converter
2024-08-03T22:29:00.108-05:00 DEBUG 26535 --- [PruebaT] [           main] o.s.data.convert.CustomConversions       : Adding converter from class java.time.Period to class java.lang.String as writing converter
2024-08-03T22:29:00.108-05:00 DEBUG 26535 --- [PruebaT] [           main] o.s.data.convert.CustomConversions       : Adding converter from class java.lang.String to class java.time.Period as reading converter
2024-08-03T22:29:00.108-05:00 DEBUG 26535 --- [PruebaT] [           main] o.s.data.convert.CustomConversions       : Adding converter from class java.lang.String to class java.time.LocalDate as reading converter
2024-08-03T22:29:00.108-05:00 DEBUG 26535 --- [PruebaT] [           main] o.s.data.convert.CustomConversions       : Adding converter from class java.lang.String to class java.time.LocalDateTime as reading converter
2024-08-03T22:29:00.108-05:00 DEBUG 26535 --- [PruebaT] [           main] o.s.data.convert.CustomConversions       : Adding converter from class java.lang.String to class java.time.Instant as reading converter
2024-08-03T22:29:00.108-05:00 DEBUG 26535 --- [PruebaT] [           main] o.s.b.f.s.DefaultListableBeanFactory     : Autowiring by type from bean name 'jdbcMappingContext' via factory method to bean named 'jdbcCustomConversions'
2024-08-03T22:29:00.108-05:00 DEBUG 26535 --- [PruebaT] [           main] o.s.b.f.s.DefaultListableBeanFactory     : Autowiring by type from bean name 'jdbcMappingContext' via factory method to bean named 'jdbcManagedTypes'
2024-08-03T22:29:00.112-05:00 DEBUG 26535 --- [PruebaT] [           main] o.s.b.f.s.DefaultListableBeanFactory     : Creating shared instance of singleton bean 'jdbcConverter'
2024-08-03T22:29:00.113-05:00 DEBUG 26535 --- [PruebaT] [           main] o.s.b.f.s.DefaultListableBeanFactory     : Autowiring by type from bean name 'jdbcConverter' via factory method to bean named 'jdbcMappingContext'
2024-08-03T22:29:00.113-05:00 DEBUG 26535 --- [PruebaT] [           main] o.s.b.f.s.DefaultListableBeanFactory     : Autowiring by type from bean name 'jdbcConverter' via factory method to bean named 'namedParameterJdbcTemplate'
2024-08-03T22:29:00.113-05:00 DEBUG 26535 --- [PruebaT] [           main] o.s.b.f.s.DefaultListableBeanFactory     : Autowiring by type from bean name 'jdbcConverter' via factory method to bean named 'jdbcCustomConversions'
2024-08-03T22:29:00.113-05:00 DEBUG 26535 --- [PruebaT] [           main] o.s.b.f.s.DefaultListableBeanFactory     : Autowiring by type from bean name 'jdbcConverter' via factory method to bean named 'jdbcDialect'
2024-08-03T22:29:00.120-05:00 DEBUG 26535 --- [PruebaT] [           main] o.s.b.f.s.DefaultListableBeanFactory     : Creating shared instance of singleton bean 'jdbcAggregateTemplate'
2024-08-03T22:29:00.121-05:00 DEBUG 26535 --- [PruebaT] [           main] o.s.b.f.s.DefaultListableBeanFactory     : Creating shared instance of singleton bean 'dataAccessStrategyBean'
2024-08-03T22:29:00.121-05:00 DEBUG 26535 --- [PruebaT] [           main] o.s.b.f.s.DefaultListableBeanFactory     : Autowiring by type from bean name 'dataAccessStrategyBean' via factory method to bean named 'namedParameterJdbcTemplate'
2024-08-03T22:29:00.121-05:00 DEBUG 26535 --- [PruebaT] [           main] o.s.b.f.s.DefaultListableBeanFactory     : Autowiring by type from bean name 'dataAccessStrategyBean' via factory method to bean named 'jdbcConverter'
2024-08-03T22:29:00.121-05:00 DEBUG 26535 --- [PruebaT] [           main] o.s.b.f.s.DefaultListableBeanFactory     : Autowiring by type from bean name 'dataAccessStrategyBean' via factory method to bean named 'jdbcMappingContext'
2024-08-03T22:29:00.121-05:00 DEBUG 26535 --- [PruebaT] [           main] o.s.b.f.s.DefaultListableBeanFactory     : Autowiring by type from bean name 'dataAccessStrategyBean' via factory method to bean named 'jdbcDialect'
2024-08-03T22:29:00.124-05:00 DEBUG 26535 --- [PruebaT] [           main] o.s.b.f.s.DefaultListableBeanFactory     : Autowiring by type from bean name 'jdbcAggregateTemplate' via factory method to bean named 'org.springframework.web.context.support.GenericWebApplicationContext@7726e185'
2024-08-03T22:29:00.124-05:00 DEBUG 26535 --- [PruebaT] [           main] o.s.b.f.s.DefaultListableBeanFactory     : Autowiring by type from bean name 'jdbcAggregateTemplate' via factory method to bean named 'jdbcMappingContext'
2024-08-03T22:29:00.124-05:00 DEBUG 26535 --- [PruebaT] [           main] o.s.b.f.s.DefaultListableBeanFactory     : Autowiring by type from bean name 'jdbcAggregateTemplate' via factory method to bean named 'jdbcConverter'
2024-08-03T22:29:00.124-05:00 DEBUG 26535 --- [PruebaT] [           main] o.s.b.f.s.DefaultListableBeanFactory     : Autowiring by type from bean name 'jdbcAggregateTemplate' via factory method to bean named 'dataAccessStrategyBean'
2024-08-03T22:29:00.127-05:00 DEBUG 26535 --- [PruebaT] [           main] o.s.b.f.s.DefaultListableBeanFactory     : Creating shared instance of singleton bean 'org.springframework.boot.autoconfigure.data.jdbc.JdbcRepositoriesAutoConfiguration$JdbcRepositoriesConfiguration'
2024-08-03T22:29:00.127-05:00 DEBUG 26535 --- [PruebaT] [           main] o.s.b.f.s.DefaultListableBeanFactory     : Creating shared instance of singleton bean 'data-jdbc.repository-aot-processor#0'
2024-08-03T22:29:00.128-05:00 DEBUG 26535 --- [PruebaT] [           main] o.s.b.f.s.DefaultListableBeanFactory     : Creating shared instance of singleton bean 'org.springframework.boot.autoconfigure.data.jdbc.JdbcRepositoriesAutoConfiguration'
2024-08-03T22:29:00.128-05:00 DEBUG 26535 --- [PruebaT] [           main] o.s.b.f.s.DefaultListableBeanFactory     : Creating shared instance of singleton bean 'org.springframework.boot.autoconfigure.data.jpa.JpaRepositoriesAutoConfiguration'
2024-08-03T22:29:00.128-05:00 DEBUG 26535 --- [PruebaT] [           main] o.s.b.f.s.DefaultListableBeanFactory     : Creating shared instance of singleton bean 'org.springframework.data.jpa.util.JpaMetamodelCacheCleanup'
2024-08-03T22:29:00.128-05:00 DEBUG 26535 --- [PruebaT] [           main] o.s.b.f.s.DefaultListableBeanFactory     : Creating shared instance of singleton bean 'org.springframework.data.jpa.repository.support.JpaEvaluationContextExtension'
2024-08-03T22:29:00.129-05:00 DEBUG 26535 --- [PruebaT] [           main] o.s.b.f.s.DefaultListableBeanFactory     : Creating shared instance of singleton bean 'data-jpa.repository-aot-processor#0'
2024-08-03T22:29:00.130-05:00 DEBUG 26535 --- [PruebaT] [           main] o.s.b.f.s.DefaultListableBeanFactory     : Creating shared instance of singleton bean 'org.springframework.boot.autoconfigure.http.JacksonHttpMessageConvertersConfiguration'
2024-08-03T22:29:00.130-05:00 DEBUG 26535 --- [PruebaT] [           main] o.s.b.f.s.DefaultListableBeanFactory     : Creating shared instance of singleton bean 'org.springframework.data.web.config.ProjectingArgumentResolverRegistrar'
2024-08-03T22:29:00.130-05:00 DEBUG 26535 --- [PruebaT] [           main] o.s.b.f.s.DefaultListableBeanFactory     : Creating shared instance of singleton bean 'offsetResolver'
2024-08-03T22:29:00.131-05:00 DEBUG 26535 --- [PruebaT] [           main] o.s.b.f.s.DefaultListableBeanFactory     : Creating shared instance of singleton bean 'org.springframework.boot.autoconfigure.info.ProjectInfoAutoConfiguration'
2024-08-03T22:29:00.132-05:00 DEBUG 26535 --- [PruebaT] [           main] o.s.b.f.s.DefaultListableBeanFactory     : Creating shared instance of singleton bean 'spring.info-org.springframework.boot.autoconfigure.info.ProjectInfoProperties'
2024-08-03T22:29:00.133-05:00 DEBUG 26535 --- [PruebaT] [           main] o.s.b.f.s.DefaultListableBeanFactory     : Autowiring by type from bean name 'org.springframework.boot.autoconfigure.info.ProjectInfoAutoConfiguration' via constructor to bean named 'spring.info-org.springframework.boot.autoconfigure.info.ProjectInfoProperties'
2024-08-03T22:29:00.133-05:00 DEBUG 26535 --- [PruebaT] [           main] o.s.b.f.s.DefaultListableBeanFactory     : Creating shared instance of singleton bean 'org.springframework.boot.autoconfigure.jdbc.JdbcClientAutoConfiguration'
2024-08-03T22:29:00.133-05:00 DEBUG 26535 --- [PruebaT] [           main] o.s.b.f.s.DefaultListableBeanFactory     : Creating shared instance of singleton bean 'jdbcClient'
2024-08-03T22:29:00.133-05:00 DEBUG 26535 --- [PruebaT] [           main] o.s.b.f.s.DefaultListableBeanFactory     : Autowiring by type from bean name 'jdbcClient' via factory method to bean named 'namedParameterJdbcTemplate'
2024-08-03T22:29:00.134-05:00 DEBUG 26535 --- [PruebaT] [           main] o.s.b.f.s.DefaultListableBeanFactory     : Creating shared instance of singleton bean 'org.springframework.boot.autoconfigure.sql.init.SqlInitializationAutoConfiguration'
2024-08-03T22:29:00.134-05:00 DEBUG 26535 --- [PruebaT] [           main] o.s.b.f.s.DefaultListableBeanFactory     : Creating shared instance of singleton bean 'org.springframework.boot.autoconfigure.task.TaskSchedulingConfigurations$ThreadPoolTaskSchedulerBuilderConfiguration'
2024-08-03T22:29:00.134-05:00 DEBUG 26535 --- [PruebaT] [           main] o.s.b.f.s.DefaultListableBeanFactory     : Creating shared instance of singleton bean 'threadPoolTaskSchedulerBuilder'
2024-08-03T22:29:00.134-05:00 DEBUG 26535 --- [PruebaT] [           main] o.s.b.f.s.DefaultListableBeanFactory     : Creating shared instance of singleton bean 'spring.task.scheduling-org.springframework.boot.autoconfigure.task.TaskSchedulingProperties'
2024-08-03T22:29:00.134-05:00 DEBUG 26535 --- [PruebaT] [           main] o.s.b.f.s.DefaultListableBeanFactory     : Autowiring by type from bean name 'threadPoolTaskSchedulerBuilder' via factory method to bean named 'spring.task.scheduling-org.springframework.boot.autoconfigure.task.TaskSchedulingProperties'
2024-08-03T22:29:00.136-05:00 DEBUG 26535 --- [PruebaT] [           main] o.s.b.f.s.DefaultListableBeanFactory     : Creating shared instance of singleton bean 'org.springframework.boot.autoconfigure.task.TaskSchedulingConfigurations$TaskSchedulerBuilderConfiguration'
2024-08-03T22:29:00.136-05:00 DEBUG 26535 --- [PruebaT] [           main] o.s.b.f.s.DefaultListableBeanFactory     : Creating shared instance of singleton bean 'taskSchedulerBuilder'
2024-08-03T22:29:00.136-05:00 DEBUG 26535 --- [PruebaT] [           main] o.s.b.f.s.DefaultListableBeanFactory     : Autowiring by type from bean name 'taskSchedulerBuilder' via factory method to bean named 'spring.task.scheduling-org.springframework.boot.autoconfigure.task.TaskSchedulingProperties'
2024-08-03T22:29:00.136-05:00 DEBUG 26535 --- [PruebaT] [           main] o.s.b.f.s.DefaultListableBeanFactory     : Creating shared instance of singleton bean 'org.springframework.boot.autoconfigure.task.TaskSchedulingConfigurations$SimpleAsyncTaskSchedulerBuilderConfiguration'
2024-08-03T22:29:00.137-05:00 DEBUG 26535 --- [PruebaT] [           main] o.s.b.f.s.DefaultListableBeanFactory     : Autowiring by type from bean name 'org.springframework.boot.autoconfigure.task.TaskSchedulingConfigurations$SimpleAsyncTaskSchedulerBuilderConfiguration' via constructor to bean named 'spring.task.scheduling-org.springframework.boot.autoconfigure.task.TaskSchedulingProperties'
2024-08-03T22:29:00.137-05:00 DEBUG 26535 --- [PruebaT] [           main] o.s.b.f.s.DefaultListableBeanFactory     : Creating shared instance of singleton bean 'simpleAsyncTaskSchedulerBuilder'
2024-08-03T22:29:00.137-05:00 DEBUG 26535 --- [PruebaT] [           main] o.s.b.f.s.DefaultListableBeanFactory     : Creating shared instance of singleton bean 'org.springframework.boot.autoconfigure.task.TaskSchedulingAutoConfiguration'
2024-08-03T22:29:00.138-05:00 DEBUG 26535 --- [PruebaT] [           main] o.s.b.f.s.DefaultListableBeanFactory     : Creating shared instance of singleton bean 'org.springframework.boot.autoconfigure.transaction.TransactionAutoConfiguration$EnableTransactionManagementConfiguration$CglibAutoProxyConfiguration'
2024-08-03T22:29:00.138-05:00 DEBUG 26535 --- [PruebaT] [           main] o.s.b.f.s.DefaultListableBeanFactory     : Creating shared instance of singleton bean 'org.springframework.boot.autoconfigure.transaction.TransactionAutoConfiguration$EnableTransactionManagementConfiguration'
2024-08-03T22:29:00.138-05:00 DEBUG 26535 --- [PruebaT] [           main] o.s.b.f.s.DefaultListableBeanFactory     : Creating shared instance of singleton bean 'org.springframework.boot.autoconfigure.transaction.TransactionAutoConfiguration$TransactionTemplateConfiguration'
2024-08-03T22:29:00.138-05:00 DEBUG 26535 --- [PruebaT] [           main] o.s.b.f.s.DefaultListableBeanFactory     : Creating shared instance of singleton bean 'transactionTemplate'
2024-08-03T22:29:00.138-05:00 DEBUG 26535 --- [PruebaT] [           main] o.s.b.f.s.DefaultListableBeanFactory     : Autowiring by type from bean name 'transactionTemplate' via factory method to bean named 'transactionManager'
2024-08-03T22:29:00.139-05:00 DEBUG 26535 --- [PruebaT] [           main] o.s.b.f.s.DefaultListableBeanFactory     : Creating shared instance of singleton bean 'org.springframework.boot.autoconfigure.transaction.TransactionAutoConfiguration'
2024-08-03T22:29:00.139-05:00 DEBUG 26535 --- [PruebaT] [           main] o.s.b.f.s.DefaultListableBeanFactory     : Creating shared instance of singleton bean 'org.springframework.boot.autoconfigure.web.client.RestClientAutoConfiguration'
2024-08-03T22:29:00.139-05:00 DEBUG 26535 --- [PruebaT] [           main] o.s.b.f.s.DefaultListableBeanFactory     : Creating shared instance of singleton bean 'httpMessageConvertersRestClientCustomizer'
2024-08-03T22:29:00.139-05:00 DEBUG 26535 --- [PruebaT] [           main] o.s.b.f.s.DefaultListableBeanFactory     : Creating shared instance of singleton bean 'restClientSsl'
2024-08-03T22:29:00.139-05:00 DEBUG 26535 --- [PruebaT] [           main] o.s.b.f.s.DefaultListableBeanFactory     : Autowiring by type from bean name 'restClientSsl' via factory method to bean named 'sslBundleRegistry'
2024-08-03T22:29:00.140-05:00 DEBUG 26535 --- [PruebaT] [           main] o.s.b.f.s.DefaultListableBeanFactory     : Creating shared instance of singleton bean 'restClientBuilderConfigurer'
2024-08-03T22:29:00.140-05:00 DEBUG 26535 --- [PruebaT] [           main] o.s.b.f.s.DefaultListableBeanFactory     : Creating shared instance of singleton bean 'org.springframework.boot.autoconfigure.web.client.RestTemplateAutoConfiguration'
2024-08-03T22:29:00.140-05:00 DEBUG 26535 --- [PruebaT] [           main] o.s.b.f.s.DefaultListableBeanFactory     : Creating shared instance of singleton bean 'characterEncodingFilter'
2024-08-03T22:29:00.141-05:00 DEBUG 26535 --- [PruebaT] [           main] o.s.b.f.s.DefaultListableBeanFactory     : Creating shared instance of singleton bean 'multipartResolver'
2024-08-03T22:29:00.141-05:00 DEBUG 26535 --- [PruebaT] [           main] o.s.b.f.s.DefaultListableBeanFactory     : Creating shared instance of singleton bean 'payloadRootAnnotationMethodEndpointMapping'
2024-08-03T22:29:00.145-05:00 DEBUG 26535 --- [PruebaT] [           main] yloadRootAnnotationMethodEndpointMapping : Looking for endpoints in application context: org.springframework.web.context.support.GenericWebApplicationContext@7726e185, started on Sat Aug 03 22:28:57 ECT 2024
2024-08-03T22:29:00.146-05:00 DEBUG 26535 --- [PruebaT] [           main] o.s.b.f.s.DefaultListableBeanFactory     : Creating shared instance of singleton bean 'soapActionAnnotationMethodEndpointMapping'
2024-08-03T22:29:00.147-05:00 DEBUG 26535 --- [PruebaT] [           main] oapActionAnnotationMethodEndpointMapping : Looking for endpoints in application context: org.springframework.web.context.support.GenericWebApplicationContext@7726e185, started on Sat Aug 03 22:28:57 ECT 2024
2024-08-03T22:29:00.148-05:00 DEBUG 26535 --- [PruebaT] [           main] o.s.b.f.s.DefaultListableBeanFactory     : Creating shared instance of singleton bean 'defaultMethodEndpointAdapter'
2024-08-03T22:29:00.153-05:00 DEBUG 26535 --- [PruebaT] [           main] o.s.w.s.e.a.DefaultMethodEndpointAdapter : No MethodArgumentResolvers set, using defaults: [org.springframework.ws.server.endpoint.adapter.method.dom.DomPayloadMethodProcessor@4b8ab2f8, org.springframework.ws.server.endpoint.adapter.method.MessageContextMethodArgumentResolver@2b46d238, org.springframework.ws.server.endpoint.adapter.method.SourcePayloadMethodProcessor@6364d449, org.springframework.ws.server.endpoint.adapter.method.XPathParamMethodArgumentResolver@fabe3f8, org.springframework.ws.soap.server.endpoint.adapter.method.SoapMethodArgumentResolver@11a88d87, org.springframework.ws.soap.server.endpoint.adapter.method.SoapHeaderElementMethodArgumentResolver@ce24a98, org.springframework.ws.server.endpoint.adapter.method.jaxb.XmlRootElementPayloadMethodProcessor@496101d1, org.springframework.ws.server.endpoint.adapter.method.jaxb.JaxbElementPayloadMethodProcessor@19858f26, org.springframework.ws.server.endpoint.adapter.method.StaxPayloadMethodArgumentResolver@4c14ed24]
2024-08-03T22:29:00.153-05:00 DEBUG 26535 --- [PruebaT] [           main] o.s.w.s.e.a.DefaultMethodEndpointAdapter : No MethodReturnValueHandlers set, using defaults: [org.springframework.ws.server.endpoint.adapter.method.dom.DomPayloadMethodProcessor@523cc8b4, org.springframework.ws.server.endpoint.adapter.method.SourcePayloadMethodProcessor@139224ab, org.springframework.ws.server.endpoint.adapter.method.jaxb.XmlRootElementPayloadMethodProcessor@26db7540, org.springframework.ws.server.endpoint.adapter.method.jaxb.JaxbElementPayloadMethodProcessor@4dcdc172]
2024-08-03T22:29:00.154-05:00 DEBUG 26535 --- [PruebaT] [           main] o.s.b.f.s.DefaultListableBeanFactory     : Creating shared instance of singleton bean 'soapFaultAnnotationExceptionResolver'
2024-08-03T22:29:00.154-05:00 DEBUG 26535 --- [PruebaT] [           main] o.s.b.f.s.DefaultListableBeanFactory     : Creating shared instance of singleton bean 'simpleSoapExceptionResolver'
2024-08-03T22:29:00.154-05:00 DEBUG 26535 --- [PruebaT] [           main] o.s.b.f.s.DefaultListableBeanFactory     : Creating shared instance of singleton bean 'org.springframework.boot.autoconfigure.webservices.WebServicesAutoConfiguration$WsConfiguration'
2024-08-03T22:29:00.155-05:00 DEBUG 26535 --- [PruebaT] [           main] o.s.b.f.s.DefaultListableBeanFactory     : Creating shared instance of singleton bean 'org.springframework.boot.autoconfigure.webservices.WebServicesAutoConfiguration'
2024-08-03T22:29:00.155-05:00 DEBUG 26535 --- [PruebaT] [           main] o.s.b.f.s.DefaultListableBeanFactory     : Creating shared instance of singleton bean 'messageDispatcherServlet'
2024-08-03T22:29:00.155-05:00 DEBUG 26535 --- [PruebaT] [           main] o.s.b.f.s.DefaultListableBeanFactory     : Creating shared instance of singleton bean 'spring.webservices-org.springframework.boot.autoconfigure.webservices.WebServicesProperties'
2024-08-03T22:29:00.156-05:00 DEBUG 26535 --- [PruebaT] [           main] o.s.b.f.s.DefaultListableBeanFactory     : Autowiring by type from bean name 'messageDispatcherServlet' via factory method to bean named 'org.springframework.web.context.support.GenericWebApplicationContext@7726e185'
2024-08-03T22:29:00.156-05:00 DEBUG 26535 --- [PruebaT] [           main] o.s.b.f.s.DefaultListableBeanFactory     : Autowiring by type from bean name 'messageDispatcherServlet' via factory method to bean named 'spring.webservices-org.springframework.boot.autoconfigure.webservices.WebServicesProperties'
2024-08-03T22:29:00.157-05:00 DEBUG 26535 --- [PruebaT] [           main] o.s.b.f.s.DefaultListableBeanFactory     : Creating shared instance of singleton bean 'org.springframework.boot.autoconfigure.webservices.client.WebServiceTemplateAutoConfiguration'
2024-08-03T22:29:00.158-05:00 DEBUG 26535 --- [PruebaT] [           main] o.s.b.f.s.DefaultListableBeanFactory     : Creating shared instance of singleton bean 'webServiceTemplateBuilder'
2024-08-03T22:29:00.160-05:00 DEBUG 26535 --- [PruebaT] [           main] o.s.b.f.s.DefaultListableBeanFactory     : Creating shared instance of singleton bean 'org.springframework.boot.test.autoconfigure.web.servlet.MockMvcAutoConfiguration'
2024-08-03T22:29:00.160-05:00 DEBUG 26535 --- [PruebaT] [           main] o.s.b.f.s.DefaultListableBeanFactory     : Autowiring by type from bean name 'org.springframework.boot.test.autoconfigure.web.servlet.MockMvcAutoConfiguration' via constructor to bean named 'org.springframework.web.context.support.GenericWebApplicationContext@7726e185'
2024-08-03T22:29:00.160-05:00 DEBUG 26535 --- [PruebaT] [           main] o.s.b.f.s.DefaultListableBeanFactory     : Autowiring by type from bean name 'org.springframework.boot.test.autoconfigure.web.servlet.MockMvcAutoConfiguration' via constructor to bean named 'spring.mvc-org.springframework.boot.autoconfigure.web.servlet.WebMvcProperties'
2024-08-03T22:29:00.160-05:00 DEBUG 26535 --- [PruebaT] [           main] o.s.b.f.s.DefaultListableBeanFactory     : Creating shared instance of singleton bean 'mockMvcBuilder'
2024-08-03T22:29:00.160-05:00 DEBUG 26535 --- [PruebaT] [           main] o.s.b.f.s.DefaultListableBeanFactory     : Creating shared instance of singleton bean 'springBootMockMvcBuilderCustomizer'
2024-08-03T22:29:00.161-05:00 DEBUG 26535 --- [PruebaT] [           main] o.s.b.f.s.DefaultListableBeanFactory     : Autowiring by type from bean name 'mockMvcBuilder' via factory method to bean named 'springBootMockMvcBuilderCustomizer'
2024-08-03T22:29:00.166-05:00 DEBUG 26535 --- [PruebaT] [           main] o.s.b.w.s.ServletContextInitializerBeans : Mapping filters: characterEncodingFilter urls=[/*] order=-2147483648, formContentFilter urls=[/*] order=-9900, requestContextFilter urls=[/*] order=-105
2024-08-03T22:29:00.166-05:00 DEBUG 26535 --- [PruebaT] [           main] o.s.b.w.s.ServletContextInitializerBeans : Mapping servlets: 
2024-08-03T22:29:00.171-05:00 DEBUG 26535 --- [PruebaT] [           main] o.s.b.f.s.DefaultListableBeanFactory     : Creating shared instance of singleton bean 'mockMvc'
2024-08-03T22:29:00.171-05:00 DEBUG 26535 --- [PruebaT] [           main] o.s.b.f.s.DefaultListableBeanFactory     : Autowiring by type from bean name 'mockMvc' via factory method to bean named 'mockMvcBuilder'
2024-08-03T22:29:00.174-05:00 DEBUG 26535 --- [PruebaT] [           main] s.b.w.s.f.OrderedCharacterEncodingFilter : Filter 'characterEncodingFilter' configured for use
2024-08-03T22:29:00.174-05:00 DEBUG 26535 --- [PruebaT] [           main] o.s.b.w.s.f.OrderedFormContentFilter     : Filter 'formContentFilter' configured for use
2024-08-03T22:29:00.174-05:00 DEBUG 26535 --- [PruebaT] [           main] o.s.b.w.s.f.OrderedRequestContextFilter  : Filter 'requestContextFilter' configured for use
2024-08-03T22:29:00.175-05:00  INFO 26535 --- [PruebaT] [           main] o.s.b.t.m.w.SpringBootMockServletContext : Initializing Spring TestDispatcherServlet ''
2024-08-03T22:29:00.175-05:00  INFO 26535 --- [PruebaT] [           main] o.s.t.web.servlet.TestDispatcherServlet  : Initializing Servlet ''
2024-08-03T22:29:00.175-05:00 DEBUG 26535 --- [PruebaT] [           main] o.s.t.web.servlet.TestDispatcherServlet  : Detected StandardServletMultipartResolver
2024-08-03T22:29:00.175-05:00 DEBUG 26535 --- [PruebaT] [           main] o.s.t.web.servlet.TestDispatcherServlet  : Detected AcceptHeaderLocaleResolver
2024-08-03T22:29:00.175-05:00 DEBUG 26535 --- [PruebaT] [           main] o.s.t.web.servlet.TestDispatcherServlet  : Detected FixedThemeResolver
2024-08-03T22:29:00.176-05:00 DEBUG 26535 --- [PruebaT] [           main] o.s.t.web.servlet.TestDispatcherServlet  : Detected org.springframework.web.servlet.view.DefaultRequestToViewNameTranslator@7f8586f9
2024-08-03T22:29:00.176-05:00 DEBUG 26535 --- [PruebaT] [           main] o.s.t.web.servlet.TestDispatcherServlet  : Detected org.springframework.web.servlet.support.SessionFlashMapManager@2d3bb293
2024-08-03T22:29:00.176-05:00 DEBUG 26535 --- [PruebaT] [           main] o.s.t.web.servlet.TestDispatcherServlet  : enableLoggingRequestDetails='false': request parameters and headers will be masked to prevent unsafe logging of potentially sensitive data
2024-08-03T22:29:00.176-05:00  INFO 26535 --- [PruebaT] [           main] o.s.t.web.servlet.TestDispatcherServlet  : Completed initialization in 1 ms
2024-08-03T22:29:00.188-05:00 DEBUG 26535 --- [PruebaT] [           main] o.s.c.support.DefaultLifecycleProcessor  : Starting beans in phase -2147483647
2024-08-03T22:29:00.188-05:00 DEBUG 26535 --- [PruebaT] [           main] o.s.c.support.DefaultLifecycleProcessor  : Successfully started bean 'springBootLoggingLifecycle'
2024-08-03T22:29:00.188-05:00 DEBUG 26535 --- [PruebaT] [           main] o.s.c.support.DefaultLifecycleProcessor  : Starting beans in phase 2147483647
2024-08-03T22:29:00.196-05:00 DEBUG 26535 --- [PruebaT] [           main] .s.b.a.l.ConditionEvaluationReportLogger : 


============================
CONDITIONS EVALUATION REPORT
============================


Positive matches:
-----------------

   AopAutoConfiguration matched:
      - @ConditionalOnProperty (spring.aop.auto=true) matched (OnPropertyCondition)

   AopAutoConfiguration.AspectJAutoProxyingConfiguration matched:
      - @ConditionalOnClass found required class 'org.aspectj.weaver.Advice' (OnClassCondition)

   AopAutoConfiguration.AspectJAutoProxyingConfiguration.CglibAutoProxyConfiguration matched:
      - @ConditionalOnProperty (spring.aop.proxy-target-class=true) matched (OnPropertyCondition)

   ApplicationAvailabilityAutoConfiguration#applicationAvailability matched:
      - @ConditionalOnMissingBean (types: org.springframework.boot.availability.ApplicationAvailability; SearchStrategy: all) did not find any beans (OnBeanCondition)

   DataSourceAutoConfiguration matched:
      - @ConditionalOnClass found required classes 'javax.sql.DataSource', 'org.springframework.jdbc.datasource.embedded.EmbeddedDatabaseType' (OnClassCondition)
      - @ConditionalOnMissingBean (types: io.r2dbc.spi.ConnectionFactory; SearchStrategy: all) did not find any beans (OnBeanCondition)

   DataSourceAutoConfiguration.PooledDataSourceConfiguration matched:
      - AnyNestedCondition 1 matched 1 did not; NestedCondition on DataSourceAutoConfiguration.PooledDataSourceCondition.PooledDataSourceAvailable PooledDataSource found supported DataSource; NestedCondition on DataSourceAutoConfiguration.PooledDataSourceCondition.ExplicitType @ConditionalOnProperty (spring.datasource.type) did not find property 'type' (DataSourceAutoConfiguration.PooledDataSourceCondition)
      - @ConditionalOnMissingBean (types: javax.sql.DataSource,javax.sql.XADataSource; SearchStrategy: all) did not find any beans (OnBeanCondition)

   DataSourceAutoConfiguration.PooledDataSourceConfiguration#jdbcConnectionDetails matched:
      - @ConditionalOnMissingBean (types: org.springframework.boot.autoconfigure.jdbc.JdbcConnectionDetails; SearchStrategy: all) did not find any beans (OnBeanCondition)

   DataSourceConfiguration.Hikari matched:
      - @ConditionalOnClass found required class 'com.zaxxer.hikari.HikariDataSource' (OnClassCondition)
      - @ConditionalOnProperty (spring.datasource.type=com.zaxxer.hikari.HikariDataSource) matched (OnPropertyCondition)
      - @ConditionalOnMissingBean (types: javax.sql.DataSource; SearchStrategy: all) did not find any beans (OnBeanCondition)

   DataSourceInitializationConfiguration matched:
      - @ConditionalOnClass found required class 'org.springframework.jdbc.datasource.init.DatabasePopulator' (OnClassCondition)
      - @ConditionalOnSingleCandidate (types: javax.sql.DataSource; SearchStrategy: all) found a single bean 'dataSource'; @ConditionalOnMissingBean (types: org.springframework.boot.autoconfigure.sql.init.SqlDataSourceScriptDatabaseInitializer,org.springframework.boot.autoconfigure.sql.init.SqlR2dbcScriptDatabaseInitializer; SearchStrategy: all) did not find any beans (OnBeanCondition)

   DataSourcePoolMetadataProvidersConfiguration.HikariPoolDataSourceMetadataProviderConfiguration matched:
      - @ConditionalOnClass found required class 'com.zaxxer.hikari.HikariDataSource' (OnClassCondition)

   DataSourceTransactionManagerAutoConfiguration matched:
      - @ConditionalOnClass found required classes 'javax.sql.DataSource', 'org.springframework.jdbc.core.JdbcTemplate', 'org.springframework.transaction.TransactionManager' (OnClassCondition)

   DataSourceTransactionManagerAutoConfiguration.JdbcTransactionManagerConfiguration matched:
      - @ConditionalOnSingleCandidate (types: javax.sql.DataSource; SearchStrategy: all) found a single bean 'dataSource' (OnBeanCondition)

   DispatcherServletAutoConfiguration matched:
      - @ConditionalOnClass found required class 'org.springframework.web.servlet.DispatcherServlet' (OnClassCondition)
      - found 'session' scope (OnWebApplicationCondition)

   DispatcherServletAutoConfiguration.DispatcherServletConfiguration matched:
      - @ConditionalOnClass found required class 'jakarta.servlet.ServletRegistration' (OnClassCondition)
      - Default DispatcherServlet did not find dispatcher servlet beans (DispatcherServletAutoConfiguration.DefaultDispatcherServletCondition)

   DispatcherServletAutoConfiguration.DispatcherServletRegistrationConfiguration matched:
      - @ConditionalOnClass found required class 'jakarta.servlet.ServletRegistration' (OnClassCondition)
      - DispatcherServlet Registration did not find servlet registration bean (DispatcherServletAutoConfiguration.DispatcherServletRegistrationCondition)

   DispatcherServletAutoConfiguration.DispatcherServletRegistrationConfiguration#dispatcherServletRegistration matched:
      - @ConditionalOnBean (names: dispatcherServlet types: org.springframework.web.servlet.DispatcherServlet; SearchStrategy: all) found bean 'dispatcherServlet' (OnBeanCondition)

   ErrorMvcAutoConfiguration matched:
      - @ConditionalOnClass found required classes 'jakarta.servlet.Servlet', 'org.springframework.web.servlet.DispatcherServlet' (OnClassCondition)
      - found 'session' scope (OnWebApplicationCondition)

   ErrorMvcAutoConfiguration#basicErrorController matched:
      - @ConditionalOnMissingBean (types: org.springframework.boot.web.servlet.error.ErrorController; SearchStrategy: current) did not find any beans (OnBeanCondition)

   ErrorMvcAutoConfiguration#errorAttributes matched:
      - @ConditionalOnMissingBean (types: org.springframework.boot.web.servlet.error.ErrorAttributes; SearchStrategy: current) did not find any beans (OnBeanCondition)

   ErrorMvcAutoConfiguration.DefaultErrorViewResolverConfiguration#conventionErrorViewResolver matched:
      - @ConditionalOnBean (types: org.springframework.web.servlet.DispatcherServlet; SearchStrategy: all) found bean 'dispatcherServlet'; @ConditionalOnMissingBean (types: org.springframework.boot.autoconfigure.web.servlet.error.ErrorViewResolver; SearchStrategy: all) did not find any beans (OnBeanCondition)

   ErrorMvcAutoConfiguration.WhitelabelErrorViewConfiguration matched:
      - @ConditionalOnProperty (server.error.whitelabel.enabled) matched (OnPropertyCondition)
      - ErrorTemplate Missing did not find error template view (ErrorMvcAutoConfiguration.ErrorTemplateMissingCondition)

   ErrorMvcAutoConfiguration.WhitelabelErrorViewConfiguration#beanNameViewResolver matched:
      - @ConditionalOnMissingBean (types: org.springframework.web.servlet.view.BeanNameViewResolver; SearchStrategy: all) did not find any beans (OnBeanCondition)

   ErrorMvcAutoConfiguration.WhitelabelErrorViewConfiguration#defaultErrorView matched:
      - @ConditionalOnMissingBean (names: error; SearchStrategy: all) did not find any beans (OnBeanCondition)

   GenericCacheConfiguration matched:
      - Cache org.springframework.boot.autoconfigure.cache.GenericCacheConfiguration automatic cache type (CacheCondition)

   HibernateJpaAutoConfiguration matched:
      - @ConditionalOnClass found required classes 'org.springframework.orm.jpa.LocalContainerEntityManagerFactoryBean', 'jakarta.persistence.EntityManager', 'org.hibernate.engine.spi.SessionImplementor' (OnClassCondition)

   HibernateJpaConfiguration matched:
      - @ConditionalOnSingleCandidate (types: javax.sql.DataSource; SearchStrategy: all) found a single bean 'dataSource' (OnBeanCondition)

   HttpEncodingAutoConfiguration matched:
      - @ConditionalOnClass found required class 'org.springframework.web.filter.CharacterEncodingFilter' (OnClassCondition)
      - found 'session' scope (OnWebApplicationCondition)
      - @ConditionalOnProperty (server.servlet.encoding.enabled) matched (OnPropertyCondition)

   HttpEncodingAutoConfiguration#characterEncodingFilter matched:
      - @ConditionalOnMissingBean (types: org.springframework.web.filter.CharacterEncodingFilter; SearchStrategy: all) did not find any beans (OnBeanCondition)

   HttpMessageConvertersAutoConfiguration matched:
      - @ConditionalOnClass found required class 'org.springframework.http.converter.HttpMessageConverter' (OnClassCondition)
      - NoneNestedConditions 0 matched 1 did not; NestedCondition on HttpMessageConvertersAutoConfiguration.NotReactiveWebApplicationCondition.ReactiveWebApplication did not find reactive web application classes (HttpMessageConvertersAutoConfiguration.NotReactiveWebApplicationCondition)

   HttpMessageConvertersAutoConfiguration#messageConverters matched:
      - @ConditionalOnMissingBean (types: org.springframework.boot.autoconfigure.http.HttpMessageConverters; SearchStrategy: all) did not find any beans (OnBeanCondition)

   HttpMessageConvertersAutoConfiguration.StringHttpMessageConverterConfiguration matched:
      - @ConditionalOnClass found required class 'org.springframework.http.converter.StringHttpMessageConverter' (OnClassCondition)

   HttpMessageConvertersAutoConfiguration.StringHttpMessageConverterConfiguration#stringHttpMessageConverter matched:
      - @ConditionalOnMissingBean (types: org.springframework.http.converter.StringHttpMessageConverter; SearchStrategy: all) did not find any beans (OnBeanCondition)

   JacksonAutoConfiguration matched:
      - @ConditionalOnClass found required class 'com.fasterxml.jackson.databind.ObjectMapper' (OnClassCondition)

   JacksonAutoConfiguration.Jackson2ObjectMapperBuilderCustomizerConfiguration matched:
      - @ConditionalOnClass found required class 'org.springframework.http.converter.json.Jackson2ObjectMapperBuilder' (OnClassCondition)

   JacksonAutoConfiguration.JacksonObjectMapperBuilderConfiguration matched:
      - @ConditionalOnClass found required class 'org.springframework.http.converter.json.Jackson2ObjectMapperBuilder' (OnClassCondition)

   JacksonAutoConfiguration.JacksonObjectMapperBuilderConfiguration#jacksonObjectMapperBuilder matched:
      - @ConditionalOnMissingBean (types: org.springframework.http.converter.json.Jackson2ObjectMapperBuilder; SearchStrategy: all) did not find any beans (OnBeanCondition)

   JacksonAutoConfiguration.JacksonObjectMapperConfiguration matched:
      - @ConditionalOnClass found required class 'org.springframework.http.converter.json.Jackson2ObjectMapperBuilder' (OnClassCondition)

   JacksonAutoConfiguration.JacksonObjectMapperConfiguration#jacksonObjectMapper matched:
      - @ConditionalOnMissingBean (types: com.fasterxml.jackson.databind.ObjectMapper; SearchStrategy: all) did not find any beans (OnBeanCondition)

   JacksonAutoConfiguration.ParameterNamesModuleConfiguration matched:
      - @ConditionalOnClass found required class 'com.fasterxml.jackson.module.paramnames.ParameterNamesModule' (OnClassCondition)

   JacksonAutoConfiguration.ParameterNamesModuleConfiguration#parameterNamesModule matched:
      - @ConditionalOnMissingBean (types: com.fasterxml.jackson.module.paramnames.ParameterNamesModule; SearchStrategy: all) did not find any beans (OnBeanCondition)

   JacksonHttpMessageConvertersConfiguration.MappingJackson2HttpMessageConverterConfiguration matched:
      - @ConditionalOnClass found required class 'com.fasterxml.jackson.databind.ObjectMapper' (OnClassCondition)
      - @ConditionalOnProperty (spring.mvc.converters.preferred-json-mapper=jackson) matched (OnPropertyCondition)
      - @ConditionalOnBean (types: com.fasterxml.jackson.databind.ObjectMapper; SearchStrategy: all) found bean 'jacksonObjectMapper' (OnBeanCondition)

   JacksonHttpMessageConvertersConfiguration.MappingJackson2HttpMessageConverterConfiguration#mappingJackson2HttpMessageConverter matched:
      - @ConditionalOnMissingBean (types: org.springframework.http.converter.json.MappingJackson2HttpMessageConverter ignored: org.springframework.hateoas.server.mvc.TypeConstrainedMappingJackson2HttpMessageConverter,org.springframework.data.rest.webmvc.alps.AlpsJsonHttpMessageConverter; SearchStrategy: all) did not find any beans (OnBeanCondition)

   JdbcClientAutoConfiguration matched:
      - @ConditionalOnSingleCandidate (types: org.springframework.jdbc.core.namedparam.NamedParameterJdbcTemplate; SearchStrategy: all) found a single bean 'namedParameterJdbcTemplate'; @ConditionalOnMissingBean (types: org.springframework.jdbc.core.simple.JdbcClient; SearchStrategy: all) did not find any beans (OnBeanCondition)

   JdbcRepositoriesAutoConfiguration matched:
      - @ConditionalOnClass found required classes 'org.springframework.jdbc.core.namedparam.NamedParameterJdbcOperations', 'org.springframework.data.jdbc.repository.config.AbstractJdbcConfiguration' (OnClassCondition)
      - @ConditionalOnProperty (spring.data.jdbc.repositories.enabled=true) matched (OnPropertyCondition)
      - @ConditionalOnBean (types: org.springframework.jdbc.core.namedparam.NamedParameterJdbcOperations,org.springframework.transaction.PlatformTransactionManager; SearchStrategy: all) found beans 'transactionManager', 'namedParameterJdbcTemplate' (OnBeanCondition)

   JdbcRepositoriesAutoConfiguration.JdbcRepositoriesConfiguration matched:
      - @ConditionalOnMissingBean (types: org.springframework.data.jdbc.repository.config.JdbcRepositoryConfigExtension; SearchStrategy: all) did not find any beans (OnBeanCondition)

   JdbcRepositoriesAutoConfiguration.SpringBootJdbcConfiguration matched:
      - @ConditionalOnMissingBean (types: org.springframework.data.jdbc.repository.config.AbstractJdbcConfiguration; SearchStrategy: all) did not find any beans (OnBeanCondition)

   JdbcRepositoriesAutoConfiguration.SpringBootJdbcConfiguration#dataAccessStrategyBean matched:
      - @ConditionalOnMissingBean (types: org.springframework.data.jdbc.core.convert.DataAccessStrategy; SearchStrategy: all) did not find any beans (OnBeanCondition)

   JdbcRepositoriesAutoConfiguration.SpringBootJdbcConfiguration#jdbcAggregateTemplate matched:
      - @ConditionalOnMissingBean (types: org.springframework.data.jdbc.core.JdbcAggregateTemplate; SearchStrategy: all) did not find any beans (OnBeanCondition)

   JdbcRepositoriesAutoConfiguration.SpringBootJdbcConfiguration#jdbcConverter matched:
      - @ConditionalOnMissingBean (types: org.springframework.data.jdbc.core.convert.JdbcConverter; SearchStrategy: all) did not find any beans (OnBeanCondition)

   JdbcRepositoriesAutoConfiguration.SpringBootJdbcConfiguration#jdbcCustomConversions matched:
      - @ConditionalOnMissingBean (types: org.springframework.data.jdbc.core.convert.JdbcCustomConversions; SearchStrategy: all) did not find any beans (OnBeanCondition)

   JdbcRepositoriesAutoConfiguration.SpringBootJdbcConfiguration#jdbcDialect matched:
      - @ConditionalOnMissingBean (types: org.springframework.data.relational.core.dialect.Dialect; SearchStrategy: all) did not find any beans (OnBeanCondition)

   JdbcRepositoriesAutoConfiguration.SpringBootJdbcConfiguration#jdbcManagedTypes matched:
      - @ConditionalOnMissingBean (types: org.springframework.data.relational.RelationalManagedTypes; SearchStrategy: all) did not find any beans (OnBeanCondition)

   JdbcRepositoriesAutoConfiguration.SpringBootJdbcConfiguration#jdbcMappingContext matched:
      - @ConditionalOnMissingBean (types: org.springframework.data.jdbc.core.mapping.JdbcMappingContext; SearchStrategy: all) did not find any beans (OnBeanCondition)

   JdbcTemplateAutoConfiguration matched:
      - @ConditionalOnClass found required classes 'javax.sql.DataSource', 'org.springframework.jdbc.core.JdbcTemplate' (OnClassCondition)
      - @ConditionalOnSingleCandidate (types: javax.sql.DataSource; SearchStrategy: all) found a single bean 'dataSource' (OnBeanCondition)

   JdbcTemplateConfiguration matched:
      - @ConditionalOnMissingBean (types: org.springframework.jdbc.core.JdbcOperations; SearchStrategy: all) did not find any beans (OnBeanCondition)

   JpaBaseConfiguration#entityManagerFactory matched:
      - @ConditionalOnMissingBean (types: org.springframework.orm.jpa.LocalContainerEntityManagerFactoryBean,jakarta.persistence.EntityManagerFactory; SearchStrategy: all) did not find any beans (OnBeanCondition)

   JpaBaseConfiguration#entityManagerFactoryBuilder matched:
      - @ConditionalOnMissingBean (types: org.springframework.boot.orm.jpa.EntityManagerFactoryBuilder; SearchStrategy: all) did not find any beans (OnBeanCondition)

   JpaBaseConfiguration#jpaVendorAdapter matched:
      - @ConditionalOnMissingBean (types: org.springframework.orm.jpa.JpaVendorAdapter; SearchStrategy: all) did not find any beans (OnBeanCondition)

   JpaBaseConfiguration#transactionManager matched:
      - @ConditionalOnMissingBean (types: org.springframework.transaction.TransactionManager; SearchStrategy: all) did not find any beans (OnBeanCondition)

   JpaBaseConfiguration.JpaWebConfiguration matched:
      - @ConditionalOnClass found required class 'org.springframework.web.servlet.config.annotation.WebMvcConfigurer' (OnClassCondition)
      - found 'session' scope (OnWebApplicationCondition)
      - @ConditionalOnProperty (spring.jpa.open-in-view=true) matched (OnPropertyCondition)
      - @ConditionalOnMissingBean (types: org.springframework.orm.jpa.support.OpenEntityManagerInViewInterceptor,org.springframework.orm.jpa.support.OpenEntityManagerInViewFilter; SearchStrategy: all) did not find any beans (OnBeanCondition)

   JpaBaseConfiguration.PersistenceManagedTypesConfiguration matched:
      - @ConditionalOnMissingBean (types: org.springframework.orm.jpa.LocalContainerEntityManagerFactoryBean,jakarta.persistence.EntityManagerFactory; SearchStrategy: all) did not find any beans (OnBeanCondition)

   JpaBaseConfiguration.PersistenceManagedTypesConfiguration#persistenceManagedTypes matched:
      - @ConditionalOnMissingBean (types: org.springframework.orm.jpa.persistenceunit.PersistenceManagedTypes; SearchStrategy: all) did not find any beans (OnBeanCondition)

   JpaRepositoriesAutoConfiguration matched:
      - @ConditionalOnClass found required class 'org.springframework.data.jpa.repository.JpaRepository' (OnClassCondition)
      - @ConditionalOnProperty (spring.data.jpa.repositories.enabled=true) matched (OnPropertyCondition)
      - @ConditionalOnBean (types: javax.sql.DataSource; SearchStrategy: all) found bean 'dataSource'; @ConditionalOnMissingBean (types: org.springframework.data.jpa.repository.support.JpaRepositoryFactoryBean,org.springframework.data.jpa.repository.config.JpaRepositoryConfigExtension; SearchStrategy: all) did not find any beans (OnBeanCondition)

   JtaAutoConfiguration matched:
      - @ConditionalOnClass found required class 'jakarta.transaction.Transaction' (OnClassCondition)
      - @ConditionalOnProperty (spring.jta.enabled) matched (OnPropertyCondition)

   LifecycleAutoConfiguration#defaultLifecycleProcessor matched:
      - @ConditionalOnMissingBean (names: lifecycleProcessor; SearchStrategy: current) did not find any beans (OnBeanCondition)

   MockMvcAutoConfiguration matched:
      - found 'session' scope (OnWebApplicationCondition)

   MockMvcAutoConfiguration#mockMvc matched:
      - @ConditionalOnMissingBean (types: org.springframework.test.web.servlet.MockMvc; SearchStrategy: all) did not find any beans (OnBeanCondition)

   MockMvcAutoConfiguration#mockMvcBuilder matched:
      - @ConditionalOnMissingBean (types: org.springframework.test.web.servlet.MockMvcBuilder; SearchStrategy: all) did not find any beans (OnBeanCondition)

   MultipartAutoConfiguration matched:
      - @ConditionalOnClass found required classes 'jakarta.servlet.Servlet', 'org.springframework.web.multipart.support.StandardServletMultipartResolver', 'jakarta.servlet.MultipartConfigElement' (OnClassCondition)
      - found 'session' scope (OnWebApplicationCondition)
      - @ConditionalOnProperty (spring.servlet.multipart.enabled) matched (OnPropertyCondition)

   MultipartAutoConfiguration#multipartConfigElement matched:
      - @ConditionalOnMissingBean (types: jakarta.servlet.MultipartConfigElement; SearchStrategy: all) did not find any beans (OnBeanCondition)

   MultipartAutoConfiguration#multipartResolver matched:
      - @ConditionalOnMissingBean (types: org.springframework.web.multipart.MultipartResolver; SearchStrategy: all) did not find any beans (OnBeanCondition)

   NamedParameterJdbcTemplateConfiguration matched:
      - @ConditionalOnSingleCandidate (types: org.springframework.jdbc.core.JdbcTemplate; SearchStrategy: all) found a single bean 'jdbcTemplate'; @ConditionalOnMissingBean (types: org.springframework.jdbc.core.namedparam.NamedParameterJdbcOperations; SearchStrategy: all) did not find any beans (OnBeanCondition)

   NoOpCacheConfiguration matched:
      - Cache org.springframework.boot.autoconfigure.cache.NoOpCacheConfiguration automatic cache type (CacheCondition)

   PersistenceExceptionTranslationAutoConfiguration matched:
      - @ConditionalOnClass found required class 'org.springframework.dao.annotation.PersistenceExceptionTranslationPostProcessor' (OnClassCondition)

   PersistenceExceptionTranslationAutoConfiguration#persistenceExceptionTranslationPostProcessor matched:
      - @ConditionalOnProperty (spring.dao.exceptiontranslation.enabled) matched (OnPropertyCondition)
      - @ConditionalOnMissingBean (types: org.springframework.dao.annotation.PersistenceExceptionTranslationPostProcessor; SearchStrategy: all) did not find any beans (OnBeanCondition)

   PropertyPlaceholderAutoConfiguration#propertySourcesPlaceholderConfigurer matched:
      - @ConditionalOnMissingBean (types: org.springframework.context.support.PropertySourcesPlaceholderConfigurer; SearchStrategy: current) did not find any beans (OnBeanCondition)

   RestClientAutoConfiguration matched:
      - @ConditionalOnClass found required class 'org.springframework.web.client.RestClient' (OnClassCondition)
      - NoneNestedConditions 0 matched 1 did not; NestedCondition on NotReactiveWebApplicationCondition.ReactiveWebApplication did not find reactive web application classes (NotReactiveWebApplicationCondition)

   RestClientAutoConfiguration#httpMessageConvertersRestClientCustomizer matched:
      - @ConditionalOnMissingBean (types: org.springframework.boot.autoconfigure.web.client.HttpMessageConvertersRestClientCustomizer; SearchStrategy: all) did not find any beans (OnBeanCondition)

   RestClientAutoConfiguration#restClientBuilder matched:
      - @ConditionalOnMissingBean (types: org.springframework.web.client.RestClient$Builder; SearchStrategy: all) did not find any beans (OnBeanCondition)

   RestClientAutoConfiguration#restClientBuilderConfigurer matched:
      - @ConditionalOnMissingBean (types: org.springframework.boot.autoconfigure.web.client.RestClientBuilderConfigurer; SearchStrategy: all) did not find any beans (OnBeanCondition)

   RestClientAutoConfiguration#restClientSsl matched:
      - @ConditionalOnBean (types: org.springframework.boot.ssl.SslBundles; SearchStrategy: all) found bean 'sslBundleRegistry'; @ConditionalOnMissingBean (types: org.springframework.boot.autoconfigure.web.client.RestClientSsl; SearchStrategy: all) did not find any beans (OnBeanCondition)

   RestTemplateAutoConfiguration matched:
      - @ConditionalOnClass found required class 'org.springframework.web.client.RestTemplate' (OnClassCondition)
      - NoneNestedConditions 0 matched 1 did not; NestedCondition on NotReactiveWebApplicationCondition.ReactiveWebApplication did not find reactive web application classes (NotReactiveWebApplicationCondition)

   RestTemplateAutoConfiguration#restTemplateBuilder matched:
      - @ConditionalOnMissingBean (types: org.springframework.boot.web.client.RestTemplateBuilder; SearchStrategy: all) did not find any beans (OnBeanCondition)

   ServletWebServerFactoryAutoConfiguration matched:
      - @ConditionalOnClass found required class 'jakarta.servlet.ServletRequest' (OnClassCondition)
      - found 'session' scope (OnWebApplicationCondition)

   ServletWebServerFactoryAutoConfiguration#tomcatServletWebServerFactoryCustomizer matched:
      - @ConditionalOnClass found required class 'org.apache.catalina.startup.Tomcat' (OnClassCondition)

   ServletWebServerFactoryConfiguration.EmbeddedTomcat matched:
      - @ConditionalOnClass found required classes 'jakarta.servlet.Servlet', 'org.apache.catalina.startup.Tomcat', 'org.apache.coyote.UpgradeProtocol' (OnClassCondition)
      - @ConditionalOnMissingBean (types: org.springframework.boot.web.servlet.server.ServletWebServerFactory; SearchStrategy: current) did not find any beans (OnBeanCondition)

   SimpleCacheConfiguration matched:
      - Cache org.springframework.boot.autoconfigure.cache.SimpleCacheConfiguration automatic cache type (CacheCondition)

   SpringDataWebAutoConfiguration matched:
      - @ConditionalOnClass found required classes 'org.springframework.data.web.PageableHandlerMethodArgumentResolver', 'org.springframework.web.servlet.config.annotation.WebMvcConfigurer' (OnClassCondition)
      - found 'session' scope (OnWebApplicationCondition)
      - @ConditionalOnMissingBean (types: org.springframework.data.web.PageableHandlerMethodArgumentResolver; SearchStrategy: all) did not find any beans (OnBeanCondition)

   SpringDataWebAutoConfiguration#pageableCustomizer matched:
      - @ConditionalOnMissingBean (types: org.springframework.data.web.config.PageableHandlerMethodArgumentResolverCustomizer; SearchStrategy: all) did not find any beans (OnBeanCondition)

   SpringDataWebAutoConfiguration#sortCustomizer matched:
      - @ConditionalOnMissingBean (types: org.springframework.data.web.config.SortHandlerMethodArgumentResolverCustomizer; SearchStrategy: all) did not find any beans (OnBeanCondition)

   SqlInitializationAutoConfiguration matched:
      - @ConditionalOnProperty (spring.sql.init.enabled) matched (OnPropertyCondition)
      - NoneNestedConditions 0 matched 1 did not; NestedCondition on SqlInitializationAutoConfiguration.SqlInitializationModeCondition.ModeIsNever @ConditionalOnProperty (spring.sql.init.mode=never) did not find property 'mode' (SqlInitializationAutoConfiguration.SqlInitializationModeCondition)

   SslAutoConfiguration#sslBundleRegistry matched:
      - @ConditionalOnMissingBean (types: org.springframework.boot.ssl.SslBundleRegistry,org.springframework.boot.ssl.SslBundles; SearchStrategy: all) did not find any beans (OnBeanCondition)

   TaskExecutionAutoConfiguration matched:
      - @ConditionalOnClass found required class 'org.springframework.scheduling.concurrent.ThreadPoolTaskExecutor' (OnClassCondition)

   TaskExecutorConfigurations.SimpleAsyncTaskExecutorBuilderConfiguration#simpleAsyncTaskExecutorBuilder matched:
      - @ConditionalOnMissingBean (types: org.springframework.boot.task.SimpleAsyncTaskExecutorBuilder; SearchStrategy: all) did not find any beans (OnBeanCondition)
      - @ConditionalOnThreading found PLATFORM (OnThreadingCondition)

   TaskExecutorConfigurations.TaskExecutorBuilderConfiguration#taskExecutorBuilder matched:
      - @ConditionalOnMissingBean (types: org.springframework.boot.task.TaskExecutorBuilder; SearchStrategy: all) did not find any beans (OnBeanCondition)

   TaskExecutorConfigurations.TaskExecutorConfiguration matched:
      - @ConditionalOnMissingBean (types: java.util.concurrent.Executor; SearchStrategy: all) did not find any beans (OnBeanCondition)

   TaskExecutorConfigurations.TaskExecutorConfiguration#applicationTaskExecutor matched:
      - @ConditionalOnThreading found PLATFORM (OnThreadingCondition)

   TaskExecutorConfigurations.ThreadPoolTaskExecutorBuilderConfiguration#threadPoolTaskExecutorBuilder matched:
      - @ConditionalOnMissingBean (types: org.springframework.boot.task.TaskExecutorBuilder,org.springframework.boot.task.ThreadPoolTaskExecutorBuilder; SearchStrategy: all) did not find any beans (OnBeanCondition)

   TaskSchedulingAutoConfiguration matched:
      - @ConditionalOnClass found required class 'org.springframework.scheduling.concurrent.ThreadPoolTaskScheduler' (OnClassCondition)

   TaskSchedulingConfigurations.SimpleAsyncTaskSchedulerBuilderConfiguration#simpleAsyncTaskSchedulerBuilder matched:
      - @ConditionalOnMissingBean (types: org.springframework.boot.task.SimpleAsyncTaskSchedulerBuilder; SearchStrategy: all) did not find any beans (OnBeanCondition)
      - @ConditionalOnThreading found PLATFORM (OnThreadingCondition)

   TaskSchedulingConfigurations.TaskSchedulerBuilderConfiguration#taskSchedulerBuilder matched:
      - @ConditionalOnMissingBean (types: org.springframework.boot.task.TaskSchedulerBuilder; SearchStrategy: all) did not find any beans (OnBeanCondition)

   TaskSchedulingConfigurations.ThreadPoolTaskSchedulerBuilderConfiguration#threadPoolTaskSchedulerBuilder matched:
      - @ConditionalOnMissingBean (types: org.springframework.boot.task.TaskSchedulerBuilder,org.springframework.boot.task.ThreadPoolTaskSchedulerBuilder; SearchStrategy: all) did not find any beans (OnBeanCondition)

   TransactionAutoConfiguration matched:
      - @ConditionalOnClass found required class 'org.springframework.transaction.PlatformTransactionManager' (OnClassCondition)

   TransactionAutoConfiguration.EnableTransactionManagementConfiguration matched:
      - @ConditionalOnBean (types: org.springframework.transaction.TransactionManager; SearchStrategy: all) found bean 'transactionManager'; @ConditionalOnMissingBean (types: org.springframework.transaction.annotation.AbstractTransactionManagementConfiguration; SearchStrategy: all) did not find any beans (OnBeanCondition)

   TransactionAutoConfiguration.EnableTransactionManagementConfiguration.CglibAutoProxyConfiguration matched:
      - @ConditionalOnProperty (spring.aop.proxy-target-class=true) matched (OnPropertyCondition)

   TransactionAutoConfiguration.TransactionTemplateConfiguration matched:
      - @ConditionalOnSingleCandidate (types: org.springframework.transaction.PlatformTransactionManager; SearchStrategy: all) found a single bean 'transactionManager' (OnBeanCondition)

   TransactionAutoConfiguration.TransactionTemplateConfiguration#transactionTemplate matched:
      - @ConditionalOnMissingBean (types: org.springframework.transaction.support.TransactionOperations; SearchStrategy: all) did not find any beans (OnBeanCondition)

   TransactionManagerCustomizationAutoConfiguration matched:
      - @ConditionalOnClass found required class 'org.springframework.transaction.PlatformTransactionManager' (OnClassCondition)

   TransactionManagerCustomizationAutoConfiguration#platformTransactionManagerCustomizers matched:
      - @ConditionalOnMissingBean (types: org.springframework.boot.autoconfigure.transaction.TransactionManagerCustomizers; SearchStrategy: all) did not find any beans (OnBeanCondition)

   WebMvcAutoConfiguration matched:
      - @ConditionalOnClass found required classes 'jakarta.servlet.Servlet', 'org.springframework.web.servlet.DispatcherServlet', 'org.springframework.web.servlet.config.annotation.WebMvcConfigurer' (OnClassCondition)
      - found 'session' scope (OnWebApplicationCondition)
      - @ConditionalOnMissingBean (types: org.springframework.web.servlet.config.annotation.WebMvcConfigurationSupport; SearchStrategy: all) did not find any beans (OnBeanCondition)

   WebMvcAutoConfiguration#formContentFilter matched:
      - @ConditionalOnProperty (spring.mvc.formcontent.filter.enabled) matched (OnPropertyCondition)
      - @ConditionalOnMissingBean (types: org.springframework.web.filter.FormContentFilter; SearchStrategy: all) did not find any beans (OnBeanCondition)

   WebMvcAutoConfiguration.EnableWebMvcConfiguration#flashMapManager matched:
      - @ConditionalOnMissingBean (names: flashMapManager; SearchStrategy: all) did not find any beans (OnBeanCondition)

   WebMvcAutoConfiguration.EnableWebMvcConfiguration#localeResolver matched:
      - @ConditionalOnMissingBean (names: localeResolver; SearchStrategy: all) did not find any beans (OnBeanCondition)

   WebMvcAutoConfiguration.EnableWebMvcConfiguration#themeResolver matched:
      - @ConditionalOnMissingBean (names: themeResolver; SearchStrategy: all) did not find any beans (OnBeanCondition)

   WebMvcAutoConfiguration.WebMvcAutoConfigurationAdapter#defaultViewResolver matched:
      - @ConditionalOnMissingBean (types: org.springframework.web.servlet.view.InternalResourceViewResolver; SearchStrategy: all) did not find any beans (OnBeanCondition)

   WebMvcAutoConfiguration.WebMvcAutoConfigurationAdapter#requestContextFilter matched:
      - @ConditionalOnMissingBean (types: org.springframework.web.context.request.RequestContextListener,org.springframework.web.filter.RequestContextFilter; SearchStrategy: all) did not find any beans (OnBeanCondition)

   WebMvcAutoConfiguration.WebMvcAutoConfigurationAdapter#viewResolver matched:
      - @ConditionalOnBean (types: org.springframework.web.servlet.ViewResolver; SearchStrategy: all) found beans 'defaultViewResolver', 'beanNameViewResolver', 'mvcViewResolver'; @ConditionalOnMissingBean (names: viewResolver types: org.springframework.web.servlet.view.ContentNegotiatingViewResolver; SearchStrategy: all) did not find any beans (OnBeanCondition)

   WebServiceTemplateAutoConfiguration matched:
      - @ConditionalOnClass found required classes 'org.springframework.ws.client.core.WebServiceTemplate', 'org.springframework.oxm.Unmarshaller', 'org.springframework.oxm.Marshaller' (OnClassCondition)

   WebServiceTemplateAutoConfiguration#webServiceTemplateBuilder matched:
      - @ConditionalOnMissingBean (types: org.springframework.boot.webservices.client.WebServiceTemplateBuilder; SearchStrategy: all) did not find any beans (OnBeanCondition)

   WebServicesAutoConfiguration matched:
      - @ConditionalOnClass found required class 'org.springframework.ws.transport.http.MessageDispatcherServlet' (OnClassCondition)
      - found 'session' scope (OnWebApplicationCondition)
      - @ConditionalOnMissingBean (types: org.springframework.ws.config.annotation.WsConfigurationSupport; SearchStrategy: all) did not find any beans (OnBeanCondition)

   WebSocketServletAutoConfiguration matched:
      - @ConditionalOnClass found required classes 'jakarta.servlet.Servlet', 'jakarta.websocket.server.ServerContainer' (OnClassCondition)
      - found 'session' scope (OnWebApplicationCondition)

   WebSocketServletAutoConfiguration.TomcatWebSocketConfiguration matched:
      - @ConditionalOnClass found required classes 'org.apache.catalina.startup.Tomcat', 'org.apache.tomcat.websocket.server.WsSci' (OnClassCondition)

   WebSocketServletAutoConfiguration.TomcatWebSocketConfiguration#websocketServletWebServerCustomizer matched:
      - @ConditionalOnMissingBean (names: websocketServletWebServerCustomizer; SearchStrategy: all) did not find any beans (OnBeanCondition)


Negative matches:
-----------------

   ActiveMQAutoConfiguration:
      Did not match:
         - @ConditionalOnClass did not find required class 'jakarta.jms.ConnectionFactory' (OnClassCondition)

   AopAutoConfiguration.AspectJAutoProxyingConfiguration.JdkDynamicAutoProxyConfiguration:
      Did not match:
         - @ConditionalOnProperty (spring.aop.proxy-target-class=false) did not find property 'proxy-target-class' (OnPropertyCondition)

   AopAutoConfiguration.ClassProxyingConfiguration:
      Did not match:
         - @ConditionalOnMissingClass found unwanted class 'org.aspectj.weaver.Advice' (OnClassCondition)

   ArtemisAutoConfiguration:
      Did not match:
         - @ConditionalOnClass did not find required class 'jakarta.jms.ConnectionFactory' (OnClassCondition)

   BatchAutoConfiguration:
      Did not match:
         - @ConditionalOnClass did not find required class 'org.springframework.batch.core.launch.JobLauncher' (OnClassCondition)

   Cache2kCacheConfiguration:
      Did not match:
         - @ConditionalOnClass did not find required class 'org.cache2k.Cache2kBuilder' (OnClassCondition)

   CacheAutoConfiguration:
      Did not match:
         - @ConditionalOnBean (types: org.springframework.cache.interceptor.CacheAspectSupport; SearchStrategy: all) did not find any beans of type org.springframework.cache.interceptor.CacheAspectSupport (OnBeanCondition)
      Matched:
         - @ConditionalOnClass found required class 'org.springframework.cache.CacheManager' (OnClassCondition)

   CacheAutoConfiguration.CacheManagerEntityManagerFactoryDependsOnPostProcessor:
      Did not match:
         - Ancestor org.springframework.boot.autoconfigure.cache.CacheAutoConfiguration did not match (ConditionEvaluationReport.AncestorsMatchedCondition)
      Matched:
         - @ConditionalOnClass found required class 'org.springframework.orm.jpa.LocalContainerEntityManagerFactoryBean' (OnClassCondition)

   CaffeineCacheConfiguration:
      Did not match:
         - @ConditionalOnClass did not find required class 'com.github.benmanes.caffeine.cache.Caffeine' (OnClassCondition)

   CassandraAutoConfiguration:
      Did not match:
         - @ConditionalOnClass did not find required class 'com.datastax.oss.driver.api.core.CqlSession' (OnClassCondition)

   CassandraDataAutoConfiguration:
      Did not match:
         - @ConditionalOnClass did not find required class 'com.datastax.oss.driver.api.core.CqlSession' (OnClassCondition)

   CassandraReactiveDataAutoConfiguration:
      Did not match:
         - @ConditionalOnClass did not find required class 'com.datastax.oss.driver.api.core.CqlSession' (OnClassCondition)

   CassandraReactiveRepositoriesAutoConfiguration:
      Did not match:
         - @ConditionalOnClass did not find required class 'org.springframework.data.cassandra.ReactiveSession' (OnClassCondition)

   CassandraRepositoriesAutoConfiguration:
      Did not match:
         - @ConditionalOnClass did not find required class 'com.datastax.oss.driver.api.core.CqlSession' (OnClassCondition)

   ClientHttpConnectorAutoConfiguration:
      Did not match:
         - @ConditionalOnClass did not find required class 'org.springframework.web.reactive.function.client.WebClient' (OnClassCondition)

   CodecsAutoConfiguration:
      Did not match:
         - @ConditionalOnClass did not find required class 'org.springframework.web.reactive.function.client.WebClient' (OnClassCondition)

   CouchbaseAutoConfiguration:
      Did not match:
         - @ConditionalOnClass did not find required class 'com.couchbase.client.java.Cluster' (OnClassCondition)

   CouchbaseCacheConfiguration:
      Did not match:
         - @ConditionalOnClass did not find required class 'com.couchbase.client.java.Cluster' (OnClassCondition)

   CouchbaseDataAutoConfiguration:
      Did not match:
         - @ConditionalOnClass did not find required class 'com.couchbase.client.java.Bucket' (OnClassCondition)

   CouchbaseReactiveDataAutoConfiguration:
      Did not match:
         - @ConditionalOnClass did not find required class 'com.couchbase.client.java.Cluster' (OnClassCondition)

   CouchbaseReactiveRepositoriesAutoConfiguration:
      Did not match:
         - @ConditionalOnClass did not find required class 'com.couchbase.client.java.Cluster' (OnClassCondition)

   CouchbaseRepositoriesAutoConfiguration:
      Did not match:
         - @ConditionalOnClass did not find required class 'com.couchbase.client.java.Bucket' (OnClassCondition)

   DataSourceAutoConfiguration.EmbeddedDatabaseConfiguration:
      Did not match:
         - EmbeddedDataSource spring.datasource.url is set (DataSourceAutoConfiguration.EmbeddedDatabaseCondition)

   DataSourceCheckpointRestoreConfiguration:
      Did not match:
         - @ConditionalOnClass did not find required class 'org.crac.Resource' (OnClassCondition)

   DataSourceConfiguration.Dbcp2:
      Did not match:
         - @ConditionalOnClass did not find required class 'org.apache.commons.dbcp2.BasicDataSource' (OnClassCondition)

   DataSourceConfiguration.Generic:
      Did not match:
         - @ConditionalOnProperty (spring.datasource.type) did not find property 'spring.datasource.type' (OnPropertyCondition)

   DataSourceConfiguration.OracleUcp:
      Did not match:
         - @ConditionalOnClass did not find required classes 'oracle.ucp.jdbc.PoolDataSourceImpl', 'oracle.jdbc.OracleConnection' (OnClassCondition)

   DataSourceConfiguration.Tomcat:
      Did not match:
         - @ConditionalOnClass did not find required class 'org.apache.tomcat.jdbc.pool.DataSource' (OnClassCondition)

   DataSourceJmxConfiguration:
      Did not match:
         - @ConditionalOnProperty (spring.jmx.enabled=true) found different value in property 'enabled' (OnPropertyCondition)

   DataSourcePoolMetadataProvidersConfiguration.CommonsDbcp2PoolDataSourceMetadataProviderConfiguration:
      Did not match:
         - @ConditionalOnClass did not find required class 'org.apache.commons.dbcp2.BasicDataSource' (OnClassCondition)

   DataSourcePoolMetadataProvidersConfiguration.OracleUcpPoolDataSourceMetadataProviderConfiguration:
      Did not match:
         - @ConditionalOnClass did not find required classes 'oracle.ucp.jdbc.PoolDataSource', 'oracle.jdbc.OracleConnection' (OnClassCondition)

   DataSourcePoolMetadataProvidersConfiguration.TomcatDataSourcePoolMetadataProviderConfiguration:
      Did not match:
         - @ConditionalOnClass did not find required class 'org.apache.tomcat.jdbc.pool.DataSource' (OnClassCondition)

   DataSourceTransactionManagerAutoConfiguration.JdbcTransactionManagerConfiguration#transactionManager:
      Did not match:
         - @ConditionalOnMissingBean (types: org.springframework.transaction.TransactionManager; SearchStrategy: all) found beans of type 'org.springframework.transaction.TransactionManager' transactionManager (OnBeanCondition)

   DevToolsDataSourceAutoConfiguration:
      Did not match:
         - Devtools devtools is disabled for current context. (OnEnabledDevToolsCondition)
      Matched:
         - @ConditionalOnClass found required class 'javax.sql.DataSource' (OnClassCondition)

   DevToolsR2dbcAutoConfiguration:
      Did not match:
         - @ConditionalOnClass did not find required class 'io.r2dbc.spi.ConnectionFactory' (OnClassCondition)

   DispatcherServletAutoConfiguration.DispatcherServletConfiguration#multipartResolver:
      Did not match:
         - @ConditionalOnBean (types: org.springframework.web.multipart.MultipartResolver; SearchStrategy: all) did not find any beans of type org.springframework.web.multipart.MultipartResolver (OnBeanCondition)

   ElasticsearchClientAutoConfiguration:
      Did not match:
         - @ConditionalOnClass did not find required class 'co.elastic.clients.elasticsearch.ElasticsearchClient' (OnClassCondition)

   ElasticsearchDataAutoConfiguration:
      Did not match:
         - @ConditionalOnClass did not find required class 'org.springframework.data.elasticsearch.client.elc.ElasticsearchTemplate' (OnClassCondition)

   ElasticsearchRepositoriesAutoConfiguration:
      Did not match:
         - @ConditionalOnClass did not find required class 'org.springframework.data.elasticsearch.repository.ElasticsearchRepository' (OnClassCondition)

   ElasticsearchRestClientAutoConfiguration:
      Did not match:
         - @ConditionalOnClass did not find required class 'org.elasticsearch.client.RestClientBuilder' (OnClassCondition)

   EmbeddedLdapAutoConfiguration:
      Did not match:
         - @ConditionalOnClass did not find required class 'com.unboundid.ldap.listener.InMemoryDirectoryServer' (OnClassCondition)

   EmbeddedWebServerFactoryCustomizerAutoConfiguration:
      Did not match:
         - Application is deployed as a WAR file. (OnWarDeploymentCondition)
      Matched:
         - @ConditionalOnWebApplication (required) found 'session' scope (OnWebApplicationCondition)

   ErrorWebFluxAutoConfiguration:
      Did not match:
         - @ConditionalOnClass did not find required class 'org.springframework.web.reactive.config.WebFluxConfigurer' (OnClassCondition)

   FlywayAutoConfiguration:
      Did not match:
         - @ConditionalOnClass did not find required class 'org.flywaydb.core.Flyway' (OnClassCondition)

   FreeMarkerAutoConfiguration:
      Did not match:
         - @ConditionalOnClass did not find required class 'freemarker.template.Configuration' (OnClassCondition)

   GraphQlAutoConfiguration:
      Did not match:
         - @ConditionalOnClass did not find required class 'graphql.GraphQL' (OnClassCondition)

   GraphQlQueryByExampleAutoConfiguration:
      Did not match:
         - @ConditionalOnClass did not find required class 'graphql.GraphQL' (OnClassCondition)

   GraphQlQuerydslAutoConfiguration:
      Did not match:
         - @ConditionalOnClass did not find required class 'com.querydsl.core.Query' (OnClassCondition)

   GraphQlRSocketAutoConfiguration:
      Did not match:
         - @ConditionalOnClass did not find required class 'graphql.GraphQL' (OnClassCondition)

   GraphQlReactiveQueryByExampleAutoConfiguration:
      Did not match:
         - @ConditionalOnClass did not find required class 'graphql.GraphQL' (OnClassCondition)

   GraphQlReactiveQuerydslAutoConfiguration:
      Did not match:
         - @ConditionalOnClass did not find required class 'com.querydsl.core.Query' (OnClassCondition)

   GraphQlWebFluxAutoConfiguration:
      Did not match:
         - @ConditionalOnClass did not find required class 'graphql.GraphQL' (OnClassCondition)

   GraphQlWebFluxSecurityAutoConfiguration:
      Did not match:
         - @ConditionalOnClass did not find required class 'graphql.GraphQL' (OnClassCondition)

   GraphQlWebMvcAutoConfiguration:
      Did not match:
         - @ConditionalOnClass did not find required class 'graphql.GraphQL' (OnClassCondition)

   GraphQlWebMvcSecurityAutoConfiguration:
      Did not match:
         - @ConditionalOnClass did not find required class 'graphql.GraphQL' (OnClassCondition)

   GroovyTemplateAutoConfiguration:
      Did not match:
         - @ConditionalOnClass did not find required class 'groovy.text.markup.MarkupTemplateEngine' (OnClassCondition)

   GsonAutoConfiguration:
      Did not match:
         - @ConditionalOnClass did not find required class 'com.google.gson.Gson' (OnClassCondition)

   GsonHttpMessageConvertersConfiguration:
      Did not match:
         - @ConditionalOnClass did not find required class 'com.google.gson.Gson' (OnClassCondition)

   H2ConsoleAutoConfiguration:
      Did not match:
         - @ConditionalOnProperty (spring.h2.console.enabled=true) did not find property 'enabled' (OnPropertyCondition)
      Matched:
         - @ConditionalOnClass found required class 'org.h2.server.web.JakartaWebServlet' (OnClassCondition)
         - found 'session' scope (OnWebApplicationCondition)

   HazelcastAutoConfiguration:
      Did not match:
         - @ConditionalOnClass did not find required class 'com.hazelcast.core.HazelcastInstance' (OnClassCondition)

   HazelcastCacheConfiguration:
      Did not match:
         - @ConditionalOnClass did not find required class 'com.hazelcast.core.HazelcastInstance' (OnClassCondition)

   HazelcastJpaDependencyAutoConfiguration:
      Did not match:
         - @ConditionalOnClass did not find required class 'com.hazelcast.core.HazelcastInstance' (OnClassCondition)

   HttpHandlerAutoConfiguration:
      Did not match:
         - @ConditionalOnClass did not find required class 'org.springframework.web.reactive.DispatcherHandler' (OnClassCondition)

   HypermediaAutoConfiguration:
      Did not match:
         - @ConditionalOnClass did not find required class 'org.springframework.hateoas.EntityModel' (OnClassCondition)

   InfinispanCacheConfiguration:
      Did not match:
         - @ConditionalOnClass did not find required class 'org.infinispan.spring.embedded.provider.SpringEmbeddedCacheManager' (OnClassCondition)

   InfluxDbAutoConfiguration:
      Did not match:
         - @ConditionalOnClass did not find required class 'org.influxdb.InfluxDB' (OnClassCondition)

   IntegrationAutoConfiguration:
      Did not match:
         - @ConditionalOnClass did not find required class 'org.springframework.integration.config.EnableIntegration' (OnClassCondition)

   JCacheCacheConfiguration:
      Did not match:
         - @ConditionalOnClass did not find required class 'javax.cache.Caching' (OnClassCondition)

   JacksonHttpMessageConvertersConfiguration.MappingJackson2XmlHttpMessageConverterConfiguration:
      Did not match:
         - @ConditionalOnClass did not find required class 'com.fasterxml.jackson.dataformat.xml.XmlMapper' (OnClassCondition)

   JerseyAutoConfiguration:
      Did not match:
         - @ConditionalOnClass did not find required class 'org.glassfish.jersey.server.spring.SpringComponentProvider' (OnClassCondition)

   JmsAutoConfiguration:
      Did not match:
         - @ConditionalOnClass did not find required class 'jakarta.jms.Message' (OnClassCondition)

   JmxAutoConfiguration:
      Did not match:
         - @ConditionalOnProperty (spring.jmx.enabled=true) found different value in property 'enabled' (OnPropertyCondition)
      Matched:
         - @ConditionalOnClass found required class 'org.springframework.jmx.export.MBeanExporter' (OnClassCondition)

   JndiConnectionFactoryAutoConfiguration:
      Did not match:
         - @ConditionalOnClass did not find required class 'org.springframework.jms.core.JmsTemplate' (OnClassCondition)

   JndiDataSourceAutoConfiguration:
      Did not match:
         - @ConditionalOnProperty (spring.datasource.jndi-name) did not find property 'jndi-name' (OnPropertyCondition)
      Matched:
         - @ConditionalOnClass found required classes 'javax.sql.DataSource', 'org.springframework.jdbc.datasource.embedded.EmbeddedDatabaseType' (OnClassCondition)

   JndiJtaConfiguration:
      Did not match:
         - @ConditionalOnJndi JNDI environment is not available (OnJndiCondition)
      Matched:
         - @ConditionalOnClass found required class 'org.springframework.transaction.jta.JtaTransactionManager' (OnClassCondition)

   JooqAutoConfiguration:
      Did not match:
         - @ConditionalOnClass did not find required class 'org.jooq.DSLContext' (OnClassCondition)

   JpaRepositoriesAutoConfiguration#entityManagerFactoryBootstrapExecutorCustomizer:
      Did not match:
         - AnyNestedCondition 0 matched 2 did not; NestedCondition on JpaRepositoriesAutoConfiguration.BootstrapExecutorCondition.LazyBootstrapMode @ConditionalOnProperty (spring.data.jpa.repositories.bootstrap-mode=lazy) did not find property 'bootstrap-mode'; NestedCondition on JpaRepositoriesAutoConfiguration.BootstrapExecutorCondition.DeferredBootstrapMode @ConditionalOnProperty (spring.data.jpa.repositories.bootstrap-mode=deferred) did not find property 'bootstrap-mode' (JpaRepositoriesAutoConfiguration.BootstrapExecutorCondition)

   JsonbAutoConfiguration:
      Did not match:
         - @ConditionalOnClass did not find required class 'jakarta.json.bind.Jsonb' (OnClassCondition)

   JsonbHttpMessageConvertersConfiguration:
      Did not match:
         - @ConditionalOnClass did not find required class 'jakarta.json.bind.Jsonb' (OnClassCondition)

   KafkaAutoConfiguration:
      Did not match:
         - @ConditionalOnClass did not find required class 'org.springframework.kafka.core.KafkaTemplate' (OnClassCondition)

   LdapAutoConfiguration:
      Did not match:
         - @ConditionalOnClass did not find required class 'org.springframework.ldap.core.ContextSource' (OnClassCondition)

   LdapRepositoriesAutoConfiguration:
      Did not match:
         - @ConditionalOnClass did not find required class 'org.springframework.data.ldap.repository.LdapRepository' (OnClassCondition)

   LiquibaseAutoConfiguration:
      Did not match:
         - @ConditionalOnClass did not find required class 'liquibase.change.DatabaseChange' (OnClassCondition)

   LocalDevToolsAutoConfiguration:
      Did not match:
         - Initialized Restarter Condition initialized without URLs (OnInitializedRestarterCondition)

   MailSenderAutoConfiguration:
      Did not match:
         - @ConditionalOnClass did not find required class 'jakarta.mail.internet.MimeMessage' (OnClassCondition)

   MailSenderValidatorAutoConfiguration:
      Did not match:
         - @ConditionalOnSingleCandidate did not find required type 'org.springframework.mail.javamail.JavaMailSenderImpl' (OnBeanCondition)

   MessageSourceAutoConfiguration:
      Did not match:
         - ResourceBundle did not find bundle with basename messages (MessageSourceAutoConfiguration.ResourceBundleCondition)

   MockMvcAutoConfiguration#dispatcherServlet:
      Did not match:
         - @ConditionalOnMissingBean (types: org.springframework.web.servlet.DispatcherServlet; SearchStrategy: all) found beans of type 'org.springframework.web.servlet.DispatcherServlet' dispatcherServlet (OnBeanCondition)

   MockMvcAutoConfiguration#dispatcherServletPath:
      Did not match:
         - @ConditionalOnMissingBean (types: org.springframework.boot.autoconfigure.web.servlet.DispatcherServletPath; SearchStrategy: all) found beans of type 'org.springframework.boot.autoconfigure.web.servlet.DispatcherServletPath' dispatcherServletRegistration (OnBeanCondition)

   MockMvcAutoConfiguration.WebTestClientMockMvcConfiguration:
      Did not match:
         - @ConditionalOnClass did not find required class 'org.springframework.web.reactive.function.client.WebClient' (OnClassCondition)

   MockMvcSecurityConfiguration:
      Did not match:
         - @ConditionalOnClass did not find required class 'org.springframework.security.test.web.servlet.request.SecurityMockMvcRequestPostProcessors' (OnClassCondition)

   MockMvcWebClientAutoConfiguration:
      Did not match:
         - @ConditionalOnClass did not find required class 'com.gargoylesoftware.htmlunit.WebClient' (OnClassCondition)

   MockMvcWebDriverAutoConfiguration:
      Did not match:
         - @ConditionalOnClass did not find required class 'org.openqa.selenium.htmlunit.HtmlUnitDriver' (OnClassCondition)

   MongoAutoConfiguration:
      Did not match:
         - @ConditionalOnClass did not find required class 'com.mongodb.client.MongoClient' (OnClassCondition)

   MongoDataAutoConfiguration:
      Did not match:
         - @ConditionalOnClass did not find required class 'com.mongodb.client.MongoClient' (OnClassCondition)

   MongoReactiveAutoConfiguration:
      Did not match:
         - @ConditionalOnClass did not find required class 'com.mongodb.reactivestreams.client.MongoClient' (OnClassCondition)

   MongoReactiveDataAutoConfiguration:
      Did not match:
         - @ConditionalOnClass did not find required class 'com.mongodb.reactivestreams.client.MongoClient' (OnClassCondition)

   MongoReactiveRepositoriesAutoConfiguration:
      Did not match:
         - @ConditionalOnClass did not find required class 'com.mongodb.reactivestreams.client.MongoClient' (OnClassCondition)

   MongoRepositoriesAutoConfiguration:
      Did not match:
         - @ConditionalOnClass did not find required class 'com.mongodb.client.MongoClient' (OnClassCondition)

   MustacheAutoConfiguration:
      Did not match:
         - @ConditionalOnClass did not find required class 'com.samskivert.mustache.Mustache' (OnClassCondition)

   Neo4jAutoConfiguration:
      Did not match:
         - @ConditionalOnClass did not find required class 'org.neo4j.driver.Driver' (OnClassCondition)

   Neo4jDataAutoConfiguration:
      Did not match:
         - @ConditionalOnClass did not find required class 'org.neo4j.driver.Driver' (OnClassCondition)

   Neo4jReactiveDataAutoConfiguration:
      Did not match:
         - @ConditionalOnClass did not find required class 'org.neo4j.driver.Driver' (OnClassCondition)

   Neo4jReactiveRepositoriesAutoConfiguration:
      Did not match:
         - @ConditionalOnClass did not find required class 'org.neo4j.driver.Driver' (OnClassCondition)

   Neo4jRepositoriesAutoConfiguration:
      Did not match:
         - @ConditionalOnClass did not find required class 'org.neo4j.driver.Driver' (OnClassCondition)

   NettyAutoConfiguration:
      Did not match:
         - @ConditionalOnClass did not find required class 'io.netty.util.NettyRuntime' (OnClassCondition)

   OAuth2AuthorizationServerAutoConfiguration:
      Did not match:
         - @ConditionalOnClass did not find required class 'org.springframework.security.oauth2.server.authorization.OAuth2Authorization' (OnClassCondition)

   OAuth2AuthorizationServerJwtAutoConfiguration:
      Did not match:
         - @ConditionalOnClass did not find required class 'org.springframework.security.oauth2.server.authorization.OAuth2Authorization' (OnClassCondition)

   OAuth2ClientAutoConfiguration:
      Did not match:
         - @ConditionalOnClass did not find required class 'org.springframework.security.config.annotation.web.configuration.EnableWebSecurity' (OnClassCondition)

   OAuth2ResourceServerAutoConfiguration:
      Did not match:
         - @ConditionalOnClass did not find required class 'org.springframework.security.oauth2.server.resource.authentication.BearerTokenAuthenticationToken' (OnClassCondition)

   ProjectInfoAutoConfiguration#buildProperties:
      Did not match:
         - @ConditionalOnResource did not find resource '${spring.info.build.location:classpath:META-INF/build-info.properties}' (OnResourceCondition)

   ProjectInfoAutoConfiguration#gitProperties:
      Did not match:
         - GitResource did not find git info at classpath:git.properties (ProjectInfoAutoConfiguration.GitResourceAvailableCondition)

   PulsarAutoConfiguration:
      Did not match:
         - @ConditionalOnClass did not find required class 'org.apache.pulsar.client.api.PulsarClient' (OnClassCondition)

   PulsarReactiveAutoConfiguration:
      Did not match:
         - @ConditionalOnClass did not find required class 'org.apache.pulsar.client.api.PulsarClient' (OnClassCondition)

   QuartzAutoConfiguration:
      Did not match:
         - @ConditionalOnClass did not find required class 'org.quartz.Scheduler' (OnClassCondition)

   R2dbcAutoConfiguration:
      Did not match:
         - @ConditionalOnClass did not find required class 'io.r2dbc.spi.ConnectionFactory' (OnClassCondition)

   R2dbcDataAutoConfiguration:
      Did not match:
         - @ConditionalOnClass did not find required class 'org.springframework.data.r2dbc.core.R2dbcEntityTemplate' (OnClassCondition)

   R2dbcInitializationConfiguration:
      Did not match:
         - @ConditionalOnClass did not find required classes 'io.r2dbc.spi.ConnectionFactory', 'org.springframework.r2dbc.connection.init.DatabasePopulator' (OnClassCondition)

   R2dbcRepositoriesAutoConfiguration:
      Did not match:
         - @ConditionalOnClass did not find required class 'io.r2dbc.spi.ConnectionFactory' (OnClassCondition)

   R2dbcTransactionManagerAutoConfiguration:
      Did not match:
         - @ConditionalOnClass did not find required class 'org.springframework.r2dbc.connection.R2dbcTransactionManager' (OnClassCondition)

   RSocketGraphQlClientAutoConfiguration:
      Did not match:
         - @ConditionalOnClass did not find required class 'graphql.GraphQL' (OnClassCondition)

   RSocketMessagingAutoConfiguration:
      Did not match:
         - @ConditionalOnClass did not find required class 'io.rsocket.RSocket' (OnClassCondition)

   RSocketRequesterAutoConfiguration:
      Did not match:
         - @ConditionalOnClass did not find required class 'io.rsocket.RSocket' (OnClassCondition)

   RSocketSecurityAutoConfiguration:
      Did not match:
         - @ConditionalOnClass did not find required class 'org.springframework.security.rsocket.core.SecuritySocketAcceptorInterceptor' (OnClassCondition)

   RSocketServerAutoConfiguration:
      Did not match:
         - @ConditionalOnClass did not find required class 'io.rsocket.core.RSocketServer' (OnClassCondition)

   RSocketStrategiesAutoConfiguration:
      Did not match:
         - @ConditionalOnClass did not find required class 'io.netty.buffer.PooledByteBufAllocator' (OnClassCondition)

   RabbitAutoConfiguration:
      Did not match:
         - @ConditionalOnClass did not find required class 'com.rabbitmq.client.Channel' (OnClassCondition)

   ReactiveElasticsearchClientAutoConfiguration:
      Did not match:
         - @ConditionalOnClass did not find required class 'co.elastic.clients.transport.ElasticsearchTransport' (OnClassCondition)

   ReactiveElasticsearchRepositoriesAutoConfiguration:
      Did not match:
         - @ConditionalOnClass did not find required class 'org.springframework.data.elasticsearch.client.elc.ReactiveElasticsearchClient' (OnClassCondition)

   ReactiveMultipartAutoConfiguration:
      Did not match:
         - @ConditionalOnClass did not find required class 'org.springframework.web.reactive.config.WebFluxConfigurer' (OnClassCondition)

   ReactiveOAuth2ClientAutoConfiguration:
      Did not match:
         - @ConditionalOnClass did not find required class 'reactor.core.publisher.Flux' (OnClassCondition)

   ReactiveOAuth2ResourceServerAutoConfiguration:
      Did not match:
         - @ConditionalOnClass did not find required class 'org.springframework.security.config.annotation.web.reactive.EnableWebFluxSecurity' (OnClassCondition)

   ReactiveSecurityAutoConfiguration:
      Did not match:
         - @ConditionalOnClass did not find required class 'reactor.core.publisher.Flux' (OnClassCondition)

   ReactiveUserDetailsServiceAutoConfiguration:
      Did not match:
         - @ConditionalOnClass did not find required class 'org.springframework.security.authentication.ReactiveAuthenticationManager' (OnClassCondition)

   ReactiveWebServerFactoryAutoConfiguration:
      Did not match:
         - @ConditionalOnWebApplication did not find reactive web application classes (OnWebApplicationCondition)

   ReactorAutoConfiguration:
      Did not match:
         - @ConditionalOnClass did not find required class 'reactor.core.publisher.Hooks' (OnClassCondition)

   RedisAutoConfiguration:
      Did not match:
         - @ConditionalOnClass did not find required class 'org.springframework.data.redis.core.RedisOperations' (OnClassCondition)

   RedisCacheConfiguration:
      Did not match:
         - @ConditionalOnClass did not find required class 'org.springframework.data.redis.connection.RedisConnectionFactory' (OnClassCondition)

   RedisReactiveAutoConfiguration:
      Did not match:
         - @ConditionalOnClass did not find required class 'reactor.core.publisher.Flux' (OnClassCondition)

   RedisRepositoriesAutoConfiguration:
      Did not match:
         - @ConditionalOnClass did not find required class 'org.springframework.data.redis.repository.configuration.EnableRedisRepositories' (OnClassCondition)

   RemoteDevToolsAutoConfiguration:
      Did not match:
         - @ConditionalOnProperty (spring.devtools.remote.secret) did not find property 'secret' (OnPropertyCondition)
      Matched:
         - @ConditionalOnClass found required classes 'jakarta.servlet.Filter', 'org.springframework.http.server.ServerHttpRequest' (OnClassCondition)

   RepositoryRestMvcAutoConfiguration:
      Did not match:
         - @ConditionalOnClass did not find required class 'org.springframework.data.rest.webmvc.config.RepositoryRestMvcConfiguration' (OnClassCondition)

   Saml2RelyingPartyAutoConfiguration:
      Did not match:
         - @ConditionalOnClass did not find required class 'org.springframework.security.saml2.provider.service.registration.RelyingPartyRegistrationRepository' (OnClassCondition)

   SecurityAutoConfiguration:
      Did not match:
         - @ConditionalOnClass did not find required class 'org.springframework.security.authentication.DefaultAuthenticationEventPublisher' (OnClassCondition)

   SecurityFilterAutoConfiguration:
      Did not match:
         - @ConditionalOnClass did not find required class 'org.springframework.security.config.http.SessionCreationPolicy' (OnClassCondition)

   SendGridAutoConfiguration:
      Did not match:
         - @ConditionalOnClass did not find required class 'com.sendgrid.SendGrid' (OnClassCondition)

   ServletWebServerFactoryAutoConfiguration.ForwardedHeaderFilterConfiguration:
      Did not match:
         - @ConditionalOnProperty (server.forward-headers-strategy=framework) did not find property 'server.forward-headers-strategy' (OnPropertyCondition)

   ServletWebServerFactoryConfiguration.EmbeddedJetty:
      Did not match:
         - @ConditionalOnClass did not find required classes 'org.eclipse.jetty.server.Server', 'org.eclipse.jetty.util.Loader', 'org.eclipse.jetty.ee10.webapp.WebAppContext' (OnClassCondition)

   ServletWebServerFactoryConfiguration.EmbeddedUndertow:
      Did not match:
         - @ConditionalOnClass did not find required classes 'io.undertow.Undertow', 'org.xnio.SslClientAuthMode' (OnClassCondition)

   SessionAutoConfiguration:
      Did not match:
         - @ConditionalOnClass did not find required class 'org.springframework.session.Session' (OnClassCondition)

   SpringApplicationAdminJmxAutoConfiguration:
      Did not match:
         - @ConditionalOnProperty (spring.application.admin.enabled=true) did not find property 'enabled' (OnPropertyCondition)

   TaskExecutorConfigurations.SimpleAsyncTaskExecutorBuilderConfiguration#simpleAsyncTaskExecutorBuilderVirtualThreads:
      Did not match:
         - @ConditionalOnMissingBean (types: org.springframework.boot.task.SimpleAsyncTaskExecutorBuilder; SearchStrategy: all) found beans of type 'org.springframework.boot.task.SimpleAsyncTaskExecutorBuilder' simpleAsyncTaskExecutorBuilder (OnBeanCondition)

   TaskExecutorConfigurations.TaskExecutorConfiguration#applicationTaskExecutorVirtualThreads:
      Did not match:
         - @ConditionalOnThreading did not find VIRTUAL (OnThreadingCondition)

   TaskSchedulingAutoConfiguration#scheduledBeanLazyInitializationExcludeFilter:
      Did not match:
         - @ConditionalOnBean (names: org.springframework.context.annotation.internalScheduledAnnotationProcessor; SearchStrategy: all) did not find any beans named org.springframework.context.annotation.internalScheduledAnnotationProcessor (OnBeanCondition)

   TaskSchedulingConfigurations.SimpleAsyncTaskSchedulerBuilderConfiguration#simpleAsyncTaskSchedulerBuilderVirtualThreads:
      Did not match:
         - @ConditionalOnMissingBean (types: org.springframework.boot.task.SimpleAsyncTaskSchedulerBuilder; SearchStrategy: all) found beans of type 'org.springframework.boot.task.SimpleAsyncTaskSchedulerBuilder' simpleAsyncTaskSchedulerBuilder (OnBeanCondition)

   TaskSchedulingConfigurations.TaskSchedulerConfiguration:
      Did not match:
         - @ConditionalOnBean (names: org.springframework.context.annotation.internalScheduledAnnotationProcessor; SearchStrategy: all) did not find any beans named org.springframework.context.annotation.internalScheduledAnnotationProcessor (OnBeanCondition)

   ThymeleafAutoConfiguration:
      Did not match:
         - @ConditionalOnClass did not find required class 'org.thymeleaf.spring6.SpringTemplateEngine' (OnClassCondition)

   TransactionAutoConfiguration#transactionalOperator:
      Did not match:
         - @ConditionalOnSingleCandidate (types: org.springframework.transaction.ReactiveTransactionManager; SearchStrategy: all) did not find any beans (OnBeanCondition)

   TransactionAutoConfiguration.AspectJTransactionManagementConfiguration:
      Did not match:
         - @ConditionalOnBean (types: org.springframework.transaction.aspectj.AbstractTransactionAspect; SearchStrategy: all) did not find any beans of type org.springframework.transaction.aspectj.AbstractTransactionAspect (OnBeanCondition)

   TransactionAutoConfiguration.EnableTransactionManagementConfiguration.JdkDynamicAutoProxyConfiguration:
      Did not match:
         - @ConditionalOnProperty (spring.aop.proxy-target-class=false) did not find property 'proxy-target-class' (OnPropertyCondition)

   UserDetailsServiceAutoConfiguration:
      Did not match:
         - @ConditionalOnClass did not find required class 'org.springframework.security.authentication.AuthenticationManager' (OnClassCondition)

   ValidationAutoConfiguration:
      Did not match:
         - @ConditionalOnClass did not find required class 'jakarta.validation.executable.ExecutableValidator' (OnClassCondition)

   WebClientAutoConfiguration:
      Did not match:
         - @ConditionalOnClass did not find required class 'org.springframework.web.reactive.function.client.WebClient' (OnClassCondition)

   WebFluxAutoConfiguration:
      Did not match:
         - @ConditionalOnClass did not find required class 'org.springframework.web.reactive.config.WebFluxConfigurer' (OnClassCondition)

   WebMvcAutoConfiguration#hiddenHttpMethodFilter:
      Did not match:
         - @ConditionalOnProperty (spring.mvc.hiddenmethod.filter.enabled) did not find property 'enabled' (OnPropertyCondition)

   WebMvcAutoConfiguration.ProblemDetailsErrorHandlingConfiguration:
      Did not match:
         - @ConditionalOnProperty (spring.mvc.problemdetails.enabled=true) did not find property 'enabled' (OnPropertyCondition)

   WebMvcAutoConfiguration.ResourceChainCustomizerConfiguration:
      Did not match:
         - @ConditionalOnEnabledResourceChain did not find class org.webjars.WebJarAssetLocator (OnEnabledResourceChainCondition)

   WebMvcAutoConfiguration.WebMvcAutoConfigurationAdapter#beanNameViewResolver:
      Did not match:
         - @ConditionalOnMissingBean (types: org.springframework.web.servlet.view.BeanNameViewResolver; SearchStrategy: all) found beans of type 'org.springframework.web.servlet.view.BeanNameViewResolver' beanNameViewResolver (OnBeanCondition)

   WebServicesAutoConfiguration#wsdlDefinitionBeanFactoryPostProcessor:
      Did not match:
         - WSDL locations did not find property spring.webservices.wsdl-locations (OnWsdlLocationsCondition)

   WebSessionIdResolverAutoConfiguration:
      Did not match:
         - @ConditionalOnClass did not find required class 'reactor.core.publisher.Mono' (OnClassCondition)

   WebSocketMessagingAutoConfiguration:
      Did not match:
         - @ConditionalOnClass did not find required class 'org.springframework.web.socket.config.annotation.WebSocketMessageBrokerConfigurer' (OnClassCondition)

   WebSocketReactiveAutoConfiguration:
      Did not match:
         - @ConditionalOnWebApplication did not find reactive web application classes (OnWebApplicationCondition)

   WebSocketServletAutoConfiguration.JettyWebSocketConfiguration:
      Did not match:
         - @ConditionalOnClass did not find required class 'org.eclipse.jetty.ee10.websocket.jakarta.server.config.JakartaWebSocketServletContainerInitializer' (OnClassCondition)

   WebSocketServletAutoConfiguration.UndertowWebSocketConfiguration:
      Did not match:
         - @ConditionalOnClass did not find required class 'io.undertow.websockets.jsr.Bootstrap' (OnClassCondition)

   WebTestClientAutoConfiguration:
      Did not match:
         - @ConditionalOnClass did not find required class 'org.springframework.web.reactive.function.client.WebClient' (OnClassCondition)

   XADataSourceAutoConfiguration:
      Did not match:
         - @ConditionalOnBean (types: org.springframework.boot.jdbc.XADataSourceWrapper; SearchStrategy: all) did not find any beans of type org.springframework.boot.jdbc.XADataSourceWrapper (OnBeanCondition)
      Matched:
         - @ConditionalOnClass found required classes 'javax.sql.DataSource', 'jakarta.transaction.TransactionManager', 'org.springframework.jdbc.datasource.embedded.EmbeddedDatabaseType' (OnClassCondition)


Exclusions:
-----------

    None


Unconditional classes:
----------------------

    org.springframework.boot.autoconfigure.context.ConfigurationPropertiesAutoConfiguration

    org.springframework.boot.autoconfigure.ssl.SslAutoConfiguration

    org.springframework.boot.autoconfigure.context.PropertyPlaceholderAutoConfiguration

    org.springframework.boot.autoconfigure.context.LifecycleAutoConfiguration

    org.springframework.boot.autoconfigure.availability.ApplicationAvailabilityAutoConfiguration

    org.springframework.boot.autoconfigure.info.ProjectInfoAutoConfiguration



2024-08-03T22:29:00.199-05:00  INFO 26535 --- [PruebaT] [           main] e.P.t.i.AccountControllerIntegrationTest : Started AccountControllerIntegrationTest in 2.556 seconds (process running for 3.045)
2024-08-03T22:29:00.199-05:00 DEBUG 26535 --- [PruebaT] [           main] o.s.b.a.ApplicationAvailabilityBean      : Application availability state LivenessState changed to CORRECT
2024-08-03T22:29:00.201-05:00 DEBUG 26535 --- [PruebaT] [           main] o.s.boot.devtools.restart.Restarter      : Creating new Restarter for thread Thread[#1,main,5,main]
2024-08-03T22:29:00.201-05:00 DEBUG 26535 --- [PruebaT] [           main] o.s.b.a.ApplicationAvailabilityBean      : Application availability state ReadinessState changed to ACCEPTING_TRAFFIC
2024-08-03T22:29:00.202-05:00 DEBUG 26535 --- [PruebaT] [           main] org.springframework.test.context.cache   : Spring test ApplicationContext cache statistics: [DefaultContextCache@716a6343 size = 1, maxSize = 32, parentContextCount = 0, hitCount = 0, missCount = 1, failureCount = 0]
2024-08-03T22:29:00.202-05:00 DEBUG 26535 --- [PruebaT] [           main] o.s.t.c.w.ServletTestExecutionListener   : Setting up MockHttpServletRequest, MockHttpServletResponse, ServletWebRequest, and RequestContextHolder for test class com.example.PruebaT.test.integration.AccountControllerIntegrationTest
2024-08-03T22:29:00.208-05:00 DEBUG 26535 --- [PruebaT] [           main] DependencyInjectionTestExecutionListener : Performing dependency injection for test class com.example.PruebaT.test.integration.AccountControllerIntegrationTest
2024-08-03T22:29:00.209-05:00 DEBUG 26535 --- [PruebaT] [           main] org.springframework.test.context.cache   : Spring test ApplicationContext cache statistics: [DefaultContextCache@716a6343 size = 1, maxSize = 32, parentContextCount = 0, hitCount = 1, missCount = 1, failureCount = 0]
2024-08-03T22:29:00.210-05:00 DEBUG 26535 --- [PruebaT] [           main] org.springframework.test.context.cache   : Spring test ApplicationContext cache statistics: [DefaultContextCache@716a6343 size = 1, maxSize = 32, parentContextCount = 0, hitCount = 2, missCount = 1, failureCount = 0]
2024-08-03T22:29:00.215-05:00 DEBUG 26535 --- [PruebaT] [           main] sContextBeforeModesTestExecutionListener : Before test method: class [AccountControllerIntegrationTest], method [testCreateAccount], class annotated with @DirtiesContext [false] with mode [null], method annotated with @DirtiesContext [false] with mode [null]
2024-08-03T22:29:00.216-05:00 DEBUG 26535 --- [PruebaT] [           main] org.springframework.test.context.cache   : Spring test ApplicationContext cache statistics: [DefaultContextCache@716a6343 size = 1, maxSize = 32, parentContextCount = 0, hitCount = 3, missCount = 1, failureCount = 0]
2024-08-03T22:29:00.216-05:00 DEBUG 26535 --- [PruebaT] [           main] org.springframework.test.context.cache   : Spring test ApplicationContext cache statistics: [DefaultContextCache@716a6343 size = 1, maxSize = 32, parentContextCount = 0, hitCount = 4, missCount = 1, failureCount = 0]
2024-08-03T22:29:00.240-05:00 DEBUG 26535 --- [PruebaT] [           main] java.lang.ProcessBuilder                 : ProcessBuilder.start(): pid: 26537, dir: null, cmd: "/opt/homebrew/Cellar/openjdk/22.0.2/libexec/openjdk.jdk/Contents/Home/bin/java"

java.lang.RuntimeException: ProcessBuilder.start() debug
	at java.base/java.lang.ProcessBuilder.start(ProcessBuilder.java:1147) ~[na:na]
	at java.base/java.lang.ProcessBuilder.start(ProcessBuilder.java:1089) ~[na:na]
	at net.bytebuddy.agent.ByteBuddyAgent.installExternal(ByteBuddyAgent.java:673) ~[byte-buddy-agent-1.14.18.jar:na]
	at net.bytebuddy.agent.ByteBuddyAgent.install(ByteBuddyAgent.java:604) ~[byte-buddy-agent-1.14.18.jar:na]
	at net.bytebuddy.agent.ByteBuddyAgent.install(ByteBuddyAgent.java:584) ~[byte-buddy-agent-1.14.18.jar:na]
	at net.bytebuddy.agent.ByteBuddyAgent.install(ByteBuddyAgent.java:536) ~[byte-buddy-agent-1.14.18.jar:na]
	at net.bytebuddy.agent.ByteBuddyAgent.install(ByteBuddyAgent.java:513) ~[byte-buddy-agent-1.14.18.jar:na]
	at org.mockito.internal.creation.bytebuddy.InlineDelegateByteBuddyMockMaker.<clinit>(InlineDelegateByteBuddyMockMaker.java:133) ~[mockito-core-5.11.0.jar:na]
	at org.mockito.internal.creation.bytebuddy.InlineByteBuddyMockMaker.<init>(InlineByteBuddyMockMaker.java:23) ~[mockito-core-5.11.0.jar:na]
	at java.base/jdk.internal.reflect.DirectConstructorHandleAccessor.newInstance(DirectConstructorHandleAccessor.java:62) ~[na:na]
	at java.base/java.lang.reflect.Constructor.newInstanceWithCaller(Constructor.java:502) ~[na:na]
	at java.base/java.lang.reflect.Constructor.newInstance(Constructor.java:486) ~[na:na]
	at org.mockito.internal.configuration.plugins.DefaultMockitoPlugins.create(DefaultMockitoPlugins.java:103) ~[mockito-core-5.11.0.jar:na]
	at org.mockito.internal.configuration.plugins.DefaultMockitoPlugins.getDefaultPlugin(DefaultMockitoPlugins.java:79) ~[mockito-core-5.11.0.jar:na]
	at org.mockito.internal.configuration.plugins.PluginLoader.loadPlugin(PluginLoader.java:75) ~[mockito-core-5.11.0.jar:na]
	at org.mockito.internal.configuration.plugins.PluginLoader.loadPlugin(PluginLoader.java:49) ~[mockito-core-5.11.0.jar:na]
	at org.mockito.internal.configuration.plugins.PluginRegistry.<init>(PluginRegistry.java:29) ~[mockito-core-5.11.0.jar:na]
	at org.mockito.internal.configuration.plugins.Plugins.<clinit>(Plugins.java:26) ~[mockito-core-5.11.0.jar:na]
	at org.mockito.internal.MockitoCore.<clinit>(MockitoCore.java:71) ~[mockito-core-5.11.0.jar:na]
	at org.mockito.Mockito.<clinit>(Mockito.java:1683) ~[mockito-core-5.11.0.jar:na]
	at org.springframework.boot.test.mock.mockito.MockReset.get(MockReset.java:105) ~[spring-boot-test-3.3.2.jar:3.3.2]
	at org.springframework.boot.test.mock.mockito.ResetMocksTestExecutionListener.resetMocks(ResetMocksTestExecutionListener.java:85) ~[spring-boot-test-3.3.2.jar:3.3.2]
	at org.springframework.boot.test.mock.mockito.ResetMocksTestExecutionListener.resetMocks(ResetMocksTestExecutionListener.java:73) ~[spring-boot-test-3.3.2.jar:3.3.2]
	at org.springframework.boot.test.mock.mockito.ResetMocksTestExecutionListener.beforeTestMethod(ResetMocksTestExecutionListener.java:60) ~[spring-boot-test-3.3.2.jar:3.3.2]
	at org.springframework.test.context.TestContextManager.beforeTestMethod(TestContextManager.java:320) ~[spring-test-6.1.11.jar:6.1.11]
	at org.springframework.test.context.junit.jupiter.SpringExtension.beforeEach(SpringExtension.java:240) ~[spring-test-6.1.11.jar:6.1.11]
	at org.junit.jupiter.engine.descriptor.TestMethodTestDescriptor.lambda$invokeBeforeEachCallbacks$2(TestMethodTestDescriptor.java:167) ~[junit-jupiter-engine-5.10.3.jar:5.10.3]
	at org.junit.jupiter.engine.descriptor.TestMethodTestDescriptor.lambda$invokeBeforeMethodsOrCallbacksUntilExceptionOccurs$6(TestMethodTestDescriptor.java:203) ~[junit-jupiter-engine-5.10.3.jar:5.10.3]
	at org.junit.platform.engine.support.hierarchical.ThrowableCollector.execute(ThrowableCollector.java:73) ~[junit-platform-engine-1.10.3.jar:1.10.3]
	at org.junit.jupiter.engine.descriptor.TestMethodTestDescriptor.invokeBeforeMethodsOrCallbacksUntilExceptionOccurs(TestMethodTestDescriptor.java:203) ~[junit-jupiter-engine-5.10.3.jar:5.10.3]
	at org.junit.jupiter.engine.descriptor.TestMethodTestDescriptor.invokeBeforeEachCallbacks(TestMethodTestDescriptor.java:166) ~[junit-jupiter-engine-5.10.3.jar:5.10.3]
	at org.junit.jupiter.engine.descriptor.TestMethodTestDescriptor.execute(TestMethodTestDescriptor.java:133) ~[junit-jupiter-engine-5.10.3.jar:5.10.3]
	at org.junit.jupiter.engine.descriptor.TestMethodTestDescriptor.execute(TestMethodTestDescriptor.java:69) ~[junit-jupiter-engine-5.10.3.jar:5.10.3]
	at org.junit.platform.engine.support.hierarchical.NodeTestTask.lambda$executeRecursively$6(NodeTestTask.java:151) ~[junit-platform-engine-1.10.3.jar:1.10.3]
	at org.junit.platform.engine.support.hierarchical.ThrowableCollector.execute(ThrowableCollector.java:73) ~[junit-platform-engine-1.10.3.jar:1.10.3]
	at org.junit.platform.engine.support.hierarchical.NodeTestTask.lambda$executeRecursively$8(NodeTestTask.java:141) ~[junit-platform-engine-1.10.3.jar:1.10.3]
	at org.junit.platform.engine.support.hierarchical.Node.around(Node.java:137) ~[junit-platform-engine-1.10.3.jar:1.10.3]
	at org.junit.platform.engine.support.hierarchical.NodeTestTask.lambda$executeRecursively$9(NodeTestTask.java:139) ~[junit-platform-engine-1.10.3.jar:1.10.3]
	at org.junit.platform.engine.support.hierarchical.ThrowableCollector.execute(ThrowableCollector.java:73) ~[junit-platform-engine-1.10.3.jar:1.10.3]
	at org.junit.platform.engine.support.hierarchical.NodeTestTask.executeRecursively(NodeTestTask.java:138) ~[junit-platform-engine-1.10.3.jar:1.10.3]
	at org.junit.platform.engine.support.hierarchical.NodeTestTask.execute(NodeTestTask.java:95) ~[junit-platform-engine-1.10.3.jar:1.10.3]
	at java.base/java.util.ArrayList.forEach(ArrayList.java:1597) ~[na:na]
	at org.junit.platform.engine.support.hierarchical.SameThreadHierarchicalTestExecutorService.invokeAll(SameThreadHierarchicalTestExecutorService.java:41) ~[junit-platform-engine-1.10.3.jar:1.10.3]
	at org.junit.platform.engine.support.hierarchical.NodeTestTask.lambda$executeRecursively$6(NodeTestTask.java:155) ~[junit-platform-engine-1.10.3.jar:1.10.3]
	at org.junit.platform.engine.support.hierarchical.ThrowableCollector.execute(ThrowableCollector.java:73) ~[junit-platform-engine-1.10.3.jar:1.10.3]
	at org.junit.platform.engine.support.hierarchical.NodeTestTask.lambda$executeRecursively$8(NodeTestTask.java:141) ~[junit-platform-engine-1.10.3.jar:1.10.3]
	at org.junit.platform.engine.support.hierarchical.Node.around(Node.java:137) ~[junit-platform-engine-1.10.3.jar:1.10.3]
	at org.junit.platform.engine.support.hierarchical.NodeTestTask.lambda$executeRecursively$9(NodeTestTask.java:139) ~[junit-platform-engine-1.10.3.jar:1.10.3]
	at org.junit.platform.engine.support.hierarchical.ThrowableCollector.execute(ThrowableCollector.java:73) ~[junit-platform-engine-1.10.3.jar:1.10.3]
	at org.junit.platform.engine.support.hierarchical.NodeTestTask.executeRecursively(NodeTestTask.java:138) ~[junit-platform-engine-1.10.3.jar:1.10.3]
	at org.junit.platform.engine.support.hierarchical.NodeTestTask.execute(NodeTestTask.java:95) ~[junit-platform-engine-1.10.3.jar:1.10.3]
	at java.base/java.util.ArrayList.forEach(ArrayList.java:1597) ~[na:na]
	at org.junit.platform.engine.support.hierarchical.SameThreadHierarchicalTestExecutorService.invokeAll(SameThreadHierarchicalTestExecutorService.java:41) ~[junit-platform-engine-1.10.3.jar:1.10.3]
	at org.junit.platform.engine.support.hierarchical.NodeTestTask.lambda$executeRecursively$6(NodeTestTask.java:155) ~[junit-platform-engine-1.10.3.jar:1.10.3]
	at org.junit.platform.engine.support.hierarchical.ThrowableCollector.execute(ThrowableCollector.java:73) ~[junit-platform-engine-1.10.3.jar:1.10.3]
	at org.junit.platform.engine.support.hierarchical.NodeTestTask.lambda$executeRecursively$8(NodeTestTask.java:141) ~[junit-platform-engine-1.10.3.jar:1.10.3]
	at org.junit.platform.engine.support.hierarchical.Node.around(Node.java:137) ~[junit-platform-engine-1.10.3.jar:1.10.3]
	at org.junit.platform.engine.support.hierarchical.NodeTestTask.lambda$executeRecursively$9(NodeTestTask.java:139) ~[junit-platform-engine-1.10.3.jar:1.10.3]
	at org.junit.platform.engine.support.hierarchical.ThrowableCollector.execute(ThrowableCollector.java:73) ~[junit-platform-engine-1.10.3.jar:1.10.3]
	at org.junit.platform.engine.support.hierarchical.NodeTestTask.executeRecursively(NodeTestTask.java:138) ~[junit-platform-engine-1.10.3.jar:1.10.3]
	at org.junit.platform.engine.support.hierarchical.NodeTestTask.execute(NodeTestTask.java:95) ~[junit-platform-engine-1.10.3.jar:1.10.3]
	at org.junit.platform.engine.support.hierarchical.SameThreadHierarchicalTestExecutorService.submit(SameThreadHierarchicalTestExecutorService.java:35) ~[junit-platform-engine-1.10.3.jar:1.10.3]
	at org.junit.platform.engine.support.hierarchical.HierarchicalTestExecutor.execute(HierarchicalTestExecutor.java:57) ~[junit-platform-engine-1.10.3.jar:1.10.3]
	at org.junit.platform.engine.support.hierarchical.HierarchicalTestEngine.execute(HierarchicalTestEngine.java:54) ~[junit-platform-engine-1.10.3.jar:1.10.3]
	at org.junit.platform.launcher.core.EngineExecutionOrchestrator.execute(EngineExecutionOrchestrator.java:198) ~[junit-platform-launcher-1.10.3.jar:1.10.3]
	at org.junit.platform.launcher.core.EngineExecutionOrchestrator.execute(EngineExecutionOrchestrator.java:169) ~[junit-platform-launcher-1.10.3.jar:1.10.3]
	at org.junit.platform.launcher.core.EngineExecutionOrchestrator.execute(EngineExecutionOrchestrator.java:93) ~[junit-platform-launcher-1.10.3.jar:1.10.3]
	at org.junit.platform.launcher.core.EngineExecutionOrchestrator.lambda$execute$0(EngineExecutionOrchestrator.java:58) ~[junit-platform-launcher-1.10.3.jar:1.10.3]
	at org.junit.platform.launcher.core.EngineExecutionOrchestrator.withInterceptedStreams(EngineExecutionOrchestrator.java:141) ~[junit-platform-launcher-1.10.3.jar:1.10.3]
	at org.junit.platform.launcher.core.EngineExecutionOrchestrator.execute(EngineExecutionOrchestrator.java:57) ~[junit-platform-launcher-1.10.3.jar:1.10.3]
	at org.junit.platform.launcher.core.DefaultLauncher.execute(DefaultLauncher.java:103) ~[junit-platform-launcher-1.10.3.jar:1.10.3]
	at org.junit.platform.launcher.core.DefaultLauncher.execute(DefaultLauncher.java:85) ~[junit-platform-launcher-1.10.3.jar:1.10.3]
	at org.junit.platform.launcher.core.DelegatingLauncher.execute(DelegatingLauncher.java:47) ~[junit-platform-launcher-1.10.3.jar:1.10.3]
	at org.apache.maven.surefire.junitplatform.LazyLauncher.execute(LazyLauncher.java:56) ~[surefire-junit-platform-3.2.5.jar:3.2.5]
	at org.apache.maven.surefire.junitplatform.JUnitPlatformProvider.execute(JUnitPlatformProvider.java:184) ~[surefire-junit-platform-3.2.5.jar:3.2.5]
	at org.apache.maven.surefire.junitplatform.JUnitPlatformProvider.invokeAllTests(JUnitPlatformProvider.java:148) ~[surefire-junit-platform-3.2.5.jar:3.2.5]
	at org.apache.maven.surefire.junitplatform.JUnitPlatformProvider.invoke(JUnitPlatformProvider.java:122) ~[surefire-junit-platform-3.2.5.jar:3.2.5]
	at org.apache.maven.surefire.booter.ForkedBooter.runSuitesInProcess(ForkedBooter.java:385) ~[surefire-booter-3.2.5.jar:3.2.5]
	at org.apache.maven.surefire.booter.ForkedBooter.execute(ForkedBooter.java:162) ~[surefire-booter-3.2.5.jar:3.2.5]
	at org.apache.maven.surefire.booter.ForkedBooter.run(ForkedBooter.java:507) ~[surefire-booter-3.2.5.jar:3.2.5]
	at org.apache.maven.surefire.booter.ForkedBooter.main(ForkedBooter.java:495) ~[surefire-booter-3.2.5.jar:3.2.5]

2024-08-03T22:29:00.542-05:00 DEBUG 26535 --- [PruebaT] [           main] o.s.orm.jpa.JpaTransactionManager        : Creating new transaction with name [org.springframework.data.jpa.repository.support.SimpleJpaRepository.deleteAll]: PROPAGATION_REQUIRED,ISOLATION_DEFAULT
2024-08-03T22:29:00.542-05:00 DEBUG 26535 --- [PruebaT] [           main] o.s.orm.jpa.JpaTransactionManager        : Opened new EntityManager [SessionImpl(799546147<open>)] for JPA transaction
2024-08-03T22:29:00.543-05:00 DEBUG 26535 --- [PruebaT] [           main] o.h.e.t.internal.TransactionImpl         : On TransactionImpl creation, JpaCompliance#isJpaTransactionComplianceEnabled == false
2024-08-03T22:29:00.543-05:00 DEBUG 26535 --- [PruebaT] [           main] o.h.e.t.internal.TransactionImpl         : begin
2024-08-03T22:29:00.543-05:00 DEBUG 26535 --- [PruebaT] [           main] o.s.orm.jpa.JpaTransactionManager        : Exposing JPA transaction as JDBC [org.springframework.orm.jpa.vendor.HibernateJpaDialect$HibernateConnectionHandle@20ca2c3f]
2024-08-03T22:29:00.559-05:00 DEBUG 26535 --- [PruebaT] [           main] org.hibernate.orm.sql.ast.create         : Created new SQL alias : c1_0
2024-08-03T22:29:00.559-05:00 DEBUG 26535 --- [PruebaT] [           main] org.hibernate.orm.sql.ast.create         : Registration of TableGroup [StandardTableGroup(com.example.PruebaT.model.Cuenta(249964404636583))] with identifierForTableGroup [com.example.PruebaT.model.Cuenta] for NavigablePath [com.example.PruebaT.model.Cuenta] 
2024-08-03T22:29:00.562-05:00 DEBUG 26535 --- [PruebaT] [           main] org.hibernate.orm.sql.ast.create         : Registration of TableGroup [org.hibernate.sql.ast.tree.from.LazyTableGroup@7edab945] with identifierForTableGroup [com.example.PruebaT.model.Cuenta.cliente] for NavigablePath [com.example.PruebaT.model.Cuenta.cliente] 
2024-08-03T22:29:00.563-05:00 DEBUG 26535 --- [PruebaT] [           main] org.hibernate.orm.results.graph.AST      : DomainResult Graph:
 \-EntityResultImpl [com.example.PruebaT.model.Cuenta(249964404636583)]
 |  +-CircularFetchImpl [com.example.PruebaT.model.Cuenta(249964404636583).cliente]
 |  +-BasicFetch [com.example.PruebaT.model.Cuenta(249964404636583).estado]
 |  +-BasicFetch [com.example.PruebaT.model.Cuenta(249964404636583).numeroCuenta]
 |  +-BasicFetch [com.example.PruebaT.model.Cuenta(249964404636583).saldoInicial]
 |  \-BasicFetch [com.example.PruebaT.model.Cuenta(249964404636583).tipoCuenta]

2024-08-03T22:29:00.563-05:00 DEBUG 26535 --- [PruebaT] [           main] org.hibernate.orm.sql.ast.tree           : SQL AST Tree:
    SelectStatement {
      FromClause {
        StandardTableGroup (c1 : com.example.PruebaT.model.Cuenta(249964404636583)) {
          primaryTableReference : cuenta as c1_0
          TableGroupJoins {
            left  join LazyTableGroup (c2 : com.example.PruebaT.model.Cuenta(249964404636583).cliente) {
            }
          }
        }
      }
    }

2024-08-03T22:29:00.567-05:00 DEBUG 26535 --- [PruebaT] [           main] org.hibernate.orm.sql.exec               : Skipping reading Query result cache data: cache-enabled = false, cache-mode = NORMAL
2024-08-03T22:29:00.573-05:00 DEBUG 26535 --- [PruebaT] [           main] org.hibernate.orm.results                : Initializer list:
	  com.example.PruebaT.model.Cuenta(249964404636583) -> EntityResultInitializer(com.example.PruebaT.model.Cuenta(249964404636583))@1268799147 (SingleTableEntityPersister(com.example.PruebaT.model.Cuenta))
	  com.example.PruebaT.model.Cuenta(249964404636583).cliente -> EntitySelectFetchInitializer(com.example.PruebaT.model.Cuenta(249964404636583).cliente)@777195316 (ToOneAttributeMapping(NavigableRole[com.example.PruebaT.model.Cuenta.cliente])@720759478)

2024-08-03T22:29:00.574-05:00 DEBUG 26535 --- [PruebaT] [           main] org.hibernate.SQL                        : select c1_0.id,c1_0.cliente_id,c1_0.estado,c1_0.numero_cuenta,c1_0.saldo_inicial,c1_0.tipo_cuenta from cuenta c1_0
Hibernate: select c1_0.id,c1_0.cliente_id,c1_0.estado,c1_0.numero_cuenta,c1_0.saldo_inicial,c1_0.tipo_cuenta from cuenta c1_0
2024-08-03T22:29:00.584-05:00 DEBUG 26535 --- [PruebaT] [           main] o.s.orm.jpa.JpaTransactionManager        : Initiating transaction commit
2024-08-03T22:29:00.585-05:00 DEBUG 26535 --- [PruebaT] [           main] o.s.orm.jpa.JpaTransactionManager        : Committing JPA transaction on EntityManager [SessionImpl(799546147<open>)]
2024-08-03T22:29:00.585-05:00 DEBUG 26535 --- [PruebaT] [           main] o.h.e.t.internal.TransactionImpl         : committing
2024-08-03T22:29:00.585-05:00 DEBUG 26535 --- [PruebaT] [           main] o.s.orm.jpa.JpaTransactionManager        : Closing JPA EntityManager [SessionImpl(799546147<open>)] after transaction
2024-08-03T22:29:00.586-05:00 DEBUG 26535 --- [PruebaT] [           main] o.s.orm.jpa.JpaTransactionManager        : Creating new transaction with name [org.springframework.data.jpa.repository.support.SimpleJpaRepository.deleteAll]: PROPAGATION_REQUIRED,ISOLATION_DEFAULT
2024-08-03T22:29:00.586-05:00 DEBUG 26535 --- [PruebaT] [           main] o.s.orm.jpa.JpaTransactionManager        : Opened new EntityManager [SessionImpl(709360477<open>)] for JPA transaction
2024-08-03T22:29:00.586-05:00 DEBUG 26535 --- [PruebaT] [           main] o.h.e.t.internal.TransactionImpl         : On TransactionImpl creation, JpaCompliance#isJpaTransactionComplianceEnabled == false
2024-08-03T22:29:00.586-05:00 DEBUG 26535 --- [PruebaT] [           main] o.h.e.t.internal.TransactionImpl         : begin
2024-08-03T22:29:00.586-05:00 DEBUG 26535 --- [PruebaT] [           main] o.s.orm.jpa.JpaTransactionManager        : Exposing JPA transaction as JDBC [org.springframework.orm.jpa.vendor.HibernateJpaDialect$HibernateConnectionHandle@47a9bcf1]
2024-08-03T22:29:00.586-05:00 DEBUG 26535 --- [PruebaT] [           main] org.hibernate.orm.sql.ast.create         : Created new SQL alias : c1_0
2024-08-03T22:29:00.586-05:00 DEBUG 26535 --- [PruebaT] [           main] org.hibernate.orm.sql.ast.create         : Registration of TableGroup [StandardTableGroup(com.example.PruebaT.model.Cliente(249964445879583))] with identifierForTableGroup [com.example.PruebaT.model.Cliente] for NavigablePath [com.example.PruebaT.model.Cliente] 
2024-08-03T22:29:00.586-05:00 DEBUG 26535 --- [PruebaT] [           main] org.hibernate.orm.results.graph.AST      : DomainResult Graph:
 \-EntityResultImpl [com.example.PruebaT.model.Cliente(249964445879583)]
 |  +-BasicFetch [com.example.PruebaT.model.Cliente(249964445879583).contrasenia]
 |  +-DelayedCollectionFetch [com.example.PruebaT.model.Cliente(249964445879583).cuentas]
 |  +-BasicFetch [com.example.PruebaT.model.Cliente(249964445879583).direccion]
 |  +-BasicFetch [com.example.PruebaT.model.Cliente(249964445879583).edad]
 |  +-BasicFetch [com.example.PruebaT.model.Cliente(249964445879583).estado]
 |  +-BasicFetch [com.example.PruebaT.model.Cliente(249964445879583).genero]
 |  +-BasicFetch [com.example.PruebaT.model.Cliente(249964445879583).identificacion]
 |  +-BasicFetch [com.example.PruebaT.model.Cliente(249964445879583).nombre]
 |  \-BasicFetch [com.example.PruebaT.model.Cliente(249964445879583).telefono]

2024-08-03T22:29:00.586-05:00 DEBUG 26535 --- [PruebaT] [           main] org.hibernate.orm.sql.ast.tree           : SQL AST Tree:
    SelectStatement {
      FromClause {
        StandardTableGroup (c1 : com.example.PruebaT.model.Cliente(249964445879583)) {
          primaryTableReference : cliente as c1_0
        }
      }
    }

2024-08-03T22:29:00.586-05:00 DEBUG 26535 --- [PruebaT] [           main] org.hibernate.orm.sql.exec               : Skipping reading Query result cache data: cache-enabled = false, cache-mode = NORMAL
2024-08-03T22:29:00.587-05:00 DEBUG 26535 --- [PruebaT] [           main] org.hibernate.orm.results                : Initializer list:
	  com.example.PruebaT.model.Cliente(249964445879583) -> EntityResultInitializer(com.example.PruebaT.model.Cliente(249964445879583))@182584611 (SingleTableEntityPersister(com.example.PruebaT.model.Cliente))
	  com.example.PruebaT.model.Cliente(249964445879583).cuentas -> DelayedCollectionInitializer(com.example.PruebaT.model.Cliente(249964445879583).cuentas)@1244146808 (PluralAttribute(com.example.PruebaT.model.Cliente.cuentas))

2024-08-03T22:29:00.587-05:00 DEBUG 26535 --- [PruebaT] [           main] org.hibernate.SQL                        : select c1_0.id,c1_0.contrasenia,c1_0.direccion,c1_0.edad,c1_0.estado,c1_0.genero,c1_0.identificacion,c1_0.nombre,c1_0.telefono from cliente c1_0
Hibernate: select c1_0.id,c1_0.contrasenia,c1_0.direccion,c1_0.edad,c1_0.estado,c1_0.genero,c1_0.identificacion,c1_0.nombre,c1_0.telefono from cliente c1_0
2024-08-03T22:29:00.587-05:00 DEBUG 26535 --- [PruebaT] [           main] o.s.orm.jpa.JpaTransactionManager        : Initiating transaction commit
2024-08-03T22:29:00.587-05:00 DEBUG 26535 --- [PruebaT] [           main] o.s.orm.jpa.JpaTransactionManager        : Committing JPA transaction on EntityManager [SessionImpl(709360477<open>)]
2024-08-03T22:29:00.587-05:00 DEBUG 26535 --- [PruebaT] [           main] o.h.e.t.internal.TransactionImpl         : committing
2024-08-03T22:29:00.587-05:00 DEBUG 26535 --- [PruebaT] [           main] o.s.orm.jpa.JpaTransactionManager        : Closing JPA EntityManager [SessionImpl(709360477<open>)] after transaction
2024-08-03T22:29:00.588-05:00 DEBUG 26535 --- [PruebaT] [           main] o.s.orm.jpa.JpaTransactionManager        : Creating new transaction with name [org.springframework.data.jpa.repository.support.SimpleJpaRepository.save]: PROPAGATION_REQUIRED,ISOLATION_DEFAULT
2024-08-03T22:29:00.588-05:00 DEBUG 26535 --- [PruebaT] [           main] o.s.orm.jpa.JpaTransactionManager        : Opened new EntityManager [SessionImpl(248330907<open>)] for JPA transaction
2024-08-03T22:29:00.588-05:00 DEBUG 26535 --- [PruebaT] [           main] o.h.e.t.internal.TransactionImpl         : On TransactionImpl creation, JpaCompliance#isJpaTransactionComplianceEnabled == false
2024-08-03T22:29:00.588-05:00 DEBUG 26535 --- [PruebaT] [           main] o.h.e.t.internal.TransactionImpl         : begin
2024-08-03T22:29:00.588-05:00 DEBUG 26535 --- [PruebaT] [           main] o.s.orm.jpa.JpaTransactionManager        : Exposing JPA transaction as JDBC [org.springframework.orm.jpa.vendor.HibernateJpaDialect$HibernateConnectionHandle@58d9cd6]
2024-08-03T22:29:00.588-05:00 DEBUG 26535 --- [PruebaT] [           main] o.h.j.internal.PersistenceUnitUtilImpl   : jakarta.persistence.PersistenceUnitUtil.getIdentifier is only intended to work with enhanced entities (although Hibernate also adapts this support to its proxies); however the passed entity was not enhanced (nor a proxy).. may not be able to read identifier
2024-08-03T22:29:00.595-05:00 DEBUG 26535 --- [PruebaT] [           main] org.hibernate.engine.spi.ActionQueue     : Executing identity-insert immediately
2024-08-03T22:29:00.598-05:00 DEBUG 26535 --- [PruebaT] [           main] org.hibernate.SQL                        : insert into cliente (contrasenia,direccion,edad,estado,genero,identificacion,nombre,telefono,id) values (?,?,?,?,?,?,?,?,default)
Hibernate: insert into cliente (contrasenia,direccion,edad,estado,genero,identificacion,nombre,telefono,id) values (?,?,?,?,?,?,?,?,default)
2024-08-03T22:29:00.603-05:00 DEBUG 26535 --- [PruebaT] [           main] org.hibernate.orm.results                : Initializer list is empty
2024-08-03T22:29:00.603-05:00 DEBUG 26535 --- [PruebaT] [           main] org.hibernate.orm.results.loading        : Calling top-level assembler (0 / 1) : org.hibernate.sql.results.graph.basic.BasicResultAssembler@10982760
2024-08-03T22:29:00.603-05:00 DEBUG 26535 --- [PruebaT] [           main] org.hibernate.orm.results                : Extracted JDBC value [0] - [1]
2024-08-03T22:29:00.603-05:00 DEBUG 26535 --- [PruebaT] [           main] o.h.id.IdentifierGeneratorHelper         : Extracted generated values [com.example.PruebaT.model.Cliente]: [Ljava.lang.Object;@1b2c513e
2024-08-03T22:29:00.604-05:00 DEBUG 26535 --- [PruebaT] [           main] o.s.orm.jpa.JpaTransactionManager        : Initiating transaction commit
2024-08-03T22:29:00.605-05:00 DEBUG 26535 --- [PruebaT] [           main] o.s.orm.jpa.JpaTransactionManager        : Committing JPA transaction on EntityManager [SessionImpl(248330907<open>)]
2024-08-03T22:29:00.605-05:00 DEBUG 26535 --- [PruebaT] [           main] o.h.e.t.internal.TransactionImpl         : committing
2024-08-03T22:29:00.605-05:00 DEBUG 26535 --- [PruebaT] [           main] o.h.e.i.AbstractFlushingEventListener    : Processing flush-time cascades
2024-08-03T22:29:00.605-05:00 DEBUG 26535 --- [PruebaT] [           main] o.h.e.i.AbstractFlushingEventListener    : Dirty checking collections
2024-08-03T22:29:00.606-05:00 DEBUG 26535 --- [PruebaT] [           main] o.h.e.i.AbstractFlushingEventListener    : Flushed: 0 insertions, 0 updates, 0 deletions to 1 objects
2024-08-03T22:29:00.606-05:00 DEBUG 26535 --- [PruebaT] [           main] o.h.e.i.AbstractFlushingEventListener    : Flushed: 0 (re)creations, 0 updates, 0 removals to 0 collections
2024-08-03T22:29:00.607-05:00 DEBUG 26535 --- [PruebaT] [           main] o.hibernate.internal.util.EntityPrinter  : Listing entities:
2024-08-03T22:29:00.607-05:00 DEBUG 26535 --- [PruebaT] [           main] o.hibernate.internal.util.EntityPrinter  : com.example.PruebaT.model.Cliente{estado=null, clienteId=1, genero=null, direccion=null, cuentas=null, contrasenia=null, identificacion=null, telefono=null, edad=null, nombre=John Doe}
2024-08-03T22:29:00.607-05:00 DEBUG 26535 --- [PruebaT] [           main] o.s.orm.jpa.JpaTransactionManager        : Closing JPA EntityManager [SessionImpl(248330907<open>)] after transaction
2024-08-03T22:29:00.607-05:00 DEBUG 26535 --- [PruebaT] [           main] o.s.orm.jpa.JpaTransactionManager        : Creating new transaction with name [org.springframework.data.jpa.repository.support.SimpleJpaRepository.save]: PROPAGATION_REQUIRED,ISOLATION_DEFAULT
2024-08-03T22:29:00.608-05:00 DEBUG 26535 --- [PruebaT] [           main] o.s.orm.jpa.JpaTransactionManager        : Opened new EntityManager [SessionImpl(2220012<open>)] for JPA transaction
2024-08-03T22:29:00.608-05:00 DEBUG 26535 --- [PruebaT] [           main] o.h.e.t.internal.TransactionImpl         : On TransactionImpl creation, JpaCompliance#isJpaTransactionComplianceEnabled == false
2024-08-03T22:29:00.608-05:00 DEBUG 26535 --- [PruebaT] [           main] o.h.e.t.internal.TransactionImpl         : begin
2024-08-03T22:29:00.608-05:00 DEBUG 26535 --- [PruebaT] [           main] o.s.orm.jpa.JpaTransactionManager        : Exposing JPA transaction as JDBC [org.springframework.orm.jpa.vendor.HibernateJpaDialect$HibernateConnectionHandle@37403f66]
2024-08-03T22:29:00.608-05:00 DEBUG 26535 --- [PruebaT] [           main] o.h.j.internal.PersistenceUnitUtilImpl   : jakarta.persistence.PersistenceUnitUtil.getIdentifier is only intended to work with enhanced entities (although Hibernate also adapts this support to its proxies); however the passed entity was not enhanced (nor a proxy).. may not be able to read identifier
2024-08-03T22:29:00.608-05:00 DEBUG 26535 --- [PruebaT] [           main] org.hibernate.engine.spi.ActionQueue     : Executing identity-insert immediately
2024-08-03T22:29:00.608-05:00 DEBUG 26535 --- [PruebaT] [           main] org.hibernate.SQL                        : insert into cuenta (cliente_id,estado,numero_cuenta,saldo_inicial,tipo_cuenta,id) values (?,?,?,?,?,default)
Hibernate: insert into cuenta (cliente_id,estado,numero_cuenta,saldo_inicial,tipo_cuenta,id) values (?,?,?,?,?,default)
2024-08-03T22:29:00.609-05:00 DEBUG 26535 --- [PruebaT] [           main] org.hibernate.orm.results                : Initializer list is empty
2024-08-03T22:29:00.609-05:00 DEBUG 26535 --- [PruebaT] [           main] org.hibernate.orm.results.loading        : Calling top-level assembler (0 / 1) : org.hibernate.sql.results.graph.basic.BasicResultAssembler@18cdacd
2024-08-03T22:29:00.609-05:00 DEBUG 26535 --- [PruebaT] [           main] org.hibernate.orm.results                : Extracted JDBC value [0] - [1]
2024-08-03T22:29:00.609-05:00 DEBUG 26535 --- [PruebaT] [           main] o.h.id.IdentifierGeneratorHelper         : Extracted generated values [com.example.PruebaT.model.Cuenta]: [Ljava.lang.Object;@10b1f9f3
2024-08-03T22:29:00.609-05:00 DEBUG 26535 --- [PruebaT] [           main] o.s.orm.jpa.JpaTransactionManager        : Initiating transaction commit
2024-08-03T22:29:00.609-05:00 DEBUG 26535 --- [PruebaT] [           main] o.s.orm.jpa.JpaTransactionManager        : Committing JPA transaction on EntityManager [SessionImpl(2220012<open>)]
2024-08-03T22:29:00.609-05:00 DEBUG 26535 --- [PruebaT] [           main] o.h.e.t.internal.TransactionImpl         : committing
2024-08-03T22:29:00.609-05:00 DEBUG 26535 --- [PruebaT] [           main] o.h.e.i.AbstractFlushingEventListener    : Processing flush-time cascades
2024-08-03T22:29:00.609-05:00 DEBUG 26535 --- [PruebaT] [           main] o.h.e.i.AbstractFlushingEventListener    : Dirty checking collections
2024-08-03T22:29:00.609-05:00 DEBUG 26535 --- [PruebaT] [           main] o.h.e.i.AbstractFlushingEventListener    : Flushed: 0 insertions, 0 updates, 0 deletions to 1 objects
2024-08-03T22:29:00.609-05:00 DEBUG 26535 --- [PruebaT] [           main] o.h.e.i.AbstractFlushingEventListener    : Flushed: 0 (re)creations, 0 updates, 0 removals to 0 collections
2024-08-03T22:29:00.609-05:00 DEBUG 26535 --- [PruebaT] [           main] o.hibernate.internal.util.EntityPrinter  : Listing entities:
2024-08-03T22:29:00.609-05:00 DEBUG 26535 --- [PruebaT] [           main] o.hibernate.internal.util.EntityPrinter  : com.example.PruebaT.model.Cuenta{cliente=com.example.PruebaT.model.Cliente#1, estado=Activo, tipoCuenta=Ahorro, numeroCuenta=123456789, id=1, saldoInicial=1000.0}
2024-08-03T22:29:00.609-05:00 DEBUG 26535 --- [PruebaT] [           main] o.s.orm.jpa.JpaTransactionManager        : Closing JPA EntityManager [SessionImpl(2220012<open>)] after transaction
2024-08-03T22:29:00.610-05:00 DEBUG 26535 --- [PruebaT] [           main] org.springframework.test.context.cache   : Spring test ApplicationContext cache statistics: [DefaultContextCache@716a6343 size = 1, maxSize = 32, parentContextCount = 0, hitCount = 5, missCount = 1, failureCount = 0]
2024-08-03T22:29:00.634-05:00 DEBUG 26535 --- [PruebaT] [           main] o.s.t.web.servlet.TestDispatcherServlet  : POST "/cuentas/insert", parameters={}
2024-08-03T22:29:00.638-05:00 DEBUG 26535 --- [PruebaT] [           main] s.w.s.m.m.a.RequestMappingHandlerMapping : Mapped to com.example.PruebaT.controller.AccountController#createAccount(Cuenta)
2024-08-03T22:29:00.638-05:00 DEBUG 26535 --- [PruebaT] [           main] o.j.s.OpenEntityManagerInViewInterceptor : Opening JPA EntityManager in OpenEntityManagerInViewInterceptor
2024-08-03T22:29:00.661-05:00 DEBUG 26535 --- [PruebaT] [           main] m.m.a.RequestResponseBodyMethodProcessor : Read "application/json;charset=UTF-8" to [Cuenta(id=null, numeroCuenta=987654321, tipoCuenta=Corriente, saldoInicial=5000.0, estado=Activo, cl (truncated)...]
2024-08-03T22:29:00.665-05:00 DEBUG 26535 --- [PruebaT] [           main] o.s.orm.jpa.JpaTransactionManager        : Found thread-bound EntityManager [SessionImpl(1233398797<open>)] for JPA transaction
2024-08-03T22:29:00.665-05:00 DEBUG 26535 --- [PruebaT] [           main] o.s.orm.jpa.JpaTransactionManager        : Creating new transaction with name [org.springframework.data.jpa.repository.support.SimpleJpaRepository.findById]: PROPAGATION_REQUIRED,ISOLATION_DEFAULT,readOnly
2024-08-03T22:29:00.666-05:00 DEBUG 26535 --- [PruebaT] [           main] o.s.jdbc.datasource.DataSourceUtils      : Setting JDBC Connection [HikariProxyConnection@1960236490 wrapping conn0: url=jdbc:h2:mem:testdb user=SA] read-only
2024-08-03T22:29:00.666-05:00 DEBUG 26535 --- [PruebaT] [           main] o.h.e.t.internal.TransactionImpl         : On TransactionImpl creation, JpaCompliance#isJpaTransactionComplianceEnabled == false
2024-08-03T22:29:00.666-05:00 DEBUG 26535 --- [PruebaT] [           main] o.h.e.t.internal.TransactionImpl         : begin
2024-08-03T22:29:00.666-05:00 DEBUG 26535 --- [PruebaT] [           main] o.s.orm.jpa.JpaTransactionManager        : Exposing JPA transaction as JDBC [org.springframework.orm.jpa.vendor.HibernateJpaDialect$HibernateConnectionHandle@1cfca845]
2024-08-03T22:29:00.669-05:00 DEBUG 26535 --- [PruebaT] [           main] org.hibernate.orm.sql.exec               : Skipping reading Query result cache data: cache-enabled = false, cache-mode = IGNORE
2024-08-03T22:29:00.669-05:00 DEBUG 26535 --- [PruebaT] [           main] org.hibernate.orm.results                : Initializer list:
	  com.example.PruebaT.model.Cliente -> EntityResultInitializer(com.example.PruebaT.model.Cliente)@735246892 (SingleTableEntityPersister(com.example.PruebaT.model.Cliente))
	  com.example.PruebaT.model.Cliente.cuentas -> DelayedCollectionInitializer(com.example.PruebaT.model.Cliente.cuentas)@896307113 (PluralAttribute(com.example.PruebaT.model.Cliente.cuentas))

2024-08-03T22:29:00.669-05:00 DEBUG 26535 --- [PruebaT] [           main] org.hibernate.SQL                        : select c1_0.id,c1_0.contrasenia,c1_0.direccion,c1_0.edad,c1_0.estado,c1_0.genero,c1_0.identificacion,c1_0.nombre,c1_0.telefono from cliente c1_0 where c1_0.id=?
Hibernate: select c1_0.id,c1_0.contrasenia,c1_0.direccion,c1_0.edad,c1_0.estado,c1_0.genero,c1_0.identificacion,c1_0.nombre,c1_0.telefono from cliente c1_0 where c1_0.id=?
2024-08-03T22:29:00.670-05:00 DEBUG 26535 --- [PruebaT] [           main] o.hibernate.orm.results.loading.entity   : (EntityResultInitializer) Hydrated EntityKey (com.example.PruebaT.model.Cliente): 1
2024-08-03T22:29:00.670-05:00 DEBUG 26535 --- [PruebaT] [           main] o.h.o.r.l.o.h.o.r.loading.collection     : (DelayedCollectionInitializer) Current row collection key : com.example.PruebaT.model.Cliente.cuentas#1
2024-08-03T22:29:00.671-05:00 DEBUG 26535 --- [PruebaT] [           main] o.hibernate.orm.results.loading.entity   : (EntityResultInitializer) Created new entity instance [com.example.PruebaT.model.Cliente#1] : 1017767725
2024-08-03T22:29:00.673-05:00 DEBUG 26535 --- [PruebaT] [           main] org.hibernate.orm.results                : Extracted JDBC value [1] - [null]
2024-08-03T22:29:00.673-05:00 DEBUG 26535 --- [PruebaT] [           main] org.hibernate.orm.results                : Extracted JDBC value [2] - [null]
2024-08-03T22:29:00.673-05:00 DEBUG 26535 --- [PruebaT] [           main] org.hibernate.orm.results                : Extracted JDBC value [3] - [null]
2024-08-03T22:29:00.673-05:00 DEBUG 26535 --- [PruebaT] [           main] org.hibernate.orm.results                : Extracted JDBC value [4] - [null]
2024-08-03T22:29:00.673-05:00 DEBUG 26535 --- [PruebaT] [           main] org.hibernate.orm.results                : Extracted JDBC value [5] - [null]
2024-08-03T22:29:00.673-05:00 DEBUG 26535 --- [PruebaT] [           main] org.hibernate.orm.results                : Extracted JDBC value [6] - [null]
2024-08-03T22:29:00.673-05:00 DEBUG 26535 --- [PruebaT] [           main] org.hibernate.orm.results                : Extracted JDBC value [7] - [John Doe]
2024-08-03T22:29:00.673-05:00 DEBUG 26535 --- [PruebaT] [           main] org.hibernate.orm.results                : Extracted JDBC value [8] - [null]
2024-08-03T22:29:00.674-05:00 DEBUG 26535 --- [PruebaT] [           main] o.hibernate.orm.results.loading.entity   : (EntityResultInitializer) Done materializing entityInstance : com.example.PruebaT.model.Cliente#1
2024-08-03T22:29:00.674-05:00 DEBUG 26535 --- [PruebaT] [           main] org.hibernate.orm.results.loading        : Calling top-level assembler (0 / 1) : org.hibernate.sql.results.graph.entity.internal.EntityAssembler@35570a84
2024-08-03T22:29:00.674-05:00 DEBUG 26535 --- [PruebaT] [           main] o.s.orm.jpa.JpaTransactionManager        : Initiating transaction commit
2024-08-03T22:29:00.674-05:00 DEBUG 26535 --- [PruebaT] [           main] o.s.orm.jpa.JpaTransactionManager        : Committing JPA transaction on EntityManager [SessionImpl(1233398797<open>)]
2024-08-03T22:29:00.674-05:00 DEBUG 26535 --- [PruebaT] [           main] o.h.e.t.internal.TransactionImpl         : committing
2024-08-03T22:29:00.674-05:00 DEBUG 26535 --- [PruebaT] [           main] o.s.jdbc.datasource.DataSourceUtils      : Resetting read-only flag of JDBC Connection [HikariProxyConnection@1960236490 wrapping conn0: url=jdbc:h2:mem:testdb user=SA]
2024-08-03T22:29:00.674-05:00 DEBUG 26535 --- [PruebaT] [           main] o.s.orm.jpa.JpaTransactionManager        : Not closing pre-bound JPA EntityManager after transaction
2024-08-03T22:29:00.686-05:00 DEBUG 26535 --- [PruebaT] [           main] org.hibernate.orm.sql.ast.create         : Created new SQL alias : c1_0
2024-08-03T22:29:00.687-05:00 DEBUG 26535 --- [PruebaT] [           main] org.hibernate.orm.sql.ast.create         : Registration of TableGroup [StandardTableGroup(com.example.PruebaT.model.Cuenta(249963315602166))] with identifierForTableGroup [com.example.PruebaT.model.Cuenta] for NavigablePath [com.example.PruebaT.model.Cuenta] 
2024-08-03T22:29:00.687-05:00 DEBUG 26535 --- [PruebaT] [           main] org.hibernate.orm.sql.ast.create         : Registration of TableGroup [org.hibernate.sql.ast.tree.from.LazyTableGroup@4d13b552] with identifierForTableGroup [com.example.PruebaT.model.Cuenta.cliente] for NavigablePath [com.example.PruebaT.model.Cuenta.cliente] 
2024-08-03T22:29:00.688-05:00 DEBUG 26535 --- [PruebaT] [           main] o.h.q.sqm.sql.BaseSqmToSqlAstConverter   : Determining mapping-model type for SqmParameter : org.hibernate.query.sqm.tree.expression.SqmJpaCriteriaParameterWrapper@380ea757
2024-08-03T22:29:00.688-05:00 DEBUG 26535 --- [PruebaT] [           main] o.h.q.sqm.sql.BaseSqmToSqlAstConverter   : Determining mapping-model type for SqmPath : SqmBasicValuedSimplePath(com.example.PruebaT.model.Cuenta(249963315602166).numeroCuenta) 
2024-08-03T22:29:00.689-05:00 DEBUG 26535 --- [PruebaT] [           main] org.hibernate.orm.results.graph.AST      : DomainResult Graph:
 \-EntityResultImpl [com.example.PruebaT.model.Cuenta(249963315602166)]
 |  +-CircularFetchImpl [com.example.PruebaT.model.Cuenta(249963315602166).cliente]
 |  +-BasicFetch [com.example.PruebaT.model.Cuenta(249963315602166).estado]
 |  +-BasicFetch [com.example.PruebaT.model.Cuenta(249963315602166).numeroCuenta]
 |  +-BasicFetch [com.example.PruebaT.model.Cuenta(249963315602166).saldoInicial]
 |  \-BasicFetch [com.example.PruebaT.model.Cuenta(249963315602166).tipoCuenta]

2024-08-03T22:29:00.690-05:00 DEBUG 26535 --- [PruebaT] [           main] org.hibernate.orm.sql.ast.tree           : SQL AST Tree:
    SelectStatement {
      FromClause {
        StandardTableGroup (c1 : com.example.PruebaT.model.Cuenta(249963315602166)) {
          primaryTableReference : cuenta as c1_0
          TableGroupJoins {
            left  join LazyTableGroup (c2 : com.example.PruebaT.model.Cuenta(249963315602166).cliente) {
            }
          }
        }
      }
    }

2024-08-03T22:29:00.691-05:00 DEBUG 26535 --- [PruebaT] [           main] org.hibernate.orm.sql.exec               : Skipping reading Query result cache data: cache-enabled = false, cache-mode = NORMAL
2024-08-03T22:29:00.692-05:00 DEBUG 26535 --- [PruebaT] [           main] org.hibernate.orm.results                : Initializer list:
	  com.example.PruebaT.model.Cuenta(249963315602166).cliente -> EntitySelectFetchInitializer(com.example.PruebaT.model.Cuenta(249963315602166).cliente)@1119751882 (ToOneAttributeMapping(NavigableRole[com.example.PruebaT.model.Cuenta.cliente])@720759478)
	  com.example.PruebaT.model.Cuenta(249963315602166) -> EntityResultInitializer(com.example.PruebaT.model.Cuenta(249963315602166))@185981545 (SingleTableEntityPersister(com.example.PruebaT.model.Cuenta))

2024-08-03T22:29:00.692-05:00 DEBUG 26535 --- [PruebaT] [           main] org.hibernate.SQL                        : select c1_0.id,c1_0.cliente_id,c1_0.estado,c1_0.numero_cuenta,c1_0.saldo_inicial,c1_0.tipo_cuenta from cuenta c1_0 where c1_0.numero_cuenta=?
Hibernate: select c1_0.id,c1_0.cliente_id,c1_0.estado,c1_0.numero_cuenta,c1_0.saldo_inicial,c1_0.tipo_cuenta from cuenta c1_0 where c1_0.numero_cuenta=?
2024-08-03T22:29:00.694-05:00 DEBUG 26535 --- [PruebaT] [           main] o.s.orm.jpa.JpaTransactionManager        : Found thread-bound EntityManager [SessionImpl(1233398797<open>)] for JPA transaction
2024-08-03T22:29:00.694-05:00 DEBUG 26535 --- [PruebaT] [           main] o.s.orm.jpa.JpaTransactionManager        : Creating new transaction with name [org.springframework.data.jpa.repository.support.SimpleJpaRepository.save]: PROPAGATION_REQUIRED,ISOLATION_DEFAULT
2024-08-03T22:29:00.694-05:00 DEBUG 26535 --- [PruebaT] [           main] o.h.e.t.internal.TransactionImpl         : begin
2024-08-03T22:29:00.694-05:00 DEBUG 26535 --- [PruebaT] [           main] o.s.orm.jpa.JpaTransactionManager        : Exposing JPA transaction as JDBC [org.springframework.orm.jpa.vendor.HibernateJpaDialect$HibernateConnectionHandle@7fef75e1]
2024-08-03T22:29:00.694-05:00 DEBUG 26535 --- [PruebaT] [           main] o.h.j.internal.PersistenceUnitUtilImpl   : jakarta.persistence.PersistenceUnitUtil.getIdentifier is only intended to work with enhanced entities (although Hibernate also adapts this support to its proxies); however the passed entity was not enhanced (nor a proxy).. may not be able to read identifier
2024-08-03T22:29:00.695-05:00 DEBUG 26535 --- [PruebaT] [           main] org.hibernate.engine.spi.ActionQueue     : Executing identity-insert immediately
2024-08-03T22:29:00.695-05:00 DEBUG 26535 --- [PruebaT] [           main] org.hibernate.SQL                        : insert into cuenta (cliente_id,estado,numero_cuenta,saldo_inicial,tipo_cuenta,id) values (?,?,?,?,?,default)
Hibernate: insert into cuenta (cliente_id,estado,numero_cuenta,saldo_inicial,tipo_cuenta,id) values (?,?,?,?,?,default)
2024-08-03T22:29:00.695-05:00 DEBUG 26535 --- [PruebaT] [           main] org.hibernate.orm.results                : Initializer list is empty
2024-08-03T22:29:00.695-05:00 DEBUG 26535 --- [PruebaT] [           main] org.hibernate.orm.results.loading        : Calling top-level assembler (0 / 1) : org.hibernate.sql.results.graph.basic.BasicResultAssembler@295d8b70
2024-08-03T22:29:00.695-05:00 DEBUG 26535 --- [PruebaT] [           main] org.hibernate.orm.results                : Extracted JDBC value [0] - [2]
2024-08-03T22:29:00.695-05:00 DEBUG 26535 --- [PruebaT] [           main] o.h.id.IdentifierGeneratorHelper         : Extracted generated values [com.example.PruebaT.model.Cuenta]: [Ljava.lang.Object;@2f42f20f
2024-08-03T22:29:00.695-05:00 DEBUG 26535 --- [PruebaT] [           main] o.s.orm.jpa.JpaTransactionManager        : Initiating transaction commit
2024-08-03T22:29:00.695-05:00 DEBUG 26535 --- [PruebaT] [           main] o.s.orm.jpa.JpaTransactionManager        : Committing JPA transaction on EntityManager [SessionImpl(1233398797<open>)]
2024-08-03T22:29:00.695-05:00 DEBUG 26535 --- [PruebaT] [           main] o.h.e.t.internal.TransactionImpl         : committing
2024-08-03T22:29:00.695-05:00 DEBUG 26535 --- [PruebaT] [           main] o.h.e.i.AbstractFlushingEventListener    : Processing flush-time cascades
2024-08-03T22:29:00.696-05:00 DEBUG 26535 --- [PruebaT] [           main] o.h.e.i.AbstractFlushingEventListener    : Dirty checking collections
2024-08-03T22:29:00.697-05:00 DEBUG 26535 --- [PruebaT] [           main] o.hibernate.engine.internal.Collections  : Collection found: [com.example.PruebaT.model.Cliente.cuentas#1], was: [com.example.PruebaT.model.Cliente.cuentas#1] (uninitialized)
2024-08-03T22:29:00.697-05:00 DEBUG 26535 --- [PruebaT] [           main] o.h.e.i.AbstractFlushingEventListener    : Flushed: 0 insertions, 0 updates, 0 deletions to 2 objects
2024-08-03T22:29:00.697-05:00 DEBUG 26535 --- [PruebaT] [           main] o.h.e.i.AbstractFlushingEventListener    : Flushed: 0 (re)creations, 0 updates, 0 removals to 1 collections
2024-08-03T22:29:00.697-05:00 DEBUG 26535 --- [PruebaT] [           main] o.hibernate.internal.util.EntityPrinter  : Listing entities:
2024-08-03T22:29:00.697-05:00 DEBUG 26535 --- [PruebaT] [           main] o.hibernate.internal.util.EntityPrinter  : com.example.PruebaT.model.Cuenta{cliente=com.example.PruebaT.model.Cliente#1, estado=Activo, tipoCuenta=Corriente, numeroCuenta=987654321, id=2, saldoInicial=5000.0}
2024-08-03T22:29:00.697-05:00 DEBUG 26535 --- [PruebaT] [           main] o.hibernate.internal.util.EntityPrinter  : com.example.PruebaT.model.Cliente{estado=null, clienteId=1, genero=null, direccion=null, cuentas=<uninitialized>, contrasenia=null, identificacion=null, telefono=null, edad=null, nombre=John Doe}
2024-08-03T22:29:00.698-05:00 DEBUG 26535 --- [PruebaT] [           main] o.s.orm.jpa.JpaTransactionManager        : Not closing pre-bound JPA EntityManager after transaction
2024-08-03T22:29:00.712-05:00 DEBUG 26535 --- [PruebaT] [           main] o.s.w.s.m.m.a.HttpEntityMethodProcessor  : Using 'application/json', given [*/*] and supported [application/json, application/*+json]
2024-08-03T22:29:00.713-05:00 DEBUG 26535 --- [PruebaT] [           main] o.s.w.s.m.m.a.HttpEntityMethodProcessor  : Writing [Cuenta(id=2, numeroCuenta=987654321, tipoCuenta=Corriente, saldoInicial=5000.0, estado=Activo, clien (truncated)...]
2024-08-03T22:29:00.718-05:00 DEBUG 26535 --- [PruebaT] [           main] o.j.s.OpenEntityManagerInViewInterceptor : Closing JPA EntityManager in OpenEntityManagerInViewInterceptor
2024-08-03T22:29:00.718-05:00 DEBUG 26535 --- [PruebaT] [           main] o.s.t.web.servlet.TestDispatcherServlet  : Completed 200 OK
2024-08-03T22:29:00.734-05:00 DEBUG 26535 --- [PruebaT] [           main] c.j.jsonpath.internal.path.CompiledPath  : Evaluating path: $['numeroCuenta']
2024-08-03T22:29:00.736-05:00 DEBUG 26535 --- [PruebaT] [           main] org.springframework.test.context.cache   : Spring test ApplicationContext cache statistics: [DefaultContextCache@716a6343 size = 1, maxSize = 32, parentContextCount = 0, hitCount = 6, missCount = 1, failureCount = 0]
2024-08-03T22:29:00.736-05:00 DEBUG 26535 --- [PruebaT] [           main] org.springframework.test.context.cache   : Spring test ApplicationContext cache statistics: [DefaultContextCache@716a6343 size = 1, maxSize = 32, parentContextCount = 0, hitCount = 7, missCount = 1, failureCount = 0]
2024-08-03T22:29:00.736-05:00 DEBUG 26535 --- [PruebaT] [           main] org.springframework.test.context.cache   : Spring test ApplicationContext cache statistics: [DefaultContextCache@716a6343 size = 1, maxSize = 32, parentContextCount = 0, hitCount = 8, missCount = 1, failureCount = 0]
2024-08-03T22:29:00.736-05:00 DEBUG 26535 --- [PruebaT] [           main] org.springframework.test.context.cache   : Spring test ApplicationContext cache statistics: [DefaultContextCache@716a6343 size = 1, maxSize = 32, parentContextCount = 0, hitCount = 9, missCount = 1, failureCount = 0]
2024-08-03T22:29:00.737-05:00 DEBUG 26535 --- [PruebaT] [           main] org.springframework.test.context.cache   : Spring test ApplicationContext cache statistics: [DefaultContextCache@716a6343 size = 1, maxSize = 32, parentContextCount = 0, hitCount = 10, missCount = 1, failureCount = 0]
2024-08-03T22:29:00.737-05:00 DEBUG 26535 --- [PruebaT] [           main] org.springframework.test.context.cache   : Spring test ApplicationContext cache statistics: [DefaultContextCache@716a6343 size = 1, maxSize = 32, parentContextCount = 0, hitCount = 11, missCount = 1, failureCount = 0]
2024-08-03T22:29:00.738-05:00 DEBUG 26535 --- [PruebaT] [           main] .c.s.DirtiesContextTestExecutionListener : After test method: class [AccountControllerIntegrationTest], method [testCreateAccount], class annotated with @DirtiesContext [false] with mode [null], method annotated with @DirtiesContext [false] with mode [null]
2024-08-03T22:29:00.738-05:00 DEBUG 26535 --- [PruebaT] [           main] o.s.t.c.w.ServletTestExecutionListener   : Resetting RequestContextHolder for test class com.example.PruebaT.test.integration.AccountControllerIntegrationTest
]]></system-out>
    <system-err><![CDATA[WARNING: A Java agent has been loaded dynamically (/Users/darwinrodriguez/.m2/repository/net/bytebuddy/byte-buddy-agent/1.14.18/byte-buddy-agent-1.14.18.jar)
WARNING: If a serviceability tool is in use, please run with -XX:+EnableDynamicAgentLoading to hide this warning
WARNING: If a serviceability tool is not in use, please run with -Djdk.instrument.traceUsage for more information
WARNING: Dynamic loading of agents will be disallowed by default in a future release
]]></system-err>
  </testcase>
  <testcase name="testGetAccountById" classname="com.example.PruebaT.test.integration.AccountControllerIntegrationTest" time="0.036">
    <system-out><![CDATA[2024-08-03T22:29:00.741-05:00 DEBUG 26535 --- [PruebaT] [           main] org.springframework.test.context.cache   : Spring test ApplicationContext cache statistics: [DefaultContextCache@716a6343 size = 1, maxSize = 32, parentContextCount = 0, hitCount = 12, missCount = 1, failureCount = 0]
2024-08-03T22:29:00.741-05:00 DEBUG 26535 --- [PruebaT] [           main] o.s.t.c.w.ServletTestExecutionListener   : Setting up MockHttpServletRequest, MockHttpServletResponse, ServletWebRequest, and RequestContextHolder for test class com.example.PruebaT.test.integration.AccountControllerIntegrationTest
2024-08-03T22:29:00.741-05:00 DEBUG 26535 --- [PruebaT] [           main] DependencyInjectionTestExecutionListener : Performing dependency injection for test class com.example.PruebaT.test.integration.AccountControllerIntegrationTest
2024-08-03T22:29:00.741-05:00 DEBUG 26535 --- [PruebaT] [           main] org.springframework.test.context.cache   : Spring test ApplicationContext cache statistics: [DefaultContextCache@716a6343 size = 1, maxSize = 32, parentContextCount = 0, hitCount = 13, missCount = 1, failureCount = 0]
2024-08-03T22:29:00.741-05:00 DEBUG 26535 --- [PruebaT] [           main] org.springframework.test.context.cache   : Spring test ApplicationContext cache statistics: [DefaultContextCache@716a6343 size = 1, maxSize = 32, parentContextCount = 0, hitCount = 14, missCount = 1, failureCount = 0]
2024-08-03T22:29:00.744-05:00 DEBUG 26535 --- [PruebaT] [           main] sContextBeforeModesTestExecutionListener : Before test method: class [AccountControllerIntegrationTest], method [testGetAccountById], class annotated with @DirtiesContext [false] with mode [null], method annotated with @DirtiesContext [false] with mode [null]
2024-08-03T22:29:00.744-05:00 DEBUG 26535 --- [PruebaT] [           main] org.springframework.test.context.cache   : Spring test ApplicationContext cache statistics: [DefaultContextCache@716a6343 size = 1, maxSize = 32, parentContextCount = 0, hitCount = 15, missCount = 1, failureCount = 0]
2024-08-03T22:29:00.744-05:00 DEBUG 26535 --- [PruebaT] [           main] org.springframework.test.context.cache   : Spring test ApplicationContext cache statistics: [DefaultContextCache@716a6343 size = 1, maxSize = 32, parentContextCount = 0, hitCount = 16, missCount = 1, failureCount = 0]
2024-08-03T22:29:00.749-05:00 DEBUG 26535 --- [PruebaT] [           main] o.s.orm.jpa.JpaTransactionManager        : Creating new transaction with name [org.springframework.data.jpa.repository.support.SimpleJpaRepository.deleteAll]: PROPAGATION_REQUIRED,ISOLATION_DEFAULT
2024-08-03T22:29:00.750-05:00 DEBUG 26535 --- [PruebaT] [           main] o.s.orm.jpa.JpaTransactionManager        : Opened new EntityManager [SessionImpl(210882265<open>)] for JPA transaction
2024-08-03T22:29:00.750-05:00 DEBUG 26535 --- [PruebaT] [           main] o.h.e.t.internal.TransactionImpl         : On TransactionImpl creation, JpaCompliance#isJpaTransactionComplianceEnabled == false
2024-08-03T22:29:00.750-05:00 DEBUG 26535 --- [PruebaT] [           main] o.h.e.t.internal.TransactionImpl         : begin
2024-08-03T22:29:00.750-05:00 DEBUG 26535 --- [PruebaT] [           main] o.s.orm.jpa.JpaTransactionManager        : Exposing JPA transaction as JDBC [org.springframework.orm.jpa.vendor.HibernateJpaDialect$HibernateConnectionHandle@46e03c31]
2024-08-03T22:29:00.750-05:00 DEBUG 26535 --- [PruebaT] [           main] org.hibernate.orm.sql.ast.create         : Created new SQL alias : c1_0
2024-08-03T22:29:00.750-05:00 DEBUG 26535 --- [PruebaT] [           main] org.hibernate.orm.sql.ast.create         : Registration of TableGroup [StandardTableGroup(com.example.PruebaT.model.Cuenta(249964609853875))] with identifierForTableGroup [com.example.PruebaT.model.Cuenta] for NavigablePath [com.example.PruebaT.model.Cuenta] 
2024-08-03T22:29:00.750-05:00 DEBUG 26535 --- [PruebaT] [           main] org.hibernate.orm.sql.ast.create         : Registration of TableGroup [org.hibernate.sql.ast.tree.from.LazyTableGroup@42e1bfe1] with identifierForTableGroup [com.example.PruebaT.model.Cuenta.cliente] for NavigablePath [com.example.PruebaT.model.Cuenta.cliente] 
2024-08-03T22:29:00.750-05:00 DEBUG 26535 --- [PruebaT] [           main] org.hibernate.orm.results.graph.AST      : DomainResult Graph:
 \-EntityResultImpl [com.example.PruebaT.model.Cuenta(249964609853875)]
 |  +-CircularFetchImpl [com.example.PruebaT.model.Cuenta(249964609853875).cliente]
 |  +-BasicFetch [com.example.PruebaT.model.Cuenta(249964609853875).estado]
 |  +-BasicFetch [com.example.PruebaT.model.Cuenta(249964609853875).numeroCuenta]
 |  +-BasicFetch [com.example.PruebaT.model.Cuenta(249964609853875).saldoInicial]
 |  \-BasicFetch [com.example.PruebaT.model.Cuenta(249964609853875).tipoCuenta]

2024-08-03T22:29:00.750-05:00 DEBUG 26535 --- [PruebaT] [           main] org.hibernate.orm.sql.ast.tree           : SQL AST Tree:
    SelectStatement {
      FromClause {
        StandardTableGroup (c1 : com.example.PruebaT.model.Cuenta(249964609853875)) {
          primaryTableReference : cuenta as c1_0
          TableGroupJoins {
            left  join LazyTableGroup (c2 : com.example.PruebaT.model.Cuenta(249964609853875).cliente) {
            }
          }
        }
      }
    }

2024-08-03T22:29:00.750-05:00 DEBUG 26535 --- [PruebaT] [           main] org.hibernate.orm.sql.exec               : Skipping reading Query result cache data: cache-enabled = false, cache-mode = NORMAL
2024-08-03T22:29:00.751-05:00 DEBUG 26535 --- [PruebaT] [           main] org.hibernate.orm.results                : Initializer list:
	  com.example.PruebaT.model.Cuenta(249964609853875) -> EntityResultInitializer(com.example.PruebaT.model.Cuenta(249964609853875))@966639667 (SingleTableEntityPersister(com.example.PruebaT.model.Cuenta))
	  com.example.PruebaT.model.Cuenta(249964609853875).cliente -> EntitySelectFetchInitializer(com.example.PruebaT.model.Cuenta(249964609853875).cliente)@1878790819 (ToOneAttributeMapping(NavigableRole[com.example.PruebaT.model.Cuenta.cliente])@720759478)

2024-08-03T22:29:00.751-05:00 DEBUG 26535 --- [PruebaT] [           main] org.hibernate.SQL                        : select c1_0.id,c1_0.cliente_id,c1_0.estado,c1_0.numero_cuenta,c1_0.saldo_inicial,c1_0.tipo_cuenta from cuenta c1_0
Hibernate: select c1_0.id,c1_0.cliente_id,c1_0.estado,c1_0.numero_cuenta,c1_0.saldo_inicial,c1_0.tipo_cuenta from cuenta c1_0
2024-08-03T22:29:00.751-05:00 DEBUG 26535 --- [PruebaT] [           main] org.hibernate.orm.results                : Extracted JDBC value [0] - [1]
2024-08-03T22:29:00.751-05:00 DEBUG 26535 --- [PruebaT] [           main] o.hibernate.orm.results.loading.entity   : (EntityResultInitializer) Hydrated EntityKey (com.example.PruebaT.model.Cuenta(249964609853875)): 1
2024-08-03T22:29:00.751-05:00 DEBUG 26535 --- [PruebaT] [           main] o.hibernate.orm.results.loading.entity   : (EntityResultInitializer) Created new entity instance [com.example.PruebaT.model.Cuenta(249964609853875)#1] : 1397123943
2024-08-03T22:29:00.751-05:00 DEBUG 26535 --- [PruebaT] [           main] org.hibernate.orm.results                : Extracted JDBC value [1] - [1]
2024-08-03T22:29:00.751-05:00 DEBUG 26535 --- [PruebaT] [           main] o.hibernate.orm.results.loading.entity   : (EntitySelectFetchInitializer) Invoking session#internalLoad for entity (com.example.PruebaT.model.Cuenta(249964609853875).cliente#1) : 1
2024-08-03T22:29:00.752-05:00 DEBUG 26535 --- [PruebaT] [           main] org.hibernate.orm.sql.exec               : Skipping reading Query result cache data: cache-enabled = false, cache-mode = IGNORE
2024-08-03T22:29:00.752-05:00 DEBUG 26535 --- [PruebaT] [           main] org.hibernate.orm.results                : Initializer list:
	  com.example.PruebaT.model.Cliente -> EntityResultInitializer(com.example.PruebaT.model.Cliente)@514989858 (SingleTableEntityPersister(com.example.PruebaT.model.Cliente))
	  com.example.PruebaT.model.Cliente.cuentas -> DelayedCollectionInitializer(com.example.PruebaT.model.Cliente.cuentas)@2119123648 (PluralAttribute(com.example.PruebaT.model.Cliente.cuentas))

2024-08-03T22:29:00.752-05:00 DEBUG 26535 --- [PruebaT] [           main] org.hibernate.SQL                        : select c1_0.id,c1_0.contrasenia,c1_0.direccion,c1_0.edad,c1_0.estado,c1_0.genero,c1_0.identificacion,c1_0.nombre,c1_0.telefono from cliente c1_0 where c1_0.id=?
Hibernate: select c1_0.id,c1_0.contrasenia,c1_0.direccion,c1_0.edad,c1_0.estado,c1_0.genero,c1_0.identificacion,c1_0.nombre,c1_0.telefono from cliente c1_0 where c1_0.id=?
2024-08-03T22:29:00.752-05:00 DEBUG 26535 --- [PruebaT] [           main] o.hibernate.orm.results.loading.entity   : (EntityResultInitializer) Hydrated EntityKey (com.example.PruebaT.model.Cliente): 1
2024-08-03T22:29:00.752-05:00 DEBUG 26535 --- [PruebaT] [           main] o.h.o.r.l.o.h.o.r.loading.collection     : (DelayedCollectionInitializer) Current row collection key : com.example.PruebaT.model.Cliente.cuentas#1
2024-08-03T22:29:00.752-05:00 DEBUG 26535 --- [PruebaT] [           main] o.hibernate.orm.results.loading.entity   : (EntityResultInitializer) Created new entity instance [com.example.PruebaT.model.Cliente#1] : 181917476
2024-08-03T22:29:00.752-05:00 DEBUG 26535 --- [PruebaT] [           main] org.hibernate.orm.results                : Extracted JDBC value [1] - [null]
2024-08-03T22:29:00.752-05:00 DEBUG 26535 --- [PruebaT] [           main] org.hibernate.orm.results                : Extracted JDBC value [2] - [null]
2024-08-03T22:29:00.752-05:00 DEBUG 26535 --- [PruebaT] [           main] org.hibernate.orm.results                : Extracted JDBC value [3] - [null]
2024-08-03T22:29:00.752-05:00 DEBUG 26535 --- [PruebaT] [           main] org.hibernate.orm.results                : Extracted JDBC value [4] - [null]
2024-08-03T22:29:00.752-05:00 DEBUG 26535 --- [PruebaT] [           main] org.hibernate.orm.results                : Extracted JDBC value [5] - [null]
2024-08-03T22:29:00.752-05:00 DEBUG 26535 --- [PruebaT] [           main] org.hibernate.orm.results                : Extracted JDBC value [6] - [null]
2024-08-03T22:29:00.752-05:00 DEBUG 26535 --- [PruebaT] [           main] org.hibernate.orm.results                : Extracted JDBC value [7] - [John Doe]
2024-08-03T22:29:00.752-05:00 DEBUG 26535 --- [PruebaT] [           main] org.hibernate.orm.results                : Extracted JDBC value [8] - [null]
2024-08-03T22:29:00.752-05:00 DEBUG 26535 --- [PruebaT] [           main] o.hibernate.orm.results.loading.entity   : (EntityResultInitializer) Done materializing entityInstance : com.example.PruebaT.model.Cliente#1
2024-08-03T22:29:00.752-05:00 DEBUG 26535 --- [PruebaT] [           main] org.hibernate.orm.results.loading        : Calling top-level assembler (0 / 1) : org.hibernate.sql.results.graph.entity.internal.EntityAssembler@1e680c92
2024-08-03T22:29:00.752-05:00 DEBUG 26535 --- [PruebaT] [           main] o.hibernate.orm.results.loading.entity   : (EntitySelectFetchInitializer) Entity [com.example.PruebaT.model.Cuenta(249964609853875).cliente#1] : 1 has being loaded by session.internalLoad.
2024-08-03T22:29:00.752-05:00 DEBUG 26535 --- [PruebaT] [           main] org.hibernate.orm.results                : Extracted JDBC value [2] - [Activo]
2024-08-03T22:29:00.752-05:00 DEBUG 26535 --- [PruebaT] [           main] org.hibernate.orm.results                : Extracted JDBC value [3] - [123456789]
2024-08-03T22:29:00.752-05:00 DEBUG 26535 --- [PruebaT] [           main] org.hibernate.orm.results                : Extracted JDBC value [4] - [1000.0]
2024-08-03T22:29:00.752-05:00 DEBUG 26535 --- [PruebaT] [           main] org.hibernate.orm.results                : Extracted JDBC value [5] - [Ahorro]
2024-08-03T22:29:00.752-05:00 DEBUG 26535 --- [PruebaT] [           main] o.hibernate.orm.results.loading.entity   : (EntityResultInitializer) Done materializing entityInstance : com.example.PruebaT.model.Cuenta(249964609853875)#1
2024-08-03T22:29:00.752-05:00 DEBUG 26535 --- [PruebaT] [           main] org.hibernate.orm.results.loading        : Calling top-level assembler (0 / 1) : org.hibernate.sql.results.graph.entity.internal.EntityAssembler@ef64a8f
2024-08-03T22:29:00.752-05:00 DEBUG 26535 --- [PruebaT] [           main] org.hibernate.orm.results                : Extracted JDBC value [0] - [2]
2024-08-03T22:29:00.752-05:00 DEBUG 26535 --- [PruebaT] [           main] o.hibernate.orm.results.loading.entity   : (EntityResultInitializer) Hydrated EntityKey (com.example.PruebaT.model.Cuenta(249964609853875)): 2
2024-08-03T22:29:00.752-05:00 DEBUG 26535 --- [PruebaT] [           main] o.hibernate.orm.results.loading.entity   : (EntityResultInitializer) Created new entity instance [com.example.PruebaT.model.Cuenta(249964609853875)#2] : 976011906
2024-08-03T22:29:00.752-05:00 DEBUG 26535 --- [PruebaT] [           main] org.hibernate.orm.results                : Extracted JDBC value [1] - [1]
2024-08-03T22:29:00.752-05:00 DEBUG 26535 --- [PruebaT] [           main] o.hibernate.orm.results.loading.entity   : (EntitySelectFetchInitializer) Found existing loading entry [com.example.PruebaT.model.Cuenta(249964609853875).cliente#1] - using loading instance
2024-08-03T22:29:00.752-05:00 DEBUG 26535 --- [PruebaT] [           main] org.hibernate.orm.results                : Extracted JDBC value [2] - [Activo]
2024-08-03T22:29:00.752-05:00 DEBUG 26535 --- [PruebaT] [           main] org.hibernate.orm.results                : Extracted JDBC value [3] - [987654321]
2024-08-03T22:29:00.752-05:00 DEBUG 26535 --- [PruebaT] [           main] org.hibernate.orm.results                : Extracted JDBC value [4] - [5000.0]
2024-08-03T22:29:00.752-05:00 DEBUG 26535 --- [PruebaT] [           main] org.hibernate.orm.results                : Extracted JDBC value [5] - [Corriente]
2024-08-03T22:29:00.752-05:00 DEBUG 26535 --- [PruebaT] [           main] o.hibernate.orm.results.loading.entity   : (EntityResultInitializer) Done materializing entityInstance : com.example.PruebaT.model.Cuenta(249964609853875)#2
2024-08-03T22:29:00.752-05:00 DEBUG 26535 --- [PruebaT] [           main] org.hibernate.orm.results.loading        : Calling top-level assembler (0 / 1) : org.hibernate.sql.results.graph.entity.internal.EntityAssembler@ef64a8f
2024-08-03T22:29:00.753-05:00 DEBUG 26535 --- [PruebaT] [           main] o.h.j.internal.PersistenceUnitUtilImpl   : jakarta.persistence.PersistenceUnitUtil.getIdentifier is only intended to work with enhanced entities (although Hibernate also adapts this support to its proxies); however the passed entity was not enhanced (nor a proxy).. may not be able to read identifier
2024-08-03T22:29:00.753-05:00 DEBUG 26535 --- [PruebaT] [           main] o.h.j.internal.PersistenceUnitUtilImpl   : jakarta.persistence.PersistenceUnitUtil.getIdentifier is only intended to work with enhanced entities (although Hibernate also adapts this support to its proxies); however the passed entity was not enhanced (nor a proxy).. may not be able to read identifier
2024-08-03T22:29:00.755-05:00 DEBUG 26535 --- [PruebaT] [           main] o.h.j.internal.PersistenceUnitUtilImpl   : jakarta.persistence.PersistenceUnitUtil.getIdentifier is only intended to work with enhanced entities (although Hibernate also adapts this support to its proxies); however the passed entity was not enhanced (nor a proxy).. may not be able to read identifier
2024-08-03T22:29:00.755-05:00 DEBUG 26535 --- [PruebaT] [           main] o.h.j.internal.PersistenceUnitUtilImpl   : jakarta.persistence.PersistenceUnitUtil.getIdentifier is only intended to work with enhanced entities (although Hibernate also adapts this support to its proxies); however the passed entity was not enhanced (nor a proxy).. may not be able to read identifier
2024-08-03T22:29:00.755-05:00 DEBUG 26535 --- [PruebaT] [           main] o.s.orm.jpa.JpaTransactionManager        : Initiating transaction commit
2024-08-03T22:29:00.755-05:00 DEBUG 26535 --- [PruebaT] [           main] o.s.orm.jpa.JpaTransactionManager        : Committing JPA transaction on EntityManager [SessionImpl(210882265<open>)]
2024-08-03T22:29:00.755-05:00 DEBUG 26535 --- [PruebaT] [           main] o.h.e.t.internal.TransactionImpl         : committing
2024-08-03T22:29:00.755-05:00 DEBUG 26535 --- [PruebaT] [           main] o.h.e.i.AbstractFlushingEventListener    : Processing flush-time cascades
2024-08-03T22:29:00.755-05:00 DEBUG 26535 --- [PruebaT] [           main] o.h.e.i.AbstractFlushingEventListener    : Dirty checking collections
2024-08-03T22:29:00.756-05:00 DEBUG 26535 --- [PruebaT] [           main] o.hibernate.engine.internal.Collections  : Collection found: [com.example.PruebaT.model.Cliente.cuentas#1], was: [com.example.PruebaT.model.Cliente.cuentas#1] (uninitialized)
2024-08-03T22:29:00.756-05:00 DEBUG 26535 --- [PruebaT] [           main] o.h.e.i.AbstractFlushingEventListener    : Flushed: 0 insertions, 0 updates, 2 deletions to 3 objects
2024-08-03T22:29:00.756-05:00 DEBUG 26535 --- [PruebaT] [           main] o.h.e.i.AbstractFlushingEventListener    : Flushed: 0 (re)creations, 0 updates, 0 removals to 1 collections
2024-08-03T22:29:00.756-05:00 DEBUG 26535 --- [PruebaT] [           main] o.hibernate.internal.util.EntityPrinter  : Listing entities:
2024-08-03T22:29:00.756-05:00 DEBUG 26535 --- [PruebaT] [           main] o.hibernate.internal.util.EntityPrinter  : com.example.PruebaT.model.Cuenta{cliente=com.example.PruebaT.model.Cliente#1, estado=Activo, tipoCuenta=Corriente, numeroCuenta=987654321, id=2, saldoInicial=5000.0}
2024-08-03T22:29:00.756-05:00 DEBUG 26535 --- [PruebaT] [           main] o.hibernate.internal.util.EntityPrinter  : com.example.PruebaT.model.Cliente{estado=null, clienteId=1, genero=null, direccion=null, cuentas=<uninitialized>, contrasenia=null, identificacion=null, telefono=null, edad=null, nombre=John Doe}
2024-08-03T22:29:00.756-05:00 DEBUG 26535 --- [PruebaT] [           main] o.hibernate.internal.util.EntityPrinter  : com.example.PruebaT.model.Cuenta{cliente=com.example.PruebaT.model.Cliente#1, estado=Activo, tipoCuenta=Ahorro, numeroCuenta=123456789, id=1, saldoInicial=1000.0}
2024-08-03T22:29:00.757-05:00 DEBUG 26535 --- [PruebaT] [           main] org.hibernate.SQL                        : delete from cuenta where id=?
Hibernate: delete from cuenta where id=?
2024-08-03T22:29:00.758-05:00 DEBUG 26535 --- [PruebaT] [           main] org.hibernate.SQL                        : delete from cuenta where id=?
Hibernate: delete from cuenta where id=?
2024-08-03T22:29:00.759-05:00 DEBUG 26535 --- [PruebaT] [           main] o.s.orm.jpa.JpaTransactionManager        : Closing JPA EntityManager [SessionImpl(210882265<open>)] after transaction
2024-08-03T22:29:00.759-05:00 DEBUG 26535 --- [PruebaT] [           main] o.s.orm.jpa.JpaTransactionManager        : Creating new transaction with name [org.springframework.data.jpa.repository.support.SimpleJpaRepository.deleteAll]: PROPAGATION_REQUIRED,ISOLATION_DEFAULT
2024-08-03T22:29:00.759-05:00 DEBUG 26535 --- [PruebaT] [           main] o.s.orm.jpa.JpaTransactionManager        : Opened new EntityManager [SessionImpl(743286356<open>)] for JPA transaction
2024-08-03T22:29:00.759-05:00 DEBUG 26535 --- [PruebaT] [           main] o.h.e.t.internal.TransactionImpl         : On TransactionImpl creation, JpaCompliance#isJpaTransactionComplianceEnabled == false
2024-08-03T22:29:00.759-05:00 DEBUG 26535 --- [PruebaT] [           main] o.h.e.t.internal.TransactionImpl         : begin
2024-08-03T22:29:00.759-05:00 DEBUG 26535 --- [PruebaT] [           main] o.s.orm.jpa.JpaTransactionManager        : Exposing JPA transaction as JDBC [org.springframework.orm.jpa.vendor.HibernateJpaDialect$HibernateConnectionHandle@664e8bb7]
2024-08-03T22:29:00.759-05:00 DEBUG 26535 --- [PruebaT] [           main] org.hibernate.orm.sql.ast.create         : Created new SQL alias : c1_0
2024-08-03T22:29:00.760-05:00 DEBUG 26535 --- [PruebaT] [           main] org.hibernate.orm.sql.ast.create         : Registration of TableGroup [StandardTableGroup(com.example.PruebaT.model.Cliente(249964619298708))] with identifierForTableGroup [com.example.PruebaT.model.Cliente] for NavigablePath [com.example.PruebaT.model.Cliente] 
2024-08-03T22:29:00.760-05:00 DEBUG 26535 --- [PruebaT] [           main] org.hibernate.orm.results.graph.AST      : DomainResult Graph:
 \-EntityResultImpl [com.example.PruebaT.model.Cliente(249964619298708)]
 |  +-BasicFetch [com.example.PruebaT.model.Cliente(249964619298708).contrasenia]
 |  +-DelayedCollectionFetch [com.example.PruebaT.model.Cliente(249964619298708).cuentas]
 |  +-BasicFetch [com.example.PruebaT.model.Cliente(249964619298708).direccion]
 |  +-BasicFetch [com.example.PruebaT.model.Cliente(249964619298708).edad]
 |  +-BasicFetch [com.example.PruebaT.model.Cliente(249964619298708).estado]
 |  +-BasicFetch [com.example.PruebaT.model.Cliente(249964619298708).genero]
 |  +-BasicFetch [com.example.PruebaT.model.Cliente(249964619298708).identificacion]
 |  +-BasicFetch [com.example.PruebaT.model.Cliente(249964619298708).nombre]
 |  \-BasicFetch [com.example.PruebaT.model.Cliente(249964619298708).telefono]

2024-08-03T22:29:00.760-05:00 DEBUG 26535 --- [PruebaT] [           main] org.hibernate.orm.sql.ast.tree           : SQL AST Tree:
    SelectStatement {
      FromClause {
        StandardTableGroup (c1 : com.example.PruebaT.model.Cliente(249964619298708)) {
          primaryTableReference : cliente as c1_0
        }
      }
    }

2024-08-03T22:29:00.760-05:00 DEBUG 26535 --- [PruebaT] [           main] org.hibernate.orm.sql.exec               : Skipping reading Query result cache data: cache-enabled = false, cache-mode = NORMAL
2024-08-03T22:29:00.760-05:00 DEBUG 26535 --- [PruebaT] [           main] org.hibernate.orm.results                : Initializer list:
	  com.example.PruebaT.model.Cliente(249964619298708).cuentas -> DelayedCollectionInitializer(com.example.PruebaT.model.Cliente(249964619298708).cuentas)@380499567 (PluralAttribute(com.example.PruebaT.model.Cliente.cuentas))
	  com.example.PruebaT.model.Cliente(249964619298708) -> EntityResultInitializer(com.example.PruebaT.model.Cliente(249964619298708))@1692671392 (SingleTableEntityPersister(com.example.PruebaT.model.Cliente))

2024-08-03T22:29:00.760-05:00 DEBUG 26535 --- [PruebaT] [           main] org.hibernate.SQL                        : select c1_0.id,c1_0.contrasenia,c1_0.direccion,c1_0.edad,c1_0.estado,c1_0.genero,c1_0.identificacion,c1_0.nombre,c1_0.telefono from cliente c1_0
Hibernate: select c1_0.id,c1_0.contrasenia,c1_0.direccion,c1_0.edad,c1_0.estado,c1_0.genero,c1_0.identificacion,c1_0.nombre,c1_0.telefono from cliente c1_0
2024-08-03T22:29:00.760-05:00 DEBUG 26535 --- [PruebaT] [           main] org.hibernate.orm.results                : Extracted JDBC value [0] - [1]
2024-08-03T22:29:00.760-05:00 DEBUG 26535 --- [PruebaT] [           main] o.hibernate.orm.results.loading.entity   : (EntityResultInitializer) Hydrated EntityKey (com.example.PruebaT.model.Cliente(249964619298708)): 1
2024-08-03T22:29:00.760-05:00 DEBUG 26535 --- [PruebaT] [           main] o.h.o.r.l.o.h.o.r.loading.collection     : (DelayedCollectionInitializer) Current row collection key : com.example.PruebaT.model.Cliente(249964619298708).cuentas#1
2024-08-03T22:29:00.760-05:00 DEBUG 26535 --- [PruebaT] [           main] o.hibernate.orm.results.loading.entity   : (EntityResultInitializer) Created new entity instance [com.example.PruebaT.model.Cliente(249964619298708)#1] : 105275210
2024-08-03T22:29:00.760-05:00 DEBUG 26535 --- [PruebaT] [           main] org.hibernate.orm.results                : Extracted JDBC value [1] - [null]
2024-08-03T22:29:00.760-05:00 DEBUG 26535 --- [PruebaT] [           main] org.hibernate.orm.results                : Extracted JDBC value [2] - [null]
2024-08-03T22:29:00.760-05:00 DEBUG 26535 --- [PruebaT] [           main] org.hibernate.orm.results                : Extracted JDBC value [3] - [null]
2024-08-03T22:29:00.761-05:00 DEBUG 26535 --- [PruebaT] [           main] org.hibernate.orm.results                : Extracted JDBC value [4] - [null]
2024-08-03T22:29:00.761-05:00 DEBUG 26535 --- [PruebaT] [           main] org.hibernate.orm.results                : Extracted JDBC value [5] - [null]
2024-08-03T22:29:00.761-05:00 DEBUG 26535 --- [PruebaT] [           main] org.hibernate.orm.results                : Extracted JDBC value [6] - [null]
2024-08-03T22:29:00.761-05:00 DEBUG 26535 --- [PruebaT] [           main] org.hibernate.orm.results                : Extracted JDBC value [7] - [John Doe]
2024-08-03T22:29:00.761-05:00 DEBUG 26535 --- [PruebaT] [           main] org.hibernate.orm.results                : Extracted JDBC value [8] - [null]
2024-08-03T22:29:00.761-05:00 DEBUG 26535 --- [PruebaT] [           main] o.hibernate.orm.results.loading.entity   : (EntityResultInitializer) Done materializing entityInstance : com.example.PruebaT.model.Cliente(249964619298708)#1
2024-08-03T22:29:00.761-05:00 DEBUG 26535 --- [PruebaT] [           main] org.hibernate.orm.results.loading        : Calling top-level assembler (0 / 1) : org.hibernate.sql.results.graph.entity.internal.EntityAssembler@687749d1
2024-08-03T22:29:00.761-05:00 DEBUG 26535 --- [PruebaT] [           main] o.h.j.internal.PersistenceUnitUtilImpl   : jakarta.persistence.PersistenceUnitUtil.getIdentifier is only intended to work with enhanced entities (although Hibernate also adapts this support to its proxies); however the passed entity was not enhanced (nor a proxy).. may not be able to read identifier
2024-08-03T22:29:00.761-05:00 DEBUG 26535 --- [PruebaT] [           main] o.h.j.internal.PersistenceUnitUtilImpl   : jakarta.persistence.PersistenceUnitUtil.getIdentifier is only intended to work with enhanced entities (although Hibernate also adapts this support to its proxies); however the passed entity was not enhanced (nor a proxy).. may not be able to read identifier
2024-08-03T22:29:00.763-05:00 DEBUG 26535 --- [PruebaT] [           main] org.hibernate.orm.sql.exec               : Skipping reading Query result cache data: cache-enabled = false, cache-mode = IGNORE
2024-08-03T22:29:00.764-05:00 DEBUG 26535 --- [PruebaT] [           main] org.hibernate.orm.results                : Initializer list:
	  com.example.PruebaT.model.Cliente.cuentas.{element} -> EntityJoinedFetchInitializer(com.example.PruebaT.model.Cliente.cuentas.{element})@2091925687 (EntityCollectionPart(com.example.PruebaT.model.Cliente.cuentas#{element})@447308636)
	  com.example.PruebaT.model.Cliente.cuentas.{element}.cliente -> EntitySelectFetchInitializer(com.example.PruebaT.model.Cliente.cuentas.{element}.cliente)@1099901683 (ToOneAttributeMapping(NavigableRole[com.example.PruebaT.model.Cuenta.cliente])@720759478)
	  com.example.PruebaT.model.Cliente.cuentas -> BagInitializer(com.example.PruebaT.model.Cliente.cuentas)@1909908739 (PluralAttribute(com.example.PruebaT.model.Cliente.cuentas))

2024-08-03T22:29:00.764-05:00 DEBUG 26535 --- [PruebaT] [           main] org.hibernate.SQL                        : select c1_0.cliente_id,c1_0.id,c1_0.estado,c1_0.numero_cuenta,c1_0.saldo_inicial,c1_0.tipo_cuenta from cuenta c1_0 where c1_0.cliente_id=?
Hibernate: select c1_0.cliente_id,c1_0.id,c1_0.estado,c1_0.numero_cuenta,c1_0.saldo_inicial,c1_0.tipo_cuenta from cuenta c1_0 where c1_0.cliente_id=?
2024-08-03T22:29:00.765-05:00 DEBUG 26535 --- [PruebaT] [           main] o.h.sql.results.internal.ResultsHelper   : Collection fully initialized: [com.example.PruebaT.model.Cliente.cuentas#1]
2024-08-03T22:29:00.765-05:00 DEBUG 26535 --- [PruebaT] [           main] o.s.orm.jpa.JpaTransactionManager        : Initiating transaction commit
2024-08-03T22:29:00.765-05:00 DEBUG 26535 --- [PruebaT] [           main] o.s.orm.jpa.JpaTransactionManager        : Committing JPA transaction on EntityManager [SessionImpl(743286356<open>)]
2024-08-03T22:29:00.765-05:00 DEBUG 26535 --- [PruebaT] [           main] o.h.e.t.internal.TransactionImpl         : committing
2024-08-03T22:29:00.765-05:00 DEBUG 26535 --- [PruebaT] [           main] o.h.e.i.AbstractFlushingEventListener    : Processing flush-time cascades
2024-08-03T22:29:00.765-05:00 DEBUG 26535 --- [PruebaT] [           main] o.h.e.i.AbstractFlushingEventListener    : Dirty checking collections
2024-08-03T22:29:00.765-05:00 DEBUG 26535 --- [PruebaT] [           main] o.hibernate.engine.internal.Collections  : Collection dereferenced: [com.example.PruebaT.model.Cliente.cuentas#1]
2024-08-03T22:29:00.766-05:00 DEBUG 26535 --- [PruebaT] [           main] o.h.e.i.AbstractFlushingEventListener    : Flushed: 0 insertions, 0 updates, 1 deletions to 1 objects
2024-08-03T22:29:00.766-05:00 DEBUG 26535 --- [PruebaT] [           main] o.h.e.i.AbstractFlushingEventListener    : Flushed: 0 (re)creations, 0 updates, 1 removals to 1 collections
2024-08-03T22:29:00.766-05:00 DEBUG 26535 --- [PruebaT] [           main] o.hibernate.internal.util.EntityPrinter  : Listing entities:
2024-08-03T22:29:00.766-05:00 DEBUG 26535 --- [PruebaT] [           main] o.hibernate.internal.util.EntityPrinter  : com.example.PruebaT.model.Cliente{estado=null, clienteId=1, genero=null, direccion=null, cuentas=[], contrasenia=null, identificacion=null, telefono=null, edad=null, nombre=John Doe}
2024-08-03T22:29:00.767-05:00 DEBUG 26535 --- [PruebaT] [           main] org.hibernate.SQL                        : delete from cliente where id=?
Hibernate: delete from cliente where id=?
2024-08-03T22:29:00.767-05:00 DEBUG 26535 --- [PruebaT] [           main] o.s.orm.jpa.JpaTransactionManager        : Closing JPA EntityManager [SessionImpl(743286356<open>)] after transaction
2024-08-03T22:29:00.768-05:00 DEBUG 26535 --- [PruebaT] [           main] o.s.orm.jpa.JpaTransactionManager        : Creating new transaction with name [org.springframework.data.jpa.repository.support.SimpleJpaRepository.save]: PROPAGATION_REQUIRED,ISOLATION_DEFAULT
2024-08-03T22:29:00.768-05:00 DEBUG 26535 --- [PruebaT] [           main] o.s.orm.jpa.JpaTransactionManager        : Opened new EntityManager [SessionImpl(725960838<open>)] for JPA transaction
2024-08-03T22:29:00.768-05:00 DEBUG 26535 --- [PruebaT] [           main] o.h.e.t.internal.TransactionImpl         : On TransactionImpl creation, JpaCompliance#isJpaTransactionComplianceEnabled == false
2024-08-03T22:29:00.768-05:00 DEBUG 26535 --- [PruebaT] [           main] o.h.e.t.internal.TransactionImpl         : begin
2024-08-03T22:29:00.768-05:00 DEBUG 26535 --- [PruebaT] [           main] o.s.orm.jpa.JpaTransactionManager        : Exposing JPA transaction as JDBC [org.springframework.orm.jpa.vendor.HibernateJpaDialect$HibernateConnectionHandle@349a8977]
2024-08-03T22:29:00.768-05:00 DEBUG 26535 --- [PruebaT] [           main] o.h.j.internal.PersistenceUnitUtilImpl   : jakarta.persistence.PersistenceUnitUtil.getIdentifier is only intended to work with enhanced entities (although Hibernate also adapts this support to its proxies); however the passed entity was not enhanced (nor a proxy).. may not be able to read identifier
2024-08-03T22:29:00.768-05:00 DEBUG 26535 --- [PruebaT] [           main] org.hibernate.engine.spi.ActionQueue     : Executing identity-insert immediately
2024-08-03T22:29:00.768-05:00 DEBUG 26535 --- [PruebaT] [           main] org.hibernate.SQL                        : insert into cliente (contrasenia,direccion,edad,estado,genero,identificacion,nombre,telefono,id) values (?,?,?,?,?,?,?,?,default)
Hibernate: insert into cliente (contrasenia,direccion,edad,estado,genero,identificacion,nombre,telefono,id) values (?,?,?,?,?,?,?,?,default)
2024-08-03T22:29:00.768-05:00 DEBUG 26535 --- [PruebaT] [           main] org.hibernate.orm.results                : Initializer list is empty
2024-08-03T22:29:00.768-05:00 DEBUG 26535 --- [PruebaT] [           main] org.hibernate.orm.results.loading        : Calling top-level assembler (0 / 1) : org.hibernate.sql.results.graph.basic.BasicResultAssembler@6fe2f6a0
2024-08-03T22:29:00.768-05:00 DEBUG 26535 --- [PruebaT] [           main] org.hibernate.orm.results                : Extracted JDBC value [0] - [2]
2024-08-03T22:29:00.768-05:00 DEBUG 26535 --- [PruebaT] [           main] o.h.id.IdentifierGeneratorHelper         : Extracted generated values [com.example.PruebaT.model.Cliente]: [Ljava.lang.Object;@392a40d9
2024-08-03T22:29:00.768-05:00 DEBUG 26535 --- [PruebaT] [           main] o.s.orm.jpa.JpaTransactionManager        : Initiating transaction commit
2024-08-03T22:29:00.769-05:00 DEBUG 26535 --- [PruebaT] [           main] o.s.orm.jpa.JpaTransactionManager        : Committing JPA transaction on EntityManager [SessionImpl(725960838<open>)]
2024-08-03T22:29:00.769-05:00 DEBUG 26535 --- [PruebaT] [           main] o.h.e.t.internal.TransactionImpl         : committing
2024-08-03T22:29:00.769-05:00 DEBUG 26535 --- [PruebaT] [           main] o.h.e.i.AbstractFlushingEventListener    : Processing flush-time cascades
2024-08-03T22:29:00.769-05:00 DEBUG 26535 --- [PruebaT] [           main] o.h.e.i.AbstractFlushingEventListener    : Dirty checking collections
2024-08-03T22:29:00.769-05:00 DEBUG 26535 --- [PruebaT] [           main] o.h.e.i.AbstractFlushingEventListener    : Flushed: 0 insertions, 0 updates, 0 deletions to 1 objects
2024-08-03T22:29:00.769-05:00 DEBUG 26535 --- [PruebaT] [           main] o.h.e.i.AbstractFlushingEventListener    : Flushed: 0 (re)creations, 0 updates, 0 removals to 0 collections
2024-08-03T22:29:00.769-05:00 DEBUG 26535 --- [PruebaT] [           main] o.hibernate.internal.util.EntityPrinter  : Listing entities:
2024-08-03T22:29:00.769-05:00 DEBUG 26535 --- [PruebaT] [           main] o.hibernate.internal.util.EntityPrinter  : com.example.PruebaT.model.Cliente{estado=null, clienteId=2, genero=null, direccion=null, cuentas=null, contrasenia=null, identificacion=null, telefono=null, edad=null, nombre=John Doe}
2024-08-03T22:29:00.769-05:00 DEBUG 26535 --- [PruebaT] [           main] o.s.orm.jpa.JpaTransactionManager        : Closing JPA EntityManager [SessionImpl(725960838<open>)] after transaction
2024-08-03T22:29:00.769-05:00 DEBUG 26535 --- [PruebaT] [           main] o.s.orm.jpa.JpaTransactionManager        : Creating new transaction with name [org.springframework.data.jpa.repository.support.SimpleJpaRepository.save]: PROPAGATION_REQUIRED,ISOLATION_DEFAULT
2024-08-03T22:29:00.769-05:00 DEBUG 26535 --- [PruebaT] [           main] o.s.orm.jpa.JpaTransactionManager        : Opened new EntityManager [SessionImpl(747979499<open>)] for JPA transaction
2024-08-03T22:29:00.769-05:00 DEBUG 26535 --- [PruebaT] [           main] o.h.e.t.internal.TransactionImpl         : On TransactionImpl creation, JpaCompliance#isJpaTransactionComplianceEnabled == false
2024-08-03T22:29:00.769-05:00 DEBUG 26535 --- [PruebaT] [           main] o.h.e.t.internal.TransactionImpl         : begin
2024-08-03T22:29:00.770-05:00 DEBUG 26535 --- [PruebaT] [           main] o.s.orm.jpa.JpaTransactionManager        : Exposing JPA transaction as JDBC [org.springframework.orm.jpa.vendor.HibernateJpaDialect$HibernateConnectionHandle@3be94b12]
2024-08-03T22:29:00.770-05:00 DEBUG 26535 --- [PruebaT] [           main] o.h.j.internal.PersistenceUnitUtilImpl   : jakarta.persistence.PersistenceUnitUtil.getIdentifier is only intended to work with enhanced entities (although Hibernate also adapts this support to its proxies); however the passed entity was not enhanced (nor a proxy).. may not be able to read identifier
2024-08-03T22:29:00.770-05:00 DEBUG 26535 --- [PruebaT] [           main] org.hibernate.engine.spi.ActionQueue     : Executing identity-insert immediately
2024-08-03T22:29:00.770-05:00 DEBUG 26535 --- [PruebaT] [           main] org.hibernate.SQL                        : insert into cuenta (cliente_id,estado,numero_cuenta,saldo_inicial,tipo_cuenta,id) values (?,?,?,?,?,default)
Hibernate: insert into cuenta (cliente_id,estado,numero_cuenta,saldo_inicial,tipo_cuenta,id) values (?,?,?,?,?,default)
2024-08-03T22:29:00.770-05:00 DEBUG 26535 --- [PruebaT] [           main] org.hibernate.orm.results                : Initializer list is empty
2024-08-03T22:29:00.770-05:00 DEBUG 26535 --- [PruebaT] [           main] org.hibernate.orm.results.loading        : Calling top-level assembler (0 / 1) : org.hibernate.sql.results.graph.basic.BasicResultAssembler@5f45b3f8
2024-08-03T22:29:00.770-05:00 DEBUG 26535 --- [PruebaT] [           main] org.hibernate.orm.results                : Extracted JDBC value [0] - [3]
2024-08-03T22:29:00.771-05:00 DEBUG 26535 --- [PruebaT] [           main] o.h.id.IdentifierGeneratorHelper         : Extracted generated values [com.example.PruebaT.model.Cuenta]: [Ljava.lang.Object;@2b9ea20c
2024-08-03T22:29:00.771-05:00 DEBUG 26535 --- [PruebaT] [           main] o.s.orm.jpa.JpaTransactionManager        : Initiating transaction commit
2024-08-03T22:29:00.771-05:00 DEBUG 26535 --- [PruebaT] [           main] o.s.orm.jpa.JpaTransactionManager        : Committing JPA transaction on EntityManager [SessionImpl(747979499<open>)]
2024-08-03T22:29:00.771-05:00 DEBUG 26535 --- [PruebaT] [           main] o.h.e.t.internal.TransactionImpl         : committing
2024-08-03T22:29:00.771-05:00 DEBUG 26535 --- [PruebaT] [           main] o.h.e.i.AbstractFlushingEventListener    : Processing flush-time cascades
2024-08-03T22:29:00.771-05:00 DEBUG 26535 --- [PruebaT] [           main] o.h.e.i.AbstractFlushingEventListener    : Dirty checking collections
2024-08-03T22:29:00.771-05:00 DEBUG 26535 --- [PruebaT] [           main] o.h.e.i.AbstractFlushingEventListener    : Flushed: 0 insertions, 0 updates, 0 deletions to 1 objects
2024-08-03T22:29:00.771-05:00 DEBUG 26535 --- [PruebaT] [           main] o.h.e.i.AbstractFlushingEventListener    : Flushed: 0 (re)creations, 0 updates, 0 removals to 0 collections
2024-08-03T22:29:00.771-05:00 DEBUG 26535 --- [PruebaT] [           main] o.hibernate.internal.util.EntityPrinter  : Listing entities:
2024-08-03T22:29:00.771-05:00 DEBUG 26535 --- [PruebaT] [           main] o.hibernate.internal.util.EntityPrinter  : com.example.PruebaT.model.Cuenta{cliente=com.example.PruebaT.model.Cliente#2, estado=Activo, tipoCuenta=Ahorro, numeroCuenta=123456789, id=3, saldoInicial=1000.0}
2024-08-03T22:29:00.771-05:00 DEBUG 26535 --- [PruebaT] [           main] o.s.orm.jpa.JpaTransactionManager        : Closing JPA EntityManager [SessionImpl(747979499<open>)] after transaction
2024-08-03T22:29:00.771-05:00 DEBUG 26535 --- [PruebaT] [           main] org.springframework.test.context.cache   : Spring test ApplicationContext cache statistics: [DefaultContextCache@716a6343 size = 1, maxSize = 32, parentContextCount = 0, hitCount = 17, missCount = 1, failureCount = 0]
2024-08-03T22:29:00.772-05:00 DEBUG 26535 --- [PruebaT] [           main] o.s.t.web.servlet.TestDispatcherServlet  : GET "/cuentas/id/3", parameters={}
2024-08-03T22:29:00.772-05:00 DEBUG 26535 --- [PruebaT] [           main] s.w.s.m.m.a.RequestMappingHandlerMapping : Mapped to com.example.PruebaT.controller.AccountController#getAccountById(Long)
2024-08-03T22:29:00.772-05:00 DEBUG 26535 --- [PruebaT] [           main] o.j.s.OpenEntityManagerInViewInterceptor : Opening JPA EntityManager in OpenEntityManagerInViewInterceptor
2024-08-03T22:29:00.774-05:00 DEBUG 26535 --- [PruebaT] [           main] o.s.orm.jpa.JpaTransactionManager        : Found thread-bound EntityManager [SessionImpl(1752515641<open>)] for JPA transaction
2024-08-03T22:29:00.774-05:00 DEBUG 26535 --- [PruebaT] [           main] o.s.orm.jpa.JpaTransactionManager        : Creating new transaction with name [org.springframework.data.jpa.repository.support.SimpleJpaRepository.findById]: PROPAGATION_REQUIRED,ISOLATION_DEFAULT,readOnly
2024-08-03T22:29:00.774-05:00 DEBUG 26535 --- [PruebaT] [           main] o.s.jdbc.datasource.DataSourceUtils      : Setting JDBC Connection [HikariProxyConnection@1153241506 wrapping conn0: url=jdbc:h2:mem:testdb user=SA] read-only
2024-08-03T22:29:00.774-05:00 DEBUG 26535 --- [PruebaT] [           main] o.h.e.t.internal.TransactionImpl         : On TransactionImpl creation, JpaCompliance#isJpaTransactionComplianceEnabled == false
2024-08-03T22:29:00.774-05:00 DEBUG 26535 --- [PruebaT] [           main] o.h.e.t.internal.TransactionImpl         : begin
2024-08-03T22:29:00.774-05:00 DEBUG 26535 --- [PruebaT] [           main] o.s.orm.jpa.JpaTransactionManager        : Exposing JPA transaction as JDBC [org.springframework.orm.jpa.vendor.HibernateJpaDialect$HibernateConnectionHandle@56595dcb]
2024-08-03T22:29:00.774-05:00 DEBUG 26535 --- [PruebaT] [           main] org.hibernate.orm.sql.exec               : Skipping reading Query result cache data: cache-enabled = false, cache-mode = IGNORE
2024-08-03T22:29:00.775-05:00 DEBUG 26535 --- [PruebaT] [           main] org.hibernate.orm.results                : Initializer list:
	  com.example.PruebaT.model.Cuenta.cliente.cuentas -> DelayedCollectionInitializer(com.example.PruebaT.model.Cuenta.cliente.cuentas)@460422403 (PluralAttribute(com.example.PruebaT.model.Cliente.cuentas))
	  com.example.PruebaT.model.Cuenta -> EntityResultInitializer(com.example.PruebaT.model.Cuenta)@1508353752 (SingleTableEntityPersister(com.example.PruebaT.model.Cuenta))
	  com.example.PruebaT.model.Cuenta.cliente -> EntityJoinedFetchInitializer(com.example.PruebaT.model.Cuenta.cliente)@1971031111 (ToOneAttributeMapping(NavigableRole[com.example.PruebaT.model.Cuenta.cliente])@720759478)

2024-08-03T22:29:00.775-05:00 DEBUG 26535 --- [PruebaT] [           main] org.hibernate.SQL                        : select c1_0.id,c2_0.id,c2_0.contrasenia,c2_0.direccion,c2_0.edad,c2_0.estado,c2_0.genero,c2_0.identificacion,c2_0.nombre,c2_0.telefono,c1_0.estado,c1_0.numero_cuenta,c1_0.saldo_inicial,c1_0.tipo_cuenta from cuenta c1_0 left join cliente c2_0 on c2_0.id=c1_0.cliente_id where c1_0.id=?
Hibernate: select c1_0.id,c2_0.id,c2_0.contrasenia,c2_0.direccion,c2_0.edad,c2_0.estado,c2_0.genero,c2_0.identificacion,c2_0.nombre,c2_0.telefono,c1_0.estado,c1_0.numero_cuenta,c1_0.saldo_inicial,c1_0.tipo_cuenta from cuenta c1_0 left join cliente c2_0 on c2_0.id=c1_0.cliente_id where c1_0.id=?
2024-08-03T22:29:00.775-05:00 DEBUG 26535 --- [PruebaT] [           main] o.hibernate.orm.results.loading.entity   : (EntityResultInitializer) Hydrated EntityKey (com.example.PruebaT.model.Cuenta): 3
2024-08-03T22:29:00.775-05:00 DEBUG 26535 --- [PruebaT] [           main] org.hibernate.orm.results                : Extracted JDBC value [1] - [2]
2024-08-03T22:29:00.775-05:00 DEBUG 26535 --- [PruebaT] [           main] o.hibernate.orm.results.loading.entity   : (EntityJoinedFetchInitializer) Hydrated EntityKey (com.example.PruebaT.model.Cuenta.cliente): 2
2024-08-03T22:29:00.775-05:00 DEBUG 26535 --- [PruebaT] [           main] o.h.o.r.l.o.h.o.r.loading.collection     : (DelayedCollectionInitializer) Current row collection key : com.example.PruebaT.model.Cuenta.cliente.cuentas#2
2024-08-03T22:29:00.775-05:00 DEBUG 26535 --- [PruebaT] [           main] o.hibernate.orm.results.loading.entity   : (EntityJoinedFetchInitializer) Created new entity instance [com.example.PruebaT.model.Cuenta.cliente#2] : 1795184763
2024-08-03T22:29:00.775-05:00 DEBUG 26535 --- [PruebaT] [           main] o.hibernate.orm.results.loading.entity   : (EntityResultInitializer) Created new entity instance [com.example.PruebaT.model.Cuenta#3] : 366868341
2024-08-03T22:29:00.775-05:00 DEBUG 26535 --- [PruebaT] [           main] org.hibernate.orm.results                : Extracted JDBC value [2] - [null]
2024-08-03T22:29:00.775-05:00 DEBUG 26535 --- [PruebaT] [           main] org.hibernate.orm.results                : Extracted JDBC value [3] - [null]
2024-08-03T22:29:00.775-05:00 DEBUG 26535 --- [PruebaT] [           main] org.hibernate.orm.results                : Extracted JDBC value [4] - [null]
2024-08-03T22:29:00.775-05:00 DEBUG 26535 --- [PruebaT] [           main] org.hibernate.orm.results                : Extracted JDBC value [5] - [null]
2024-08-03T22:29:00.775-05:00 DEBUG 26535 --- [PruebaT] [           main] org.hibernate.orm.results                : Extracted JDBC value [6] - [null]
2024-08-03T22:29:00.775-05:00 DEBUG 26535 --- [PruebaT] [           main] org.hibernate.orm.results                : Extracted JDBC value [7] - [null]
2024-08-03T22:29:00.775-05:00 DEBUG 26535 --- [PruebaT] [           main] org.hibernate.orm.results                : Extracted JDBC value [8] - [John Doe]
2024-08-03T22:29:00.775-05:00 DEBUG 26535 --- [PruebaT] [           main] org.hibernate.orm.results                : Extracted JDBC value [9] - [null]
2024-08-03T22:29:00.775-05:00 DEBUG 26535 --- [PruebaT] [           main] o.hibernate.orm.results.loading.entity   : (EntityJoinedFetchInitializer) Done materializing entityInstance : com.example.PruebaT.model.Cuenta.cliente#2
2024-08-03T22:29:00.775-05:00 DEBUG 26535 --- [PruebaT] [           main] org.hibernate.orm.results                : Extracted JDBC value [10] - [Activo]
2024-08-03T22:29:00.775-05:00 DEBUG 26535 --- [PruebaT] [           main] org.hibernate.orm.results                : Extracted JDBC value [11] - [123456789]
2024-08-03T22:29:00.776-05:00 DEBUG 26535 --- [PruebaT] [           main] org.hibernate.orm.results                : Extracted JDBC value [12] - [1000.0]
2024-08-03T22:29:00.776-05:00 DEBUG 26535 --- [PruebaT] [           main] org.hibernate.orm.results                : Extracted JDBC value [13] - [Ahorro]
2024-08-03T22:29:00.776-05:00 DEBUG 26535 --- [PruebaT] [           main] o.hibernate.orm.results.loading.entity   : (EntityResultInitializer) Done materializing entityInstance : com.example.PruebaT.model.Cuenta#3
2024-08-03T22:29:00.776-05:00 DEBUG 26535 --- [PruebaT] [           main] org.hibernate.orm.results.loading        : Calling top-level assembler (0 / 1) : org.hibernate.sql.results.graph.entity.internal.EntityAssembler@337fd6a1
2024-08-03T22:29:00.776-05:00 DEBUG 26535 --- [PruebaT] [           main] o.s.orm.jpa.JpaTransactionManager        : Initiating transaction commit
2024-08-03T22:29:00.776-05:00 DEBUG 26535 --- [PruebaT] [           main] o.s.orm.jpa.JpaTransactionManager        : Committing JPA transaction on EntityManager [SessionImpl(1752515641<open>)]
2024-08-03T22:29:00.776-05:00 DEBUG 26535 --- [PruebaT] [           main] o.h.e.t.internal.TransactionImpl         : committing
2024-08-03T22:29:00.776-05:00 DEBUG 26535 --- [PruebaT] [           main] o.s.jdbc.datasource.DataSourceUtils      : Resetting read-only flag of JDBC Connection [HikariProxyConnection@1153241506 wrapping conn0: url=jdbc:h2:mem:testdb user=SA]
2024-08-03T22:29:00.776-05:00 DEBUG 26535 --- [PruebaT] [           main] o.s.orm.jpa.JpaTransactionManager        : Not closing pre-bound JPA EntityManager after transaction
2024-08-03T22:29:00.777-05:00 DEBUG 26535 --- [PruebaT] [           main] o.s.w.s.m.m.a.HttpEntityMethodProcessor  : Using 'application/json', given [*/*] and supported [application/json, application/*+json]
2024-08-03T22:29:00.777-05:00 DEBUG 26535 --- [PruebaT] [           main] o.s.w.s.m.m.a.HttpEntityMethodProcessor  : Writing [AccountDTO(numeroCuenta=123456789, tipoCuenta=Ahorro, saldoInicial=1000.0, estado=Activo, nombreClie (truncated)...]
2024-08-03T22:29:00.778-05:00 DEBUG 26535 --- [PruebaT] [           main] o.j.s.OpenEntityManagerInViewInterceptor : Closing JPA EntityManager in OpenEntityManagerInViewInterceptor
2024-08-03T22:29:00.778-05:00 DEBUG 26535 --- [PruebaT] [           main] o.s.t.web.servlet.TestDispatcherServlet  : Completed 200 OK
2024-08-03T22:29:00.778-05:00 DEBUG 26535 --- [PruebaT] [           main] c.j.jsonpath.internal.path.CompiledPath  : Evaluating path: $['numeroCuenta']
2024-08-03T22:29:00.778-05:00 DEBUG 26535 --- [PruebaT] [           main] org.springframework.test.context.cache   : Spring test ApplicationContext cache statistics: [DefaultContextCache@716a6343 size = 1, maxSize = 32, parentContextCount = 0, hitCount = 18, missCount = 1, failureCount = 0]
2024-08-03T22:29:00.778-05:00 DEBUG 26535 --- [PruebaT] [           main] org.springframework.test.context.cache   : Spring test ApplicationContext cache statistics: [DefaultContextCache@716a6343 size = 1, maxSize = 32, parentContextCount = 0, hitCount = 19, missCount = 1, failureCount = 0]
2024-08-03T22:29:00.778-05:00 DEBUG 26535 --- [PruebaT] [           main] org.springframework.test.context.cache   : Spring test ApplicationContext cache statistics: [DefaultContextCache@716a6343 size = 1, maxSize = 32, parentContextCount = 0, hitCount = 20, missCount = 1, failureCount = 0]
2024-08-03T22:29:00.778-05:00 DEBUG 26535 --- [PruebaT] [           main] org.springframework.test.context.cache   : Spring test ApplicationContext cache statistics: [DefaultContextCache@716a6343 size = 1, maxSize = 32, parentContextCount = 0, hitCount = 21, missCount = 1, failureCount = 0]
2024-08-03T22:29:00.779-05:00 DEBUG 26535 --- [PruebaT] [           main] org.springframework.test.context.cache   : Spring test ApplicationContext cache statistics: [DefaultContextCache@716a6343 size = 1, maxSize = 32, parentContextCount = 0, hitCount = 22, missCount = 1, failureCount = 0]
2024-08-03T22:29:00.779-05:00 DEBUG 26535 --- [PruebaT] [           main] org.springframework.test.context.cache   : Spring test ApplicationContext cache statistics: [DefaultContextCache@716a6343 size = 1, maxSize = 32, parentContextCount = 0, hitCount = 23, missCount = 1, failureCount = 0]
2024-08-03T22:29:00.779-05:00 DEBUG 26535 --- [PruebaT] [           main] .c.s.DirtiesContextTestExecutionListener : After test method: class [AccountControllerIntegrationTest], method [testGetAccountById], class annotated with @DirtiesContext [false] with mode [null], method annotated with @DirtiesContext [false] with mode [null]
2024-08-03T22:29:00.780-05:00 DEBUG 26535 --- [PruebaT] [           main] o.s.t.c.w.ServletTestExecutionListener   : Resetting RequestContextHolder for test class com.example.PruebaT.test.integration.AccountControllerIntegrationTest
]]></system-out>
  </testcase>
  <testcase name="testGetAccountByNumber" classname="com.example.PruebaT.test.integration.AccountControllerIntegrationTest" time="0.019">
    <system-out><![CDATA[2024-08-03T22:29:00.780-05:00 DEBUG 26535 --- [PruebaT] [           main] org.springframework.test.context.cache   : Spring test ApplicationContext cache statistics: [DefaultContextCache@716a6343 size = 1, maxSize = 32, parentContextCount = 0, hitCount = 24, missCount = 1, failureCount = 0]
2024-08-03T22:29:00.780-05:00 DEBUG 26535 --- [PruebaT] [           main] o.s.t.c.w.ServletTestExecutionListener   : Setting up MockHttpServletRequest, MockHttpServletResponse, ServletWebRequest, and RequestContextHolder for test class com.example.PruebaT.test.integration.AccountControllerIntegrationTest
2024-08-03T22:29:00.781-05:00 DEBUG 26535 --- [PruebaT] [           main] DependencyInjectionTestExecutionListener : Performing dependency injection for test class com.example.PruebaT.test.integration.AccountControllerIntegrationTest
2024-08-03T22:29:00.781-05:00 DEBUG 26535 --- [PruebaT] [           main] org.springframework.test.context.cache   : Spring test ApplicationContext cache statistics: [DefaultContextCache@716a6343 size = 1, maxSize = 32, parentContextCount = 0, hitCount = 25, missCount = 1, failureCount = 0]
2024-08-03T22:29:00.781-05:00 DEBUG 26535 --- [PruebaT] [           main] org.springframework.test.context.cache   : Spring test ApplicationContext cache statistics: [DefaultContextCache@716a6343 size = 1, maxSize = 32, parentContextCount = 0, hitCount = 26, missCount = 1, failureCount = 0]
2024-08-03T22:29:00.782-05:00 DEBUG 26535 --- [PruebaT] [           main] sContextBeforeModesTestExecutionListener : Before test method: class [AccountControllerIntegrationTest], method [testGetAccountByNumber], class annotated with @DirtiesContext [false] with mode [null], method annotated with @DirtiesContext [false] with mode [null]
2024-08-03T22:29:00.782-05:00 DEBUG 26535 --- [PruebaT] [           main] org.springframework.test.context.cache   : Spring test ApplicationContext cache statistics: [DefaultContextCache@716a6343 size = 1, maxSize = 32, parentContextCount = 0, hitCount = 27, missCount = 1, failureCount = 0]
2024-08-03T22:29:00.782-05:00 DEBUG 26535 --- [PruebaT] [           main] org.springframework.test.context.cache   : Spring test ApplicationContext cache statistics: [DefaultContextCache@716a6343 size = 1, maxSize = 32, parentContextCount = 0, hitCount = 28, missCount = 1, failureCount = 0]
2024-08-03T22:29:00.783-05:00 DEBUG 26535 --- [PruebaT] [           main] o.s.orm.jpa.JpaTransactionManager        : Creating new transaction with name [org.springframework.data.jpa.repository.support.SimpleJpaRepository.deleteAll]: PROPAGATION_REQUIRED,ISOLATION_DEFAULT
2024-08-03T22:29:00.783-05:00 DEBUG 26535 --- [PruebaT] [           main] o.s.orm.jpa.JpaTransactionManager        : Opened new EntityManager [SessionImpl(550089045<open>)] for JPA transaction
2024-08-03T22:29:00.783-05:00 DEBUG 26535 --- [PruebaT] [           main] o.h.e.t.internal.TransactionImpl         : On TransactionImpl creation, JpaCompliance#isJpaTransactionComplianceEnabled == false
2024-08-03T22:29:00.783-05:00 DEBUG 26535 --- [PruebaT] [           main] o.h.e.t.internal.TransactionImpl         : begin
2024-08-03T22:29:00.783-05:00 DEBUG 26535 --- [PruebaT] [           main] o.s.orm.jpa.JpaTransactionManager        : Exposing JPA transaction as JDBC [org.springframework.orm.jpa.vendor.HibernateJpaDialect$HibernateConnectionHandle@154f5d37]
2024-08-03T22:29:00.784-05:00 DEBUG 26535 --- [PruebaT] [           main] org.hibernate.orm.sql.ast.create         : Created new SQL alias : c1_0
2024-08-03T22:29:00.784-05:00 DEBUG 26535 --- [PruebaT] [           main] org.hibernate.orm.sql.ast.create         : Registration of TableGroup [StandardTableGroup(com.example.PruebaT.model.Cuenta(249964643413291))] with identifierForTableGroup [com.example.PruebaT.model.Cuenta] for NavigablePath [com.example.PruebaT.model.Cuenta] 
2024-08-03T22:29:00.784-05:00 DEBUG 26535 --- [PruebaT] [           main] org.hibernate.orm.sql.ast.create         : Registration of TableGroup [org.hibernate.sql.ast.tree.from.LazyTableGroup@3698f2ed] with identifierForTableGroup [com.example.PruebaT.model.Cuenta.cliente] for NavigablePath [com.example.PruebaT.model.Cuenta.cliente] 
2024-08-03T22:29:00.784-05:00 DEBUG 26535 --- [PruebaT] [           main] org.hibernate.orm.results.graph.AST      : DomainResult Graph:
 \-EntityResultImpl [com.example.PruebaT.model.Cuenta(249964643413291)]
 |  +-CircularFetchImpl [com.example.PruebaT.model.Cuenta(249964643413291).cliente]
 |  +-BasicFetch [com.example.PruebaT.model.Cuenta(249964643413291).estado]
 |  +-BasicFetch [com.example.PruebaT.model.Cuenta(249964643413291).numeroCuenta]
 |  +-BasicFetch [com.example.PruebaT.model.Cuenta(249964643413291).saldoInicial]
 |  \-BasicFetch [com.example.PruebaT.model.Cuenta(249964643413291).tipoCuenta]

2024-08-03T22:29:00.784-05:00 DEBUG 26535 --- [PruebaT] [           main] org.hibernate.orm.sql.ast.tree           : SQL AST Tree:
    SelectStatement {
      FromClause {
        StandardTableGroup (c1 : com.example.PruebaT.model.Cuenta(249964643413291)) {
          primaryTableReference : cuenta as c1_0
          TableGroupJoins {
            left  join LazyTableGroup (c2 : com.example.PruebaT.model.Cuenta(249964643413291).cliente) {
            }
          }
        }
      }
    }

2024-08-03T22:29:00.784-05:00 DEBUG 26535 --- [PruebaT] [           main] org.hibernate.orm.sql.exec               : Skipping reading Query result cache data: cache-enabled = false, cache-mode = NORMAL
2024-08-03T22:29:00.784-05:00 DEBUG 26535 --- [PruebaT] [           main] org.hibernate.orm.results                : Initializer list:
	  com.example.PruebaT.model.Cuenta(249964643413291).cliente -> EntitySelectFetchInitializer(com.example.PruebaT.model.Cuenta(249964643413291).cliente)@166375119 (ToOneAttributeMapping(NavigableRole[com.example.PruebaT.model.Cuenta.cliente])@720759478)
	  com.example.PruebaT.model.Cuenta(249964643413291) -> EntityResultInitializer(com.example.PruebaT.model.Cuenta(249964643413291))@701855966 (SingleTableEntityPersister(com.example.PruebaT.model.Cuenta))

2024-08-03T22:29:00.784-05:00 DEBUG 26535 --- [PruebaT] [           main] org.hibernate.SQL                        : select c1_0.id,c1_0.cliente_id,c1_0.estado,c1_0.numero_cuenta,c1_0.saldo_inicial,c1_0.tipo_cuenta from cuenta c1_0
Hibernate: select c1_0.id,c1_0.cliente_id,c1_0.estado,c1_0.numero_cuenta,c1_0.saldo_inicial,c1_0.tipo_cuenta from cuenta c1_0
2024-08-03T22:29:00.785-05:00 DEBUG 26535 --- [PruebaT] [           main] org.hibernate.orm.results                : Extracted JDBC value [0] - [3]
2024-08-03T22:29:00.785-05:00 DEBUG 26535 --- [PruebaT] [           main] o.hibernate.orm.results.loading.entity   : (EntityResultInitializer) Hydrated EntityKey (com.example.PruebaT.model.Cuenta(249964643413291)): 3
2024-08-03T22:29:00.785-05:00 DEBUG 26535 --- [PruebaT] [           main] o.hibernate.orm.results.loading.entity   : (EntityResultInitializer) Created new entity instance [com.example.PruebaT.model.Cuenta(249964643413291)#3] : 23456819
2024-08-03T22:29:00.785-05:00 DEBUG 26535 --- [PruebaT] [           main] org.hibernate.orm.results                : Extracted JDBC value [1] - [2]
2024-08-03T22:29:00.785-05:00 DEBUG 26535 --- [PruebaT] [           main] o.hibernate.orm.results.loading.entity   : (EntitySelectFetchInitializer) Invoking session#internalLoad for entity (com.example.PruebaT.model.Cuenta(249964643413291).cliente#2) : 2
2024-08-03T22:29:00.785-05:00 DEBUG 26535 --- [PruebaT] [           main] org.hibernate.orm.sql.exec               : Skipping reading Query result cache data: cache-enabled = false, cache-mode = IGNORE
2024-08-03T22:29:00.785-05:00 DEBUG 26535 --- [PruebaT] [           main] org.hibernate.orm.results                : Initializer list:
	  com.example.PruebaT.model.Cliente -> EntityResultInitializer(com.example.PruebaT.model.Cliente)@57960265 (SingleTableEntityPersister(com.example.PruebaT.model.Cliente))
	  com.example.PruebaT.model.Cliente.cuentas -> DelayedCollectionInitializer(com.example.PruebaT.model.Cliente.cuentas)@1991342712 (PluralAttribute(com.example.PruebaT.model.Cliente.cuentas))

2024-08-03T22:29:00.785-05:00 DEBUG 26535 --- [PruebaT] [           main] org.hibernate.SQL                        : select c1_0.id,c1_0.contrasenia,c1_0.direccion,c1_0.edad,c1_0.estado,c1_0.genero,c1_0.identificacion,c1_0.nombre,c1_0.telefono from cliente c1_0 where c1_0.id=?
Hibernate: select c1_0.id,c1_0.contrasenia,c1_0.direccion,c1_0.edad,c1_0.estado,c1_0.genero,c1_0.identificacion,c1_0.nombre,c1_0.telefono from cliente c1_0 where c1_0.id=?
2024-08-03T22:29:00.785-05:00 DEBUG 26535 --- [PruebaT] [           main] o.hibernate.orm.results.loading.entity   : (EntityResultInitializer) Hydrated EntityKey (com.example.PruebaT.model.Cliente): 2
2024-08-03T22:29:00.785-05:00 DEBUG 26535 --- [PruebaT] [           main] o.h.o.r.l.o.h.o.r.loading.collection     : (DelayedCollectionInitializer) Current row collection key : com.example.PruebaT.model.Cliente.cuentas#2
2024-08-03T22:29:00.785-05:00 DEBUG 26535 --- [PruebaT] [           main] o.hibernate.orm.results.loading.entity   : (EntityResultInitializer) Created new entity instance [com.example.PruebaT.model.Cliente#2] : 147616905
2024-08-03T22:29:00.785-05:00 DEBUG 26535 --- [PruebaT] [           main] org.hibernate.orm.results                : Extracted JDBC value [1] - [null]
2024-08-03T22:29:00.785-05:00 DEBUG 26535 --- [PruebaT] [           main] org.hibernate.orm.results                : Extracted JDBC value [2] - [null]
2024-08-03T22:29:00.785-05:00 DEBUG 26535 --- [PruebaT] [           main] org.hibernate.orm.results                : Extracted JDBC value [3] - [null]
2024-08-03T22:29:00.785-05:00 DEBUG 26535 --- [PruebaT] [           main] org.hibernate.orm.results                : Extracted JDBC value [4] - [null]
2024-08-03T22:29:00.785-05:00 DEBUG 26535 --- [PruebaT] [           main] org.hibernate.orm.results                : Extracted JDBC value [5] - [null]
2024-08-03T22:29:00.785-05:00 DEBUG 26535 --- [PruebaT] [           main] org.hibernate.orm.results                : Extracted JDBC value [6] - [null]
2024-08-03T22:29:00.785-05:00 DEBUG 26535 --- [PruebaT] [           main] org.hibernate.orm.results                : Extracted JDBC value [7] - [John Doe]
2024-08-03T22:29:00.785-05:00 DEBUG 26535 --- [PruebaT] [           main] org.hibernate.orm.results                : Extracted JDBC value [8] - [null]
2024-08-03T22:29:00.786-05:00 DEBUG 26535 --- [PruebaT] [           main] o.hibernate.orm.results.loading.entity   : (EntityResultInitializer) Done materializing entityInstance : com.example.PruebaT.model.Cliente#2
2024-08-03T22:29:00.786-05:00 DEBUG 26535 --- [PruebaT] [           main] org.hibernate.orm.results.loading        : Calling top-level assembler (0 / 1) : org.hibernate.sql.results.graph.entity.internal.EntityAssembler@301da01d
2024-08-03T22:29:00.786-05:00 DEBUG 26535 --- [PruebaT] [           main] o.hibernate.orm.results.loading.entity   : (EntitySelectFetchInitializer) Entity [com.example.PruebaT.model.Cuenta(249964643413291).cliente#2] : 2 has being loaded by session.internalLoad.
2024-08-03T22:29:00.786-05:00 DEBUG 26535 --- [PruebaT] [           main] org.hibernate.orm.results                : Extracted JDBC value [2] - [Activo]
2024-08-03T22:29:00.786-05:00 DEBUG 26535 --- [PruebaT] [           main] org.hibernate.orm.results                : Extracted JDBC value [3] - [123456789]
2024-08-03T22:29:00.786-05:00 DEBUG 26535 --- [PruebaT] [           main] org.hibernate.orm.results                : Extracted JDBC value [4] - [1000.0]
2024-08-03T22:29:00.786-05:00 DEBUG 26535 --- [PruebaT] [           main] org.hibernate.orm.results                : Extracted JDBC value [5] - [Ahorro]
2024-08-03T22:29:00.786-05:00 DEBUG 26535 --- [PruebaT] [           main] o.hibernate.orm.results.loading.entity   : (EntityResultInitializer) Done materializing entityInstance : com.example.PruebaT.model.Cuenta(249964643413291)#3
2024-08-03T22:29:00.786-05:00 DEBUG 26535 --- [PruebaT] [           main] org.hibernate.orm.results.loading        : Calling top-level assembler (0 / 1) : org.hibernate.sql.results.graph.entity.internal.EntityAssembler@8004b2d
2024-08-03T22:29:00.786-05:00 DEBUG 26535 --- [PruebaT] [           main] o.h.j.internal.PersistenceUnitUtilImpl   : jakarta.persistence.PersistenceUnitUtil.getIdentifier is only intended to work with enhanced entities (although Hibernate also adapts this support to its proxies); however the passed entity was not enhanced (nor a proxy).. may not be able to read identifier
2024-08-03T22:29:00.786-05:00 DEBUG 26535 --- [PruebaT] [           main] o.h.j.internal.PersistenceUnitUtilImpl   : jakarta.persistence.PersistenceUnitUtil.getIdentifier is only intended to work with enhanced entities (although Hibernate also adapts this support to its proxies); however the passed entity was not enhanced (nor a proxy).. may not be able to read identifier
2024-08-03T22:29:00.786-05:00 DEBUG 26535 --- [PruebaT] [           main] o.s.orm.jpa.JpaTransactionManager        : Initiating transaction commit
2024-08-03T22:29:00.786-05:00 DEBUG 26535 --- [PruebaT] [           main] o.s.orm.jpa.JpaTransactionManager        : Committing JPA transaction on EntityManager [SessionImpl(550089045<open>)]
2024-08-03T22:29:00.786-05:00 DEBUG 26535 --- [PruebaT] [           main] o.h.e.t.internal.TransactionImpl         : committing
2024-08-03T22:29:00.786-05:00 DEBUG 26535 --- [PruebaT] [           main] o.h.e.i.AbstractFlushingEventListener    : Processing flush-time cascades
2024-08-03T22:29:00.786-05:00 DEBUG 26535 --- [PruebaT] [           main] o.h.e.i.AbstractFlushingEventListener    : Dirty checking collections
2024-08-03T22:29:00.786-05:00 DEBUG 26535 --- [PruebaT] [           main] o.hibernate.engine.internal.Collections  : Collection found: [com.example.PruebaT.model.Cliente.cuentas#2], was: [com.example.PruebaT.model.Cliente.cuentas#2] (uninitialized)
2024-08-03T22:29:00.786-05:00 DEBUG 26535 --- [PruebaT] [           main] o.h.e.i.AbstractFlushingEventListener    : Flushed: 0 insertions, 0 updates, 1 deletions to 2 objects
2024-08-03T22:29:00.786-05:00 DEBUG 26535 --- [PruebaT] [           main] o.h.e.i.AbstractFlushingEventListener    : Flushed: 0 (re)creations, 0 updates, 0 removals to 1 collections
2024-08-03T22:29:00.786-05:00 DEBUG 26535 --- [PruebaT] [           main] o.hibernate.internal.util.EntityPrinter  : Listing entities:
2024-08-03T22:29:00.786-05:00 DEBUG 26535 --- [PruebaT] [           main] o.hibernate.internal.util.EntityPrinter  : com.example.PruebaT.model.Cuenta{cliente=com.example.PruebaT.model.Cliente#2, estado=Activo, tipoCuenta=Ahorro, numeroCuenta=123456789, id=3, saldoInicial=1000.0}
2024-08-03T22:29:00.786-05:00 DEBUG 26535 --- [PruebaT] [           main] o.hibernate.internal.util.EntityPrinter  : com.example.PruebaT.model.Cliente{estado=null, clienteId=2, genero=null, direccion=null, cuentas=<uninitialized>, contrasenia=null, identificacion=null, telefono=null, edad=null, nombre=John Doe}
2024-08-03T22:29:00.786-05:00 DEBUG 26535 --- [PruebaT] [           main] org.hibernate.SQL                        : delete from cuenta where id=?
Hibernate: delete from cuenta where id=?
2024-08-03T22:29:00.787-05:00 DEBUG 26535 --- [PruebaT] [           main] o.s.orm.jpa.JpaTransactionManager        : Closing JPA EntityManager [SessionImpl(550089045<open>)] after transaction
2024-08-03T22:29:00.787-05:00 DEBUG 26535 --- [PruebaT] [           main] o.s.orm.jpa.JpaTransactionManager        : Creating new transaction with name [org.springframework.data.jpa.repository.support.SimpleJpaRepository.deleteAll]: PROPAGATION_REQUIRED,ISOLATION_DEFAULT
2024-08-03T22:29:00.787-05:00 DEBUG 26535 --- [PruebaT] [           main] o.s.orm.jpa.JpaTransactionManager        : Opened new EntityManager [SessionImpl(189929111<open>)] for JPA transaction
2024-08-03T22:29:00.787-05:00 DEBUG 26535 --- [PruebaT] [           main] o.h.e.t.internal.TransactionImpl         : On TransactionImpl creation, JpaCompliance#isJpaTransactionComplianceEnabled == false
2024-08-03T22:29:00.787-05:00 DEBUG 26535 --- [PruebaT] [           main] o.h.e.t.internal.TransactionImpl         : begin
2024-08-03T22:29:00.787-05:00 DEBUG 26535 --- [PruebaT] [           main] o.s.orm.jpa.JpaTransactionManager        : Exposing JPA transaction as JDBC [org.springframework.orm.jpa.vendor.HibernateJpaDialect$HibernateConnectionHandle@569242a8]
2024-08-03T22:29:00.787-05:00 DEBUG 26535 --- [PruebaT] [           main] org.hibernate.orm.sql.ast.create         : Created new SQL alias : c1_0
2024-08-03T22:29:00.787-05:00 DEBUG 26535 --- [PruebaT] [           main] org.hibernate.orm.sql.ast.create         : Registration of TableGroup [StandardTableGroup(com.example.PruebaT.model.Cliente(249964647183875))] with identifierForTableGroup [com.example.PruebaT.model.Cliente] for NavigablePath [com.example.PruebaT.model.Cliente] 
2024-08-03T22:29:00.788-05:00 DEBUG 26535 --- [PruebaT] [           main] org.hibernate.orm.results.graph.AST      : DomainResult Graph:
 \-EntityResultImpl [com.example.PruebaT.model.Cliente(249964647183875)]
 |  +-BasicFetch [com.example.PruebaT.model.Cliente(249964647183875).contrasenia]
 |  +-DelayedCollectionFetch [com.example.PruebaT.model.Cliente(249964647183875).cuentas]
 |  +-BasicFetch [com.example.PruebaT.model.Cliente(249964647183875).direccion]
 |  +-BasicFetch [com.example.PruebaT.model.Cliente(249964647183875).edad]
 |  +-BasicFetch [com.example.PruebaT.model.Cliente(249964647183875).estado]
 |  +-BasicFetch [com.example.PruebaT.model.Cliente(249964647183875).genero]
 |  +-BasicFetch [com.example.PruebaT.model.Cliente(249964647183875).identificacion]
 |  +-BasicFetch [com.example.PruebaT.model.Cliente(249964647183875).nombre]
 |  \-BasicFetch [com.example.PruebaT.model.Cliente(249964647183875).telefono]

2024-08-03T22:29:00.788-05:00 DEBUG 26535 --- [PruebaT] [           main] org.hibernate.orm.sql.ast.tree           : SQL AST Tree:
    SelectStatement {
      FromClause {
        StandardTableGroup (c1 : com.example.PruebaT.model.Cliente(249964647183875)) {
          primaryTableReference : cliente as c1_0
        }
      }
    }

2024-08-03T22:29:00.788-05:00 DEBUG 26535 --- [PruebaT] [           main] org.hibernate.orm.sql.exec               : Skipping reading Query result cache data: cache-enabled = false, cache-mode = NORMAL
2024-08-03T22:29:00.788-05:00 DEBUG 26535 --- [PruebaT] [           main] org.hibernate.orm.results                : Initializer list:
	  com.example.PruebaT.model.Cliente(249964647183875).cuentas -> DelayedCollectionInitializer(com.example.PruebaT.model.Cliente(249964647183875).cuentas)@771002814 (PluralAttribute(com.example.PruebaT.model.Cliente.cuentas))
	  com.example.PruebaT.model.Cliente(249964647183875) -> EntityResultInitializer(com.example.PruebaT.model.Cliente(249964647183875))@1660095722 (SingleTableEntityPersister(com.example.PruebaT.model.Cliente))

2024-08-03T22:29:00.788-05:00 DEBUG 26535 --- [PruebaT] [           main] org.hibernate.SQL                        : select c1_0.id,c1_0.contrasenia,c1_0.direccion,c1_0.edad,c1_0.estado,c1_0.genero,c1_0.identificacion,c1_0.nombre,c1_0.telefono from cliente c1_0
Hibernate: select c1_0.id,c1_0.contrasenia,c1_0.direccion,c1_0.edad,c1_0.estado,c1_0.genero,c1_0.identificacion,c1_0.nombre,c1_0.telefono from cliente c1_0
2024-08-03T22:29:00.788-05:00 DEBUG 26535 --- [PruebaT] [           main] org.hibernate.orm.results                : Extracted JDBC value [0] - [2]
2024-08-03T22:29:00.788-05:00 DEBUG 26535 --- [PruebaT] [           main] o.hibernate.orm.results.loading.entity   : (EntityResultInitializer) Hydrated EntityKey (com.example.PruebaT.model.Cliente(249964647183875)): 2
2024-08-03T22:29:00.788-05:00 DEBUG 26535 --- [PruebaT] [           main] o.h.o.r.l.o.h.o.r.loading.collection     : (DelayedCollectionInitializer) Current row collection key : com.example.PruebaT.model.Cliente(249964647183875).cuentas#2
2024-08-03T22:29:00.788-05:00 DEBUG 26535 --- [PruebaT] [           main] o.hibernate.orm.results.loading.entity   : (EntityResultInitializer) Created new entity instance [com.example.PruebaT.model.Cliente(249964647183875)#2] : 856241257
2024-08-03T22:29:00.788-05:00 DEBUG 26535 --- [PruebaT] [           main] org.hibernate.orm.results                : Extracted JDBC value [1] - [null]
2024-08-03T22:29:00.788-05:00 DEBUG 26535 --- [PruebaT] [           main] org.hibernate.orm.results                : Extracted JDBC value [2] - [null]
2024-08-03T22:29:00.788-05:00 DEBUG 26535 --- [PruebaT] [           main] org.hibernate.orm.results                : Extracted JDBC value [3] - [null]
2024-08-03T22:29:00.788-05:00 DEBUG 26535 --- [PruebaT] [           main] org.hibernate.orm.results                : Extracted JDBC value [4] - [null]
2024-08-03T22:29:00.788-05:00 DEBUG 26535 --- [PruebaT] [           main] org.hibernate.orm.results                : Extracted JDBC value [5] - [null]
2024-08-03T22:29:00.788-05:00 DEBUG 26535 --- [PruebaT] [           main] org.hibernate.orm.results                : Extracted JDBC value [6] - [null]
2024-08-03T22:29:00.788-05:00 DEBUG 26535 --- [PruebaT] [           main] org.hibernate.orm.results                : Extracted JDBC value [7] - [John Doe]
2024-08-03T22:29:00.788-05:00 DEBUG 26535 --- [PruebaT] [           main] org.hibernate.orm.results                : Extracted JDBC value [8] - [null]
2024-08-03T22:29:00.788-05:00 DEBUG 26535 --- [PruebaT] [           main] o.hibernate.orm.results.loading.entity   : (EntityResultInitializer) Done materializing entityInstance : com.example.PruebaT.model.Cliente(249964647183875)#2
2024-08-03T22:29:00.788-05:00 DEBUG 26535 --- [PruebaT] [           main] org.hibernate.orm.results.loading        : Calling top-level assembler (0 / 1) : org.hibernate.sql.results.graph.entity.internal.EntityAssembler@6329d89f
2024-08-03T22:29:00.788-05:00 DEBUG 26535 --- [PruebaT] [           main] o.h.j.internal.PersistenceUnitUtilImpl   : jakarta.persistence.PersistenceUnitUtil.getIdentifier is only intended to work with enhanced entities (although Hibernate also adapts this support to its proxies); however the passed entity was not enhanced (nor a proxy).. may not be able to read identifier
2024-08-03T22:29:00.788-05:00 DEBUG 26535 --- [PruebaT] [           main] o.h.j.internal.PersistenceUnitUtilImpl   : jakarta.persistence.PersistenceUnitUtil.getIdentifier is only intended to work with enhanced entities (although Hibernate also adapts this support to its proxies); however the passed entity was not enhanced (nor a proxy).. may not be able to read identifier
2024-08-03T22:29:00.788-05:00 DEBUG 26535 --- [PruebaT] [           main] org.hibernate.orm.sql.exec               : Skipping reading Query result cache data: cache-enabled = false, cache-mode = IGNORE
2024-08-03T22:29:00.789-05:00 DEBUG 26535 --- [PruebaT] [           main] org.hibernate.orm.results                : Initializer list:
	  com.example.PruebaT.model.Cliente.cuentas.{element} -> EntityJoinedFetchInitializer(com.example.PruebaT.model.Cliente.cuentas.{element})@284951008 (EntityCollectionPart(com.example.PruebaT.model.Cliente.cuentas#{element})@447308636)
	  com.example.PruebaT.model.Cliente.cuentas.{element}.cliente -> EntitySelectFetchInitializer(com.example.PruebaT.model.Cliente.cuentas.{element}.cliente)@1781323242 (ToOneAttributeMapping(NavigableRole[com.example.PruebaT.model.Cuenta.cliente])@720759478)
	  com.example.PruebaT.model.Cliente.cuentas -> BagInitializer(com.example.PruebaT.model.Cliente.cuentas)@476602395 (PluralAttribute(com.example.PruebaT.model.Cliente.cuentas))

2024-08-03T22:29:00.789-05:00 DEBUG 26535 --- [PruebaT] [           main] org.hibernate.SQL                        : select c1_0.cliente_id,c1_0.id,c1_0.estado,c1_0.numero_cuenta,c1_0.saldo_inicial,c1_0.tipo_cuenta from cuenta c1_0 where c1_0.cliente_id=?
Hibernate: select c1_0.cliente_id,c1_0.id,c1_0.estado,c1_0.numero_cuenta,c1_0.saldo_inicial,c1_0.tipo_cuenta from cuenta c1_0 where c1_0.cliente_id=?
2024-08-03T22:29:00.789-05:00 DEBUG 26535 --- [PruebaT] [           main] o.h.sql.results.internal.ResultsHelper   : Collection fully initialized: [com.example.PruebaT.model.Cliente.cuentas#2]
2024-08-03T22:29:00.789-05:00 DEBUG 26535 --- [PruebaT] [           main] o.s.orm.jpa.JpaTransactionManager        : Initiating transaction commit
2024-08-03T22:29:00.789-05:00 DEBUG 26535 --- [PruebaT] [           main] o.s.orm.jpa.JpaTransactionManager        : Committing JPA transaction on EntityManager [SessionImpl(189929111<open>)]
2024-08-03T22:29:00.789-05:00 DEBUG 26535 --- [PruebaT] [           main] o.h.e.t.internal.TransactionImpl         : committing
2024-08-03T22:29:00.789-05:00 DEBUG 26535 --- [PruebaT] [           main] o.h.e.i.AbstractFlushingEventListener    : Processing flush-time cascades
2024-08-03T22:29:00.789-05:00 DEBUG 26535 --- [PruebaT] [           main] o.h.e.i.AbstractFlushingEventListener    : Dirty checking collections
2024-08-03T22:29:00.789-05:00 DEBUG 26535 --- [PruebaT] [           main] o.hibernate.engine.internal.Collections  : Collection dereferenced: [com.example.PruebaT.model.Cliente.cuentas#2]
2024-08-03T22:29:00.789-05:00 DEBUG 26535 --- [PruebaT] [           main] o.h.e.i.AbstractFlushingEventListener    : Flushed: 0 insertions, 0 updates, 1 deletions to 1 objects
2024-08-03T22:29:00.789-05:00 DEBUG 26535 --- [PruebaT] [           main] o.h.e.i.AbstractFlushingEventListener    : Flushed: 0 (re)creations, 0 updates, 1 removals to 1 collections
2024-08-03T22:29:00.789-05:00 DEBUG 26535 --- [PruebaT] [           main] o.hibernate.internal.util.EntityPrinter  : Listing entities:
2024-08-03T22:29:00.789-05:00 DEBUG 26535 --- [PruebaT] [           main] o.hibernate.internal.util.EntityPrinter  : com.example.PruebaT.model.Cliente{estado=null, clienteId=2, genero=null, direccion=null, cuentas=[], contrasenia=null, identificacion=null, telefono=null, edad=null, nombre=John Doe}
2024-08-03T22:29:00.789-05:00 DEBUG 26535 --- [PruebaT] [           main] org.hibernate.SQL                        : delete from cliente where id=?
Hibernate: delete from cliente where id=?
2024-08-03T22:29:00.790-05:00 DEBUG 26535 --- [PruebaT] [           main] o.s.orm.jpa.JpaTransactionManager        : Closing JPA EntityManager [SessionImpl(189929111<open>)] after transaction
2024-08-03T22:29:00.790-05:00 DEBUG 26535 --- [PruebaT] [           main] o.s.orm.jpa.JpaTransactionManager        : Creating new transaction with name [org.springframework.data.jpa.repository.support.SimpleJpaRepository.save]: PROPAGATION_REQUIRED,ISOLATION_DEFAULT
2024-08-03T22:29:00.790-05:00 DEBUG 26535 --- [PruebaT] [           main] o.s.orm.jpa.JpaTransactionManager        : Opened new EntityManager [SessionImpl(303275440<open>)] for JPA transaction
2024-08-03T22:29:00.790-05:00 DEBUG 26535 --- [PruebaT] [           main] o.h.e.t.internal.TransactionImpl         : On TransactionImpl creation, JpaCompliance#isJpaTransactionComplianceEnabled == false
2024-08-03T22:29:00.790-05:00 DEBUG 26535 --- [PruebaT] [           main] o.h.e.t.internal.TransactionImpl         : begin
2024-08-03T22:29:00.790-05:00 DEBUG 26535 --- [PruebaT] [           main] o.s.orm.jpa.JpaTransactionManager        : Exposing JPA transaction as JDBC [org.springframework.orm.jpa.vendor.HibernateJpaDialect$HibernateConnectionHandle@66beb02d]
2024-08-03T22:29:00.790-05:00 DEBUG 26535 --- [PruebaT] [           main] o.h.j.internal.PersistenceUnitUtilImpl   : jakarta.persistence.PersistenceUnitUtil.getIdentifier is only intended to work with enhanced entities (although Hibernate also adapts this support to its proxies); however the passed entity was not enhanced (nor a proxy).. may not be able to read identifier
2024-08-03T22:29:00.790-05:00 DEBUG 26535 --- [PruebaT] [           main] org.hibernate.engine.spi.ActionQueue     : Executing identity-insert immediately
2024-08-03T22:29:00.790-05:00 DEBUG 26535 --- [PruebaT] [           main] org.hibernate.SQL                        : insert into cliente (contrasenia,direccion,edad,estado,genero,identificacion,nombre,telefono,id) values (?,?,?,?,?,?,?,?,default)
Hibernate: insert into cliente (contrasenia,direccion,edad,estado,genero,identificacion,nombre,telefono,id) values (?,?,?,?,?,?,?,?,default)
2024-08-03T22:29:00.790-05:00 DEBUG 26535 --- [PruebaT] [           main] org.hibernate.orm.results                : Initializer list is empty
2024-08-03T22:29:00.790-05:00 DEBUG 26535 --- [PruebaT] [           main] org.hibernate.orm.results.loading        : Calling top-level assembler (0 / 1) : org.hibernate.sql.results.graph.basic.BasicResultAssembler@f6b85c3
2024-08-03T22:29:00.791-05:00 DEBUG 26535 --- [PruebaT] [           main] org.hibernate.orm.results                : Extracted JDBC value [0] - [3]
2024-08-03T22:29:00.791-05:00 DEBUG 26535 --- [PruebaT] [           main] o.h.id.IdentifierGeneratorHelper         : Extracted generated values [com.example.PruebaT.model.Cliente]: [Ljava.lang.Object;@3d118651
2024-08-03T22:29:00.791-05:00 DEBUG 26535 --- [PruebaT] [           main] o.s.orm.jpa.JpaTransactionManager        : Initiating transaction commit
2024-08-03T22:29:00.791-05:00 DEBUG 26535 --- [PruebaT] [           main] o.s.orm.jpa.JpaTransactionManager        : Committing JPA transaction on EntityManager [SessionImpl(303275440<open>)]
2024-08-03T22:29:00.791-05:00 DEBUG 26535 --- [PruebaT] [           main] o.h.e.t.internal.TransactionImpl         : committing
2024-08-03T22:29:00.791-05:00 DEBUG 26535 --- [PruebaT] [           main] o.h.e.i.AbstractFlushingEventListener    : Processing flush-time cascades
2024-08-03T22:29:00.791-05:00 DEBUG 26535 --- [PruebaT] [           main] o.h.e.i.AbstractFlushingEventListener    : Dirty checking collections
2024-08-03T22:29:00.791-05:00 DEBUG 26535 --- [PruebaT] [           main] o.h.e.i.AbstractFlushingEventListener    : Flushed: 0 insertions, 0 updates, 0 deletions to 1 objects
2024-08-03T22:29:00.791-05:00 DEBUG 26535 --- [PruebaT] [           main] o.h.e.i.AbstractFlushingEventListener    : Flushed: 0 (re)creations, 0 updates, 0 removals to 0 collections
2024-08-03T22:29:00.791-05:00 DEBUG 26535 --- [PruebaT] [           main] o.hibernate.internal.util.EntityPrinter  : Listing entities:
2024-08-03T22:29:00.791-05:00 DEBUG 26535 --- [PruebaT] [           main] o.hibernate.internal.util.EntityPrinter  : com.example.PruebaT.model.Cliente{estado=null, clienteId=3, genero=null, direccion=null, cuentas=null, contrasenia=null, identificacion=null, telefono=null, edad=null, nombre=John Doe}
2024-08-03T22:29:00.791-05:00 DEBUG 26535 --- [PruebaT] [           main] o.s.orm.jpa.JpaTransactionManager        : Closing JPA EntityManager [SessionImpl(303275440<open>)] after transaction
2024-08-03T22:29:00.791-05:00 DEBUG 26535 --- [PruebaT] [           main] o.s.orm.jpa.JpaTransactionManager        : Creating new transaction with name [org.springframework.data.jpa.repository.support.SimpleJpaRepository.save]: PROPAGATION_REQUIRED,ISOLATION_DEFAULT
2024-08-03T22:29:00.791-05:00 DEBUG 26535 --- [PruebaT] [           main] o.s.orm.jpa.JpaTransactionManager        : Opened new EntityManager [SessionImpl(327847070<open>)] for JPA transaction
2024-08-03T22:29:00.791-05:00 DEBUG 26535 --- [PruebaT] [           main] o.h.e.t.internal.TransactionImpl         : On TransactionImpl creation, JpaCompliance#isJpaTransactionComplianceEnabled == false
2024-08-03T22:29:00.791-05:00 DEBUG 26535 --- [PruebaT] [           main] o.h.e.t.internal.TransactionImpl         : begin
2024-08-03T22:29:00.791-05:00 DEBUG 26535 --- [PruebaT] [           main] o.s.orm.jpa.JpaTransactionManager        : Exposing JPA transaction as JDBC [org.springframework.orm.jpa.vendor.HibernateJpaDialect$HibernateConnectionHandle@3467d540]
2024-08-03T22:29:00.791-05:00 DEBUG 26535 --- [PruebaT] [           main] o.h.j.internal.PersistenceUnitUtilImpl   : jakarta.persistence.PersistenceUnitUtil.getIdentifier is only intended to work with enhanced entities (although Hibernate also adapts this support to its proxies); however the passed entity was not enhanced (nor a proxy).. may not be able to read identifier
2024-08-03T22:29:00.791-05:00 DEBUG 26535 --- [PruebaT] [           main] org.hibernate.engine.spi.ActionQueue     : Executing identity-insert immediately
2024-08-03T22:29:00.791-05:00 DEBUG 26535 --- [PruebaT] [           main] org.hibernate.SQL                        : insert into cuenta (cliente_id,estado,numero_cuenta,saldo_inicial,tipo_cuenta,id) values (?,?,?,?,?,default)
Hibernate: insert into cuenta (cliente_id,estado,numero_cuenta,saldo_inicial,tipo_cuenta,id) values (?,?,?,?,?,default)
2024-08-03T22:29:00.792-05:00 DEBUG 26535 --- [PruebaT] [           main] org.hibernate.orm.results                : Initializer list is empty
2024-08-03T22:29:00.792-05:00 DEBUG 26535 --- [PruebaT] [           main] org.hibernate.orm.results.loading        : Calling top-level assembler (0 / 1) : org.hibernate.sql.results.graph.basic.BasicResultAssembler@1b0db8b1
2024-08-03T22:29:00.792-05:00 DEBUG 26535 --- [PruebaT] [           main] org.hibernate.orm.results                : Extracted JDBC value [0] - [4]
2024-08-03T22:29:00.792-05:00 DEBUG 26535 --- [PruebaT] [           main] o.h.id.IdentifierGeneratorHelper         : Extracted generated values [com.example.PruebaT.model.Cuenta]: [Ljava.lang.Object;@74cf0dd9
2024-08-03T22:29:00.792-05:00 DEBUG 26535 --- [PruebaT] [           main] o.s.orm.jpa.JpaTransactionManager        : Initiating transaction commit
2024-08-03T22:29:00.792-05:00 DEBUG 26535 --- [PruebaT] [           main] o.s.orm.jpa.JpaTransactionManager        : Committing JPA transaction on EntityManager [SessionImpl(327847070<open>)]
2024-08-03T22:29:00.792-05:00 DEBUG 26535 --- [PruebaT] [           main] o.h.e.t.internal.TransactionImpl         : committing
2024-08-03T22:29:00.792-05:00 DEBUG 26535 --- [PruebaT] [           main] o.h.e.i.AbstractFlushingEventListener    : Processing flush-time cascades
2024-08-03T22:29:00.792-05:00 DEBUG 26535 --- [PruebaT] [           main] o.h.e.i.AbstractFlushingEventListener    : Dirty checking collections
2024-08-03T22:29:00.792-05:00 DEBUG 26535 --- [PruebaT] [           main] o.h.e.i.AbstractFlushingEventListener    : Flushed: 0 insertions, 0 updates, 0 deletions to 1 objects
2024-08-03T22:29:00.792-05:00 DEBUG 26535 --- [PruebaT] [           main] o.h.e.i.AbstractFlushingEventListener    : Flushed: 0 (re)creations, 0 updates, 0 removals to 0 collections
2024-08-03T22:29:00.792-05:00 DEBUG 26535 --- [PruebaT] [           main] o.hibernate.internal.util.EntityPrinter  : Listing entities:
2024-08-03T22:29:00.792-05:00 DEBUG 26535 --- [PruebaT] [           main] o.hibernate.internal.util.EntityPrinter  : com.example.PruebaT.model.Cuenta{cliente=com.example.PruebaT.model.Cliente#3, estado=Activo, tipoCuenta=Ahorro, numeroCuenta=123456789, id=4, saldoInicial=1000.0}
2024-08-03T22:29:00.792-05:00 DEBUG 26535 --- [PruebaT] [           main] o.s.orm.jpa.JpaTransactionManager        : Closing JPA EntityManager [SessionImpl(327847070<open>)] after transaction
2024-08-03T22:29:00.792-05:00 DEBUG 26535 --- [PruebaT] [           main] org.springframework.test.context.cache   : Spring test ApplicationContext cache statistics: [DefaultContextCache@716a6343 size = 1, maxSize = 32, parentContextCount = 0, hitCount = 29, missCount = 1, failureCount = 0]
2024-08-03T22:29:00.793-05:00 DEBUG 26535 --- [PruebaT] [           main] o.s.t.web.servlet.TestDispatcherServlet  : GET "/cuentas/number_account/123456789", parameters={}
2024-08-03T22:29:00.793-05:00 DEBUG 26535 --- [PruebaT] [           main] s.w.s.m.m.a.RequestMappingHandlerMapping : Mapped to com.example.PruebaT.controller.AccountController#getAccountByNumber(String)
2024-08-03T22:29:00.793-05:00 DEBUG 26535 --- [PruebaT] [           main] o.j.s.OpenEntityManagerInViewInterceptor : Opening JPA EntityManager in OpenEntityManagerInViewInterceptor
2024-08-03T22:29:00.795-05:00 DEBUG 26535 --- [PruebaT] [           main] org.hibernate.orm.sql.ast.create         : Created new SQL alias : c1_0
2024-08-03T22:29:00.795-05:00 DEBUG 26535 --- [PruebaT] [           main] org.hibernate.orm.sql.ast.create         : Registration of TableGroup [StandardTableGroup(com.example.PruebaT.model.Cuenta(249963315602166))] with identifierForTableGroup [com.example.PruebaT.model.Cuenta] for NavigablePath [com.example.PruebaT.model.Cuenta] 
2024-08-03T22:29:00.796-05:00 DEBUG 26535 --- [PruebaT] [           main] org.hibernate.orm.sql.ast.create         : Registration of TableGroup [org.hibernate.sql.ast.tree.from.LazyTableGroup@76b93bb9] with identifierForTableGroup [com.example.PruebaT.model.Cuenta.cliente] for NavigablePath [com.example.PruebaT.model.Cuenta.cliente] 
2024-08-03T22:29:00.796-05:00 DEBUG 26535 --- [PruebaT] [           main] o.h.q.sqm.sql.BaseSqmToSqlAstConverter   : Determining mapping-model type for SqmParameter : org.hibernate.query.sqm.tree.expression.SqmJpaCriteriaParameterWrapper@1752ab9b
2024-08-03T22:29:00.796-05:00 DEBUG 26535 --- [PruebaT] [           main] o.h.q.sqm.sql.BaseSqmToSqlAstConverter   : Determining mapping-model type for SqmPath : SqmBasicValuedSimplePath(com.example.PruebaT.model.Cuenta(249963315602166).numeroCuenta) 
2024-08-03T22:29:00.796-05:00 DEBUG 26535 --- [PruebaT] [           main] org.hibernate.orm.results.graph.AST      : DomainResult Graph:
 \-EntityResultImpl [com.example.PruebaT.model.Cuenta(249963315602166)]
 |  +-CircularFetchImpl [com.example.PruebaT.model.Cuenta(249963315602166).cliente]
 |  +-BasicFetch [com.example.PruebaT.model.Cuenta(249963315602166).estado]
 |  +-BasicFetch [com.example.PruebaT.model.Cuenta(249963315602166).numeroCuenta]
 |  +-BasicFetch [com.example.PruebaT.model.Cuenta(249963315602166).saldoInicial]
 |  \-BasicFetch [com.example.PruebaT.model.Cuenta(249963315602166).tipoCuenta]

2024-08-03T22:29:00.796-05:00 DEBUG 26535 --- [PruebaT] [           main] org.hibernate.orm.sql.ast.tree           : SQL AST Tree:
    SelectStatement {
      FromClause {
        StandardTableGroup (c1 : com.example.PruebaT.model.Cuenta(249963315602166)) {
          primaryTableReference : cuenta as c1_0
          TableGroupJoins {
            left  join LazyTableGroup (c2 : com.example.PruebaT.model.Cuenta(249963315602166).cliente) {
            }
          }
        }
      }
    }

2024-08-03T22:29:00.796-05:00 DEBUG 26535 --- [PruebaT] [           main] org.hibernate.orm.sql.exec               : Skipping reading Query result cache data: cache-enabled = false, cache-mode = NORMAL
2024-08-03T22:29:00.796-05:00 DEBUG 26535 --- [PruebaT] [           main] org.hibernate.orm.results                : Initializer list:
	  com.example.PruebaT.model.Cuenta(249963315602166).cliente -> EntitySelectFetchInitializer(com.example.PruebaT.model.Cuenta(249963315602166).cliente)@990053853 (ToOneAttributeMapping(NavigableRole[com.example.PruebaT.model.Cuenta.cliente])@720759478)
	  com.example.PruebaT.model.Cuenta(249963315602166) -> EntityResultInitializer(com.example.PruebaT.model.Cuenta(249963315602166))@853200043 (SingleTableEntityPersister(com.example.PruebaT.model.Cuenta))

2024-08-03T22:29:00.796-05:00 DEBUG 26535 --- [PruebaT] [           main] org.hibernate.SQL                        : select c1_0.id,c1_0.cliente_id,c1_0.estado,c1_0.numero_cuenta,c1_0.saldo_inicial,c1_0.tipo_cuenta from cuenta c1_0 where c1_0.numero_cuenta=?
Hibernate: select c1_0.id,c1_0.cliente_id,c1_0.estado,c1_0.numero_cuenta,c1_0.saldo_inicial,c1_0.tipo_cuenta from cuenta c1_0 where c1_0.numero_cuenta=?
2024-08-03T22:29:00.796-05:00 DEBUG 26535 --- [PruebaT] [           main] org.hibernate.orm.results                : Extracted JDBC value [0] - [4]
2024-08-03T22:29:00.796-05:00 DEBUG 26535 --- [PruebaT] [           main] o.hibernate.orm.results.loading.entity   : (EntityResultInitializer) Hydrated EntityKey (com.example.PruebaT.model.Cuenta(249963315602166)): 4
2024-08-03T22:29:00.796-05:00 DEBUG 26535 --- [PruebaT] [           main] o.hibernate.orm.results.loading.entity   : (EntityResultInitializer) Created new entity instance [com.example.PruebaT.model.Cuenta(249963315602166)#4] : 1815756167
2024-08-03T22:29:00.797-05:00 DEBUG 26535 --- [PruebaT] [           main] org.hibernate.orm.results                : Extracted JDBC value [1] - [3]
2024-08-03T22:29:00.797-05:00 DEBUG 26535 --- [PruebaT] [           main] o.hibernate.orm.results.loading.entity   : (EntitySelectFetchInitializer) Invoking session#internalLoad for entity (com.example.PruebaT.model.Cuenta(249963315602166).cliente#3) : 3
2024-08-03T22:29:00.797-05:00 DEBUG 26535 --- [PruebaT] [           main] org.hibernate.orm.sql.exec               : Skipping reading Query result cache data: cache-enabled = false, cache-mode = IGNORE
2024-08-03T22:29:00.797-05:00 DEBUG 26535 --- [PruebaT] [           main] org.hibernate.orm.results                : Initializer list:
	  com.example.PruebaT.model.Cliente -> EntityResultInitializer(com.example.PruebaT.model.Cliente)@140581695 (SingleTableEntityPersister(com.example.PruebaT.model.Cliente))
	  com.example.PruebaT.model.Cliente.cuentas -> DelayedCollectionInitializer(com.example.PruebaT.model.Cliente.cuentas)@252340996 (PluralAttribute(com.example.PruebaT.model.Cliente.cuentas))

2024-08-03T22:29:00.797-05:00 DEBUG 26535 --- [PruebaT] [           main] org.hibernate.SQL                        : select c1_0.id,c1_0.contrasenia,c1_0.direccion,c1_0.edad,c1_0.estado,c1_0.genero,c1_0.identificacion,c1_0.nombre,c1_0.telefono from cliente c1_0 where c1_0.id=?
Hibernate: select c1_0.id,c1_0.contrasenia,c1_0.direccion,c1_0.edad,c1_0.estado,c1_0.genero,c1_0.identificacion,c1_0.nombre,c1_0.telefono from cliente c1_0 where c1_0.id=?
2024-08-03T22:29:00.797-05:00 DEBUG 26535 --- [PruebaT] [           main] o.hibernate.orm.results.loading.entity   : (EntityResultInitializer) Hydrated EntityKey (com.example.PruebaT.model.Cliente): 3
2024-08-03T22:29:00.797-05:00 DEBUG 26535 --- [PruebaT] [           main] o.h.o.r.l.o.h.o.r.loading.collection     : (DelayedCollectionInitializer) Current row collection key : com.example.PruebaT.model.Cliente.cuentas#3
2024-08-03T22:29:00.797-05:00 DEBUG 26535 --- [PruebaT] [           main] o.hibernate.orm.results.loading.entity   : (EntityResultInitializer) Created new entity instance [com.example.PruebaT.model.Cliente#3] : 1512513339
2024-08-03T22:29:00.797-05:00 DEBUG 26535 --- [PruebaT] [           main] org.hibernate.orm.results                : Extracted JDBC value [1] - [null]
2024-08-03T22:29:00.797-05:00 DEBUG 26535 --- [PruebaT] [           main] org.hibernate.orm.results                : Extracted JDBC value [2] - [null]
2024-08-03T22:29:00.797-05:00 DEBUG 26535 --- [PruebaT] [           main] org.hibernate.orm.results                : Extracted JDBC value [3] - [null]
2024-08-03T22:29:00.797-05:00 DEBUG 26535 --- [PruebaT] [           main] org.hibernate.orm.results                : Extracted JDBC value [4] - [null]
2024-08-03T22:29:00.797-05:00 DEBUG 26535 --- [PruebaT] [           main] org.hibernate.orm.results                : Extracted JDBC value [5] - [null]
2024-08-03T22:29:00.797-05:00 DEBUG 26535 --- [PruebaT] [           main] org.hibernate.orm.results                : Extracted JDBC value [6] - [null]
2024-08-03T22:29:00.797-05:00 DEBUG 26535 --- [PruebaT] [           main] org.hibernate.orm.results                : Extracted JDBC value [7] - [John Doe]
2024-08-03T22:29:00.797-05:00 DEBUG 26535 --- [PruebaT] [           main] org.hibernate.orm.results                : Extracted JDBC value [8] - [null]
2024-08-03T22:29:00.797-05:00 DEBUG 26535 --- [PruebaT] [           main] o.hibernate.orm.results.loading.entity   : (EntityResultInitializer) Done materializing entityInstance : com.example.PruebaT.model.Cliente#3
2024-08-03T22:29:00.797-05:00 DEBUG 26535 --- [PruebaT] [           main] org.hibernate.orm.results.loading        : Calling top-level assembler (0 / 1) : org.hibernate.sql.results.graph.entity.internal.EntityAssembler@4518bffd
2024-08-03T22:29:00.797-05:00 DEBUG 26535 --- [PruebaT] [           main] o.hibernate.orm.results.loading.entity   : (EntitySelectFetchInitializer) Entity [com.example.PruebaT.model.Cuenta(249963315602166).cliente#3] : 3 has being loaded by session.internalLoad.
2024-08-03T22:29:00.797-05:00 DEBUG 26535 --- [PruebaT] [           main] org.hibernate.orm.results                : Extracted JDBC value [2] - [Activo]
2024-08-03T22:29:00.797-05:00 DEBUG 26535 --- [PruebaT] [           main] org.hibernate.orm.results                : Extracted JDBC value [3] - [123456789]
2024-08-03T22:29:00.798-05:00 DEBUG 26535 --- [PruebaT] [           main] org.hibernate.orm.results                : Extracted JDBC value [4] - [1000.0]
2024-08-03T22:29:00.798-05:00 DEBUG 26535 --- [PruebaT] [           main] org.hibernate.orm.results                : Extracted JDBC value [5] - [Ahorro]
2024-08-03T22:29:00.798-05:00 DEBUG 26535 --- [PruebaT] [           main] o.hibernate.orm.results.loading.entity   : (EntityResultInitializer) Done materializing entityInstance : com.example.PruebaT.model.Cuenta(249963315602166)#4
2024-08-03T22:29:00.798-05:00 DEBUG 26535 --- [PruebaT] [           main] org.hibernate.orm.results.loading        : Calling top-level assembler (0 / 1) : org.hibernate.sql.results.graph.entity.internal.EntityAssembler@65daaa95
2024-08-03T22:29:00.798-05:00 DEBUG 26535 --- [PruebaT] [           main] o.s.w.s.m.m.a.HttpEntityMethodProcessor  : Using 'application/json', given [*/*] and supported [application/json, application/*+json]
2024-08-03T22:29:00.799-05:00 DEBUG 26535 --- [PruebaT] [           main] o.s.w.s.m.m.a.HttpEntityMethodProcessor  : Writing [AccountDTO(numeroCuenta=123456789, tipoCuenta=Ahorro, saldoInicial=1000.0, estado=Activo, nombreClie (truncated)...]
2024-08-03T22:29:00.799-05:00 DEBUG 26535 --- [PruebaT] [           main] o.j.s.OpenEntityManagerInViewInterceptor : Closing JPA EntityManager in OpenEntityManagerInViewInterceptor
2024-08-03T22:29:00.799-05:00 DEBUG 26535 --- [PruebaT] [           main] o.s.t.web.servlet.TestDispatcherServlet  : Completed 200 OK
2024-08-03T22:29:00.799-05:00 DEBUG 26535 --- [PruebaT] [           main] c.j.jsonpath.internal.path.CompiledPath  : Evaluating path: $['numeroCuenta']
2024-08-03T22:29:00.799-05:00 DEBUG 26535 --- [PruebaT] [           main] org.springframework.test.context.cache   : Spring test ApplicationContext cache statistics: [DefaultContextCache@716a6343 size = 1, maxSize = 32, parentContextCount = 0, hitCount = 30, missCount = 1, failureCount = 0]
2024-08-03T22:29:00.799-05:00 DEBUG 26535 --- [PruebaT] [           main] org.springframework.test.context.cache   : Spring test ApplicationContext cache statistics: [DefaultContextCache@716a6343 size = 1, maxSize = 32, parentContextCount = 0, hitCount = 31, missCount = 1, failureCount = 0]
2024-08-03T22:29:00.799-05:00 DEBUG 26535 --- [PruebaT] [           main] org.springframework.test.context.cache   : Spring test ApplicationContext cache statistics: [DefaultContextCache@716a6343 size = 1, maxSize = 32, parentContextCount = 0, hitCount = 32, missCount = 1, failureCount = 0]
2024-08-03T22:29:00.799-05:00 DEBUG 26535 --- [PruebaT] [           main] org.springframework.test.context.cache   : Spring test ApplicationContext cache statistics: [DefaultContextCache@716a6343 size = 1, maxSize = 32, parentContextCount = 0, hitCount = 33, missCount = 1, failureCount = 0]
2024-08-03T22:29:00.800-05:00 DEBUG 26535 --- [PruebaT] [           main] org.springframework.test.context.cache   : Spring test ApplicationContext cache statistics: [DefaultContextCache@716a6343 size = 1, maxSize = 32, parentContextCount = 0, hitCount = 34, missCount = 1, failureCount = 0]
2024-08-03T22:29:00.800-05:00 DEBUG 26535 --- [PruebaT] [           main] org.springframework.test.context.cache   : Spring test ApplicationContext cache statistics: [DefaultContextCache@716a6343 size = 1, maxSize = 32, parentContextCount = 0, hitCount = 35, missCount = 1, failureCount = 0]
2024-08-03T22:29:00.800-05:00 DEBUG 26535 --- [PruebaT] [           main] .c.s.DirtiesContextTestExecutionListener : After test method: class [AccountControllerIntegrationTest], method [testGetAccountByNumber], class annotated with @DirtiesContext [false] with mode [null], method annotated with @DirtiesContext [false] with mode [null]
2024-08-03T22:29:00.800-05:00 DEBUG 26535 --- [PruebaT] [           main] o.s.t.c.w.ServletTestExecutionListener   : Resetting RequestContextHolder for test class com.example.PruebaT.test.integration.AccountControllerIntegrationTest
]]></system-out>
  </testcase>
  <testcase name="testDeleteAccount" classname="com.example.PruebaT.test.integration.AccountControllerIntegrationTest" time="0.019">
    <system-out><![CDATA[2024-08-03T22:29:00.801-05:00 DEBUG 26535 --- [PruebaT] [           main] org.springframework.test.context.cache   : Spring test ApplicationContext cache statistics: [DefaultContextCache@716a6343 size = 1, maxSize = 32, parentContextCount = 0, hitCount = 36, missCount = 1, failureCount = 0]
2024-08-03T22:29:00.801-05:00 DEBUG 26535 --- [PruebaT] [           main] o.s.t.c.w.ServletTestExecutionListener   : Setting up MockHttpServletRequest, MockHttpServletResponse, ServletWebRequest, and RequestContextHolder for test class com.example.PruebaT.test.integration.AccountControllerIntegrationTest
2024-08-03T22:29:00.801-05:00 DEBUG 26535 --- [PruebaT] [           main] DependencyInjectionTestExecutionListener : Performing dependency injection for test class com.example.PruebaT.test.integration.AccountControllerIntegrationTest
2024-08-03T22:29:00.801-05:00 DEBUG 26535 --- [PruebaT] [           main] org.springframework.test.context.cache   : Spring test ApplicationContext cache statistics: [DefaultContextCache@716a6343 size = 1, maxSize = 32, parentContextCount = 0, hitCount = 37, missCount = 1, failureCount = 0]
2024-08-03T22:29:00.801-05:00 DEBUG 26535 --- [PruebaT] [           main] org.springframework.test.context.cache   : Spring test ApplicationContext cache statistics: [DefaultContextCache@716a6343 size = 1, maxSize = 32, parentContextCount = 0, hitCount = 38, missCount = 1, failureCount = 0]
2024-08-03T22:29:00.801-05:00 DEBUG 26535 --- [PruebaT] [           main] sContextBeforeModesTestExecutionListener : Before test method: class [AccountControllerIntegrationTest], method [testDeleteAccount], class annotated with @DirtiesContext [false] with mode [null], method annotated with @DirtiesContext [false] with mode [null]
2024-08-03T22:29:00.801-05:00 DEBUG 26535 --- [PruebaT] [           main] org.springframework.test.context.cache   : Spring test ApplicationContext cache statistics: [DefaultContextCache@716a6343 size = 1, maxSize = 32, parentContextCount = 0, hitCount = 39, missCount = 1, failureCount = 0]
2024-08-03T22:29:00.801-05:00 DEBUG 26535 --- [PruebaT] [           main] org.springframework.test.context.cache   : Spring test ApplicationContext cache statistics: [DefaultContextCache@716a6343 size = 1, maxSize = 32, parentContextCount = 0, hitCount = 40, missCount = 1, failureCount = 0]
2024-08-03T22:29:00.802-05:00 DEBUG 26535 --- [PruebaT] [           main] o.s.orm.jpa.JpaTransactionManager        : Creating new transaction with name [org.springframework.data.jpa.repository.support.SimpleJpaRepository.deleteAll]: PROPAGATION_REQUIRED,ISOLATION_DEFAULT
2024-08-03T22:29:00.802-05:00 DEBUG 26535 --- [PruebaT] [           main] o.s.orm.jpa.JpaTransactionManager        : Opened new EntityManager [SessionImpl(132562898<open>)] for JPA transaction
2024-08-03T22:29:00.802-05:00 DEBUG 26535 --- [PruebaT] [           main] o.h.e.t.internal.TransactionImpl         : On TransactionImpl creation, JpaCompliance#isJpaTransactionComplianceEnabled == false
2024-08-03T22:29:00.802-05:00 DEBUG 26535 --- [PruebaT] [           main] o.h.e.t.internal.TransactionImpl         : begin
2024-08-03T22:29:00.802-05:00 DEBUG 26535 --- [PruebaT] [           main] o.s.orm.jpa.JpaTransactionManager        : Exposing JPA transaction as JDBC [org.springframework.orm.jpa.vendor.HibernateJpaDialect$HibernateConnectionHandle@49e8f283]
2024-08-03T22:29:00.802-05:00 DEBUG 26535 --- [PruebaT] [           main] org.hibernate.orm.sql.ast.create         : Created new SQL alias : c1_0
2024-08-03T22:29:00.802-05:00 DEBUG 26535 --- [PruebaT] [           main] org.hibernate.orm.sql.ast.create         : Registration of TableGroup [StandardTableGroup(com.example.PruebaT.model.Cuenta(249964662181750))] with identifierForTableGroup [com.example.PruebaT.model.Cuenta] for NavigablePath [com.example.PruebaT.model.Cuenta] 
2024-08-03T22:29:00.802-05:00 DEBUG 26535 --- [PruebaT] [           main] org.hibernate.orm.sql.ast.create         : Registration of TableGroup [org.hibernate.sql.ast.tree.from.LazyTableGroup@768dcd21] with identifierForTableGroup [com.example.PruebaT.model.Cuenta.cliente] for NavigablePath [com.example.PruebaT.model.Cuenta.cliente] 
2024-08-03T22:29:00.803-05:00 DEBUG 26535 --- [PruebaT] [           main] org.hibernate.orm.results.graph.AST      : DomainResult Graph:
 \-EntityResultImpl [com.example.PruebaT.model.Cuenta(249964662181750)]
 |  +-CircularFetchImpl [com.example.PruebaT.model.Cuenta(249964662181750).cliente]
 |  +-BasicFetch [com.example.PruebaT.model.Cuenta(249964662181750).estado]
 |  +-BasicFetch [com.example.PruebaT.model.Cuenta(249964662181750).numeroCuenta]
 |  +-BasicFetch [com.example.PruebaT.model.Cuenta(249964662181750).saldoInicial]
 |  \-BasicFetch [com.example.PruebaT.model.Cuenta(249964662181750).tipoCuenta]

2024-08-03T22:29:00.803-05:00 DEBUG 26535 --- [PruebaT] [           main] org.hibernate.orm.sql.ast.tree           : SQL AST Tree:
    SelectStatement {
      FromClause {
        StandardTableGroup (c1 : com.example.PruebaT.model.Cuenta(249964662181750)) {
          primaryTableReference : cuenta as c1_0
          TableGroupJoins {
            left  join LazyTableGroup (c2 : com.example.PruebaT.model.Cuenta(249964662181750).cliente) {
            }
          }
        }
      }
    }

2024-08-03T22:29:00.803-05:00 DEBUG 26535 --- [PruebaT] [           main] org.hibernate.orm.sql.exec               : Skipping reading Query result cache data: cache-enabled = false, cache-mode = NORMAL
2024-08-03T22:29:00.803-05:00 DEBUG 26535 --- [PruebaT] [           main] org.hibernate.orm.results                : Initializer list:
	  com.example.PruebaT.model.Cuenta(249964662181750) -> EntityResultInitializer(com.example.PruebaT.model.Cuenta(249964662181750))@29251980 (SingleTableEntityPersister(com.example.PruebaT.model.Cuenta))
	  com.example.PruebaT.model.Cuenta(249964662181750).cliente -> EntitySelectFetchInitializer(com.example.PruebaT.model.Cuenta(249964662181750).cliente)@360898540 (ToOneAttributeMapping(NavigableRole[com.example.PruebaT.model.Cuenta.cliente])@720759478)

2024-08-03T22:29:00.803-05:00 DEBUG 26535 --- [PruebaT] [           main] org.hibernate.SQL                        : select c1_0.id,c1_0.cliente_id,c1_0.estado,c1_0.numero_cuenta,c1_0.saldo_inicial,c1_0.tipo_cuenta from cuenta c1_0
Hibernate: select c1_0.id,c1_0.cliente_id,c1_0.estado,c1_0.numero_cuenta,c1_0.saldo_inicial,c1_0.tipo_cuenta from cuenta c1_0
2024-08-03T22:29:00.803-05:00 DEBUG 26535 --- [PruebaT] [           main] org.hibernate.orm.results                : Extracted JDBC value [0] - [4]
2024-08-03T22:29:00.803-05:00 DEBUG 26535 --- [PruebaT] [           main] o.hibernate.orm.results.loading.entity   : (EntityResultInitializer) Hydrated EntityKey (com.example.PruebaT.model.Cuenta(249964662181750)): 4
2024-08-03T22:29:00.803-05:00 DEBUG 26535 --- [PruebaT] [           main] o.hibernate.orm.results.loading.entity   : (EntityResultInitializer) Created new entity instance [com.example.PruebaT.model.Cuenta(249964662181750)#4] : 1892935440
2024-08-03T22:29:00.803-05:00 DEBUG 26535 --- [PruebaT] [           main] org.hibernate.orm.results                : Extracted JDBC value [1] - [3]
2024-08-03T22:29:00.803-05:00 DEBUG 26535 --- [PruebaT] [           main] o.hibernate.orm.results.loading.entity   : (EntitySelectFetchInitializer) Invoking session#internalLoad for entity (com.example.PruebaT.model.Cuenta(249964662181750).cliente#3) : 3
2024-08-03T22:29:00.803-05:00 DEBUG 26535 --- [PruebaT] [           main] org.hibernate.orm.sql.exec               : Skipping reading Query result cache data: cache-enabled = false, cache-mode = IGNORE
2024-08-03T22:29:00.803-05:00 DEBUG 26535 --- [PruebaT] [           main] org.hibernate.orm.results                : Initializer list:
	  com.example.PruebaT.model.Cliente -> EntityResultInitializer(com.example.PruebaT.model.Cliente)@1932340057 (SingleTableEntityPersister(com.example.PruebaT.model.Cliente))
	  com.example.PruebaT.model.Cliente.cuentas -> DelayedCollectionInitializer(com.example.PruebaT.model.Cliente.cuentas)@471766812 (PluralAttribute(com.example.PruebaT.model.Cliente.cuentas))

2024-08-03T22:29:00.803-05:00 DEBUG 26535 --- [PruebaT] [           main] org.hibernate.SQL                        : select c1_0.id,c1_0.contrasenia,c1_0.direccion,c1_0.edad,c1_0.estado,c1_0.genero,c1_0.identificacion,c1_0.nombre,c1_0.telefono from cliente c1_0 where c1_0.id=?
Hibernate: select c1_0.id,c1_0.contrasenia,c1_0.direccion,c1_0.edad,c1_0.estado,c1_0.genero,c1_0.identificacion,c1_0.nombre,c1_0.telefono from cliente c1_0 where c1_0.id=?
2024-08-03T22:29:00.803-05:00 DEBUG 26535 --- [PruebaT] [           main] o.hibernate.orm.results.loading.entity   : (EntityResultInitializer) Hydrated EntityKey (com.example.PruebaT.model.Cliente): 3
2024-08-03T22:29:00.803-05:00 DEBUG 26535 --- [PruebaT] [           main] o.h.o.r.l.o.h.o.r.loading.collection     : (DelayedCollectionInitializer) Current row collection key : com.example.PruebaT.model.Cliente.cuentas#3
2024-08-03T22:29:00.804-05:00 DEBUG 26535 --- [PruebaT] [           main] o.hibernate.orm.results.loading.entity   : (EntityResultInitializer) Created new entity instance [com.example.PruebaT.model.Cliente#3] : 2136334777
2024-08-03T22:29:00.804-05:00 DEBUG 26535 --- [PruebaT] [           main] org.hibernate.orm.results                : Extracted JDBC value [1] - [null]
2024-08-03T22:29:00.804-05:00 DEBUG 26535 --- [PruebaT] [           main] org.hibernate.orm.results                : Extracted JDBC value [2] - [null]
2024-08-03T22:29:00.804-05:00 DEBUG 26535 --- [PruebaT] [           main] org.hibernate.orm.results                : Extracted JDBC value [3] - [null]
2024-08-03T22:29:00.804-05:00 DEBUG 26535 --- [PruebaT] [           main] org.hibernate.orm.results                : Extracted JDBC value [4] - [null]
2024-08-03T22:29:00.804-05:00 DEBUG 26535 --- [PruebaT] [           main] org.hibernate.orm.results                : Extracted JDBC value [5] - [null]
2024-08-03T22:29:00.804-05:00 DEBUG 26535 --- [PruebaT] [           main] org.hibernate.orm.results                : Extracted JDBC value [6] - [null]
2024-08-03T22:29:00.804-05:00 DEBUG 26535 --- [PruebaT] [           main] org.hibernate.orm.results                : Extracted JDBC value [7] - [John Doe]
2024-08-03T22:29:00.804-05:00 DEBUG 26535 --- [PruebaT] [           main] org.hibernate.orm.results                : Extracted JDBC value [8] - [null]
2024-08-03T22:29:00.804-05:00 DEBUG 26535 --- [PruebaT] [           main] o.hibernate.orm.results.loading.entity   : (EntityResultInitializer) Done materializing entityInstance : com.example.PruebaT.model.Cliente#3
2024-08-03T22:29:00.804-05:00 DEBUG 26535 --- [PruebaT] [           main] org.hibernate.orm.results.loading        : Calling top-level assembler (0 / 1) : org.hibernate.sql.results.graph.entity.internal.EntityAssembler@7a6ef10b
2024-08-03T22:29:00.804-05:00 DEBUG 26535 --- [PruebaT] [           main] o.hibernate.orm.results.loading.entity   : (EntitySelectFetchInitializer) Entity [com.example.PruebaT.model.Cuenta(249964662181750).cliente#3] : 3 has being loaded by session.internalLoad.
2024-08-03T22:29:00.804-05:00 DEBUG 26535 --- [PruebaT] [           main] org.hibernate.orm.results                : Extracted JDBC value [2] - [Activo]
2024-08-03T22:29:00.804-05:00 DEBUG 26535 --- [PruebaT] [           main] org.hibernate.orm.results                : Extracted JDBC value [3] - [123456789]
2024-08-03T22:29:00.804-05:00 DEBUG 26535 --- [PruebaT] [           main] org.hibernate.orm.results                : Extracted JDBC value [4] - [1000.0]
2024-08-03T22:29:00.804-05:00 DEBUG 26535 --- [PruebaT] [           main] org.hibernate.orm.results                : Extracted JDBC value [5] - [Ahorro]
2024-08-03T22:29:00.804-05:00 DEBUG 26535 --- [PruebaT] [           main] o.hibernate.orm.results.loading.entity   : (EntityResultInitializer) Done materializing entityInstance : com.example.PruebaT.model.Cuenta(249964662181750)#4
2024-08-03T22:29:00.804-05:00 DEBUG 26535 --- [PruebaT] [           main] org.hibernate.orm.results.loading        : Calling top-level assembler (0 / 1) : org.hibernate.sql.results.graph.entity.internal.EntityAssembler@5cbdc23b
2024-08-03T22:29:00.804-05:00 DEBUG 26535 --- [PruebaT] [           main] o.h.j.internal.PersistenceUnitUtilImpl   : jakarta.persistence.PersistenceUnitUtil.getIdentifier is only intended to work with enhanced entities (although Hibernate also adapts this support to its proxies); however the passed entity was not enhanced (nor a proxy).. may not be able to read identifier
2024-08-03T22:29:00.804-05:00 DEBUG 26535 --- [PruebaT] [           main] o.h.j.internal.PersistenceUnitUtilImpl   : jakarta.persistence.PersistenceUnitUtil.getIdentifier is only intended to work with enhanced entities (although Hibernate also adapts this support to its proxies); however the passed entity was not enhanced (nor a proxy).. may not be able to read identifier
2024-08-03T22:29:00.804-05:00 DEBUG 26535 --- [PruebaT] [           main] o.s.orm.jpa.JpaTransactionManager        : Initiating transaction commit
2024-08-03T22:29:00.804-05:00 DEBUG 26535 --- [PruebaT] [           main] o.s.orm.jpa.JpaTransactionManager        : Committing JPA transaction on EntityManager [SessionImpl(132562898<open>)]
2024-08-03T22:29:00.804-05:00 DEBUG 26535 --- [PruebaT] [           main] o.h.e.t.internal.TransactionImpl         : committing
2024-08-03T22:29:00.804-05:00 DEBUG 26535 --- [PruebaT] [           main] o.h.e.i.AbstractFlushingEventListener    : Processing flush-time cascades
2024-08-03T22:29:00.804-05:00 DEBUG 26535 --- [PruebaT] [           main] o.h.e.i.AbstractFlushingEventListener    : Dirty checking collections
2024-08-03T22:29:00.804-05:00 DEBUG 26535 --- [PruebaT] [           main] o.hibernate.engine.internal.Collections  : Collection found: [com.example.PruebaT.model.Cliente.cuentas#3], was: [com.example.PruebaT.model.Cliente.cuentas#3] (uninitialized)
2024-08-03T22:29:00.805-05:00 DEBUG 26535 --- [PruebaT] [           main] o.h.e.i.AbstractFlushingEventListener    : Flushed: 0 insertions, 0 updates, 1 deletions to 2 objects
2024-08-03T22:29:00.805-05:00 DEBUG 26535 --- [PruebaT] [           main] o.h.e.i.AbstractFlushingEventListener    : Flushed: 0 (re)creations, 0 updates, 0 removals to 1 collections
2024-08-03T22:29:00.805-05:00 DEBUG 26535 --- [PruebaT] [           main] o.hibernate.internal.util.EntityPrinter  : Listing entities:
2024-08-03T22:29:00.805-05:00 DEBUG 26535 --- [PruebaT] [           main] o.hibernate.internal.util.EntityPrinter  : com.example.PruebaT.model.Cuenta{cliente=com.example.PruebaT.model.Cliente#3, estado=Activo, tipoCuenta=Ahorro, numeroCuenta=123456789, id=4, saldoInicial=1000.0}
2024-08-03T22:29:00.805-05:00 DEBUG 26535 --- [PruebaT] [           main] o.hibernate.internal.util.EntityPrinter  : com.example.PruebaT.model.Cliente{estado=null, clienteId=3, genero=null, direccion=null, cuentas=<uninitialized>, contrasenia=null, identificacion=null, telefono=null, edad=null, nombre=John Doe}
2024-08-03T22:29:00.805-05:00 DEBUG 26535 --- [PruebaT] [           main] org.hibernate.SQL                        : delete from cuenta where id=?
Hibernate: delete from cuenta where id=?
2024-08-03T22:29:00.805-05:00 DEBUG 26535 --- [PruebaT] [           main] o.s.orm.jpa.JpaTransactionManager        : Closing JPA EntityManager [SessionImpl(132562898<open>)] after transaction
2024-08-03T22:29:00.805-05:00 DEBUG 26535 --- [PruebaT] [           main] o.s.orm.jpa.JpaTransactionManager        : Creating new transaction with name [org.springframework.data.jpa.repository.support.SimpleJpaRepository.deleteAll]: PROPAGATION_REQUIRED,ISOLATION_DEFAULT
2024-08-03T22:29:00.805-05:00 DEBUG 26535 --- [PruebaT] [           main] o.s.orm.jpa.JpaTransactionManager        : Opened new EntityManager [SessionImpl(1117369469<open>)] for JPA transaction
2024-08-03T22:29:00.805-05:00 DEBUG 26535 --- [PruebaT] [           main] o.h.e.t.internal.TransactionImpl         : On TransactionImpl creation, JpaCompliance#isJpaTransactionComplianceEnabled == false
2024-08-03T22:29:00.805-05:00 DEBUG 26535 --- [PruebaT] [           main] o.h.e.t.internal.TransactionImpl         : begin
2024-08-03T22:29:00.805-05:00 DEBUG 26535 --- [PruebaT] [           main] o.s.orm.jpa.JpaTransactionManager        : Exposing JPA transaction as JDBC [org.springframework.orm.jpa.vendor.HibernateJpaDialect$HibernateConnectionHandle@4f72e38c]
2024-08-03T22:29:00.806-05:00 DEBUG 26535 --- [PruebaT] [           main] org.hibernate.orm.sql.ast.create         : Created new SQL alias : c1_0
2024-08-03T22:29:00.806-05:00 DEBUG 26535 --- [PruebaT] [           main] org.hibernate.orm.sql.ast.create         : Registration of TableGroup [StandardTableGroup(com.example.PruebaT.model.Cliente(249964665612500))] with identifierForTableGroup [com.example.PruebaT.model.Cliente] for NavigablePath [com.example.PruebaT.model.Cliente] 
2024-08-03T22:29:00.806-05:00 DEBUG 26535 --- [PruebaT] [           main] org.hibernate.orm.results.graph.AST      : DomainResult Graph:
 \-EntityResultImpl [com.example.PruebaT.model.Cliente(249964665612500)]
 |  +-BasicFetch [com.example.PruebaT.model.Cliente(249964665612500).contrasenia]
 |  +-DelayedCollectionFetch [com.example.PruebaT.model.Cliente(249964665612500).cuentas]
 |  +-BasicFetch [com.example.PruebaT.model.Cliente(249964665612500).direccion]
 |  +-BasicFetch [com.example.PruebaT.model.Cliente(249964665612500).edad]
 |  +-BasicFetch [com.example.PruebaT.model.Cliente(249964665612500).estado]
 |  +-BasicFetch [com.example.PruebaT.model.Cliente(249964665612500).genero]
 |  +-BasicFetch [com.example.PruebaT.model.Cliente(249964665612500).identificacion]
 |  +-BasicFetch [com.example.PruebaT.model.Cliente(249964665612500).nombre]
 |  \-BasicFetch [com.example.PruebaT.model.Cliente(249964665612500).telefono]

2024-08-03T22:29:00.806-05:00 DEBUG 26535 --- [PruebaT] [           main] org.hibernate.orm.sql.ast.tree           : SQL AST Tree:
    SelectStatement {
      FromClause {
        StandardTableGroup (c1 : com.example.PruebaT.model.Cliente(249964665612500)) {
          primaryTableReference : cliente as c1_0
        }
      }
    }

2024-08-03T22:29:00.806-05:00 DEBUG 26535 --- [PruebaT] [           main] org.hibernate.orm.sql.exec               : Skipping reading Query result cache data: cache-enabled = false, cache-mode = NORMAL
2024-08-03T22:29:00.806-05:00 DEBUG 26535 --- [PruebaT] [           main] org.hibernate.orm.results                : Initializer list:
	  com.example.PruebaT.model.Cliente(249964665612500) -> EntityResultInitializer(com.example.PruebaT.model.Cliente(249964665612500))@346766882 (SingleTableEntityPersister(com.example.PruebaT.model.Cliente))
	  com.example.PruebaT.model.Cliente(249964665612500).cuentas -> DelayedCollectionInitializer(com.example.PruebaT.model.Cliente(249964665612500).cuentas)@134039170 (PluralAttribute(com.example.PruebaT.model.Cliente.cuentas))

2024-08-03T22:29:00.806-05:00 DEBUG 26535 --- [PruebaT] [           main] org.hibernate.SQL                        : select c1_0.id,c1_0.contrasenia,c1_0.direccion,c1_0.edad,c1_0.estado,c1_0.genero,c1_0.identificacion,c1_0.nombre,c1_0.telefono from cliente c1_0
Hibernate: select c1_0.id,c1_0.contrasenia,c1_0.direccion,c1_0.edad,c1_0.estado,c1_0.genero,c1_0.identificacion,c1_0.nombre,c1_0.telefono from cliente c1_0
2024-08-03T22:29:00.806-05:00 DEBUG 26535 --- [PruebaT] [           main] org.hibernate.orm.results                : Extracted JDBC value [0] - [3]
2024-08-03T22:29:00.806-05:00 DEBUG 26535 --- [PruebaT] [           main] o.hibernate.orm.results.loading.entity   : (EntityResultInitializer) Hydrated EntityKey (com.example.PruebaT.model.Cliente(249964665612500)): 3
2024-08-03T22:29:00.807-05:00 DEBUG 26535 --- [PruebaT] [           main] o.h.o.r.l.o.h.o.r.loading.collection     : (DelayedCollectionInitializer) Current row collection key : com.example.PruebaT.model.Cliente(249964665612500).cuentas#3
2024-08-03T22:29:00.807-05:00 DEBUG 26535 --- [PruebaT] [           main] o.hibernate.orm.results.loading.entity   : (EntityResultInitializer) Created new entity instance [com.example.PruebaT.model.Cliente(249964665612500)#3] : 621290257
2024-08-03T22:29:00.807-05:00 DEBUG 26535 --- [PruebaT] [           main] org.hibernate.orm.results                : Extracted JDBC value [1] - [null]
2024-08-03T22:29:00.807-05:00 DEBUG 26535 --- [PruebaT] [           main] org.hibernate.orm.results                : Extracted JDBC value [2] - [null]
2024-08-03T22:29:00.807-05:00 DEBUG 26535 --- [PruebaT] [           main] org.hibernate.orm.results                : Extracted JDBC value [3] - [null]
2024-08-03T22:29:00.807-05:00 DEBUG 26535 --- [PruebaT] [           main] org.hibernate.orm.results                : Extracted JDBC value [4] - [null]
2024-08-03T22:29:00.807-05:00 DEBUG 26535 --- [PruebaT] [           main] org.hibernate.orm.results                : Extracted JDBC value [5] - [null]
2024-08-03T22:29:00.807-05:00 DEBUG 26535 --- [PruebaT] [           main] org.hibernate.orm.results                : Extracted JDBC value [6] - [null]
2024-08-03T22:29:00.807-05:00 DEBUG 26535 --- [PruebaT] [           main] org.hibernate.orm.results                : Extracted JDBC value [7] - [John Doe]
2024-08-03T22:29:00.807-05:00 DEBUG 26535 --- [PruebaT] [           main] org.hibernate.orm.results                : Extracted JDBC value [8] - [null]
2024-08-03T22:29:00.807-05:00 DEBUG 26535 --- [PruebaT] [           main] o.hibernate.orm.results.loading.entity   : (EntityResultInitializer) Done materializing entityInstance : com.example.PruebaT.model.Cliente(249964665612500)#3
2024-08-03T22:29:00.807-05:00 DEBUG 26535 --- [PruebaT] [           main] org.hibernate.orm.results.loading        : Calling top-level assembler (0 / 1) : org.hibernate.sql.results.graph.entity.internal.EntityAssembler@45bf1ee3
2024-08-03T22:29:00.807-05:00 DEBUG 26535 --- [PruebaT] [           main] o.h.j.internal.PersistenceUnitUtilImpl   : jakarta.persistence.PersistenceUnitUtil.getIdentifier is only intended to work with enhanced entities (although Hibernate also adapts this support to its proxies); however the passed entity was not enhanced (nor a proxy).. may not be able to read identifier
2024-08-03T22:29:00.807-05:00 DEBUG 26535 --- [PruebaT] [           main] o.h.j.internal.PersistenceUnitUtilImpl   : jakarta.persistence.PersistenceUnitUtil.getIdentifier is only intended to work with enhanced entities (although Hibernate also adapts this support to its proxies); however the passed entity was not enhanced (nor a proxy).. may not be able to read identifier
2024-08-03T22:29:00.807-05:00 DEBUG 26535 --- [PruebaT] [           main] org.hibernate.orm.sql.exec               : Skipping reading Query result cache data: cache-enabled = false, cache-mode = IGNORE
2024-08-03T22:29:00.807-05:00 DEBUG 26535 --- [PruebaT] [           main] org.hibernate.orm.results                : Initializer list:
	  com.example.PruebaT.model.Cliente.cuentas.{element} -> EntityJoinedFetchInitializer(com.example.PruebaT.model.Cliente.cuentas.{element})@1474458592 (EntityCollectionPart(com.example.PruebaT.model.Cliente.cuentas#{element})@447308636)
	  com.example.PruebaT.model.Cliente.cuentas.{element}.cliente -> EntitySelectFetchInitializer(com.example.PruebaT.model.Cliente.cuentas.{element}.cliente)@865522342 (ToOneAttributeMapping(NavigableRole[com.example.PruebaT.model.Cuenta.cliente])@720759478)
	  com.example.PruebaT.model.Cliente.cuentas -> BagInitializer(com.example.PruebaT.model.Cliente.cuentas)@517223208 (PluralAttribute(com.example.PruebaT.model.Cliente.cuentas))

2024-08-03T22:29:00.807-05:00 DEBUG 26535 --- [PruebaT] [           main] org.hibernate.SQL                        : select c1_0.cliente_id,c1_0.id,c1_0.estado,c1_0.numero_cuenta,c1_0.saldo_inicial,c1_0.tipo_cuenta from cuenta c1_0 where c1_0.cliente_id=?
Hibernate: select c1_0.cliente_id,c1_0.id,c1_0.estado,c1_0.numero_cuenta,c1_0.saldo_inicial,c1_0.tipo_cuenta from cuenta c1_0 where c1_0.cliente_id=?
2024-08-03T22:29:00.808-05:00 DEBUG 26535 --- [PruebaT] [           main] o.h.sql.results.internal.ResultsHelper   : Collection fully initialized: [com.example.PruebaT.model.Cliente.cuentas#3]
2024-08-03T22:29:00.808-05:00 DEBUG 26535 --- [PruebaT] [           main] o.s.orm.jpa.JpaTransactionManager        : Initiating transaction commit
2024-08-03T22:29:00.808-05:00 DEBUG 26535 --- [PruebaT] [           main] o.s.orm.jpa.JpaTransactionManager        : Committing JPA transaction on EntityManager [SessionImpl(1117369469<open>)]
2024-08-03T22:29:00.808-05:00 DEBUG 26535 --- [PruebaT] [           main] o.h.e.t.internal.TransactionImpl         : committing
2024-08-03T22:29:00.808-05:00 DEBUG 26535 --- [PruebaT] [           main] o.h.e.i.AbstractFlushingEventListener    : Processing flush-time cascades
2024-08-03T22:29:00.808-05:00 DEBUG 26535 --- [PruebaT] [           main] o.h.e.i.AbstractFlushingEventListener    : Dirty checking collections
2024-08-03T22:29:00.808-05:00 DEBUG 26535 --- [PruebaT] [           main] o.hibernate.engine.internal.Collections  : Collection dereferenced: [com.example.PruebaT.model.Cliente.cuentas#3]
2024-08-03T22:29:00.808-05:00 DEBUG 26535 --- [PruebaT] [           main] o.h.e.i.AbstractFlushingEventListener    : Flushed: 0 insertions, 0 updates, 1 deletions to 1 objects
2024-08-03T22:29:00.808-05:00 DEBUG 26535 --- [PruebaT] [           main] o.h.e.i.AbstractFlushingEventListener    : Flushed: 0 (re)creations, 0 updates, 1 removals to 1 collections
2024-08-03T22:29:00.808-05:00 DEBUG 26535 --- [PruebaT] [           main] o.hibernate.internal.util.EntityPrinter  : Listing entities:
2024-08-03T22:29:00.808-05:00 DEBUG 26535 --- [PruebaT] [           main] o.hibernate.internal.util.EntityPrinter  : com.example.PruebaT.model.Cliente{estado=null, clienteId=3, genero=null, direccion=null, cuentas=[], contrasenia=null, identificacion=null, telefono=null, edad=null, nombre=John Doe}
2024-08-03T22:29:00.808-05:00 DEBUG 26535 --- [PruebaT] [           main] org.hibernate.SQL                        : delete from cliente where id=?
Hibernate: delete from cliente where id=?
2024-08-03T22:29:00.808-05:00 DEBUG 26535 --- [PruebaT] [           main] o.s.orm.jpa.JpaTransactionManager        : Closing JPA EntityManager [SessionImpl(1117369469<open>)] after transaction
2024-08-03T22:29:00.808-05:00 DEBUG 26535 --- [PruebaT] [           main] o.s.orm.jpa.JpaTransactionManager        : Creating new transaction with name [org.springframework.data.jpa.repository.support.SimpleJpaRepository.save]: PROPAGATION_REQUIRED,ISOLATION_DEFAULT
2024-08-03T22:29:00.808-05:00 DEBUG 26535 --- [PruebaT] [           main] o.s.orm.jpa.JpaTransactionManager        : Opened new EntityManager [SessionImpl(1575795551<open>)] for JPA transaction
2024-08-03T22:29:00.809-05:00 DEBUG 26535 --- [PruebaT] [           main] o.h.e.t.internal.TransactionImpl         : On TransactionImpl creation, JpaCompliance#isJpaTransactionComplianceEnabled == false
2024-08-03T22:29:00.809-05:00 DEBUG 26535 --- [PruebaT] [           main] o.h.e.t.internal.TransactionImpl         : begin
2024-08-03T22:29:00.809-05:00 DEBUG 26535 --- [PruebaT] [           main] o.s.orm.jpa.JpaTransactionManager        : Exposing JPA transaction as JDBC [org.springframework.orm.jpa.vendor.HibernateJpaDialect$HibernateConnectionHandle@75952723]
2024-08-03T22:29:00.809-05:00 DEBUG 26535 --- [PruebaT] [           main] o.h.j.internal.PersistenceUnitUtilImpl   : jakarta.persistence.PersistenceUnitUtil.getIdentifier is only intended to work with enhanced entities (although Hibernate also adapts this support to its proxies); however the passed entity was not enhanced (nor a proxy).. may not be able to read identifier
2024-08-03T22:29:00.809-05:00 DEBUG 26535 --- [PruebaT] [           main] org.hibernate.engine.spi.ActionQueue     : Executing identity-insert immediately
2024-08-03T22:29:00.809-05:00 DEBUG 26535 --- [PruebaT] [           main] org.hibernate.SQL                        : insert into cliente (contrasenia,direccion,edad,estado,genero,identificacion,nombre,telefono,id) values (?,?,?,?,?,?,?,?,default)
Hibernate: insert into cliente (contrasenia,direccion,edad,estado,genero,identificacion,nombre,telefono,id) values (?,?,?,?,?,?,?,?,default)
2024-08-03T22:29:00.809-05:00 DEBUG 26535 --- [PruebaT] [           main] org.hibernate.orm.results                : Initializer list is empty
2024-08-03T22:29:00.809-05:00 DEBUG 26535 --- [PruebaT] [           main] org.hibernate.orm.results.loading        : Calling top-level assembler (0 / 1) : org.hibernate.sql.results.graph.basic.BasicResultAssembler@23327c53
2024-08-03T22:29:00.809-05:00 DEBUG 26535 --- [PruebaT] [           main] org.hibernate.orm.results                : Extracted JDBC value [0] - [4]
2024-08-03T22:29:00.809-05:00 DEBUG 26535 --- [PruebaT] [           main] o.h.id.IdentifierGeneratorHelper         : Extracted generated values [com.example.PruebaT.model.Cliente]: [Ljava.lang.Object;@58a2c6a
2024-08-03T22:29:00.809-05:00 DEBUG 26535 --- [PruebaT] [           main] o.s.orm.jpa.JpaTransactionManager        : Initiating transaction commit
2024-08-03T22:29:00.809-05:00 DEBUG 26535 --- [PruebaT] [           main] o.s.orm.jpa.JpaTransactionManager        : Committing JPA transaction on EntityManager [SessionImpl(1575795551<open>)]
2024-08-03T22:29:00.809-05:00 DEBUG 26535 --- [PruebaT] [           main] o.h.e.t.internal.TransactionImpl         : committing
2024-08-03T22:29:00.809-05:00 DEBUG 26535 --- [PruebaT] [           main] o.h.e.i.AbstractFlushingEventListener    : Processing flush-time cascades
2024-08-03T22:29:00.809-05:00 DEBUG 26535 --- [PruebaT] [           main] o.h.e.i.AbstractFlushingEventListener    : Dirty checking collections
2024-08-03T22:29:00.809-05:00 DEBUG 26535 --- [PruebaT] [           main] o.h.e.i.AbstractFlushingEventListener    : Flushed: 0 insertions, 0 updates, 0 deletions to 1 objects
2024-08-03T22:29:00.809-05:00 DEBUG 26535 --- [PruebaT] [           main] o.h.e.i.AbstractFlushingEventListener    : Flushed: 0 (re)creations, 0 updates, 0 removals to 0 collections
2024-08-03T22:29:00.809-05:00 DEBUG 26535 --- [PruebaT] [           main] o.hibernate.internal.util.EntityPrinter  : Listing entities:
2024-08-03T22:29:00.809-05:00 DEBUG 26535 --- [PruebaT] [           main] o.hibernate.internal.util.EntityPrinter  : com.example.PruebaT.model.Cliente{estado=null, clienteId=4, genero=null, direccion=null, cuentas=null, contrasenia=null, identificacion=null, telefono=null, edad=null, nombre=John Doe}
2024-08-03T22:29:00.809-05:00 DEBUG 26535 --- [PruebaT] [           main] o.s.orm.jpa.JpaTransactionManager        : Closing JPA EntityManager [SessionImpl(1575795551<open>)] after transaction
2024-08-03T22:29:00.809-05:00 DEBUG 26535 --- [PruebaT] [           main] o.s.orm.jpa.JpaTransactionManager        : Creating new transaction with name [org.springframework.data.jpa.repository.support.SimpleJpaRepository.save]: PROPAGATION_REQUIRED,ISOLATION_DEFAULT
2024-08-03T22:29:00.809-05:00 DEBUG 26535 --- [PruebaT] [           main] o.s.orm.jpa.JpaTransactionManager        : Opened new EntityManager [SessionImpl(638551812<open>)] for JPA transaction
2024-08-03T22:29:00.809-05:00 DEBUG 26535 --- [PruebaT] [           main] o.h.e.t.internal.TransactionImpl         : On TransactionImpl creation, JpaCompliance#isJpaTransactionComplianceEnabled == false
2024-08-03T22:29:00.809-05:00 DEBUG 26535 --- [PruebaT] [           main] o.h.e.t.internal.TransactionImpl         : begin
2024-08-03T22:29:00.809-05:00 DEBUG 26535 --- [PruebaT] [           main] o.s.orm.jpa.JpaTransactionManager        : Exposing JPA transaction as JDBC [org.springframework.orm.jpa.vendor.HibernateJpaDialect$HibernateConnectionHandle@4ea01c2a]
2024-08-03T22:29:00.810-05:00 DEBUG 26535 --- [PruebaT] [           main] o.h.j.internal.PersistenceUnitUtilImpl   : jakarta.persistence.PersistenceUnitUtil.getIdentifier is only intended to work with enhanced entities (although Hibernate also adapts this support to its proxies); however the passed entity was not enhanced (nor a proxy).. may not be able to read identifier
2024-08-03T22:29:00.810-05:00 DEBUG 26535 --- [PruebaT] [           main] org.hibernate.engine.spi.ActionQueue     : Executing identity-insert immediately
2024-08-03T22:29:00.810-05:00 DEBUG 26535 --- [PruebaT] [           main] org.hibernate.SQL                        : insert into cuenta (cliente_id,estado,numero_cuenta,saldo_inicial,tipo_cuenta,id) values (?,?,?,?,?,default)
Hibernate: insert into cuenta (cliente_id,estado,numero_cuenta,saldo_inicial,tipo_cuenta,id) values (?,?,?,?,?,default)
2024-08-03T22:29:00.810-05:00 DEBUG 26535 --- [PruebaT] [           main] org.hibernate.orm.results                : Initializer list is empty
2024-08-03T22:29:00.810-05:00 DEBUG 26535 --- [PruebaT] [           main] org.hibernate.orm.results.loading        : Calling top-level assembler (0 / 1) : org.hibernate.sql.results.graph.basic.BasicResultAssembler@3e9f3d0f
2024-08-03T22:29:00.810-05:00 DEBUG 26535 --- [PruebaT] [           main] org.hibernate.orm.results                : Extracted JDBC value [0] - [5]
2024-08-03T22:29:00.810-05:00 DEBUG 26535 --- [PruebaT] [           main] o.h.id.IdentifierGeneratorHelper         : Extracted generated values [com.example.PruebaT.model.Cuenta]: [Ljava.lang.Object;@41aa99fc
2024-08-03T22:29:00.810-05:00 DEBUG 26535 --- [PruebaT] [           main] o.s.orm.jpa.JpaTransactionManager        : Initiating transaction commit
2024-08-03T22:29:00.810-05:00 DEBUG 26535 --- [PruebaT] [           main] o.s.orm.jpa.JpaTransactionManager        : Committing JPA transaction on EntityManager [SessionImpl(638551812<open>)]
2024-08-03T22:29:00.810-05:00 DEBUG 26535 --- [PruebaT] [           main] o.h.e.t.internal.TransactionImpl         : committing
2024-08-03T22:29:00.810-05:00 DEBUG 26535 --- [PruebaT] [           main] o.h.e.i.AbstractFlushingEventListener    : Processing flush-time cascades
2024-08-03T22:29:00.810-05:00 DEBUG 26535 --- [PruebaT] [           main] o.h.e.i.AbstractFlushingEventListener    : Dirty checking collections
2024-08-03T22:29:00.810-05:00 DEBUG 26535 --- [PruebaT] [           main] o.h.e.i.AbstractFlushingEventListener    : Flushed: 0 insertions, 0 updates, 0 deletions to 1 objects
2024-08-03T22:29:00.810-05:00 DEBUG 26535 --- [PruebaT] [           main] o.h.e.i.AbstractFlushingEventListener    : Flushed: 0 (re)creations, 0 updates, 0 removals to 0 collections
2024-08-03T22:29:00.810-05:00 DEBUG 26535 --- [PruebaT] [           main] o.hibernate.internal.util.EntityPrinter  : Listing entities:
2024-08-03T22:29:00.811-05:00 DEBUG 26535 --- [PruebaT] [           main] o.hibernate.internal.util.EntityPrinter  : com.example.PruebaT.model.Cuenta{cliente=com.example.PruebaT.model.Cliente#4, estado=Activo, tipoCuenta=Ahorro, numeroCuenta=123456789, id=5, saldoInicial=1000.0}
2024-08-03T22:29:00.811-05:00 DEBUG 26535 --- [PruebaT] [           main] o.s.orm.jpa.JpaTransactionManager        : Closing JPA EntityManager [SessionImpl(638551812<open>)] after transaction
2024-08-03T22:29:00.811-05:00 DEBUG 26535 --- [PruebaT] [           main] org.springframework.test.context.cache   : Spring test ApplicationContext cache statistics: [DefaultContextCache@716a6343 size = 1, maxSize = 32, parentContextCount = 0, hitCount = 41, missCount = 1, failureCount = 0]
2024-08-03T22:29:00.811-05:00 DEBUG 26535 --- [PruebaT] [           main] o.s.t.web.servlet.TestDispatcherServlet  : DELETE "/cuentas/5", parameters={}
2024-08-03T22:29:00.812-05:00 DEBUG 26535 --- [PruebaT] [           main] s.w.s.m.m.a.RequestMappingHandlerMapping : Mapped to com.example.PruebaT.controller.AccountController#deleteAccount(Long)
2024-08-03T22:29:00.812-05:00 DEBUG 26535 --- [PruebaT] [           main] o.j.s.OpenEntityManagerInViewInterceptor : Opening JPA EntityManager in OpenEntityManagerInViewInterceptor
2024-08-03T22:29:00.813-05:00 DEBUG 26535 --- [PruebaT] [           main] o.s.orm.jpa.JpaTransactionManager        : Found thread-bound EntityManager [SessionImpl(114078685<open>)] for JPA transaction
2024-08-03T22:29:00.813-05:00 DEBUG 26535 --- [PruebaT] [           main] o.s.orm.jpa.JpaTransactionManager        : Creating new transaction with name [org.springframework.data.jpa.repository.support.SimpleJpaRepository.deleteById]: PROPAGATION_REQUIRED,ISOLATION_DEFAULT
2024-08-03T22:29:00.813-05:00 DEBUG 26535 --- [PruebaT] [           main] o.h.e.t.internal.TransactionImpl         : On TransactionImpl creation, JpaCompliance#isJpaTransactionComplianceEnabled == false
2024-08-03T22:29:00.813-05:00 DEBUG 26535 --- [PruebaT] [           main] o.h.e.t.internal.TransactionImpl         : begin
2024-08-03T22:29:00.813-05:00 DEBUG 26535 --- [PruebaT] [           main] o.s.orm.jpa.JpaTransactionManager        : Exposing JPA transaction as JDBC [org.springframework.orm.jpa.vendor.HibernateJpaDialect$HibernateConnectionHandle@775e3699]
2024-08-03T22:29:00.813-05:00 DEBUG 26535 --- [PruebaT] [           main] org.hibernate.orm.sql.exec               : Skipping reading Query result cache data: cache-enabled = false, cache-mode = IGNORE
2024-08-03T22:29:00.813-05:00 DEBUG 26535 --- [PruebaT] [           main] org.hibernate.orm.results                : Initializer list:
	  com.example.PruebaT.model.Cuenta.cliente.cuentas -> DelayedCollectionInitializer(com.example.PruebaT.model.Cuenta.cliente.cuentas)@820910648 (PluralAttribute(com.example.PruebaT.model.Cliente.cuentas))
	  com.example.PruebaT.model.Cuenta -> EntityResultInitializer(com.example.PruebaT.model.Cuenta)@622723232 (SingleTableEntityPersister(com.example.PruebaT.model.Cuenta))
	  com.example.PruebaT.model.Cuenta.cliente -> EntityJoinedFetchInitializer(com.example.PruebaT.model.Cuenta.cliente)@1177492869 (ToOneAttributeMapping(NavigableRole[com.example.PruebaT.model.Cuenta.cliente])@720759478)

2024-08-03T22:29:00.813-05:00 DEBUG 26535 --- [PruebaT] [           main] org.hibernate.SQL                        : select c1_0.id,c2_0.id,c2_0.contrasenia,c2_0.direccion,c2_0.edad,c2_0.estado,c2_0.genero,c2_0.identificacion,c2_0.nombre,c2_0.telefono,c1_0.estado,c1_0.numero_cuenta,c1_0.saldo_inicial,c1_0.tipo_cuenta from cuenta c1_0 left join cliente c2_0 on c2_0.id=c1_0.cliente_id where c1_0.id=?
Hibernate: select c1_0.id,c2_0.id,c2_0.contrasenia,c2_0.direccion,c2_0.edad,c2_0.estado,c2_0.genero,c2_0.identificacion,c2_0.nombre,c2_0.telefono,c1_0.estado,c1_0.numero_cuenta,c1_0.saldo_inicial,c1_0.tipo_cuenta from cuenta c1_0 left join cliente c2_0 on c2_0.id=c1_0.cliente_id where c1_0.id=?
2024-08-03T22:29:00.814-05:00 DEBUG 26535 --- [PruebaT] [           main] o.hibernate.orm.results.loading.entity   : (EntityResultInitializer) Hydrated EntityKey (com.example.PruebaT.model.Cuenta): 5
2024-08-03T22:29:00.814-05:00 DEBUG 26535 --- [PruebaT] [           main] org.hibernate.orm.results                : Extracted JDBC value [1] - [4]
2024-08-03T22:29:00.814-05:00 DEBUG 26535 --- [PruebaT] [           main] o.hibernate.orm.results.loading.entity   : (EntityJoinedFetchInitializer) Hydrated EntityKey (com.example.PruebaT.model.Cuenta.cliente): 4
2024-08-03T22:29:00.814-05:00 DEBUG 26535 --- [PruebaT] [           main] o.h.o.r.l.o.h.o.r.loading.collection     : (DelayedCollectionInitializer) Current row collection key : com.example.PruebaT.model.Cuenta.cliente.cuentas#4
2024-08-03T22:29:00.814-05:00 DEBUG 26535 --- [PruebaT] [           main] o.hibernate.orm.results.loading.entity   : (EntityJoinedFetchInitializer) Created new entity instance [com.example.PruebaT.model.Cuenta.cliente#4] : 1441982314
2024-08-03T22:29:00.814-05:00 DEBUG 26535 --- [PruebaT] [           main] o.hibernate.orm.results.loading.entity   : (EntityResultInitializer) Created new entity instance [com.example.PruebaT.model.Cuenta#5] : 1804536676
2024-08-03T22:29:00.814-05:00 DEBUG 26535 --- [PruebaT] [           main] org.hibernate.orm.results                : Extracted JDBC value [2] - [null]
2024-08-03T22:29:00.814-05:00 DEBUG 26535 --- [PruebaT] [           main] org.hibernate.orm.results                : Extracted JDBC value [3] - [null]
2024-08-03T22:29:00.814-05:00 DEBUG 26535 --- [PruebaT] [           main] org.hibernate.orm.results                : Extracted JDBC value [4] - [null]
2024-08-03T22:29:00.814-05:00 DEBUG 26535 --- [PruebaT] [           main] org.hibernate.orm.results                : Extracted JDBC value [5] - [null]
2024-08-03T22:29:00.814-05:00 DEBUG 26535 --- [PruebaT] [           main] org.hibernate.orm.results                : Extracted JDBC value [6] - [null]
2024-08-03T22:29:00.814-05:00 DEBUG 26535 --- [PruebaT] [           main] org.hibernate.orm.results                : Extracted JDBC value [7] - [null]
2024-08-03T22:29:00.814-05:00 DEBUG 26535 --- [PruebaT] [           main] org.hibernate.orm.results                : Extracted JDBC value [8] - [John Doe]
2024-08-03T22:29:00.814-05:00 DEBUG 26535 --- [PruebaT] [           main] org.hibernate.orm.results                : Extracted JDBC value [9] - [null]
2024-08-03T22:29:00.814-05:00 DEBUG 26535 --- [PruebaT] [           main] o.hibernate.orm.results.loading.entity   : (EntityJoinedFetchInitializer) Done materializing entityInstance : com.example.PruebaT.model.Cuenta.cliente#4
2024-08-03T22:29:00.814-05:00 DEBUG 26535 --- [PruebaT] [           main] org.hibernate.orm.results                : Extracted JDBC value [10] - [Activo]
2024-08-03T22:29:00.814-05:00 DEBUG 26535 --- [PruebaT] [           main] org.hibernate.orm.results                : Extracted JDBC value [11] - [123456789]
2024-08-03T22:29:00.814-05:00 DEBUG 26535 --- [PruebaT] [           main] org.hibernate.orm.results                : Extracted JDBC value [12] - [1000.0]
2024-08-03T22:29:00.814-05:00 DEBUG 26535 --- [PruebaT] [           main] org.hibernate.orm.results                : Extracted JDBC value [13] - [Ahorro]
2024-08-03T22:29:00.814-05:00 DEBUG 26535 --- [PruebaT] [           main] o.hibernate.orm.results.loading.entity   : (EntityResultInitializer) Done materializing entityInstance : com.example.PruebaT.model.Cuenta#5
2024-08-03T22:29:00.814-05:00 DEBUG 26535 --- [PruebaT] [           main] org.hibernate.orm.results.loading        : Calling top-level assembler (0 / 1) : org.hibernate.sql.results.graph.entity.internal.EntityAssembler@54a0ada1
2024-08-03T22:29:00.815-05:00 DEBUG 26535 --- [PruebaT] [           main] o.h.j.internal.PersistenceUnitUtilImpl   : jakarta.persistence.PersistenceUnitUtil.getIdentifier is only intended to work with enhanced entities (although Hibernate also adapts this support to its proxies); however the passed entity was not enhanced (nor a proxy).. may not be able to read identifier
2024-08-03T22:29:00.815-05:00 DEBUG 26535 --- [PruebaT] [           main] o.h.j.internal.PersistenceUnitUtilImpl   : jakarta.persistence.PersistenceUnitUtil.getIdentifier is only intended to work with enhanced entities (although Hibernate also adapts this support to its proxies); however the passed entity was not enhanced (nor a proxy).. may not be able to read identifier
2024-08-03T22:29:00.815-05:00 DEBUG 26535 --- [PruebaT] [           main] o.s.orm.jpa.JpaTransactionManager        : Initiating transaction commit
2024-08-03T22:29:00.815-05:00 DEBUG 26535 --- [PruebaT] [           main] o.s.orm.jpa.JpaTransactionManager        : Committing JPA transaction on EntityManager [SessionImpl(114078685<open>)]
2024-08-03T22:29:00.815-05:00 DEBUG 26535 --- [PruebaT] [           main] o.h.e.t.internal.TransactionImpl         : committing
2024-08-03T22:29:00.815-05:00 DEBUG 26535 --- [PruebaT] [           main] o.h.e.i.AbstractFlushingEventListener    : Processing flush-time cascades
2024-08-03T22:29:00.816-05:00 DEBUG 26535 --- [PruebaT] [           main] o.h.e.i.AbstractFlushingEventListener    : Dirty checking collections
2024-08-03T22:29:00.816-05:00 DEBUG 26535 --- [PruebaT] [           main] o.hibernate.engine.internal.Collections  : Collection found: [com.example.PruebaT.model.Cliente.cuentas#4], was: [com.example.PruebaT.model.Cliente.cuentas#4] (uninitialized)
2024-08-03T22:29:00.816-05:00 DEBUG 26535 --- [PruebaT] [           main] o.h.e.i.AbstractFlushingEventListener    : Flushed: 0 insertions, 0 updates, 1 deletions to 2 objects
2024-08-03T22:29:00.816-05:00 DEBUG 26535 --- [PruebaT] [           main] o.h.e.i.AbstractFlushingEventListener    : Flushed: 0 (re)creations, 0 updates, 0 removals to 1 collections
2024-08-03T22:29:00.816-05:00 DEBUG 26535 --- [PruebaT] [           main] o.hibernate.internal.util.EntityPrinter  : Listing entities:
2024-08-03T22:29:00.816-05:00 DEBUG 26535 --- [PruebaT] [           main] o.hibernate.internal.util.EntityPrinter  : com.example.PruebaT.model.Cuenta{cliente=com.example.PruebaT.model.Cliente#4, estado=Activo, tipoCuenta=Ahorro, numeroCuenta=123456789, id=5, saldoInicial=1000.0}
2024-08-03T22:29:00.816-05:00 DEBUG 26535 --- [PruebaT] [           main] o.hibernate.internal.util.EntityPrinter  : com.example.PruebaT.model.Cliente{estado=null, clienteId=4, genero=null, direccion=null, cuentas=<uninitialized>, contrasenia=null, identificacion=null, telefono=null, edad=null, nombre=John Doe}
2024-08-03T22:29:00.816-05:00 DEBUG 26535 --- [PruebaT] [           main] org.hibernate.SQL                        : delete from cuenta where id=?
Hibernate: delete from cuenta where id=?
2024-08-03T22:29:00.816-05:00 DEBUG 26535 --- [PruebaT] [           main] o.s.orm.jpa.JpaTransactionManager        : Not closing pre-bound JPA EntityManager after transaction
2024-08-03T22:29:00.817-05:00 DEBUG 26535 --- [PruebaT] [           main] o.s.w.s.m.m.a.HttpEntityMethodProcessor  : Using 'application/octet-stream', given [*/*] and supported [*/*]
2024-08-03T22:29:00.817-05:00 DEBUG 26535 --- [PruebaT] [           main] o.j.s.OpenEntityManagerInViewInterceptor : Closing JPA EntityManager in OpenEntityManagerInViewInterceptor
2024-08-03T22:29:00.817-05:00 DEBUG 26535 --- [PruebaT] [           main] o.s.t.web.servlet.TestDispatcherServlet  : Completed 204 NO_CONTENT
2024-08-03T22:29:00.818-05:00 DEBUG 26535 --- [PruebaT] [           main] o.s.orm.jpa.JpaTransactionManager        : Creating new transaction with name [org.springframework.data.jpa.repository.support.SimpleJpaRepository.findById]: PROPAGATION_REQUIRED,ISOLATION_DEFAULT,readOnly
2024-08-03T22:29:00.818-05:00 DEBUG 26535 --- [PruebaT] [           main] o.s.orm.jpa.JpaTransactionManager        : Opened new EntityManager [SessionImpl(1568783481<open>)] for JPA transaction
2024-08-03T22:29:00.818-05:00 DEBUG 26535 --- [PruebaT] [           main] o.s.jdbc.datasource.DataSourceUtils      : Setting JDBC Connection [HikariProxyConnection@211668941 wrapping conn0: url=jdbc:h2:mem:testdb user=SA] read-only
2024-08-03T22:29:00.818-05:00 DEBUG 26535 --- [PruebaT] [           main] o.h.e.t.internal.TransactionImpl         : On TransactionImpl creation, JpaCompliance#isJpaTransactionComplianceEnabled == false
2024-08-03T22:29:00.818-05:00 DEBUG 26535 --- [PruebaT] [           main] o.h.e.t.internal.TransactionImpl         : begin
2024-08-03T22:29:00.818-05:00 DEBUG 26535 --- [PruebaT] [           main] o.s.orm.jpa.JpaTransactionManager        : Exposing JPA transaction as JDBC [org.springframework.orm.jpa.vendor.HibernateJpaDialect$HibernateConnectionHandle@4431233f]
2024-08-03T22:29:00.818-05:00 DEBUG 26535 --- [PruebaT] [           main] org.hibernate.orm.sql.exec               : Skipping reading Query result cache data: cache-enabled = false, cache-mode = IGNORE
2024-08-03T22:29:00.818-05:00 DEBUG 26535 --- [PruebaT] [           main] org.hibernate.orm.results                : Initializer list:
	  com.example.PruebaT.model.Cuenta.cliente.cuentas -> DelayedCollectionInitializer(com.example.PruebaT.model.Cuenta.cliente.cuentas)@538624239 (PluralAttribute(com.example.PruebaT.model.Cliente.cuentas))
	  com.example.PruebaT.model.Cuenta -> EntityResultInitializer(com.example.PruebaT.model.Cuenta)@1890112225 (SingleTableEntityPersister(com.example.PruebaT.model.Cuenta))
	  com.example.PruebaT.model.Cuenta.cliente -> EntityJoinedFetchInitializer(com.example.PruebaT.model.Cuenta.cliente)@313100446 (ToOneAttributeMapping(NavigableRole[com.example.PruebaT.model.Cuenta.cliente])@720759478)

2024-08-03T22:29:00.818-05:00 DEBUG 26535 --- [PruebaT] [           main] org.hibernate.SQL                        : select c1_0.id,c2_0.id,c2_0.contrasenia,c2_0.direccion,c2_0.edad,c2_0.estado,c2_0.genero,c2_0.identificacion,c2_0.nombre,c2_0.telefono,c1_0.estado,c1_0.numero_cuenta,c1_0.saldo_inicial,c1_0.tipo_cuenta from cuenta c1_0 left join cliente c2_0 on c2_0.id=c1_0.cliente_id where c1_0.id=?
Hibernate: select c1_0.id,c2_0.id,c2_0.contrasenia,c2_0.direccion,c2_0.edad,c2_0.estado,c2_0.genero,c2_0.identificacion,c2_0.nombre,c2_0.telefono,c1_0.estado,c1_0.numero_cuenta,c1_0.saldo_inicial,c1_0.tipo_cuenta from cuenta c1_0 left join cliente c2_0 on c2_0.id=c1_0.cliente_id where c1_0.id=?
2024-08-03T22:29:00.818-05:00 DEBUG 26535 --- [PruebaT] [           main] o.s.orm.jpa.JpaTransactionManager        : Initiating transaction commit
2024-08-03T22:29:00.818-05:00 DEBUG 26535 --- [PruebaT] [           main] o.s.orm.jpa.JpaTransactionManager        : Committing JPA transaction on EntityManager [SessionImpl(1568783481<open>)]
2024-08-03T22:29:00.818-05:00 DEBUG 26535 --- [PruebaT] [           main] o.h.e.t.internal.TransactionImpl         : committing
2024-08-03T22:29:00.818-05:00 DEBUG 26535 --- [PruebaT] [           main] o.s.jdbc.datasource.DataSourceUtils      : Resetting read-only flag of JDBC Connection [HikariProxyConnection@211668941 wrapping conn0: url=jdbc:h2:mem:testdb user=SA]
2024-08-03T22:29:00.818-05:00 DEBUG 26535 --- [PruebaT] [           main] o.s.orm.jpa.JpaTransactionManager        : Closing JPA EntityManager [SessionImpl(1568783481<open>)] after transaction
2024-08-03T22:29:00.819-05:00 DEBUG 26535 --- [PruebaT] [           main] org.springframework.test.context.cache   : Spring test ApplicationContext cache statistics: [DefaultContextCache@716a6343 size = 1, maxSize = 32, parentContextCount = 0, hitCount = 42, missCount = 1, failureCount = 0]
2024-08-03T22:29:00.819-05:00 DEBUG 26535 --- [PruebaT] [           main] org.springframework.test.context.cache   : Spring test ApplicationContext cache statistics: [DefaultContextCache@716a6343 size = 1, maxSize = 32, parentContextCount = 0, hitCount = 43, missCount = 1, failureCount = 0]
2024-08-03T22:29:00.819-05:00 DEBUG 26535 --- [PruebaT] [           main] org.springframework.test.context.cache   : Spring test ApplicationContext cache statistics: [DefaultContextCache@716a6343 size = 1, maxSize = 32, parentContextCount = 0, hitCount = 44, missCount = 1, failureCount = 0]
2024-08-03T22:29:00.819-05:00 DEBUG 26535 --- [PruebaT] [           main] org.springframework.test.context.cache   : Spring test ApplicationContext cache statistics: [DefaultContextCache@716a6343 size = 1, maxSize = 32, parentContextCount = 0, hitCount = 45, missCount = 1, failureCount = 0]
2024-08-03T22:29:00.819-05:00 DEBUG 26535 --- [PruebaT] [           main] org.springframework.test.context.cache   : Spring test ApplicationContext cache statistics: [DefaultContextCache@716a6343 size = 1, maxSize = 32, parentContextCount = 0, hitCount = 46, missCount = 1, failureCount = 0]
2024-08-03T22:29:00.820-05:00 DEBUG 26535 --- [PruebaT] [           main] org.springframework.test.context.cache   : Spring test ApplicationContext cache statistics: [DefaultContextCache@716a6343 size = 1, maxSize = 32, parentContextCount = 0, hitCount = 47, missCount = 1, failureCount = 0]
2024-08-03T22:29:00.820-05:00 DEBUG 26535 --- [PruebaT] [           main] .c.s.DirtiesContextTestExecutionListener : After test method: class [AccountControllerIntegrationTest], method [testDeleteAccount], class annotated with @DirtiesContext [false] with mode [null], method annotated with @DirtiesContext [false] with mode [null]
2024-08-03T22:29:00.820-05:00 DEBUG 26535 --- [PruebaT] [           main] o.s.t.c.w.ServletTestExecutionListener   : Resetting RequestContextHolder for test class com.example.PruebaT.test.integration.AccountControllerIntegrationTest
]]></system-out>
  </testcase>
</testsuite>